<?xml version="1.0" encoding="UTF-8" ?>
<testsuite errors="1" failures="0" hostname="ABSI-Charlottew" name="aka.jmetadata.test.JMetaDataAudio_Test" skipped="0" tests="0" time="0.383" timestamp="2017-07-07T11:49:58">
  <properties>
    <property name="java.vendor" value="Oracle Corporation" />
    <property name="sun.java.launcher" value="SUN_STANDARD" />
    <property name="sonar.projectName" value="quick &amp; dirty&quot; java project to generate java class from MediaInfo constants." />
    <property name="sonar.links.scm" value="https://github.com/welle/JMediaInfo" />
    <property name="eclipse.pdebuild.templates" value="/C:/eclipse/eclipse/../../Users/charlottew/.p2/pool/plugins/org.eclipse.pde.build_3.9.200.v20160204-0642/templates/" />
    <property name="sonar.java.binaries" value="JMetadata/classes" />
    <property name="sun.management.compiler" value="HotSpot 64-Bit Tiered Compilers" />
    <property name="javadoc_dest" value="C:/Projects/Own/jmetadata/javadoc" />
    <property name="os.name" value="Windows 10" />
    <property name="sonar.jacoco.reportPath" value="reports/jacoco/jacoco.exec" />
    <property name="sun.boot.class.path" value="C:\Program Files\Java\jdk1.8.0_121\jre\lib\resources.jar;C:\Program Files\Java\jdk1.8.0_121\jre\lib\rt.jar;C:\Program Files\Java\jdk1.8.0_121\jre\lib\sunrsasign.jar;C:\Program Files\Java\jdk1.8.0_121\jre\lib\jsse.jar;C:\Program Files\Java\jdk1.8.0_121\jre\lib\jce.jar;C:\Program Files\Java\jdk1.8.0_121\jre\lib\charsets.jar;C:\Program Files\Java\jdk1.8.0_121\jre\lib\jfr.jar;C:\Program Files\Java\jdk1.8.0_121\jre\classes" />
    <property name="sun.desktop" value="windows" />
    <property name="java.vm.specification.vendor" value="Oracle Corporation" />
    <property name="ant.home" value="C:\Users\charlottew\.p2\pool\plugins\org.apache.ant_1.9.6.v201510161327" />
    <property name="sonar.projectVersion" value="1.2" />
    <property name="sonar.links.issue" value="https://github.com/welle/JMediaInfo/issues" />
    <property name="java.runtime.version" value="1.8.0_121-b13" />
    <property name="dir.report.unittests.xml" value="reports/junit" />
    <property name="ant.file.type.JMetadata" value="file" />
    <property name="test.build.dir" value="JMetadata/classes" />
    <property name="user.name" value="charlottew" />
    <property name="build.properties.present" value="true" />
    <property name="test.sample.dir" value="Test/videosamples" />
    <property name="user.language" value="en" />
    <property name="sun.boot.library.path" value="C:\Program Files\Java\jdk1.8.0_121\jre\bin" />
    <property name="ant.project.default-target" value="jars" />
    <property name="ant.project.name" value="JMetadata" />
    <property name="java.version" value="1.8.0_121" />
    <property name="classes" value="JMetadata/classes" />
    <property name="version" value="1.2" />
    <property name="user.timezone" value="" />
    <property name="sun.arch.data.model" value="64" />
    <property name="sonar.host.url" value="https://sonarcloud.io" />
    <property name="test.src.dir" value="Test/javasource" />
    <property name="java.endorsed.dirs" value="C:\Program Files\Java\jdk1.8.0_121\jre\lib\endorsed" />
    <property name="sonar.java.test.libraries" value="libTest/**/*.jar,libs/**/*.jar" />
    <property name="sun.cpu.isalist" value="amd64" />
    <property name="sun.jnu.encoding" value="Cp1252" />
    <property name="file.encoding.pkg" value="sun.io" />
    <property name="file.separator" value="\" />
    <property name="java.specification.name" value="Java Platform API Specification" />
    <property name="sonar.sources" value="JMetadata/javasource" />
    <property name="java.class.version" value="52.0" />
    <property name="user.country" value="US" />
    <property name="java.home" value="C:\Program Files\Java\jdk1.8.0_121\jre" />
    <property name="java.vm.info" value="mixed mode" />
    <property name="ant.file" value="C:\Projects\Own\jmetadata\build.xml" />
    <property name="os.version" value="10.0" />
    <property name="ant.file.type.Sonar" value="file" />
    <property name="path.separator" value=";" />
    <property name="java.vm.version" value="25.121-b13" />
    <property name="user.variant" value="" />
    <property name="ant.library.dir" value="C:\Users\charlottew\.p2\pool\plugins\org.apache.ant_1.9.6.v201510161327\lib" />
    <property name="ant.file.Sonar" value="C:\Projects\Own\jmetadata\buildSonar.xml" />
    <property name="java.awt.printerjob" value="sun.awt.windows.WPrinterJob" />
    <property name="sun.io.unicode.encoding" value="UnicodeLittle" />
    <property name="awt.toolkit" value="sun.awt.windows.WToolkit" />
    <property name="sonar.tests" value="Test/javasource" />
    <property name="user.script" value="" />
    <property name="sonar.java.test.binaries" value="JMetadata/classes" />
    <property name="eclipse.pdebuild.scripts" value="/C:/eclipse/eclipse/../../Users/charlottew/.p2/pool/plugins/org.eclipse.pde.build_3.9.200.v20160204-0642/scripts/" />
    <property name="user.home" value="C:\Users\charlottew" />
    <property name="sonar.language" value="java" />
    <property name="java.specification.vendor" value="Oracle Corporation" />
    <property name="java.library.path" value="C:\Program Files\Java\jdk1.8.0_121\jre\bin;C:\Windows\Sun\Java\bin;C:\Windows\system32;C:\Windows;C:\ProgramData\Oracle\Java\javapath;C:\Program Files (x86)\Intel\iCLS Client\;C:\Program Files\Intel\iCLS Client\;C:\Windows\system32;C:\Windows;C:\Windows\System32\Wbem;C:\Windows\System32\WindowsPowerShell\v1.0\;C:\Program Files (x86)\Intel\Intel(R) Management Engine Components\DAL;C:\Program Files\Intel\Intel(R) Management Engine Components\DAL;C:\Program Files (x86)\Intel\Intel(R) Management Engine Components\IPT;C:\Program Files\Intel\Intel(R) Management Engine Components\IPT;C:\Program Files\Intel\WiFi\bin\;C:\Program Files\Common Files\Intel\WirelessCommon\;C:\Program Files\OpenVPN\bin;C:\Program Files (x86)\PuTTY\;C:\Program Files (x86)\Skype\Phone\;C:\Program Files\Git\cmd;C:\Program Files (x86)\GitExtensions\;C:\Program Files\ant\bin;C:\Program Files (x86)\Python\Python36-32\Scripts\;C:\Program Files (x86)\Python\Python36-32\;C:\Users\charlottew\AppData\Local\Microsoft\WindowsApps;." />
    <property name="sonar.junit.reportsPath" value="reports/junit" />
    <property name="java.vendor.url" value="http://java.oracle.com/" />
    <property name="sonar.links.ci" value="https://github.com/welle/JMediaInfo" />
    <property name="java.vm.vendor" value="Oracle Corporation" />
    <property name="java.runtime.name" value="Java(TM) SE Runtime Environment" />
    <property name="java.class.path" value="C:\Projects\Own\jmetadata\libTest\junit-4.11.jar;C:\Projects\Own\jmetadata\libTest\hamcrest-core-1.3.jar;C:\Projects\Own\jmetadata\JMetadata\classes;C:\Projects\Own\jmetadata\reports\junit;C:\Projects\Own\jmetadata\Test\videosamples;C:\Users\charlottew\.p2\pool\plugins\org.apache.ant_1.9.6.v201510161327\lib\ant-launcher.jar;C:\Users\charlottew\.p2\pool\plugins\org.apache.ant_1.9.6.v201510161327\lib\ant.jar;C:\Users\charlottew\.p2\pool\plugins\org.apache.ant_1.9.6.v201510161327\lib\ant-junit.jar;C:\Users\charlottew\.p2\pool\plugins\org.apache.ant_1.9.6.v201510161327\lib\ant-junit4.jar" />
    <property name="sun.java.command" value="org.apache.tools.ant.taskdefs.optional.junit.JUnitTestRunner aka.jmetadata.test.JMetaDataAudio_Test skipNonTests=false filtertrace=true haltOnError=false haltOnFailure=true formatter=org.apache.tools.ant.taskdefs.optional.junit.SummaryJUnitResultFormatter showoutput=false outputtoformatters=true logfailedtests=true threadid=0 logtestlistenerevents=false formatter=org.apache.tools.ant.taskdefs.optional.junit.XMLJUnitResultFormatter,C:\Projects\Own\jmetadata\reports\junit\TEST-aka.jmetadata.test.JMetaDataAudio_Test.xml crashfile=C:\Projects\Own\jmetadata\junitvmwatcher1306839968111082646.properties propsfile=C:\Projects\Own\jmetadata\junit3535466445827772537.properties" />
    <property name="ant.version" value="Apache Ant(TM) version 1.9.6 compiled on June 29 2015" />
    <property name="java.vm.specification.name" value="Java Virtual Machine Specification" />
    <property name="java.vm.specification.version" value="1.8" />
    <property name="sonar.sourceEncoding" value="UTF-8" />
    <property name="sun.os.patch.level" value="" />
    <property name="sun.cpu.endian" value="little" />
    <property name="java.io.tmpdir" value="C:\Users\CHARLO~1\AppData\Local\Temp\" />
    <property name="eclipse.pdebuild.home" value="/C:/eclipse/eclipse/../../Users/charlottew/.p2/pool/plugins/org.eclipse.pde.build_3.9.200.v20160204-0642/./" />
    <property name="java.vendor.url.bug" value="http://bugreport.sun.com/bugreport/" />
    <property name="jars_dest" value="C:/Projects/Own/jmetadata/" />
    <property name="java.awt.graphicsenv" value="sun.awt.Win32GraphicsEnvironment" />
    <property name="os.arch" value="amd64" />
    <property name="java.ext.dirs" value="C:\Program Files\Java\jdk1.8.0_121\jre\lib\ext;C:\Windows\Sun\Java\lib\ext" />
    <property name="user.dir" value="C:\Projects\Own\jmetadata" />
    <property name="line.separator" value="&#xd;&#xa;" />
    <property name="java.vm.name" value="Java HotSpot(TM) 64-Bit Server VM" />
    <property name="basedir" value="C:\Projects\Own\jmetadata" />
    <property name="ant.java.version" value="1.8" />
    <property name="ant.core.lib" value="C:\Users\charlottew\.p2\pool\plugins\org.apache.ant_1.9.6.v201510161327\lib\ant.jar" />
    <property name="main.build.dir" value="JMetadata/classes" />
    <property name="file.encoding" value="Cp1252" />
    <property name="ant.file.JMetadata" value="C:\Projects\Own\jmetadata\build.xml" />
    <property name="main.src.dir" value="JMetadata/javasource" />
    <property name="java.specification.version" value="1.8" />
    <property name="sonar.jacoco.itReportPath" value="reports/jacoco/jacoco-it.exec" />
    <property name="ant.project.invoked-targets" value="run" />
    <property name="sonar.projectKey" value="JMetaData" />
    <property name="sonar.links.homepage" value="https://github.com/welle/JMediaInfo" />
  </properties>
  <testcase classname="junit.framework.TestSuite" name="aka.jmetadata.test.JMetaDataAudio_Test" time="0.001">
    <error message="Can not open file." type="javax.management.RuntimeErrorException">javax.management.RuntimeErrorException: Can not open file.
	at aka.jmetadata.test.JMetaDataAudio_Test.beforeUnit(JMetaDataAudio_Test.java:56)
</error>
  </testcase>
  <system-out><![CDATA[]]></system-out>
  <system-err><![CDATA[Jul 07, 2017 1:49:58 PM aka.jmetadata.test.JMetaDataAudio_Test beforeUnit
SEVERE: com/sun/jna/Platform
Jul 07, 2017 1:49:58 PM aka.jmetadata.test.JMetaDataAudio_Test afterUnit
SEVERE: null
]]></system-err>
</testsuite>
