<?xml version="1.0" encoding="UTF-8" ?>
<testsuite errors="0" failures="0" hostname="ABSI-Charlottew" name="aka.jmetadata.test.JMetaDataAudio_Test" skipped="0" tests="1999" time="9.761" timestamp="2017-07-24T05:43:37">
  <properties>
    <property name="java.vendor" value="Oracle Corporation" />
    <property name="src.test.dir" value="C:\Projects\Own\jmetadata\Test\javasource" />
    <property name="ant.file.type.JMetadata Classpath" value="file" />
    <property name="result.exec.file" value="C:\Projects\Own\jmetadata\reports\jacoco\jacoco.exec" />
    <property name="sun.java.launcher" value="SUN_STANDARD" />
    <property name="sonar.projectName" value="JMetaData" />
    <property name="sonar.links.scm" value="https://github.com/welle/JMediaInfo" />
    <property name="sonar.java.binaries" value="reports/classes" />
    <property name="sun.management.compiler" value="HotSpot 64-Bit Tiered Compilers" />
    <property name="ant.file.type.Ant Build with JaCoCo" value="file" />
    <property name="javadoc_dest" value="C:/Projects/Own/jmetadata/javadoc" />
    <property name="os.name" value="Windows 10" />
    <property name="sonar.jacoco.reportPath" value="reports/jacoco/jacoco.exec" />
    <property name="sun.boot.class.path" value="C:\Program Files\Java\jdk1.8.0_121\jre\lib\resources.jar;C:\Program Files\Java\jdk1.8.0_121\jre\lib\rt.jar;C:\Program Files\Java\jdk1.8.0_121\jre\lib\sunrsasign.jar;C:\Program Files\Java\jdk1.8.0_121\jre\lib\jsse.jar;C:\Program Files\Java\jdk1.8.0_121\jre\lib\jce.jar;C:\Program Files\Java\jdk1.8.0_121\jre\lib\charsets.jar;C:\Program Files\Java\jdk1.8.0_121\jre\lib\jfr.jar;C:\Program Files\Java\jdk1.8.0_121\jre\classes" />
    <property name="sun.desktop" value="windows" />
    <property name="java.vm.specification.vendor" value="Oracle Corporation" />
    <property name="ant.home" value="C:\eclipse\eclipse-oxygen\plugins\org.apache.ant_1.10.1.v20170504-0840" />
    <property name="sonar.projectVersion" value="1.2" />
    <property name="sonar.links.issue" value="https://github.com/welle/JMediaInfo/issues" />
    <property name="java.runtime.version" value="1.8.0_121-b13" />
    <property name="ant.file.type.JMetadata" value="file" />
    <property name="ant.file.JMetadata Classpath" value="C:\Projects\Own\jmetadata\classpath.xml" />
    <property name="user.name" value="charlottew" />
    <property name="sonar.jacoco.reportPaths" value="reports/jacoco/jacoco.exec" />
    <property name="build.properties.present" value="true" />
    <property name="user.language" value="en" />
    <property name="sun.boot.library.path" value="C:\Program Files\Java\jdk1.8.0_121\jre\bin" />
    <property name="ant.project.default-target" value="jars" />
    <property name="ant.project.name" value="JMetadata" />
    <property name="java.version" value="1.8.0_121" />
    <property name="classes" value="JMetadata/classes" />
    <property name="version" value="1.2" />
    <property name="user.timezone" value="" />
    <property name="sun.arch.data.model" value="64" />
    <property name="sonar.host.url" value="https://sonarcloud.io" />
    <property name="java.endorsed.dirs" value="C:\Program Files\Java\jdk1.8.0_121\jre\lib\endorsed" />
    <property name="sonar.java.test.libraries" value="libTest/**/*.jar,libs/**/*.jar" />
    <property name="sun.cpu.isalist" value="amd64" />
    <property name="sun.jnu.encoding" value="Cp1252" />
    <property name="file.encoding.pkg" value="sun.io" />
    <property name="file.separator" value="\" />
    <property name="java.specification.name" value="Java Platform API Specification" />
    <property name="sonar.sources" value="JMetadata/javasource" />
    <property name="java.class.version" value="52.0" />
    <property name="user.country" value="US" />
    <property name="java.home" value="C:\Program Files\Java\jdk1.8.0_121\jre" />
    <property name="java.vm.info" value="mixed mode" />
    <property name="ant.file" value="C:\Projects\Own\jmetadata\build.xml" />
    <property name="os.version" value="10.0" />
    <property name="result.report.dir" value="C:\Projects\Own\jmetadata\reports\site\jacoco" />
    <property name="ant.file.type.Sonar" value="file" />
    <property name="path.separator" value=";" />
    <property name="java.vm.version" value="25.121-b13" />
    <property name="user.variant" value="" />
    <property name="ant.library.dir" value="C:\eclipse\eclipse-oxygen\plugins\org.apache.ant_1.10.1.v20170504-0840\lib" />
    <property name="ant.file.Sonar" value="C:\Projects\Own\jmetadata\buildSonar.xml" />
    <property name="result.classes.dir" value="C:\Projects\Own\jmetadata\reports\classes" />
    <property name="java.awt.printerjob" value="sun.awt.windows.WPrinterJob" />
    <property name="sun.io.unicode.encoding" value="UnicodeLittle" />
    <property name="awt.toolkit" value="sun.awt.windows.WToolkit" />
    <property name="_jacoco.agentFile" value="C:\Users\CHARLO~1\AppData\Local\Temp\jacocoagent5895186238494580080.jar" />
    <property name="sonar.tests" value="Test/javasource" />
    <property name="user.script" value="" />
    <property name="sonar.java.test.binaries" value="JMetadata/classes" />
    <property name="user.home" value="C:\Users\charlottew" />
    <property name="sonar.language" value="java" />
    <property name="java.specification.vendor" value="Oracle Corporation" />
    <property name="java.library.path" value="C:\Program Files\Java\jdk1.8.0_121\jre\bin;C:\Windows\Sun\Java\bin;C:\Windows\system32;C:\Windows;C:/Program Files/Java/jre1.8.0_131/bin/server;C:/Program Files/Java/jre1.8.0_131/bin;C:/Program Files/Java/jre1.8.0_131/lib/amd64;C:\ProgramData\Oracle\Java\javapath;C:\Program Files (x86)\Intel\iCLS Client\;C:\Program Files\Intel\iCLS Client\;C:\Windows\system32;C:\Windows;C:\Windows\System32\Wbem;C:\Windows\System32\WindowsPowerShell\v1.0\;C:\Program Files (x86)\Intel\Intel(R) Management Engine Components\DAL;C:\Program Files\Intel\Intel(R) Management Engine Components\DAL;C:\Program Files (x86)\Intel\Intel(R) Management Engine Components\IPT;C:\Program Files\Intel\Intel(R) Management Engine Components\IPT;C:\Program Files\Intel\WiFi\bin\;C:\Program Files\Common Files\Intel\WirelessCommon\;C:\Program Files\OpenVPN\bin;C:\Program Files (x86)\PuTTY\;C:\Program Files (x86)\Skype\Phone\;C:\Program Files (x86)\GitExtensions\;C:\Program Files\ant\bin;C:\Program Files\Git\cmd;C:\Program Files (x86)\Python\Python36-32\Scripts\;C:\Program Files (x86)\Python\Python36-32\;C:\Users\charlottew\AppData\Local\Microsoft\WindowsApps;C:\Program Files\sfdx\bin;C:\eclipse\eclipse-oxygen;;." />
    <property name="java.vendor.url" value="http://java.oracle.com/" />
    <property name="sonar.links.ci" value="https://travis-ci.org/welle/JMediaInfo" />
    <property name="java.vm.vendor" value="Oracle Corporation" />
    <property name="java.runtime.name" value="Java(TM) SE Runtime Environment" />
    <property name="ant.version" value="Apache Ant(TM) version 1.10.1 compiled on February 2 2017" />
    <property name="sun.java.command" value="org.apache.tools.ant.taskdefs.optional.junit.JUnitTestRunner testsfile=C:\Projects\Own\jmetadata\junittestcases5564682718809169916.properties skipNonTests=false filtertrace=true haltOnError=false haltOnFailure=false formatter=org.apache.tools.ant.taskdefs.optional.junit.SummaryJUnitResultFormatter showoutput=true outputtoformatters=true logfailedtests=true threadid=0 logtestlistenerevents=false formatter=org.apache.tools.ant.taskdefs.optional.junit.XMLJUnitResultFormatter,C:\Projects\Own\jmetadata\reports\junit\IGNORETHIS.xml crashfile=C:\Projects\Own\jmetadata\junitvmwatcher8741049994980203882.properties propsfile=C:\Projects\Own\jmetadata\junit971004911751890070.properties" />
    <property name="java.class.path" value="C:\Projects\Own\jmetadata\reports\classes;C:\Projects\Own\jmetadata\Test\videosamples;C:\Projects\Own\jmetadata\libs\SwissKnife-1.0.jar;C:\Projects\Own\jmetadata\libs\commons-lang3-3.1.jar;C:\Projects\Own\jmetadata\libs\jna-3.0.9.jar;C:\Projects\Own\jmetadata\libs\org.eclipse.jdt.annotation_2.0.0.v20140415-1436.jar;C:\Projects\Own\jmetadata\libs\tomcat-juli.jar;C:\Projects\Own\jmetadata\build\JMetadata-1.2.jar;C:\Projects\Own\jmetadata\libTest\hamcrest-core-1.3.jar;C:\Projects\Own\jmetadata\libTest\junit-4.11.jar;C:\Projects\Own\jmetadata\libTest\org.jacoco.ant-0.7.9-nodeps.jar;C:\Projects\Own\jmetadata\libTest\sonarqube-ant-task-2.4.jar;C:\eclipse\eclipse-oxygen\plugins\org.apache.ant_1.10.1.v20170504-0840\lib\ant-launcher.jar;C:\eclipse\eclipse-oxygen\plugins\org.apache.ant_1.10.1.v20170504-0840\lib\ant.jar;C:\eclipse\eclipse-oxygen\plugins\org.apache.ant_1.10.1.v20170504-0840\lib\ant-junit.jar;C:\eclipse\eclipse-oxygen\plugins\org.apache.ant_1.10.1.v20170504-0840\lib\ant-junit4.jar;C:\Users\CHARLO~1\AppData\Local\Temp\jacocoagent5895186238494580080.jar" />
    <property name="java.vm.specification.name" value="Java Virtual Machine Specification" />
    <property name="java.vm.specification.version" value="1.8" />
    <property name="sonar.sourceEncoding" value="UTF-8" />
    <property name="sun.cpu.endian" value="little" />
    <property name="sun.os.patch.level" value="" />
    <property name="debuglevel" value="source,lines,vars" />
    <property name="java.io.tmpdir" value="C:\Users\CHARLO~1\AppData\Local\Temp\" />
    <property name="java.vendor.url.bug" value="http://bugreport.sun.com/bugreport/" />
    <property name="ant.file.Ant Build with JaCoCo" value="C:\Projects\Own\jmetadata\buildJaCoCo.xml" />
    <property name="result.test-classes.dir" value="C:\Projects\Own\jmetadata\reports\classes" />
    <property name="jars_dest" value="C:/Projects/Own/jmetadata/" />
    <property name="java.awt.graphicsenv" value="sun.awt.Win32GraphicsEnvironment" />
    <property name="os.arch" value="amd64" />
    <property name="java.ext.dirs" value="C:\Program Files\Java\jdk1.8.0_121\jre\lib\ext;C:\Windows\Sun\Java\lib\ext" />
    <property name="user.dir" value="C:\Projects\Own\jmetadata" />
    <property name="sonar.java.coveragePlugin" value="jacoco" />
    <property name="line.separator" value="&#xd;&#xa;" />
    <property name="result.dir" value="C:\Projects\Own\jmetadata\reports" />
    <property name="java.vm.name" value="Java HotSpot(TM) 64-Bit Server VM" />
    <property name="basedir" value="C:\Projects\Own\jmetadata" />
    <property name="ant.java.version" value="1.8" />
    <property name="ant.core.lib" value="C:\eclipse\eclipse-oxygen\plugins\org.apache.ant_1.10.1.v20170504-0840\lib\ant.jar" />
    <property name="file.encoding" value="Cp1252" />
    <property name="ant.file.JMetadata" value="C:\Projects\Own\jmetadata\build.xml" />
    <property name="sonar.junit.reportPaths" value="reports/junit" />
    <property name="sonar.java.libraries" value="libs/*.jar" />
    <property name="java.specification.version" value="1.8" />
    <property name="src.dir" value="C:\Projects\Own\jmetadata\JMetadata\javasource" />
    <property name="ant.project.invoked-targets" value="run" />
    <property name="sonar.projectKey" value="JMetaData" />
    <property name="sonar.links.homepage" value="https://github.com/welle/JMediaInfo" />
  </properties>
  <testcase classname="aka.jmetadata.test.JMetaDataAudio_Test" name="subTestGetAlternateGroupAsURL" time="0.038" />
  <testcase classname="aka.jmetadata.test.JMetaDataAudio_Test" name="subTestGetDelaySourceStringAsBoolean" time="0.001" />
  <testcase classname="aka.jmetadata.test.JMetaDataAudio_Test" name="subTestGetDelayDropFrameAsLocalTime" time="0.0" />
  <testcase classname="aka.jmetadata.test.JMetaDataAudio_Test" name="subTestGetBitRateMaximumStringAsBigInteger" time="0.0" />
  <testcase classname="aka.jmetadata.test.JMetaDataAudio_Test" name="subTestGetVideoDelayString2AsLong" time="0.001" />
  <testcase classname="aka.jmetadata.test.JMetaDataAudio_Test" name="subTestGetDelayOriginalAsBoolean" time="0.0" />
  <testcase classname="aka.jmetadata.test.JMetaDataAudio_Test" name="subTestGetLanguageStringAsLong" time="0.0" />
  <testcase classname="aka.jmetadata.test.JMetaDataAudio_Test" name="subTestGetDurationString2AsInteger" time="0.001" />
  <testcase classname="aka.jmetadata.test.JMetaDataAudio_Test" name="subTestGetMatrixChannelsStringAsString" time="0.0" />
  <testcase classname="aka.jmetadata.test.JMetaDataAudio_Test" name="subTestGetFormatSettingsEmphasisAsInteger" time="0.001" />
  <testcase classname="aka.jmetadata.test.JMetaDataAudio_Test" name="subTestGetChannelsAsLocalDateTime" time="0.074" />
  <testcase classname="aka.jmetadata.test.JMetaDataAudio_Test" name="subTestGetDurationLastFrameString3AsBoolean" time="0.002" />
  <testcase classname="aka.jmetadata.test.JMetaDataAudio_Test" name="subTestGetFormatSettingsModeExtensionAsString" time="0.0" />
  <testcase classname="aka.jmetadata.test.JMetaDataAudio_Test" name="subTestGetSourceDurationFirstFrameString1AsString" time="0.001" />
  <testcase classname="aka.jmetadata.test.JMetaDataAudio_Test" name="subTestGetEncodedLibraryNameAsBoolean" time="0.0" />
  <testcase classname="aka.jmetadata.test.JMetaDataAudio_Test" name="subTestGetFormatVersionAsLocalTime" time="0.003" />
  <testcase classname="aka.jmetadata.test.JMetaDataAudio_Test" name="subTestGetFormatSettingsWrappingAsInteger" time="0.0" />
  <testcase classname="aka.jmetadata.test.JMetaDataAudio_Test" name="subTestGetVideoDelayString1AsLocalDateTime" time="0.001" />
  <testcase classname="aka.jmetadata.test.JMetaDataAudio_Test" name="subTestGetMenuIDAsInteger" time="0.001" />
  <testcase classname="aka.jmetadata.test.JMetaDataAudio_Test" name="subTestGetAlternateGroupAsLong" time="0.001" />
  <testcase classname="aka.jmetadata.test.JMetaDataAudio_Test" name="subTestGetTaggedDateAsInteger" time="0.001" />
  <testcase classname="aka.jmetadata.test.JMetaDataAudio_Test" name="subTestGetSourceStreamSizeString3AsString" time="0.0" />
  <testcase classname="aka.jmetadata.test.JMetaDataAudio_Test" name="subTestGetFormatCommercialIfAnyAsURL" time="0.001" />
  <testcase classname="aka.jmetadata.test.JMetaDataAudio_Test" name="subTestGetEncodedApplicationAsLocalDateTime" time="0.0" />
  <testcase classname="aka.jmetadata.test.JMetaDataAudio_Test" name="subTestGetFormatSettingsModeExtensionAsLocalTime" time="0.001" />
  <testcase classname="aka.jmetadata.test.JMetaDataAudio_Test" name="subTestGetStreamKindStringAsBigInteger" time="0.001" />
  <testcase classname="aka.jmetadata.test.JMetaDataAudio_Test" name="subTestGetBitDepthDetectedAsBoolean" time="0.0" />
  <testcase classname="aka.jmetadata.test.JMetaDataAudio_Test" name="subTestGetFrameCountAsBigInteger" time="0.0" />
  <testcase classname="aka.jmetadata.test.JMetaDataAudio_Test" name="subTestGetStreamSizeProportionAsLocalDateTime" time="0.0" />
  <testcase classname="aka.jmetadata.test.JMetaDataAudio_Test" name="subTestGetBitRateNominalAsBoolean" time="0.0" />
  <testcase classname="aka.jmetadata.test.JMetaDataAudio_Test" name="subTestGetDisabledAsInteger" time="0.0" />
  <testcase classname="aka.jmetadata.test.JMetaDataAudio_Test" name="subTestGetStreamSizeString5AsLocalDateTime" time="0.0" />
  <testcase classname="aka.jmetadata.test.JMetaDataAudio_Test" name="subTestGetFormatLevelAsBigInteger" time="0.001" />
  <testcase classname="aka.jmetadata.test.JMetaDataAudio_Test" name="subTestGetEncodedApplicationCompanyNameAsLong" time="0.0" />
  <testcase classname="aka.jmetadata.test.JMetaDataAudio_Test" name="subTestGetSourceDurationLastFrameString1AsBigInteger" time="0.001" />
  <testcase classname="aka.jmetadata.test.JMetaDataAudio_Test" name="subTestGetVideoDelayString1AsLocalTime" time="0.0" />
  <testcase classname="aka.jmetadata.test.JMetaDataAudio_Test" name="subTestGetFormatSettingsLawAsInteger" time="0.0" />
  <testcase classname="aka.jmetadata.test.JMetaDataAudio_Test" name="subTestGetChannelLayoutAsString" time="0.0" />
  <testcase classname="aka.jmetadata.test.JMetaDataAudio_Test" name="subTestGetSourceStreamSizeString2AsBigInteger" time="0.001" />
  <testcase classname="aka.jmetadata.test.JMetaDataAudio_Test" name="subTestGetVideoDelayString4AsString" time="0.0" />
  <testcase classname="aka.jmetadata.test.JMetaDataAudio_Test" name="subTestGetStreamSizeProportionAsInteger" time="0.001" />
  <testcase classname="aka.jmetadata.test.JMetaDataAudio_Test" name="subTestGetInterleavePreloadStringAsLocalDateTime" time="0.006" />
  <testcase classname="aka.jmetadata.test.JMetaDataAudio_Test" name="subTestGetSourceDurationString4AsBigInteger" time="0.001" />
  <testcase classname="aka.jmetadata.test.JMetaDataAudio_Test" name="subTestGetInterleavePreloadStringAsInteger" time="0.0" />
  <testcase classname="aka.jmetadata.test.JMetaDataAudio_Test" name="subTestGetVideoDelayString4AsBigInteger" time="0.0" />
  <testcase classname="aka.jmetadata.test.JMetaDataAudio_Test" name="subTestGetDelayOriginalDropFrameAsLocalTime" time="0.001" />
  <testcase classname="aka.jmetadata.test.JMetaDataAudio_Test" name="subTestGetVideoDelayString1AsURL" time="0.001" />
  <testcase classname="aka.jmetadata.test.JMetaDataAudio_Test" name="subTestGetCodecIDUrlAsInteger" time="0.001" />
  <testcase classname="aka.jmetadata.test.JMetaDataAudio_Test" name="subTestGetReplayGainGainAsString" time="0.0" />
  <testcase classname="aka.jmetadata.test.JMetaDataAudio_Test" name="subTestGetFormatSettingsModeExtensionAsBigInteger" time="0.0" />
  <testcase classname="aka.jmetadata.test.JMetaDataAudio_Test" name="subTestGetVideoDelayString5AsBoolean" time="0.001" />
  <testcase classname="aka.jmetadata.test.JMetaDataAudio_Test" name="subTestGetBitRateNominalAsLocalDateTime" time="0.0" />
  <testcase classname="aka.jmetadata.test.JMetaDataAudio_Test" name="subTestGetFormatSettingsITUAsLong" time="0.0" />
  <testcase classname="aka.jmetadata.test.JMetaDataAudio_Test" name="subTestGetBitRateMaximumAsURL" time="0.001" />
  <testcase classname="aka.jmetadata.test.JMetaDataAudio_Test" name="subTestGetSourceStreamSizeEncodedProportionAsString" time="0.001" />
  <testcase classname="aka.jmetadata.test.JMetaDataAudio_Test" name="subTestGetStreamSizeEncodedString3AsLocalTime" time="0.001" />
  <testcase classname="aka.jmetadata.test.JMetaDataAudio_Test" name="subTestGetEncryptionAsURL" time="0.001" />
  <testcase classname="aka.jmetadata.test.JMetaDataAudio_Test" name="subTestGetSourceStreamSizeEncodedString4AsString" time="0.001" />
  <testcase classname="aka.jmetadata.test.JMetaDataAudio_Test" name="subTestGetStreamSizeEncodedString5AsBoolean" time="0.001" />
  <testcase classname="aka.jmetadata.test.JMetaDataAudio_Test" name="subTestGetMatrixFormatAsString" time="0.001" />
  <testcase classname="aka.jmetadata.test.JMetaDataAudio_Test" name="subTestGetDelayOriginalSourceAsBoolean" time="0.002" />
  <testcase classname="aka.jmetadata.test.JMetaDataAudio_Test" name="subTestGetVideoDelayAsURL" time="0.0" />
  <testcase classname="aka.jmetadata.test.JMetaDataAudio_Test" name="subTestGetVideoDelayString2AsURL" time="0.0" />
  <testcase classname="aka.jmetadata.test.JMetaDataAudio_Test" name="subTestGetDurationStringAsLocalDateTime" time="0.001" />
  <testcase classname="aka.jmetadata.test.JMetaDataAudio_Test" name="subTestGetDurationString4AsString" time="0.0" />
  <testcase classname="aka.jmetadata.test.JMetaDataAudio_Test" name="subTestGetAlternateGroupAsInteger" time="0.0" />
  <testcase classname="aka.jmetadata.test.JMetaDataAudio_Test" name="subTestGetSourceDurationLastFrameString5AsLong" time="0.001" />
  <testcase classname="aka.jmetadata.test.JMetaDataAudio_Test" name="subTestGetInternetMediaTypeAsBigInteger" time="0.002" />
  <testcase classname="aka.jmetadata.test.JMetaDataAudio_Test" name="subTestGetSourceStreamSizeEncodedAsBigInteger" time="0.001" />
  <testcase classname="aka.jmetadata.test.JMetaDataAudio_Test" name="subTestGetBitDepthDetectedStringAsString" time="0.001" />
  <testcase classname="aka.jmetadata.test.JMetaDataAudio_Test" name="subTestGetStreamOrderAsLong" time="0.0" />
  <testcase classname="aka.jmetadata.test.JMetaDataAudio_Test" name="subTestGetStreamSizeEncodedStringAsBigInteger" time="0.001" />
  <testcase classname="aka.jmetadata.test.JMetaDataAudio_Test" name="subTestGetInterleaveVideoFramesAsBigInteger" time="0.0" />
  <testcase classname="aka.jmetadata.test.JMetaDataAudio_Test" name="subTestGetFormatCommercialAsLocalDateTime" time="0.001" />
  <testcase classname="aka.jmetadata.test.JMetaDataAudio_Test" name="subTestGetBitRateAsString" time="0.0" />
  <testcase classname="aka.jmetadata.test.JMetaDataAudio_Test" name="subTestGetSourceDurationFirstFrameString3AsInteger" time="0.0" />
  <testcase classname="aka.jmetadata.test.JMetaDataAudio_Test" name="subTestGetEncodedLibraryVersionAsLocalTime" time="0.001" />
  <testcase classname="aka.jmetadata.test.JMetaDataAudio_Test" name="subTestGetVideoDelayString3AsURL" time="0.0" />
  <testcase classname="aka.jmetadata.test.JMetaDataAudio_Test" name="subTestGetStreamSizeDemuxedAsInteger" time="0.0" />
  <testcase classname="aka.jmetadata.test.JMetaDataAudio_Test" name="subTestGetOriginalSourceMediumIDAsLocalDateTime" time="0.0" />
  <testcase classname="aka.jmetadata.test.JMetaDataAudio_Test" name="subTestGetInternetMediaTypeAsInteger" time="0.0" />
  <testcase classname="aka.jmetadata.test.JMetaDataAudio_Test" name="subTestGetDefaultStringAsLong" time="0.0" />
  <testcase classname="aka.jmetadata.test.JMetaDataAudio_Test" name="subTestGetDisabledAsLong" time="0.001" />
  <testcase classname="aka.jmetadata.test.JMetaDataAudio_Test" name="subTestGetFrameRateNumAsLong" time="0.0" />
  <testcase classname="aka.jmetadata.test.JMetaDataAudio_Test" name="subTestGetStreamSizeDemuxedString2AsBigInteger" time="0.001" />
  <testcase classname="aka.jmetadata.test.JMetaDataAudio_Test" name="subTestGetCountAsInteger" time="0.0" />
  <testcase classname="aka.jmetadata.test.JMetaDataAudio_Test" name="subTestGetStreamKindStringAsBoolean" time="0.001" />
  <testcase classname="aka.jmetadata.test.JMetaDataAudio_Test" name="subTestGetStreamKindIDAsURL" time="0.0" />
  <testcase classname="aka.jmetadata.test.JMetaDataAudio_Test" name="subTestGetStreamSizeDemuxedString4AsBoolean" time="0.0" />
  <testcase classname="aka.jmetadata.test.JMetaDataAudio_Test" name="subTestGetEncodedOperatingSystemAsLocalDateTime" time="0.0" />
  <testcase classname="aka.jmetadata.test.JMetaDataAudio_Test" name="subTestGetDelayOriginalSettingsAsLocalTime" time="0.0" />
  <testcase classname="aka.jmetadata.test.JMetaDataAudio_Test" name="subTestGetChannelLayoutAsBoolean" time="0.001" />
  <testcase classname="aka.jmetadata.test.JMetaDataAudio_Test" name="subTestGetVideoDelayString4AsURL" time="0.0" />
  <testcase classname="aka.jmetadata.test.JMetaDataAudio_Test" name="subTestGetSourceStreamSizeString4AsLocalDateTime" time="0.0" />
  <testcase classname="aka.jmetadata.test.JMetaDataAudio_Test" name="subTestGetVideoDelayString2AsLocalTime" time="0.0" />
  <testcase classname="aka.jmetadata.test.JMetaDataAudio_Test" name="subTestGetBitRateMaximumStringAsLocalDateTime" time="0.0" />
  <testcase classname="aka.jmetadata.test.JMetaDataAudio_Test" name="subTestGetDurationString1AsInteger" time="0.001" />
  <testcase classname="aka.jmetadata.test.JMetaDataAudio_Test" name="subTestGetFirstPacketOrderAsInteger" time="0.0" />
  <testcase classname="aka.jmetadata.test.JMetaDataAudio_Test" name="subTestGetDurationLastFrameString3AsString" time="0.001" />
  <testcase classname="aka.jmetadata.test.JMetaDataAudio_Test" name="subTestGetSourceStreamSizeEncodedAsLong" time="0.0" />
  <testcase classname="aka.jmetadata.test.JMetaDataAudio_Test" name="subTestGetDelayOriginalAsLong" time="0.0" />
  <testcase classname="aka.jmetadata.test.JMetaDataAudio_Test" name="subTestGetVideoDelayString5AsURL" time="0.001" />
  <testcase classname="aka.jmetadata.test.JMetaDataAudio_Test" name="subTestGetDurationLastFrameString2AsBoolean" time="0.0" />
  <testcase classname="aka.jmetadata.test.JMetaDataAudio_Test" name="subTestGetDelayAsString" time="0.0" />
  <testcase classname="aka.jmetadata.test.JMetaDataAudio_Test" name="subTestGetDurationFirstFrameString5AsString" time="0.0" />
  <testcase classname="aka.jmetadata.test.JMetaDataAudio_Test" name="subTestGetFormatSettingsFloorAsLocalDateTime" time="0.001" />
  <testcase classname="aka.jmetadata.test.JMetaDataAudio_Test" name="subTestGetEncodedLibraryStringAsString" time="0.0" />
  <testcase classname="aka.jmetadata.test.JMetaDataAudio_Test" name="subTestGetDelaySettingsAsBigInteger" time="0.0" />
  <testcase classname="aka.jmetadata.test.JMetaDataAudio_Test" name="subTestGetUniqueIDAsInteger" time="0.0" />
  <testcase classname="aka.jmetadata.test.JMetaDataAudio_Test" name="subTestGetStreamSizeEncodedString1AsLong" time="0.0" />
  <testcase classname="aka.jmetadata.test.JMetaDataAudio_Test" name="subTestGetFrameRateAsLocalDateTime" time="0.0" />
  <testcase classname="aka.jmetadata.test.JMetaDataAudio_Test" name="subTestGetStreamSizeDemuxedStringAsLong" time="0.0" />
  <testcase classname="aka.jmetadata.test.JMetaDataAudio_Test" name="subTestGetCodecIDHintAsString" time="0.0" />
  <testcase classname="aka.jmetadata.test.JMetaDataAudio_Test" name="subTestGetAlignmentStringAsLocalTime" time="0.0" />
  <testcase classname="aka.jmetadata.test.JMetaDataAudio_Test" name="subTestGetStreamSizeEncodedString4AsLocalTime" time="0.0" />
  <testcase classname="aka.jmetadata.test.JMetaDataAudio_Test" name="subTestGetFormatSettingsSBRAsBigInteger" time="0.0" />
  <testcase classname="aka.jmetadata.test.JMetaDataAudio_Test" name="subTestGetBitDepthDetectedStringAsURL" time="0.0" />
  <testcase classname="aka.jmetadata.test.JMetaDataAudio_Test" name="subTestGetFormatLevelAsURL" time="0.0" />
  <testcase classname="aka.jmetadata.test.JMetaDataAudio_Test" name="subTestGetMatrixChannelsStringAsInteger" time="0.001" />
  <testcase classname="aka.jmetadata.test.JMetaDataAudio_Test" name="subTestGetAlignmentStringAsLocalDateTime" time="0.0" />
  <testcase classname="aka.jmetadata.test.JMetaDataAudio_Test" name="subTestGetChannelLayoutAsLocalTime" time="0.0" />
  <testcase classname="aka.jmetadata.test.JMetaDataAudio_Test" name="subTestGetDurationLastFrameString4AsBigInteger" time="0.0" />
  <testcase classname="aka.jmetadata.test.JMetaDataAudio_Test" name="subTestGetDurationLastFrameString2AsLocalDateTime" time="0.0" />
  <testcase classname="aka.jmetadata.test.JMetaDataAudio_Test" name="subTestGetBitRateNominalAsLong" time="0.0" />
  <testcase classname="aka.jmetadata.test.JMetaDataAudio_Test" name="subTestGetDelayString5AsLocalDateTime" time="0.0" />
  <testcase classname="aka.jmetadata.test.JMetaDataAudio_Test" name="subTestGetServiceKindStringAsString" time="0.0" />
  <testcase classname="aka.jmetadata.test.JMetaDataAudio_Test" name="subTestGetChannelLayoutIDAsString" time="0.0" />
  <testcase classname="aka.jmetadata.test.JMetaDataAudio_Test" name="subTestGetDelayString4AsString" time="0.001" />
  <testcase classname="aka.jmetadata.test.JMetaDataAudio_Test" name="subTestGetTaggedDateAsURL" time="0.0" />
  <testcase classname="aka.jmetadata.test.JMetaDataAudio_Test" name="subTestGetSourceDurationLastFrameStringAsString" time="0.0" />
  <testcase classname="aka.jmetadata.test.JMetaDataAudio_Test" name="subTestGetSourceStreamSizeStringAsLong" time="0.0" />
  <testcase classname="aka.jmetadata.test.JMetaDataAudio_Test" name="subTestGetStreamSizeString4AsLong" time="0.0" />
  <testcase classname="aka.jmetadata.test.JMetaDataAudio_Test" name="subTestGetInterleaveVideoFramesAsString" time="0.0" />
  <testcase classname="aka.jmetadata.test.JMetaDataAudio_Test" name="subTestGetSourceDurationLastFrameString2AsLocalDateTime" time="0.001" />
  <testcase classname="aka.jmetadata.test.JMetaDataAudio_Test" name="subTestGetSourceDurationFirstFrameStringAsInteger" time="0.001" />
  <testcase classname="aka.jmetadata.test.JMetaDataAudio_Test" name="subTestGetBitRateAsInteger" time="0.001" />
  <testcase classname="aka.jmetadata.test.JMetaDataAudio_Test" name="subTestGetSourceStreamSizeAsInteger" time="0.0" />
  <testcase classname="aka.jmetadata.test.JMetaDataAudio_Test" name="subTestGetMenuIDStringAsInteger" time="0.0" />
  <testcase classname="aka.jmetadata.test.JMetaDataAudio_Test" name="subTestGetFormatSettingsLawAsLong" time="0.0" />
  <testcase classname="aka.jmetadata.test.JMetaDataAudio_Test" name="subTestGetDefaultStringAsURL" time="0.0" />
  <testcase classname="aka.jmetadata.test.JMetaDataAudio_Test" name="subTestGetStreamSizeEncodedAsInteger" time="0.0" />
  <testcase classname="aka.jmetadata.test.JMetaDataAudio_Test" name="subTestGetSourceStreamSizeEncodedAsURL" time="0.0" />
  <testcase classname="aka.jmetadata.test.JMetaDataAudio_Test" name="subTestGetFormatSettingsLawAsURL" time="0.0" />
  <testcase classname="aka.jmetadata.test.JMetaDataAudio_Test" name="subTestGetReplayGainGainStringAsBigInteger" time="0.0" />
  <testcase classname="aka.jmetadata.test.JMetaDataAudio_Test" name="subTestGetDelayOriginalString1AsString" time="0.0" />
  <testcase classname="aka.jmetadata.test.JMetaDataAudio_Test" name="subTestGetCountAsLong" time="0.001" />
  <testcase classname="aka.jmetadata.test.JMetaDataAudio_Test" name="subTestGetDelayOriginalString1AsURL" time="0.001" />
  <testcase classname="aka.jmetadata.test.JMetaDataAudio_Test" name="subTestGetServiceKindAsURL" time="0.0" />
  <testcase classname="aka.jmetadata.test.JMetaDataAudio_Test" name="subTestGetFormatSettingsITUAsLocalDateTime" time="0.0" />
  <testcase classname="aka.jmetadata.test.JMetaDataAudio_Test" name="subTestGetIDStringAsLocalTime" time="0.0" />
  <testcase classname="aka.jmetadata.test.JMetaDataAudio_Test" name="subTestGetVideoDelayString4AsBoolean" time="0.0" />
  <testcase classname="aka.jmetadata.test.JMetaDataAudio_Test" name="subTestGetSourceStreamSizeProportionAsLong" time="0.0" />
  <testcase classname="aka.jmetadata.test.JMetaDataAudio_Test" name="subTestGetDelaySourceStringAsLong" time="0.0" />
  <testcase classname="aka.jmetadata.test.JMetaDataAudio_Test" name="subTestGetFormatInfoAsLocalDateTime" time="0.001" />
  <testcase classname="aka.jmetadata.test.JMetaDataAudio_Test" name="subTestGetLanguageAsBoolean" time="0.0" />
  <testcase classname="aka.jmetadata.test.JMetaDataAudio_Test" name="subTestGetInterleavePreloadStringAsLocalTime" time="0.0" />
  <testcase classname="aka.jmetadata.test.JMetaDataAudio_Test" name="subTestGetFormatAsURL" time="0.001" />
  <testcase classname="aka.jmetadata.test.JMetaDataAudio_Test" name="subTestGetDurationLastFrameAsString" time="0.0" />
  <testcase classname="aka.jmetadata.test.JMetaDataAudio_Test" name="subTestGetEncryptionAsLocalDateTime" time="0.0" />
  <testcase classname="aka.jmetadata.test.JMetaDataAudio_Test" name="subTestGetStreamKindStringAsLocalTime" time="0.0" />
  <testcase classname="aka.jmetadata.test.JMetaDataAudio_Test" name="subTestGetDurationFirstFrameAsLocalDateTime" time="0.001" />
  <testcase classname="aka.jmetadata.test.JMetaDataAudio_Test" name="subTestGetStreamSizeEncodedString4AsBoolean" time="0.0" />
  <testcase classname="aka.jmetadata.test.JMetaDataAudio_Test" name="subTestGetAlignmentStringAsLong" time="0.001" />
  <testcase classname="aka.jmetadata.test.JMetaDataAudio_Test" name="subTestGetDelayOriginalString2AsURL" time="0.0" />
  <testcase classname="aka.jmetadata.test.JMetaDataAudio_Test" name="subTestGetSourceDurationFirstFrameAsString" time="0.0" />
  <testcase classname="aka.jmetadata.test.JMetaDataAudio_Test" name="subTestGetInterleaveDurationStringAsInteger" time="0.0" />
  <testcase classname="aka.jmetadata.test.JMetaDataAudio_Test" name="subTestGetSourceSamplingCountAsLocalDateTime" time="0.0" />
  <testcase classname="aka.jmetadata.test.JMetaDataAudio_Test" name="subTestGetStreamOrderAsString" time="0.0" />
  <testcase classname="aka.jmetadata.test.JMetaDataAudio_Test" name="subTestGetVideoDelayString3AsLocalTime" time="0.002" />
  <testcase classname="aka.jmetadata.test.JMetaDataAudio_Test" name="subTestGetBitRateEncodedAsString" time="0.001" />
  <testcase classname="aka.jmetadata.test.JMetaDataAudio_Test" name="subTestGetDelayOriginalSettingsAsBigInteger" time="0.001" />
  <testcase classname="aka.jmetadata.test.JMetaDataAudio_Test" name="subTestGetStreamSizeDemuxedAsLong" time="0.0" />
  <testcase classname="aka.jmetadata.test.JMetaDataAudio_Test" name="subTestGetMatrixChannelPositionsAsLocalDateTime" time="0.001" />
  <testcase classname="aka.jmetadata.test.JMetaDataAudio_Test" name="subTestGetMatrixChannelsAsBoolean" time="0.0" />
  <testcase classname="aka.jmetadata.test.JMetaDataAudio_Test" name="subTestGetMatrixFormatAsLocalTime" time="0.0" />
  <testcase classname="aka.jmetadata.test.JMetaDataAudio_Test" name="subTestGetDelayOriginalString3AsURL" time="0.0" />
  <testcase classname="aka.jmetadata.test.JMetaDataAudio_Test" name="subTestGetReplayGainPeakAsLocalDateTime" time="0.0" />
  <testcase classname="aka.jmetadata.test.JMetaDataAudio_Test" name="subTestGetSourceDurationFirstFrameString2AsInteger" time="0.0" />
  <testcase classname="aka.jmetadata.test.JMetaDataAudio_Test" name="subTestGetDurationString5AsLong" time="0.0" />
  <testcase classname="aka.jmetadata.test.JMetaDataAudio_Test" name="subTestGetEncodedLibrarySettingsAsInteger" time="0.0" />
  <testcase classname="aka.jmetadata.test.JMetaDataAudio_Test" name="subTestGetSourceDurationFirstFrameString4AsLocalDateTime" time="0.0" />
  <testcase classname="aka.jmetadata.test.JMetaDataAudio_Test" name="subTestGetChannelPositionsString2AsBigInteger" time="0.0" />
  <testcase classname="aka.jmetadata.test.JMetaDataAudio_Test" name="subTestGetFormatSettingsFirmAsURL" time="0.0" />
  <testcase classname="aka.jmetadata.test.JMetaDataAudio_Test" name="subTestGetLanguageString4AsLong" time="0.0" />
  <testcase classname="aka.jmetadata.test.JMetaDataAudio_Test" name="subTestGetVideoDelayStringAsBigInteger" time="0.0" />
  <testcase classname="aka.jmetadata.test.JMetaDataAudio_Test" name="subTestGetLanguageStringAsString" time="0.0" />
  <testcase classname="aka.jmetadata.test.JMetaDataAudio_Test" name="subTestGetServiceKindAsLocalDateTime" time="0.0" />
  <testcase classname="aka.jmetadata.test.JMetaDataAudio_Test" name="subTestGetStreamSizeAsLong" time="0.0" />
  <testcase classname="aka.jmetadata.test.JMetaDataAudio_Test" name="subTestGetSourceStreamSizeEncodedStringAsLocalTime" time="0.0" />
  <testcase classname="aka.jmetadata.test.JMetaDataAudio_Test" name="subTestGetSourceStreamSizeString1AsBigInteger" time="0.0" />
  <testcase classname="aka.jmetadata.test.JMetaDataAudio_Test" name="subTestGetChannelLayoutIDAsLocalDateTime" time="0.001" />
  <testcase classname="aka.jmetadata.test.JMetaDataAudio_Test" name="subTestGetStreamSizeEncodedString5AsLocalTime" time="0.0" />
  <testcase classname="aka.jmetadata.test.JMetaDataAudio_Test" name="subTestGetDelayOriginalString4AsURL" time="0.0" />
  <testcase classname="aka.jmetadata.test.JMetaDataAudio_Test" name="subTestGetStreamSizeDemuxedStringAsString" time="0.0" />
  <testcase classname="aka.jmetadata.test.JMetaDataAudio_Test" name="subTestGetSourceDurationString3AsBigInteger" time="0.0" />
  <testcase classname="aka.jmetadata.test.JMetaDataAudio_Test" name="subTestGetStreamSizeDemuxedString3AsBoolean" time="0.0" />
  <testcase classname="aka.jmetadata.test.JMetaDataAudio_Test" name="subTestGetDelayStringAsURL" time="0.0" />
  <testcase classname="aka.jmetadata.test.JMetaDataAudio_Test" name="subTestGetUniqueIDStringAsLong" time="0.001" />
  <testcase classname="aka.jmetadata.test.JMetaDataAudio_Test" name="subTestGetVideoDelayString3AsBigInteger" time="0.0" />
  <testcase classname="aka.jmetadata.test.JMetaDataAudio_Test" name="subTestGetEncodedApplicationUrlAsLong" time="0.0" />
  <testcase classname="aka.jmetadata.test.JMetaDataAudio_Test" name="subTestGetFormatSettingsAsString" time="0.0" />
  <testcase classname="aka.jmetadata.test.JMetaDataAudio_Test" name="subTestGetChannelsStringAsLocalTime" time="0.0" />
  <testcase classname="aka.jmetadata.test.JMetaDataAudio_Test" name="subTestGetFirstPacketOrderAsURL" time="0.001" />
  <testcase classname="aka.jmetadata.test.JMetaDataAudio_Test" name="subTestGetDelaySettingsAsLocalDateTime" time="0.0" />
  <testcase classname="aka.jmetadata.test.JMetaDataAudio_Test" name="subTestGetDelayOriginalString5AsURL" time="0.0" />
  <testcase classname="aka.jmetadata.test.JMetaDataAudio_Test" name="subTestGetStreamSizeString2AsString" time="0.0" />
  <testcase classname="aka.jmetadata.test.JMetaDataAudio_Test" name="subTestGetSourceStreamSizeStringAsString" time="0.0" />
  <testcase classname="aka.jmetadata.test.JMetaDataAudio_Test" name="subTestGetBitRateAsBigInteger" time="0.0" />
  <testcase classname="aka.jmetadata.test.JMetaDataAudio_Test" name="subTestGetSourceDurationFirstFrameString1AsLocalTime" time="0.0" />
  <testcase classname="aka.jmetadata.test.JMetaDataAudio_Test" name="subTestGetDurationLastFrameString1AsBoolean" time="0.0" />
  <testcase classname="aka.jmetadata.test.JMetaDataAudio_Test" name="subTestGetFormatUrlAsLocalTime" time="0.0" />
  <testcase classname="aka.jmetadata.test.JMetaDataAudio_Test" name="subTestGetFormatSettingsEndiannessAsLocalDateTime" time="0.0" />
  <testcase classname="aka.jmetadata.test.JMetaDataAudio_Test" name="subTestGetChannelPositionsString2AsString" time="0.001" />
  <testcase classname="aka.jmetadata.test.JMetaDataAudio_Test" name="subTestGetStreamSizeAsURL" time="0.0" />
  <testcase classname="aka.jmetadata.test.JMetaDataAudio_Test" name="subTestGetSourceStreamSizeEncodedString1AsLong" time="0.0" />
  <testcase classname="aka.jmetadata.test.JMetaDataAudio_Test" name="subTestGetFormatAsBigInteger" time="0.0" />
  <testcase classname="aka.jmetadata.test.JMetaDataAudio_Test" name="subTestGetBitDepthStringAsLocalDateTime" time="0.0" />
  <testcase classname="aka.jmetadata.test.JMetaDataAudio_Test" name="subTestGetDurationFirstFrameString3AsLocalDateTime" time="0.001" />
  <testcase classname="aka.jmetadata.test.JMetaDataAudio_Test" name="subTestGetSourceDurationLastFrameAsLong" time="0.0" />
  <testcase classname="aka.jmetadata.test.JMetaDataAudio_Test" name="subTestGetStreamCountAsLong" time="0.0" />
  <testcase classname="aka.jmetadata.test.JMetaDataAudio_Test" name="subTestGetServiceKindStringAsLocalDateTime" time="0.0" />
  <testcase classname="aka.jmetadata.test.JMetaDataAudio_Test" name="subTestGetAlternateGroupStringAsLong" time="0.001" />
  <testcase classname="aka.jmetadata.test.JMetaDataAudio_Test" name="subTestGetDurationFirstFrameString5AsBigInteger" time="0.0" />
  <testcase classname="aka.jmetadata.test.JMetaDataAudio_Test" name="subTestGetEncodedApplicationAsURL" time="0.0" />
  <testcase classname="aka.jmetadata.test.JMetaDataAudio_Test" name="subTestGetVideoDelayString4AsLocalTime" time="0.001" />
  <testcase classname="aka.jmetadata.test.JMetaDataAudio_Test" name="subTestGetDelayAsBoolean" time="0.0" />
  <testcase classname="aka.jmetadata.test.JMetaDataAudio_Test" name="subTestGetSourceStreamSizeString5AsInteger" time="0.001" />
  <testcase classname="aka.jmetadata.test.JMetaDataAudio_Test" name="subTestGetOriginalSourceMediumIDStringAsLocalDateTime" time="0.0" />
  <testcase classname="aka.jmetadata.test.JMetaDataAudio_Test" name="subTestGetStreamSizeDemuxedString1AsBigInteger" time="0.0" />
  <testcase classname="aka.jmetadata.test.JMetaDataAudio_Test" name="subTestGetStreamSizeDemuxedString1AsLong" time="0.0" />
  <testcase classname="aka.jmetadata.test.JMetaDataAudio_Test" name="subTestGetEncryptionAsLocalTime" time="0.0" />
  <testcase classname="aka.jmetadata.test.JMetaDataAudio_Test" name="subTestGetBitDepthAsURL" time="0.0" />
  <testcase classname="aka.jmetadata.test.JMetaDataAudio_Test" name="subTestGetChannelPositionsAsString" time="0.0" />
  <testcase classname="aka.jmetadata.test.JMetaDataAudio_Test" name="subTestGetEncodedLibraryCompanyNameAsInteger" time="0.001" />
  <testcase classname="aka.jmetadata.test.JMetaDataAudio_Test" name="subTestGetBitDepthDetectedAsString" time="0.0" />
  <testcase classname="aka.jmetadata.test.JMetaDataAudio_Test" name="subTestGetMatrixChannelPositionsAsBoolean" time="0.0" />
  <testcase classname="aka.jmetadata.test.JMetaDataAudio_Test" name="subTestGetEncodedApplicationStringAsURL" time="0.0" />
  <testcase classname="aka.jmetadata.test.JMetaDataAudio_Test" name="subTestGetDelayDropFrameAsURL" time="0.0" />
  <testcase classname="aka.jmetadata.test.JMetaDataAudio_Test" name="subTestGetStreamSizeEncodedString4AsString" time="0.0" />
  <testcase classname="aka.jmetadata.test.JMetaDataAudio_Test" name="subTestGetChannelsOriginalAsBigInteger" time="0.001" />
  <testcase classname="aka.jmetadata.test.JMetaDataAudio_Test" name="subTestGetVideoDelayString3AsBoolean" time="0.0" />
  <testcase classname="aka.jmetadata.test.JMetaDataAudio_Test" name="subTestGetEncodedLibrarySettingsAsLong" time="0.001" />
  <testcase classname="aka.jmetadata.test.JMetaDataAudio_Test" name="subTestGetSourceDurationLastFrameString5AsString" time="0.001" />
  <testcase classname="aka.jmetadata.test.JMetaDataAudio_Test" name="subTestGetFormatSettingsModeAsString" time="0.0" />
  <testcase classname="aka.jmetadata.test.JMetaDataAudio_Test" name="subTestGetStreamSizeStringAsLocalDateTime" time="0.001" />
  <testcase classname="aka.jmetadata.test.JMetaDataAudio_Test" name="subTestGetDurationFirstFrameStringAsLocalTime" time="0.001" />
  <testcase classname="aka.jmetadata.test.JMetaDataAudio_Test" name="subTestGetMenuIDStringAsBigInteger" time="0.0" />
  <testcase classname="aka.jmetadata.test.JMetaDataAudio_Test" name="subTestGetStreamSizeEncodedString3AsBoolean" time="0.0" />
  <testcase classname="aka.jmetadata.test.JMetaDataAudio_Test" name="subTestGetFrameRateAsBoolean" time="0.001" />
  <testcase classname="aka.jmetadata.test.JMetaDataAudio_Test" name="subTestGetDelaySourceAsLong" time="0.0" />
  <testcase classname="aka.jmetadata.test.JMetaDataAudio_Test" name="subTestGetBitDepthStoredAsLocalDateTime" time="0.001" />
  <testcase classname="aka.jmetadata.test.JMetaDataAudio_Test" name="subTestGetFormatSettingsAsLong" time="0.001" />
  <testcase classname="aka.jmetadata.test.JMetaDataAudio_Test" name="subTestGetSourceDurationFirstFrameString3AsLong" time="0.005" />
  <testcase classname="aka.jmetadata.test.JMetaDataAudio_Test" name="subTestGetEncodedApplicationNameAsBoolean" time="0.001" />
  <testcase classname="aka.jmetadata.test.JMetaDataAudio_Test" name="subTestGetCodecIDAsLocalDateTime" time="0.001" />
  <testcase classname="aka.jmetadata.test.JMetaDataAudio_Test" name="subTestGetAlternateGroupStringAsLocalTime" time="0.0" />
  <testcase classname="aka.jmetadata.test.JMetaDataAudio_Test" name="subTestGetSourceFrameCountAsLocalDateTime" time="0.0" />
  <testcase classname="aka.jmetadata.test.JMetaDataAudio_Test" name="subTestGetDelayOriginalStringAsInteger" time="0.0" />
  <testcase classname="aka.jmetadata.test.JMetaDataAudio_Test" name="subTestGetLanguageString2AsString" time="0.0" />
  <testcase classname="aka.jmetadata.test.JMetaDataAudio_Test" name="subTestGetFormatSettingsModeExtensionAsInteger" time="0.001" />
  <testcase classname="aka.jmetadata.test.JMetaDataAudio_Test" name="subTestGetFormatSettingsEmphasisAsURL" time="0.001" />
  <testcase classname="aka.jmetadata.test.JMetaDataAudio_Test" name="subTestGetSourceDurationFirstFrameString2AsLocalTime" time="0.001" />
  <testcase classname="aka.jmetadata.test.JMetaDataAudio_Test" name="subTestGetFrameCountAsURL" time="0.0" />
  <testcase classname="aka.jmetadata.test.JMetaDataAudio_Test" name="subTestGetDurationLastFrameString3AsBigInteger" time="0.0" />
  <testcase classname="aka.jmetadata.test.JMetaDataAudio_Test" name="subTestGetEncodedApplicationStringAsLocalTime" time="0.0" />
  <testcase classname="aka.jmetadata.test.JMetaDataAudio_Test" name="subTestGetSourceDurationFirstFrameString1AsInteger" time="0.0" />
  <testcase classname="aka.jmetadata.test.JMetaDataAudio_Test" name="subTestGetInformAsLocalTime" time="0.0" />
  <testcase classname="aka.jmetadata.test.JMetaDataAudio_Test" name="subTestGetMenuIDAsLocalTime" time="0.001" />
  <testcase classname="aka.jmetadata.test.JMetaDataAudio_Test" name="subTestGetFormatSettingsWrappingAsString" time="0.0" />
  <testcase classname="aka.jmetadata.test.JMetaDataAudio_Test" name="subTestGetFormatLevelAsBoolean" time="0.0" />
  <testcase classname="aka.jmetadata.test.JMetaDataAudio_Test" name="subTestGetFormatVersionAsInteger" time="0.001" />
  <testcase classname="aka.jmetadata.test.JMetaDataAudio_Test" name="subTestGetStreamSizeStringAsBoolean" time="0.0" />
  <testcase classname="aka.jmetadata.test.JMetaDataAudio_Test" name="subTestGetFirstPacketOrderAsString" time="0.0" />
  <testcase classname="aka.jmetadata.test.JMetaDataAudio_Test" name="subTestGetSourceStreamSizeAsString" time="0.0" />
  <testcase classname="aka.jmetadata.test.JMetaDataAudio_Test" name="subTestGetStreamSizeString4AsLocalDateTime" time="0.0" />
  <testcase classname="aka.jmetadata.test.JMetaDataAudio_Test" name="subTestGetStreamSizeDemuxedString2AsBoolean" time="0.0" />
  <testcase classname="aka.jmetadata.test.JMetaDataAudio_Test" name="subTestGetSourceDurationLastFrameAsBoolean" time="0.0" />
  <testcase classname="aka.jmetadata.test.JMetaDataAudio_Test" name="subTestGetBitRateMinimumAsURL" time="0.0" />
  <testcase classname="aka.jmetadata.test.JMetaDataAudio_Test" name="subTestGetDelayOriginalString5AsLocalDateTime" time="0.001" />
  <testcase classname="aka.jmetadata.test.JMetaDataAudio_Test" name="subTestGetEncodedApplicationVersionAsInteger" time="0.0" />
  <testcase classname="aka.jmetadata.test.JMetaDataAudio_Test" name="subTestGetVideoDelayString5AsLocalTime" time="0.0" />
  <testcase classname="aka.jmetadata.test.JMetaDataAudio_Test" name="subTestGetFormatUrlAsLocalDateTime" time="0.0" />
  <testcase classname="aka.jmetadata.test.JMetaDataAudio_Test" name="subTestGetReplayGainGainAsLocalTime" time="0.0" />
  <testcase classname="aka.jmetadata.test.JMetaDataAudio_Test" name="subTestGetEncryptionAsBigInteger" time="0.0" />
  <testcase classname="aka.jmetadata.test.JMetaDataAudio_Test" name="subTestGetDurationFirstFrameString5AsBoolean" time="0.0" />
  <testcase classname="aka.jmetadata.test.JMetaDataAudio_Test" name="subTestGetMuxingModeMoreInfoAsString" time="0.0" />
  <testcase classname="aka.jmetadata.test.JMetaDataAudio_Test" name="subTestGetSourceDurationLastFrameAsLocalDateTime" time="0.0" />
  <testcase classname="aka.jmetadata.test.JMetaDataAudio_Test" name="subTestGetBitRateModeAsLocalDateTime" time="0.001" />
  <testcase classname="aka.jmetadata.test.JMetaDataAudio_Test" name="subTestGetFrameCountAsBoolean" time="0.0" />
  <testcase classname="aka.jmetadata.test.JMetaDataAudio_Test" name="subTestGetVideoDelayStringAsLong" time="0.0" />
  <testcase classname="aka.jmetadata.test.JMetaDataAudio_Test" name="subTestGetEncodedDateAsURL" time="0.001" />
  <testcase classname="aka.jmetadata.test.JMetaDataAudio_Test" name="subTestGetDelayOriginalSourceAsBigInteger" time="0.0" />
  <testcase classname="aka.jmetadata.test.JMetaDataAudio_Test" name="subTestGetEncodedLibraryStringAsBigInteger" time="0.0" />
  <testcase classname="aka.jmetadata.test.JMetaDataAudio_Test" name="subTestGetFormatProfileAsURL" time="0.0" />
  <testcase classname="aka.jmetadata.test.JMetaDataAudio_Test" name="subTestGetSourceDurationString5AsBoolean" time="0.001" />
  <testcase classname="aka.jmetadata.test.JMetaDataAudio_Test" name="subTestGetDelayString1AsLong" time="0.0" />
  <testcase classname="aka.jmetadata.test.JMetaDataAudio_Test" name="subTestGetChannelPositionsString2AsURL" time="0.001" />
  <testcase classname="aka.jmetadata.test.JMetaDataAudio_Test" name="subTestGetDelaySourceStringAsLocalDateTime" time="0.0" />
  <testcase classname="aka.jmetadata.test.JMetaDataAudio_Test" name="subTestGetSamplingRateAsLocalDateTime" time="0.0" />
  <testcase classname="aka.jmetadata.test.JMetaDataAudio_Test" name="subTestGetStreamCountAsBoolean" time="0.0" />
  <testcase classname="aka.jmetadata.test.JMetaDataAudio_Test" name="subTestGetEncodedLibraryStringAsBoolean" time="0.0" />
  <testcase classname="aka.jmetadata.test.JMetaDataAudio_Test" name="subTestGetSourceStreamSizeEncodedString5AsBigInteger" time="0.0" />
  <testcase classname="aka.jmetadata.test.JMetaDataAudio_Test" name="subTestGetDurationFirstFrameString5AsLong" time="0.0" />
  <testcase classname="aka.jmetadata.test.JMetaDataAudio_Test" name="subTestGetFormatSettingsSBRStringAsInteger" time="0.0" />
  <testcase classname="aka.jmetadata.test.JMetaDataAudio_Test" name="subTestGetAlternateGroupAsLocalTime" time="0.001" />
  <testcase classname="aka.jmetadata.test.JMetaDataAudio_Test" name="subTestGetBitRateEncodedStringAsLocalDateTime" time="0.0" />
  <testcase classname="aka.jmetadata.test.JMetaDataAudio_Test" name="subTestGetDelayStringAsLocalDateTime" time="0.0" />
  <testcase classname="aka.jmetadata.test.JMetaDataAudio_Test" name="subTestGetSourceStreamSizeString4AsInteger" time="0.0" />
  <testcase classname="aka.jmetadata.test.JMetaDataAudio_Test" name="subTestGetStreamSizeEncodedAsLong" time="0.001" />
  <testcase classname="aka.jmetadata.test.JMetaDataAudio_Test" name="subTestGetBitDepthDetectedAsBigInteger" time="0.0" />
  <testcase classname="aka.jmetadata.test.JMetaDataAudio_Test" name="subTestGetSourceDurationFirstFrameString3AsLocalTime" time="0.0" />
  <testcase classname="aka.jmetadata.test.JMetaDataAudio_Test" name="subTestGetCodecIDStringAsURL" time="0.0" />
  <testcase classname="aka.jmetadata.test.JMetaDataAudio_Test" name="subTestGetSourceDurationString2AsBigInteger" time="0.0" />
  <testcase classname="aka.jmetadata.test.JMetaDataAudio_Test" name="subTestGetChannelsOriginalAsBoolean" time="0.001" />
  <testcase classname="aka.jmetadata.test.JMetaDataAudio_Test" name="subTestGetVideoDelayString2AsBigInteger" time="0.0" />
  <testcase classname="aka.jmetadata.test.JMetaDataAudio_Test" name="subTestGetInterleaveDurationAsInteger" time="0.001" />
  <testcase classname="aka.jmetadata.test.JMetaDataAudio_Test" name="subTestGetEncodedLibraryCompanyNameAsLong" time="0.001" />
  <testcase classname="aka.jmetadata.test.JMetaDataAudio_Test" name="subTestGetMatrixChannelPositionsString2AsLocalTime" time="0.0" />
  <testcase classname="aka.jmetadata.test.JMetaDataAudio_Test" name="subTestGetLanguageStringAsBoolean" time="0.001" />
  <testcase classname="aka.jmetadata.test.JMetaDataAudio_Test" name="subTestGetFormatSettingsModeAsBigInteger" time="0.0" />
  <testcase classname="aka.jmetadata.test.JMetaDataAudio_Test" name="subTestGetStreamSizeDemuxedStringAsURL" time="0.0" />
  <testcase classname="aka.jmetadata.test.JMetaDataAudio_Test" name="subTestGetDurationLastFrameString1AsLong" time="0.0" />
  <testcase classname="aka.jmetadata.test.JMetaDataAudio_Test" name="subTestGetFormatCommercialAsString" time="0.0" />
  <testcase classname="aka.jmetadata.test.JMetaDataAudio_Test" name="subTestGetVideoDelayString2AsBoolean" time="0.0" />
  <testcase classname="aka.jmetadata.test.JMetaDataAudio_Test" name="subTestGetSourceStreamSizeEncodedStringAsLocalDateTime" time="0.0" />
  <testcase classname="aka.jmetadata.test.JMetaDataAudio_Test" name="subTestGetSourceStreamSizeString5AsLong" time="0.0" />
  <testcase classname="aka.jmetadata.test.JMetaDataAudio_Test" name="subTestGetFormatSettingsSBRStringAsLocalTime" time="0.0" />
  <testcase classname="aka.jmetadata.test.JMetaDataAudio_Test" name="subTestGetBitDepthAsBoolean" time="0.0" />
  <testcase classname="aka.jmetadata.test.JMetaDataAudio_Test" name="subTestGetDelayOriginalString1AsLong" time="0.001" />
  <testcase classname="aka.jmetadata.test.JMetaDataAudio_Test" name="subTestGetInterleavePreloadAsBoolean" time="0.001" />
  <testcase classname="aka.jmetadata.test.JMetaDataAudio_Test" name="subTestGetDelayAsBigInteger" time="0.001" />
  <testcase classname="aka.jmetadata.test.JMetaDataAudio_Test" name="subTestGetSourceDurationFirstFrameString3AsString" time="0.0" />
  <testcase classname="aka.jmetadata.test.JMetaDataAudio_Test" name="subTestGetStreamSizeDemuxedAsString" time="0.0" />
  <testcase classname="aka.jmetadata.test.JMetaDataAudio_Test" name="subTestGetCountAsString" time="0.0" />
  <testcase classname="aka.jmetadata.test.JMetaDataAudio_Test" name="subTestGetSourceStreamSizeString3AsLocalDateTime" time="0.0" />
  <testcase classname="aka.jmetadata.test.JMetaDataAudio_Test" name="subTestGetSourceDurationFirstFrameStringAsBigInteger" time="0.0" />
  <testcase classname="aka.jmetadata.test.JMetaDataAudio_Test" name="subTestGetStreamSizeEncodedString2AsBoolean" time="0.0" />
  <testcase classname="aka.jmetadata.test.JMetaDataAudio_Test" name="subTestGetMuxingModeAsInteger" time="0.001" />
  <testcase classname="aka.jmetadata.test.JMetaDataAudio_Test" name="subTestGetDurationLastFrameAsLocalTime" time="0.0" />
  <testcase classname="aka.jmetadata.test.JMetaDataAudio_Test" name="subTestGetSourceStreamSizeString5AsString" time="0.001" />
  <testcase classname="aka.jmetadata.test.JMetaDataAudio_Test" name="subTestGetBitRateStringAsLocalTime" time="0.0" />
  <testcase classname="aka.jmetadata.test.JMetaDataAudio_Test" name="subTestGetSourceDurationString5AsLong" time="0.0" />
  <testcase classname="aka.jmetadata.test.JMetaDataAudio_Test" name="subTestGetCodecIDAsURL" time="0.0" />
  <testcase classname="aka.jmetadata.test.JMetaDataAudio_Test" name="subTestGetAlternateGroupStringAsString" time="0.001" />
  <testcase classname="aka.jmetadata.test.JMetaDataAudio_Test" name="subTestGetLanguageString4AsLocalDateTime" time="0.001" />
  <testcase classname="aka.jmetadata.test.JMetaDataAudio_Test" name="subTestGetEncodedApplicationCompanyNameAsBoolean" time="0.0" />
  <testcase classname="aka.jmetadata.test.JMetaDataAudio_Test" name="subTestGetBitRateMinimumStringAsString" time="0.0" />
  <testcase classname="aka.jmetadata.test.JMetaDataAudio_Test" name="subTestGetSamplingRateAsString" time="0.0" />
  <testcase classname="aka.jmetadata.test.JMetaDataAudio_Test" name="subTestGetAlternateGroupStringAsInteger" time="0.0" />
  <testcase classname="aka.jmetadata.test.JMetaDataAudio_Test" name="subTestGetDefaultStringAsBoolean" time="0.0" />
  <testcase classname="aka.jmetadata.test.JMetaDataAudio_Test" name="subTestGetDurationFirstFrameString4AsBigInteger" time="0.0" />
  <testcase classname="aka.jmetadata.test.JMetaDataAudio_Test" name="subTestGetSourceDurationStringAsURL" time="0.0" />
  <testcase classname="aka.jmetadata.test.JMetaDataAudio_Test" name="subTestGetFormatCommercialIfAnyAsBoolean" time="0.0" />
  <testcase classname="aka.jmetadata.test.JMetaDataAudio_Test" name="subTestGetDelayStringAsString" time="0.0" />
  <testcase classname="aka.jmetadata.test.JMetaDataAudio_Test" name="subTestGetEncodedLibraryVersionAsLong" time="0.0" />
  <testcase classname="aka.jmetadata.test.JMetaDataAudio_Test" name="subTestGetChannelsOriginalStringAsString" time="0.0" />
  <testcase classname="aka.jmetadata.test.JMetaDataAudio_Test" name="subTestGetDurationLastFrameString1AsLocalDateTime" time="0.0" />
  <testcase classname="aka.jmetadata.test.JMetaDataAudio_Test" name="subTestGetDelayString4AsLocalDateTime" time="0.0" />
  <testcase classname="aka.jmetadata.test.JMetaDataAudio_Test" name="subTestGetForcedStringAsInteger" time="0.0" />
  <testcase classname="aka.jmetadata.test.JMetaDataAudio_Test" name="subTestGetServiceKindStringAsURL" time="0.0" />
  <testcase classname="aka.jmetadata.test.JMetaDataAudio_Test" name="subTestGetEncryptionAsBoolean" time="0.001" />
  <testcase classname="aka.jmetadata.test.JMetaDataAudio_Test" name="subTestGetBitRateMaximumAsLocalDateTime" time="0.001" />
  <testcase classname="aka.jmetadata.test.JMetaDataAudio_Test" name="subTestGetDurationLastFrameStringAsLocalTime" time="0.001" />
  <testcase classname="aka.jmetadata.test.JMetaDataAudio_Test" name="subTestGetSourceSamplingCountAsLocalTime" time="0.0" />
  <testcase classname="aka.jmetadata.test.JMetaDataAudio_Test" name="subTestGetSourceDurationAsURL" time="0.001" />
  <testcase classname="aka.jmetadata.test.JMetaDataAudio_Test" name="subTestGetStreamSizeDemuxedString1AsBoolean" time="0.0" />
  <testcase classname="aka.jmetadata.test.JMetaDataAudio_Test" name="subTestGetFormatAsBoolean" time="0.0" />
  <testcase classname="aka.jmetadata.test.JMetaDataAudio_Test" name="subTestGetSourceDurationLastFrameString1AsLocalDateTime" time="0.0" />
  <testcase classname="aka.jmetadata.test.JMetaDataAudio_Test" name="subTestGetBitDepthStoredStringAsLocalTime" time="0.0" />
  <testcase classname="aka.jmetadata.test.JMetaDataAudio_Test" name="subTestGetDurationFirstFrameString4AsBoolean" time="0.0" />
  <testcase classname="aka.jmetadata.test.JMetaDataAudio_Test" name="subTestGetMatrixFormatAsBigInteger" time="0.0" />
  <testcase classname="aka.jmetadata.test.JMetaDataAudio_Test" name="subTestGetSourceDurationLastFrameString5AsBoolean" time="0.001" />
  <testcase classname="aka.jmetadata.test.JMetaDataAudio_Test" name="subTestGetDelayOriginalStringAsLong" time="0.0" />
  <testcase classname="aka.jmetadata.test.JMetaDataAudio_Test" name="subTestGetUniqueIDAsURL" time="0.0" />
  <testcase classname="aka.jmetadata.test.JMetaDataAudio_Test" name="subTestGetDelayOriginalStringAsLocalTime" time="0.001" />
  <testcase classname="aka.jmetadata.test.JMetaDataAudio_Test" name="subTestGetSourceDurationFirstFrameString4AsLocalTime" time="0.0" />
  <testcase classname="aka.jmetadata.test.JMetaDataAudio_Test" name="subTestGetDelaySourceAsString" time="0.0" />
  <testcase classname="aka.jmetadata.test.JMetaDataAudio_Test" name="subTestGetBitRateNominalStringAsString" time="0.0" />
  <testcase classname="aka.jmetadata.test.JMetaDataAudio_Test" name="subTestGetSamplingRateStringAsLocalTime" time="0.0" />
  <testcase classname="aka.jmetadata.test.JMetaDataAudio_Test" name="subTestGetFormatSettingsModeAsBoolean" time="0.0" />
  <testcase classname="aka.jmetadata.test.JMetaDataAudio_Test" name="subTestGetSourceStreamSizeAsLocalDateTime" time="0.0" />
  <testcase classname="aka.jmetadata.test.JMetaDataAudio_Test" name="subTestGetSourceDurationString1AsString" time="0.001" />
  <testcase classname="aka.jmetadata.test.JMetaDataAudio_Test" name="subTestGetCodecIDHintAsLocalTime" time="0.0" />
  <testcase classname="aka.jmetadata.test.JMetaDataAudio_Test" name="subTestGetFrameRateDenAsInteger" time="0.001" />
  <testcase classname="aka.jmetadata.test.JMetaDataAudio_Test" name="subTestGetSourceDurationString4AsBoolean" time="0.001" />
  <testcase classname="aka.jmetadata.test.JMetaDataAudio_Test" name="subTestGetCompressionRatioAsString" time="0.0" />
  <testcase classname="aka.jmetadata.test.JMetaDataAudio_Test" name="subTestGetInformAsURL" time="0.001" />
  <testcase classname="aka.jmetadata.test.JMetaDataAudio_Test" name="subTestGetStreamSizeEncodedString1AsURL" time="0.0" />
  <testcase classname="aka.jmetadata.test.JMetaDataAudio_Test" name="subTestGetBitDepthAsLocalTime" time="0.0" />
  <testcase classname="aka.jmetadata.test.JMetaDataAudio_Test" name="subTestGetFormatSettingsEndiannessAsBoolean" time="0.0" />
  <testcase classname="aka.jmetadata.test.JMetaDataAudio_Test" name="subTestGetDurationLastFrameString2AsBigInteger" time="0.0" />
  <testcase classname="aka.jmetadata.test.JMetaDataAudio_Test" name="subTestGetFormatSettingsLawAsString" time="0.0" />
  <testcase classname="aka.jmetadata.test.JMetaDataAudio_Test" name="subTestGetEncodedApplicationVersionAsBigInteger" time="0.0" />
  <testcase classname="aka.jmetadata.test.JMetaDataAudio_Test" name="subTestGetCodecIDAsInteger" time="0.0" />
  <testcase classname="aka.jmetadata.test.JMetaDataAudio_Test" name="subTestGetLanguageMoreAsBigInteger" time="0.001" />
  <testcase classname="aka.jmetadata.test.JMetaDataAudio_Test" name="subTestGetEncodedDateAsInteger" time="0.0" />
  <testcase classname="aka.jmetadata.test.JMetaDataAudio_Test" name="subTestGetFormatSettingsModeExtensionAsLocalDateTime" time="0.0" />
  <testcase classname="aka.jmetadata.test.JMetaDataAudio_Test" name="subTestGetBitRateNominalAsLocalTime" time="0.0" />
  <testcase classname="aka.jmetadata.test.JMetaDataAudio_Test" name="subTestGetStatusAsLocalTime" time="0.0" />
  <testcase classname="aka.jmetadata.test.JMetaDataAudio_Test" name="subTestGetSourceStreamSizeString3AsInteger" time="0.0" />
  <testcase classname="aka.jmetadata.test.JMetaDataAudio_Test" name="subTestGetStreamKindIDAsBigInteger" time="0.0" />
  <testcase classname="aka.jmetadata.test.JMetaDataAudio_Test" name="subTestGetStreamSizeEncodedString2AsURL" time="0.0" />
  <testcase classname="aka.jmetadata.test.JMetaDataAudio_Test" name="subTestGetBitDepthStoredStringAsURL" time="0.0" />
  <testcase classname="aka.jmetadata.test.JMetaDataAudio_Test" name="subTestGetEncodedLibraryDateAsInteger" time="0.0" />
  <testcase classname="aka.jmetadata.test.JMetaDataAudio_Test" name="subTestGetFormatInfoAsLocalTime" time="0.0" />
  <testcase classname="aka.jmetadata.test.JMetaDataAudio_Test" name="subTestGetBitRateMinimumAsLocalTime" time="0.001" />
  <testcase classname="aka.jmetadata.test.JMetaDataAudio_Test" name="subTestGetStreamSizeEncodedStringAsURL" time="0.0" />
  <testcase classname="aka.jmetadata.test.JMetaDataAudio_Test" name="subTestGetSourceDurationFirstFrameString3AsLocalDateTime" time="0.0" />
  <testcase classname="aka.jmetadata.test.JMetaDataAudio_Test" name="subTestGetDurationFirstFrameAsBoolean" time="0.0" />
  <testcase classname="aka.jmetadata.test.JMetaDataAudio_Test" name="subTestGetEncodedLibraryAsBoolean" time="0.001" />
  <testcase classname="aka.jmetadata.test.JMetaDataAudio_Test" name="subTestGetIDAsBigInteger" time="0.0" />
  <testcase classname="aka.jmetadata.test.JMetaDataAudio_Test" name="subTestGetDelaySettingsAsLocalTime" time="0.0" />
  <testcase classname="aka.jmetadata.test.JMetaDataAudio_Test" name="subTestGetServiceKindAsLong" time="0.001" />
  <testcase classname="aka.jmetadata.test.JMetaDataAudio_Test" name="subTestGetStatusAsBoolean" time="0.0" />
  <testcase classname="aka.jmetadata.test.JMetaDataAudio_Test" name="subTestGetSourceStreamSizeString1AsLocalTime" time="0.001" />
  <testcase classname="aka.jmetadata.test.JMetaDataAudio_Test" name="subTestGetBitRateAsURL" time="0.0" />
  <testcase classname="aka.jmetadata.test.JMetaDataAudio_Test" name="subTestGetSourceDurationLastFrameString1AsLong" time="0.001" />
  <testcase classname="aka.jmetadata.test.JMetaDataAudio_Test" name="subTestGetSourceDurationAsInteger" time="0.001" />
  <testcase classname="aka.jmetadata.test.JMetaDataAudio_Test" name="subTestGetDurationLastFrameString5AsString" time="0.0" />
  <testcase classname="aka.jmetadata.test.JMetaDataAudio_Test" name="subTestGetVideoDelayString3AsLong" time="0.001" />
  <testcase classname="aka.jmetadata.test.JMetaDataAudio_Test" name="subTestGetStreamSizeEncodedString3AsURL" time="0.0" />
  <testcase classname="aka.jmetadata.test.JMetaDataAudio_Test" name="subTestGetUniqueIDStringAsString" time="0.0" />
  <testcase classname="aka.jmetadata.test.JMetaDataAudio_Test" name="subTestGetVideoDelayString1AsBoolean" time="0.0" />
  <testcase classname="aka.jmetadata.test.JMetaDataAudio_Test" name="subTestGetDurationLastFrameAsLong" time="0.0" />
  <testcase classname="aka.jmetadata.test.JMetaDataAudio_Test" name="subTestGetStreamKindIDAsLocalTime" time="0.0" />
  <testcase classname="aka.jmetadata.test.JMetaDataAudio_Test" name="subTestGetForcedAsBigInteger" time="0.0" />
  <testcase classname="aka.jmetadata.test.JMetaDataAudio_Test" name="subTestGetChannelsAsURL" time="0.001" />
  <testcase classname="aka.jmetadata.test.JMetaDataAudio_Test" name="subTestGetStreamKindIDAsLocalDateTime" time="0.001" />
  <testcase classname="aka.jmetadata.test.JMetaDataAudio_Test" name="subTestGetDurationLastFrameString1AsLocalTime" time="0.001" />
  <testcase classname="aka.jmetadata.test.JMetaDataAudio_Test" name="subTestGetStreamSizeEncodedString1AsBoolean" time="0.0" />
  <testcase classname="aka.jmetadata.test.JMetaDataAudio_Test" name="subTestGetBitRateEncodedStringAsLong" time="0.001" />
  <testcase classname="aka.jmetadata.test.JMetaDataAudio_Test" name="subTestGetLanguageAsLocalTime" time="0.0" />
  <testcase classname="aka.jmetadata.test.JMetaDataAudio_Test" name="subTestGetStreamSizeEncodedString4AsURL" time="0.0" />
  <testcase classname="aka.jmetadata.test.JMetaDataAudio_Test" name="subTestGetStreamSizeDemuxedString2AsString" time="0.0" />
  <testcase classname="aka.jmetadata.test.JMetaDataAudio_Test" name="subTestGetFormatInfoAsURL" time="0.0" />
  <testcase classname="aka.jmetadata.test.JMetaDataAudio_Test" name="subTestGetCodecIDHintAsBoolean" time="0.0" />
  <testcase classname="aka.jmetadata.test.JMetaDataAudio_Test" name="subTestGetDelaySourceAsLocalTime" time="0.0" />
  <testcase classname="aka.jmetadata.test.JMetaDataAudio_Test" name="subTestGetSamplingRateStringAsLong" time="0.001" />
  <testcase classname="aka.jmetadata.test.JMetaDataAudio_Test" name="subTestGetSourceDurationFirstFrameString5AsLocalTime" time="0.001" />
  <testcase classname="aka.jmetadata.test.JMetaDataAudio_Test" name="subTestGetBitRateStringAsURL" time="0.0" />
  <testcase classname="aka.jmetadata.test.JMetaDataAudio_Test" name="subTestGetFrameRateStringAsLong" time="0.0" />
  <testcase classname="aka.jmetadata.test.JMetaDataAudio_Test" name="subTestGetBitDepthAsLocalDateTime" time="0.001" />
  <testcase classname="aka.jmetadata.test.JMetaDataAudio_Test" name="subTestGetSourceStreamSizeEncodedString4AsBigInteger" time="0.001" />
  <testcase classname="aka.jmetadata.test.JMetaDataAudio_Test" name="subTestGetStreamKindAsBigInteger" time="0.001" />
  <testcase classname="aka.jmetadata.test.JMetaDataAudio_Test" name="subTestGetMatrixChannelsStringAsLocalTime" time="0.0" />
  <testcase classname="aka.jmetadata.test.JMetaDataAudio_Test" name="subTestGetDurationFirstFrameString2AsLocalDateTime" time="0.0" />
  <testcase classname="aka.jmetadata.test.JMetaDataAudio_Test" name="subTestGetStreamSizeEncodedString5AsURL" time="0.0" />
  <testcase classname="aka.jmetadata.test.JMetaDataAudio_Test" name="subTestGetReplayGainGainStringAsBoolean" time="0.0" />
  <testcase classname="aka.jmetadata.test.JMetaDataAudio_Test" name="subTestGetFormatSettingsITUAsBigInteger" time="0.0" />
  <testcase classname="aka.jmetadata.test.JMetaDataAudio_Test" name="subTestGetMatrixChannelsAsLocalTime" time="0.001" />
  <testcase classname="aka.jmetadata.test.JMetaDataAudio_Test" name="subTestGetFormatProfileAsLocalTime" time="0.0" />
  <testcase classname="aka.jmetadata.test.JMetaDataAudio_Test" name="subTestGetCodecIDAsBigInteger" time="0.001" />
  <testcase classname="aka.jmetadata.test.JMetaDataAudio_Test" name="subTestGetDelayOriginalString3AsString" time="0.001" />
  <testcase classname="aka.jmetadata.test.JMetaDataAudio_Test" name="subTestGetDelaySourceStringAsBigInteger" time="0.001" />
  <testcase classname="aka.jmetadata.test.JMetaDataAudio_Test" name="subTestGetBitDepthStoredStringAsLocalDateTime" time="0.0" />
  <testcase classname="aka.jmetadata.test.JMetaDataAudio_Test" name="subTestGetMatrixChannelPositionsAsBigInteger" time="0.001" />
  <testcase classname="aka.jmetadata.test.JMetaDataAudio_Test" name="subTestGetSourceDurationString1AsBigInteger" time="0.0" />
  <testcase classname="aka.jmetadata.test.JMetaDataAudio_Test" name="subTestGetVideoDelayString1AsBigInteger" time="0.0" />
  <testcase classname="aka.jmetadata.test.JMetaDataAudio_Test" name="subTestGetDurationLastFrameAsLocalDateTime" time="0.0" />
  <testcase classname="aka.jmetadata.test.JMetaDataAudio_Test" name="subTestGetEncodedOperatingSystemAsBoolean" time="0.001" />
  <testcase classname="aka.jmetadata.test.JMetaDataAudio_Test" name="subTestGetDurationFirstFrameString3AsBoolean" time="0.0" />
  <testcase classname="aka.jmetadata.test.JMetaDataAudio_Test" name="subTestGetSourceDurationLastFrameString4AsBoolean" time="0.0" />
  <testcase classname="aka.jmetadata.test.JMetaDataAudio_Test" name="subTestGetCodecIDDescriptionAsLocalDateTime" time="0.0" />
  <testcase classname="aka.jmetadata.test.JMetaDataAudio_Test" name="subTestGetDurationLastFrameAsURL" time="0.001" />
  <testcase classname="aka.jmetadata.test.JMetaDataAudio_Test" name="subTestGetInterleaveDurationAsBigInteger" time="0.0" />
  <testcase classname="aka.jmetadata.test.JMetaDataAudio_Test" name="subTestGetBitRateEncodedStringAsURL" time="0.0" />
  <testcase classname="aka.jmetadata.test.JMetaDataAudio_Test" name="subTestGetIDAsURL" time="0.0" />
  <testcase classname="aka.jmetadata.test.JMetaDataAudio_Test" name="subTestGetIDAsLong" time="0.001" />
  <testcase classname="aka.jmetadata.test.JMetaDataAudio_Test" name="subTestGetMuxingModeMoreInfoAsInteger" time="0.001" />
  <testcase classname="aka.jmetadata.test.JMetaDataAudio_Test" name="subTestGetDurationLastFrameAsInteger" time="0.0" />
  <testcase classname="aka.jmetadata.test.JMetaDataAudio_Test" name="subTestGetSourceDurationStringAsString" time="0.0" />
  <testcase classname="aka.jmetadata.test.JMetaDataAudio_Test" name="subTestGetSourceStreamSizeString2AsLocalTime" time="0.0" />
  <testcase classname="aka.jmetadata.test.JMetaDataAudio_Test" name="subTestGetSourceDurationString3AsBoolean" time="0.0" />
  <testcase classname="aka.jmetadata.test.JMetaDataAudio_Test" name="subTestGetServiceKindAsString" time="0.001" />
  <testcase classname="aka.jmetadata.test.JMetaDataAudio_Test" name="subTestGetDurationAsString" time="0.0" />
  <testcase classname="aka.jmetadata.test.JMetaDataAudio_Test" name="subTestGetFormatSettingsPSAsBoolean" time="0.0" />
  <testcase classname="aka.jmetadata.test.JMetaDataAudio_Test" name="subTestGetEncodedLibraryNameAsURL" time="0.0" />
  <testcase classname="aka.jmetadata.test.JMetaDataAudio_Test" name="subTestGetDurationLastFrameStringAsLocalDateTime" time="0.0" />
  <testcase classname="aka.jmetadata.test.JMetaDataAudio_Test" name="subTestGetFormatSettingsEndiannessAsURL" time="0.0" />
  <testcase classname="aka.jmetadata.test.JMetaDataAudio_Test" name="subTestGetStreamKindIDAsInteger" time="0.001" />
  <testcase classname="aka.jmetadata.test.JMetaDataAudio_Test" name="subTestGetDelayOriginalDropFrameAsBoolean" time="0.0" />
  <testcase classname="aka.jmetadata.test.JMetaDataAudio_Test" name="subTestGetDelaySettingsAsLong" time="0.0" />
  <testcase classname="aka.jmetadata.test.JMetaDataAudio_Test" name="subTestGetBitRateModeAsBigInteger" time="0.0" />
  <testcase classname="aka.jmetadata.test.JMetaDataAudio_Test" name="subTestGetLanguageString4AsBoolean" time="0.0" />
  <testcase classname="aka.jmetadata.test.JMetaDataAudio_Test" name="subTestGetLanguageMoreAsURL" time="0.0" />
  <testcase classname="aka.jmetadata.test.JMetaDataAudio_Test" name="subTestGetDurationLastFrameString2AsLocalTime" time="0.001" />
  <testcase classname="aka.jmetadata.test.JMetaDataAudio_Test" name="subTestGetMatrixChannelPositionsString2AsLong" time="0.0" />
  <testcase classname="aka.jmetadata.test.JMetaDataAudio_Test" name="subTestGetDurationFirstFrameString3AsBigInteger" time="0.0" />
  <testcase classname="aka.jmetadata.test.JMetaDataAudio_Test" name="subTestGetFrameRateDenAsBigInteger" time="0.0" />
  <testcase classname="aka.jmetadata.test.JMetaDataAudio_Test" name="subTestGetBitRateMinimumStringAsInteger" time="0.0" />
  <testcase classname="aka.jmetadata.test.JMetaDataAudio_Test" name="subTestGetSourceStreamSizeString2AsInteger" time="0.0" />
  <testcase classname="aka.jmetadata.test.JMetaDataAudio_Test" name="subTestGetSourceDurationStringAsInteger" time="0.001" />
  <testcase classname="aka.jmetadata.test.JMetaDataAudio_Test" name="subTestGetFormatSettingsPSAsLocalDateTime" time="0.0" />
  <testcase classname="aka.jmetadata.test.JMetaDataAudio_Test" name="subTestGetSourceSamplingCountAsLong" time="0.0" />
  <testcase classname="aka.jmetadata.test.JMetaDataAudio_Test" name="subTestGetUniqueIDAsLocalTime" time="0.0" />
  <testcase classname="aka.jmetadata.test.JMetaDataAudio_Test" name="subTestGetLanguageStringAsLocalDateTime" time="0.0" />
  <testcase classname="aka.jmetadata.test.JMetaDataAudio_Test" name="subTestGetReplayGainPeakAsString" time="0.0" />
  <testcase classname="aka.jmetadata.test.JMetaDataAudio_Test" name="subTestGetOriginalSourceMediumIDAsString" time="0.0" />
  <testcase classname="aka.jmetadata.test.JMetaDataAudio_Test" name="subTestGetStreamSizeDemuxedStringAsBoolean" time="0.0" />
  <testcase classname="aka.jmetadata.test.JMetaDataAudio_Test" name="subTestGetCodecIDDescriptionAsInteger" time="0.0" />
  <testcase classname="aka.jmetadata.test.JMetaDataAudio_Test" name="subTestGetStreamSizeAsString" time="0.0" />
  <testcase classname="aka.jmetadata.test.JMetaDataAudio_Test" name="subTestGetDelayOriginalAsLocalTime" time="0.001" />
  <testcase classname="aka.jmetadata.test.JMetaDataAudio_Test" name="subTestGetMenuIDAsURL" time="0.0" />
  <testcase classname="aka.jmetadata.test.JMetaDataAudio_Test" name="subTestGetAlignmentStringAsInteger" time="0.0" />
  <testcase classname="aka.jmetadata.test.JMetaDataAudio_Test" name="subTestGetStreamSizeString3AsLocalDateTime" time="0.0" />
  <testcase classname="aka.jmetadata.test.JMetaDataAudio_Test" name="subTestGetFormatSettingsSBRAsURL" time="0.0" />
  <testcase classname="aka.jmetadata.test.JMetaDataAudio_Test" name="subTestGetBitRateModeStringAsURL" time="0.001" />
  <testcase classname="aka.jmetadata.test.JMetaDataAudio_Test" name="subTestGetStreamSizeString4AsString" time="0.001" />
  <testcase classname="aka.jmetadata.test.JMetaDataAudio_Test" name="subTestGetDurationString1AsLocalTime" time="0.0" />
  <testcase classname="aka.jmetadata.test.JMetaDataAudio_Test" name="subTestGetDelayOriginalString4AsLocalDateTime" time="0.0" />
  <testcase classname="aka.jmetadata.test.JMetaDataAudio_Test" name="subTestGetSamplingRateStringAsString" time="0.001" />
  <testcase classname="aka.jmetadata.test.JMetaDataAudio_Test" name="subTestGetDisabledAsLocalDateTime" time="0.001" />
  <testcase classname="aka.jmetadata.test.JMetaDataAudio_Test" name="subTestGetFormatSettingsWrappingAsLocalTime" time="0.0" />
  <testcase classname="aka.jmetadata.test.JMetaDataAudio_Test" name="subTestGetFormatSettingsSBRAsString" time="0.0" />
  <testcase classname="aka.jmetadata.test.JMetaDataAudio_Test" name="subTestGetDurationString1AsLong" time="0.0" />
  <testcase classname="aka.jmetadata.test.JMetaDataAudio_Test" name="subTestGetCodecIDAsLong" time="0.001" />
  <testcase classname="aka.jmetadata.test.JMetaDataAudio_Test" name="subTestGetBitRateMinimumAsString" time="0.0" />
  <testcase classname="aka.jmetadata.test.JMetaDataAudio_Test" name="subTestGetFrameRateNumAsLocalDateTime" time="0.001" />
  <testcase classname="aka.jmetadata.test.JMetaDataAudio_Test" name="subTestGetEncodedLibrarySettingsAsBigInteger" time="0.001" />
  <testcase classname="aka.jmetadata.test.JMetaDataAudio_Test" name="subTestGetBitRateNominalStringAsBigInteger" time="0.0" />
  <testcase classname="aka.jmetadata.test.JMetaDataAudio_Test" name="subTestGetStreamSizeEncodedString2AsLong" time="0.0" />
  <testcase classname="aka.jmetadata.test.JMetaDataAudio_Test" name="subTestGetSamplingRateAsInteger" time="0.0" />
  <testcase classname="aka.jmetadata.test.JMetaDataAudio_Test" name="subTestGetFormatSettingsFirmAsBoolean" time="0.0" />
  <testcase classname="aka.jmetadata.test.JMetaDataAudio_Test" name="subTestGetServiceKindAsInteger" time="0.0" />
  <testcase classname="aka.jmetadata.test.JMetaDataAudio_Test" name="subTestGetSourceDurationLastFrameAsBigInteger" time="0.0" />
  <testcase classname="aka.jmetadata.test.JMetaDataAudio_Test" name="subTestGetReplayGainPeakAsBoolean" time="0.0" />
  <testcase classname="aka.jmetadata.test.JMetaDataAudio_Test" name="subTestGetDurationLastFrameString1AsBigInteger" time="0.0" />
  <testcase classname="aka.jmetadata.test.JMetaDataAudio_Test" name="subTestGetDurationString1AsURL" time="0.0" />
  <testcase classname="aka.jmetadata.test.JMetaDataAudio_Test" name="subTestGetSourceStreamSizeString3AsLocalTime" time="0.001" />
  <testcase classname="aka.jmetadata.test.JMetaDataAudio_Test" name="subTestGetOriginalSourceMediumIDAsBoolean" time="0.0" />
  <testcase classname="aka.jmetadata.test.JMetaDataAudio_Test" name="subTestGetBitRateMaximumStringAsLocalTime" time="0.0" />
  <testcase classname="aka.jmetadata.test.JMetaDataAudio_Test" name="subTestGetInternetMediaTypeAsLocalTime" time="0.0" />
  <testcase classname="aka.jmetadata.test.JMetaDataAudio_Test" name="subTestGetInterleaveVideoFramesAsLocalTime" time="0.0" />
  <testcase classname="aka.jmetadata.test.JMetaDataAudio_Test" name="subTestGetStreamSizeString5AsLong" time="0.001" />
  <testcase classname="aka.jmetadata.test.JMetaDataAudio_Test" name="subTestGetReplayGainGainStringAsLocalTime" time="0.0" />
  <testcase classname="aka.jmetadata.test.JMetaDataAudio_Test" name="subTestGetSourceDurationFirstFrameAsInteger" time="0.0" />
  <testcase classname="aka.jmetadata.test.JMetaDataAudio_Test" name="subTestGetBitRateStringAsString" time="0.0" />
  <testcase classname="aka.jmetadata.test.JMetaDataAudio_Test" name="subTestGetVideoDelayStringAsString" time="0.0" />
  <testcase classname="aka.jmetadata.test.JMetaDataAudio_Test" name="subTestGetBitRateEncodedStringAsInteger" time="0.0" />
  <testcase classname="aka.jmetadata.test.JMetaDataAudio_Test" name="subTestGetDurationLastFrameString3AsLocalTime" time="0.0" />
  <testcase classname="aka.jmetadata.test.JMetaDataAudio_Test" name="subTestGetDurationString2AsURL" time="0.0" />
  <testcase classname="aka.jmetadata.test.JMetaDataAudio_Test" name="subTestGetEncodedLibraryStringAsLocalTime" time="0.0" />
  <testcase classname="aka.jmetadata.test.JMetaDataAudio_Test" name="subTestGetBitDepthDetectedAsLocalDateTime" time="0.0" />
  <testcase classname="aka.jmetadata.test.JMetaDataAudio_Test" name="subTestGetBitRateMinimumAsLong" time="0.001" />
  <testcase classname="aka.jmetadata.test.JMetaDataAudio_Test" name="subTestGetFormatVersionAsLocalDateTime" time="0.001" />
  <testcase classname="aka.jmetadata.test.JMetaDataAudio_Test" name="subTestGetLanguageMoreAsLocalTime" time="0.0" />
  <testcase classname="aka.jmetadata.test.JMetaDataAudio_Test" name="subTestGetIDAsLocalTime" time="0.0" />
  <testcase classname="aka.jmetadata.test.JMetaDataAudio_Test" name="subTestGetReplayGainGainAsBoolean" time="0.0" />
  <testcase classname="aka.jmetadata.test.JMetaDataAudio_Test" name="subTestGetSourceStreamSizeStringAsBigInteger" time="0.0" />
  <testcase classname="aka.jmetadata.test.JMetaDataAudio_Test" name="subTestGetDurationAsInteger" time="0.0" />
  <testcase classname="aka.jmetadata.test.JMetaDataAudio_Test" name="subTestGetDurationFirstFrameString2AsBoolean" time="0.0" />
  <testcase classname="aka.jmetadata.test.JMetaDataAudio_Test" name="subTestGetSourceDurationLastFrameString3AsBoolean" time="0.0" />
  <testcase classname="aka.jmetadata.test.JMetaDataAudio_Test" name="subTestGetEncodedApplicationUrlAsBoolean" time="0.0" />
  <testcase classname="aka.jmetadata.test.JMetaDataAudio_Test" name="subTestGetMatrixChannelPositionsAsURL" time="0.0" />
  <testcase classname="aka.jmetadata.test.JMetaDataAudio_Test" name="subTestGetCompressionModeStringAsLong" time="0.0" />
  <testcase classname="aka.jmetadata.test.JMetaDataAudio_Test" name="subTestGetMatrixChannelPositionsString2AsLocalDateTime" time="0.0" />
  <testcase classname="aka.jmetadata.test.JMetaDataAudio_Test" name="subTestGetDurationString3AsURL" time="0.0" />
  <testcase classname="aka.jmetadata.test.JMetaDataAudio_Test" name="subTestGetStatusAsLocalDateTime" time="0.0" />
  <testcase classname="aka.jmetadata.test.JMetaDataAudio_Test" name="subTestGetStreamOrderAsLocalDateTime" time="0.001" />
  <testcase classname="aka.jmetadata.test.JMetaDataAudio_Test" name="subTestGetBitRateModeStringAsBigInteger" time="0.001" />
  <testcase classname="aka.jmetadata.test.JMetaDataAudio_Test" name="subTestGetChannelLayoutAsLocalDateTime" time="0.001" />
  <testcase classname="aka.jmetadata.test.JMetaDataAudio_Test" name="subTestGetDurationLastFrameStringAsBigInteger" time="0.0" />
  <testcase classname="aka.jmetadata.test.JMetaDataAudio_Test" name="subTestGetChannelLayoutAsURL" time="0.0" />
  <testcase classname="aka.jmetadata.test.JMetaDataAudio_Test" name="subTestGetVideoDelayString1AsString" time="0.0" />
  <testcase classname="aka.jmetadata.test.JMetaDataAudio_Test" name="subTestGetReplayGainGainStringAsString" time="0.0" />
  <testcase classname="aka.jmetadata.test.JMetaDataAudio_Test" name="subTestGetReplayGainPeakAsLocalTime" time="0.0" />
  <testcase classname="aka.jmetadata.test.JMetaDataAudio_Test" name="subTestGetSourceDurationString2AsBoolean" time="0.0" />
  <testcase classname="aka.jmetadata.test.JMetaDataAudio_Test" name="subTestGetLanguageString4AsString" time="0.0" />
  <testcase classname="aka.jmetadata.test.JMetaDataAudio_Test" name="subTestGetFormatCompressionAsBoolean" time="0.001" />
  <testcase classname="aka.jmetadata.test.JMetaDataAudio_Test" name="subTestGetChannelsStringAsBoolean" time="0.0" />
  <testcase classname="aka.jmetadata.test.JMetaDataAudio_Test" name="subTestGetSourceStreamSizeString2AsLocalDateTime" time="0.0" />
  <testcase classname="aka.jmetadata.test.JMetaDataAudio_Test" name="subTestGetDurationString5AsLocalDateTime" time="0.001" />
  <testcase classname="aka.jmetadata.test.JMetaDataAudio_Test" name="subTestGetDurationString2AsLocalTime" time="0.0" />
  <testcase classname="aka.jmetadata.test.JMetaDataAudio_Test" name="subTestGetDurationString4AsURL" time="0.0" />
  <testcase classname="aka.jmetadata.test.JMetaDataAudio_Test" name="subTestGetFrameRateAsLocalTime" time="0.0" />
  <testcase classname="aka.jmetadata.test.JMetaDataAudio_Test" name="subTestGetEncodedApplicationStringAsBoolean" time="0.0" />
  <testcase classname="aka.jmetadata.test.JMetaDataAudio_Test" name="subTestGetSourceStreamSizeEncodedString3AsBigInteger" time="0.0" />
  <testcase classname="aka.jmetadata.test.JMetaDataAudio_Test" name="subTestGetLanguageString3AsBoolean" time="0.0" />
  <testcase classname="aka.jmetadata.test.JMetaDataAudio_Test" name="subTestGetDelaySourceAsBoolean" time="0.0" />
  <testcase classname="aka.jmetadata.test.JMetaDataAudio_Test" name="subTestGetLanguageString3AsLocalDateTime" time="0.001" />
  <testcase classname="aka.jmetadata.test.JMetaDataAudio_Test" name="subTestGetBitDepthStoredStringAsLong" time="0.001" />
  <testcase classname="aka.jmetadata.test.JMetaDataAudio_Test" name="subTestGetSourceStreamSizeEncodedString1AsString" time="0.0" />
  <testcase classname="aka.jmetadata.test.JMetaDataAudio_Test" name="subTestGetSourceStreamSizeString1AsInteger" time="0.0" />
  <testcase classname="aka.jmetadata.test.JMetaDataAudio_Test" name="subTestGetAlignmentStringAsURL" time="0.0" />
  <testcase classname="aka.jmetadata.test.JMetaDataAudio_Test" name="subTestGetDurationString5AsURL" time="0.0" />
  <testcase classname="aka.jmetadata.test.JMetaDataAudio_Test" name="subTestGetEncodedApplicationVersionAsLong" time="0.0" />
  <testcase classname="aka.jmetadata.test.JMetaDataAudio_Test" name="subTestGetInterleavePreloadStringAsString" time="0.0" />
  <testcase classname="aka.jmetadata.test.JMetaDataAudio_Test" name="subTestGetSourceSamplingCountAsBigInteger" time="0.0" />
  <testcase classname="aka.jmetadata.test.JMetaDataAudio_Test" name="subTestGetVideoDelayStringAsURL" time="0.0" />
  <testcase classname="aka.jmetadata.test.JMetaDataAudio_Test" name="subTestGetDurationString1AsString" time="0.0" />
  <testcase classname="aka.jmetadata.test.JMetaDataAudio_Test" name="subTestGetMatrixChannelsStringAsLong" time="0.001" />
  <testcase classname="aka.jmetadata.test.JMetaDataAudio_Test" name="subTestGetSourceStreamSizeString4AsLocalTime" time="0.001" />
  <testcase classname="aka.jmetadata.test.JMetaDataAudio_Test" name="subTestGetSourceFrameCountAsLong" time="0.0" />
  <testcase classname="aka.jmetadata.test.JMetaDataAudio_Test" name="subTestGetSamplesPerFrameAsBoolean" time="0.001" />
  <testcase classname="aka.jmetadata.test.JMetaDataAudio_Test" name="subTestGetDelayString3AsLocalDateTime" time="0.001" />
  <testcase classname="aka.jmetadata.test.JMetaDataAudio_Test" name="subTestGetDurationFirstFrameAsLocalTime" time="0.0" />
  <testcase classname="aka.jmetadata.test.JMetaDataAudio_Test" name="subTestGetSourceStreamSizeEncodedString5AsBoolean" time="0.0" />
  <testcase classname="aka.jmetadata.test.JMetaDataAudio_Test" name="subTestGetStreamSizeAsBoolean" time="0.0" />
  <testcase classname="aka.jmetadata.test.JMetaDataAudio_Test" name="subTestGetEncodedApplicationVersionAsLocalDateTime" time="0.0" />
  <testcase classname="aka.jmetadata.test.JMetaDataAudio_Test" name="subTestGetSamplingCountAsInteger" time="0.0" />
  <testcase classname="aka.jmetadata.test.JMetaDataAudio_Test" name="subTestGetCompressionModeAsURL" time="0.0" />
  <testcase classname="aka.jmetadata.test.JMetaDataAudio_Test" name="subTestGetSourceStreamSizeEncodedAsLocalTime" time="0.0" />
  <testcase classname="aka.jmetadata.test.JMetaDataAudio_Test" name="subTestGetDurationLastFrameString4AsLocalTime" time="0.001" />
  <testcase classname="aka.jmetadata.test.JMetaDataAudio_Test" name="subTestGetEncodedLibrarySettingsAsLocalDateTime" time="0.0" />
  <testcase classname="aka.jmetadata.test.JMetaDataAudio_Test" name="subTestGetDefaultAsString" time="0.0" />
  <testcase classname="aka.jmetadata.test.JMetaDataAudio_Test" name="subTestGetBitDepthStoredAsString" time="0.0" />
  <testcase classname="aka.jmetadata.test.JMetaDataAudio_Test" name="subTestGetInformAsLocalDateTime" time="0.0" />
  <testcase classname="aka.jmetadata.test.JMetaDataAudio_Test" name="subTestGetInterleavePreloadAsLocalDateTime" time="0.0" />
  <testcase classname="aka.jmetadata.test.JMetaDataAudio_Test" name="subTestGetSourceStreamSizeEncodedProportionAsBoolean" time="0.0" />
  <testcase classname="aka.jmetadata.test.JMetaDataAudio_Test" name="subTestGetBitRateNominalStringAsBoolean" time="0.0" />
  <testcase classname="aka.jmetadata.test.JMetaDataAudio_Test" name="subTestGetSourceStreamSizeEncodedString2AsLong" time="0.0" />
  <testcase classname="aka.jmetadata.test.JMetaDataAudio_Test" name="subTestGetCodecIDUrlAsLong" time="0.0" />
  <testcase classname="aka.jmetadata.test.JMetaDataAudio_Test" name="subTestGetForcedAsLocalTime" time="0.0" />
  <testcase classname="aka.jmetadata.test.JMetaDataAudio_Test" name="subTestGetDefaultAsInteger" time="0.0" />
  <testcase classname="aka.jmetadata.test.JMetaDataAudio_Test" name="subTestGetDelaySettingsAsBoolean" time="0.0" />
  <testcase classname="aka.jmetadata.test.JMetaDataAudio_Test" name="subTestGetStreamKindStringAsString" time="0.0" />
  <testcase classname="aka.jmetadata.test.JMetaDataAudio_Test" name="subTestGetDurationFirstFrameString2AsBigInteger" time="0.0" />
  <testcase classname="aka.jmetadata.test.JMetaDataAudio_Test" name="subTestGetBitDepthDetectedStringAsBigInteger" time="0.0" />
  <testcase classname="aka.jmetadata.test.JMetaDataAudio_Test" name="subTestGetCompressionModeStringAsInteger" time="0.0" />
  <testcase classname="aka.jmetadata.test.JMetaDataAudio_Test" name="subTestGetOriginalSourceMediumIDAsBigInteger" time="0.0" />
  <testcase classname="aka.jmetadata.test.JMetaDataAudio_Test" name="subTestGetStreamSizeEncodedStringAsLong" time="0.001" />
  <testcase classname="aka.jmetadata.test.JMetaDataAudio_Test" name="subTestGetFormatCommercialIfAnyAsLong" time="0.0" />
  <testcase classname="aka.jmetadata.test.JMetaDataAudio_Test" name="subTestGetSourceStreamSizeEncodedString1AsLocalTime" time="0.0" />
  <testcase classname="aka.jmetadata.test.JMetaDataAudio_Test" name="subTestGetCodecIDInfoAsInteger" time="0.0" />
  <testcase classname="aka.jmetadata.test.JMetaDataAudio_Test" name="subTestGetDurationString3AsLocalTime" time="0.0" />
  <testcase classname="aka.jmetadata.test.JMetaDataAudio_Test" name="subTestGetBitDepthStoredAsInteger" time="0.0" />
  <testcase classname="aka.jmetadata.test.JMetaDataAudio_Test" name="subTestGetDurationFirstFrameString2AsString" time="0.0" />
  <testcase classname="aka.jmetadata.test.JMetaDataAudio_Test" name="subTestGetFormatAsLong" time="0.0" />
  <testcase classname="aka.jmetadata.test.JMetaDataAudio_Test" name="subTestGetOriginalSourceMediumIDStringAsBoolean" time="0.0" />
  <testcase classname="aka.jmetadata.test.JMetaDataAudio_Test" name="subTestGetFormatProfileAsInteger" time="0.001" />
  <testcase classname="aka.jmetadata.test.JMetaDataAudio_Test" name="subTestGetStreamSizeDemuxedString2AsLong" time="0.0" />
  <testcase classname="aka.jmetadata.test.JMetaDataAudio_Test" name="subTestGetStreamOrderAsInteger" time="0.001" />
  <testcase classname="aka.jmetadata.test.JMetaDataAudio_Test" name="subTestGetFormatCompressionAsLocalDateTime" time="0.0" />
  <testcase classname="aka.jmetadata.test.JMetaDataAudio_Test" name="subTestGetDelayOriginalString5AsBigInteger" time="0.0" />
  <testcase classname="aka.jmetadata.test.JMetaDataAudio_Test" name="subTestGetMatrixChannelPositionsString2AsString" time="0.0" />
  <testcase classname="aka.jmetadata.test.JMetaDataAudio_Test" name="subTestGetCountAsLocalTime" time="0.0" />
  <testcase classname="aka.jmetadata.test.JMetaDataAudio_Test" name="subTestGetSourceDurationStringAsLocalTime" time="0.0" />
  <testcase classname="aka.jmetadata.test.JMetaDataAudio_Test" name="subTestGetDurationFirstFrameString1AsBoolean" time="0.0" />
  <testcase classname="aka.jmetadata.test.JMetaDataAudio_Test" name="subTestGetSourceDurationLastFrameString2AsBoolean" time="0.0" />
  <testcase classname="aka.jmetadata.test.JMetaDataAudio_Test" name="subTestGetSourceDurationFirstFrameString2AsLocalDateTime" time="0.0" />
  <testcase classname="aka.jmetadata.test.JMetaDataAudio_Test" name="subTestGetSourceDurationFirstFrameString5AsString" time="0.0" />
  <testcase classname="aka.jmetadata.test.JMetaDataAudio_Test" name="subTestGetSourceStreamSizeEncodedProportionAsLocalDateTime" time="0.0" />
  <testcase classname="aka.jmetadata.test.JMetaDataAudio_Test" name="subTestGetDurationStringAsBigInteger" time="0.0" />
  <testcase classname="aka.jmetadata.test.JMetaDataAudio_Test" name="subTestGetStreamSizeDemuxedAsURL" time="0.0" />
  <testcase classname="aka.jmetadata.test.JMetaDataAudio_Test" name="subTestGetBitRateStringAsInteger" time="0.0" />
  <testcase classname="aka.jmetadata.test.JMetaDataAudio_Test" name="subTestGetFormatCompressionAsBigInteger" time="0.0" />
  <testcase classname="aka.jmetadata.test.JMetaDataAudio_Test" name="subTestGetStreamSizeString5AsBoolean" time="0.0" />
  <testcase classname="aka.jmetadata.test.JMetaDataAudio_Test" name="subTestGetDurationFirstFrameString1AsLong" time="0.0" />
  <testcase classname="aka.jmetadata.test.JMetaDataAudio_Test" name="subTestGetDelayString1AsString" time="0.001" />
  <testcase classname="aka.jmetadata.test.JMetaDataAudio_Test" name="subTestGetChannelsAsInteger" time="0.0" />
  <testcase classname="aka.jmetadata.test.JMetaDataAudio_Test" name="subTestGetMenuIDAsString" time="0.001" />
  <testcase classname="aka.jmetadata.test.JMetaDataAudio_Test" name="subTestGetDelayOriginalDropFrameAsLong" time="0.001" />
  <testcase classname="aka.jmetadata.test.JMetaDataAudio_Test" name="subTestGetUniqueIDStringAsLocalTime" time="0.001" />
  <testcase classname="aka.jmetadata.test.JMetaDataAudio_Test" name="subTestGetSourceStreamSizeString5AsLocalTime" time="0.0" />
  <testcase classname="aka.jmetadata.test.JMetaDataAudio_Test" name="subTestGetStreamSizeEncodedAsString" time="0.0" />
  <testcase classname="aka.jmetadata.test.JMetaDataAudio_Test" name="subTestGetDurationString5AsBigInteger" time="0.0" />
  <testcase classname="aka.jmetadata.test.JMetaDataAudio_Test" name="subTestGetInterleaveDurationStringAsString" time="0.0" />
  <testcase classname="aka.jmetadata.test.JMetaDataAudio_Test" name="subTestGetSourceDurationString1AsBoolean" time="0.0" />
  <testcase classname="aka.jmetadata.test.JMetaDataAudio_Test" name="subTestGetSourceDurationFirstFrameString4AsLong" time="0.0" />
  <testcase classname="aka.jmetadata.test.JMetaDataAudio_Test" name="subTestGetEncodedLibraryCompanyNameAsString" time="0.0" />
  <testcase classname="aka.jmetadata.test.JMetaDataAudio_Test" name="subTestGetSourceDurationString5AsLocalDateTime" time="0.0" />
  <testcase classname="aka.jmetadata.test.JMetaDataAudio_Test" name="subTestGetEncodedLibraryVersionAsLocalDateTime" time="0.001" />
  <testcase classname="aka.jmetadata.test.JMetaDataAudio_Test" name="subTestGetBitRateMinimumStringAsLocalTime" time="0.001" />
  <testcase classname="aka.jmetadata.test.JMetaDataAudio_Test" name="subTestGetDurationLastFrameString5AsLocalTime" time="0.0" />
  <testcase classname="aka.jmetadata.test.JMetaDataAudio_Test" name="subTestGetBitRateEncodedAsInteger" time="0.0" />
  <testcase classname="aka.jmetadata.test.JMetaDataAudio_Test" name="subTestGetFrameRateStringAsBoolean" time="0.001" />
  <testcase classname="aka.jmetadata.test.JMetaDataAudio_Test" name="subTestGetSourceDurationString1AsURL" time="0.0" />
  <testcase classname="aka.jmetadata.test.JMetaDataAudio_Test" name="subTestGetLanguageString2AsBoolean" time="0.0" />
  <testcase classname="aka.jmetadata.test.JMetaDataAudio_Test" name="subTestGetMatrixChannelsStringAsLocalDateTime" time="0.0" />
  <testcase classname="aka.jmetadata.test.JMetaDataAudio_Test" name="subTestGetBitDepthDetectedAsURL" time="0.0" />
  <testcase classname="aka.jmetadata.test.JMetaDataAudio_Test" name="subTestGetStreamSizeString1AsURL" time="0.0" />
  <testcase classname="aka.jmetadata.test.JMetaDataAudio_Test" name="subTestGetChannelsOriginalAsLocalTime" time="0.001" />
  <testcase classname="aka.jmetadata.test.JMetaDataAudio_Test" name="subTestGetLanguageAsBigInteger" time="0.0" />
  <testcase classname="aka.jmetadata.test.JMetaDataAudio_Test" name="subTestGetSourceStreamSizeString1AsLong" time="0.0" />
  <testcase classname="aka.jmetadata.test.JMetaDataAudio_Test" name="subTestGetBitRateModeAsString" time="0.0" />
  <testcase classname="aka.jmetadata.test.JMetaDataAudio_Test" name="subTestGetVideoDelayStringAsInteger" time="0.0" />
  <testcase classname="aka.jmetadata.test.JMetaDataAudio_Test" name="subTestGetInterleavePreloadStringAsLong" time="0.0" />
  <testcase classname="aka.jmetadata.test.JMetaDataAudio_Test" name="subTestGetFormatInfoAsString" time="0.0" />
  <testcase classname="aka.jmetadata.test.JMetaDataAudio_Test" name="subTestGetDurationFirstFrameString1AsLocalDateTime" time="0.0" />
  <testcase classname="aka.jmetadata.test.JMetaDataAudio_Test" name="subTestGetStreamSizeEncodedStringAsString" time="0.0" />
  <testcase classname="aka.jmetadata.test.JMetaDataAudio_Test" name="subTestGetTitleAsLocalDateTime" time="0.001" />
  <testcase classname="aka.jmetadata.test.JMetaDataAudio_Test" name="subTestGetSourceDurationString2AsURL" time="0.0" />
  <testcase classname="aka.jmetadata.test.JMetaDataAudio_Test" name="subTestGetMatrixChannelsAsLocalDateTime" time="0.0" />
  <testcase classname="aka.jmetadata.test.JMetaDataAudio_Test" name="subTestGetSourceDurationString1AsLong" time="0.0" />
  <testcase classname="aka.jmetadata.test.JMetaDataAudio_Test" name="subTestGetStreamSizeString2AsURL" time="0.001" />
  <testcase classname="aka.jmetadata.test.JMetaDataAudio_Test" name="subTestGetInterleaveDurationStringAsLocalDateTime" time="0.0" />
  <testcase classname="aka.jmetadata.test.JMetaDataAudio_Test" name="subTestGetCodecIDStringAsLocalTime" time="0.0" />
  <testcase classname="aka.jmetadata.test.JMetaDataAudio_Test" name="subTestGetSourceStreamSizeEncodedString2AsLocalTime" time="0.001" />
  <testcase classname="aka.jmetadata.test.JMetaDataAudio_Test" name="subTestGetServiceKindStringAsLocalTime" time="0.0" />
  <testcase classname="aka.jmetadata.test.JMetaDataAudio_Test" name="subTestGetSourceStreamSizeEncodedProportionAsURL" time="0.0" />
  <testcase classname="aka.jmetadata.test.JMetaDataAudio_Test" name="subTestGetSourceDurationFirstFrameAsLocalDateTime" time="0.0" />
  <testcase classname="aka.jmetadata.test.JMetaDataAudio_Test" name="subTestGetDurationFirstFrameString1AsLocalTime" time="0.0" />
  <testcase classname="aka.jmetadata.test.JMetaDataAudio_Test" name="subTestGetSourceStreamSizeEncodedString4AsBoolean" time="0.0" />
  <testcase classname="aka.jmetadata.test.JMetaDataAudio_Test" name="subTestGetDurationString4AsLocalTime" time="0.0" />
  <testcase classname="aka.jmetadata.test.JMetaDataAudio_Test" name="subTestGetFrameRateAsURL" time="0.0" />
  <testcase classname="aka.jmetadata.test.JMetaDataAudio_Test" name="subTestGetMenuIDAsLocalDateTime" time="0.0" />
  <testcase classname="aka.jmetadata.test.JMetaDataAudio_Test" name="subTestGetSourceDurationString3AsURL" time="0.001" />
  <testcase classname="aka.jmetadata.test.JMetaDataAudio_Test" name="subTestGetSourceDurationString3AsString" time="0.0" />
  <testcase classname="aka.jmetadata.test.JMetaDataAudio_Test" name="subTestGetSourceStreamSizeEncodedStringAsInteger" time="0.0" />
  <testcase classname="aka.jmetadata.test.JMetaDataAudio_Test" name="subTestGetCodecIDInfoAsLocalTime" time="0.0" />
  <testcase classname="aka.jmetadata.test.JMetaDataAudio_Test" name="subTestGetFormatSettingsSignAsURL" time="0.0" />
  <testcase classname="aka.jmetadata.test.JMetaDataAudio_Test" name="subTestGetStreamSizeEncodedProportionAsBigInteger" time="0.0" />
  <testcase classname="aka.jmetadata.test.JMetaDataAudio_Test" name="subTestGetDelaySettingsAsString" time="0.0" />
  <testcase classname="aka.jmetadata.test.JMetaDataAudio_Test" name="subTestGetStreamSizeString3AsURL" time="0.0" />
  <testcase classname="aka.jmetadata.test.JMetaDataAudio_Test" name="subTestGetCompressionModeAsLong" time="0.0" />
  <testcase classname="aka.jmetadata.test.JMetaDataAudio_Test" name="subTestGetDurationStringAsInteger" time="0.0" />
  <testcase classname="aka.jmetadata.test.JMetaDataAudio_Test" name="subTestGetFormatSettingsAsBoolean" time="0.0" />
  <testcase classname="aka.jmetadata.test.JMetaDataAudio_Test" name="subTestGetSourceStreamSizeEncodedProportionAsBigInteger" time="0.0" />
  <testcase classname="aka.jmetadata.test.JMetaDataAudio_Test" name="subTestGetStreamSizeDemuxedString5AsLocalDateTime" time="0.0" />
  <testcase classname="aka.jmetadata.test.JMetaDataAudio_Test" name="subTestGetSourceDurationString4AsURL" time="0.0" />
  <testcase classname="aka.jmetadata.test.JMetaDataAudio_Test" name="subTestGetDelayString2AsLong" time="0.0" />
  <testcase classname="aka.jmetadata.test.JMetaDataAudio_Test" name="subTestGetStreamKindAsInteger" time="0.0" />
  <testcase classname="aka.jmetadata.test.JMetaDataAudio_Test" name="subTestGetDurationFirstFrameStringAsBoolean" time="0.0" />
  <testcase classname="aka.jmetadata.test.JMetaDataAudio_Test" name="subTestGetFrameRateDenAsURL" time="0.0" />
  <testcase classname="aka.jmetadata.test.JMetaDataAudio_Test" name="subTestGetEncodedApplicationAsLong" time="0.0" />
  <testcase classname="aka.jmetadata.test.JMetaDataAudio_Test" name="subTestGetStreamKindPosAsLocalTime" time="0.0" />
  <testcase classname="aka.jmetadata.test.JMetaDataAudio_Test" name="subTestGetCodecIDStringAsBigInteger" time="0.0" />
  <testcase classname="aka.jmetadata.test.JMetaDataAudio_Test" name="subTestGetFormatSettingsITUAsString" time="0.0" />
  <testcase classname="aka.jmetadata.test.JMetaDataAudio_Test" name="subTestGetSourceStreamSizeEncodedString2AsBigInteger" time="0.001" />
  <testcase classname="aka.jmetadata.test.JMetaDataAudio_Test" name="subTestGetDelayOriginalAsURL" time="0.0" />
  <testcase classname="aka.jmetadata.test.JMetaDataAudio_Test" name="subTestGetDurationLastFrameString5AsInteger" time="0.0" />
  <testcase classname="aka.jmetadata.test.JMetaDataAudio_Test" name="subTestGetStatusAsLong" time="0.001" />
  <testcase classname="aka.jmetadata.test.JMetaDataAudio_Test" name="subTestGetStreamSizeString4AsURL" time="0.0" />
  <testcase classname="aka.jmetadata.test.JMetaDataAudio_Test" name="subTestGetEncodedApplicationAsString" time="0.001" />
  <testcase classname="aka.jmetadata.test.JMetaDataAudio_Test" name="subTestGetDelayOriginalSettingsAsString" time="0.001" />
  <testcase classname="aka.jmetadata.test.JMetaDataAudio_Test" name="subTestGetTaggedDateAsString" time="0.0" />
  <testcase classname="aka.jmetadata.test.JMetaDataAudio_Test" name="subTestGetInterleaveDurationAsLocalDateTime" time="0.0" />
  <testcase classname="aka.jmetadata.test.JMetaDataAudio_Test" name="subTestGetDelayString5AsBoolean" time="0.0" />
  <testcase classname="aka.jmetadata.test.JMetaDataAudio_Test" name="subTestGetMuxingModeMoreInfoAsLocalTime" time="0.0" />
  <testcase classname="aka.jmetadata.test.JMetaDataAudio_Test" name="subTestGetSourceDurationString5AsURL" time="0.001" />
  <testcase classname="aka.jmetadata.test.JMetaDataAudio_Test" name="subTestGetSourceStreamSizeProportionAsLocalDateTime" time="0.0" />
  <testcase classname="aka.jmetadata.test.JMetaDataAudio_Test" name="subTestGetDisabledAsLocalTime" time="0.0" />
  <testcase classname="aka.jmetadata.test.JMetaDataAudio_Test" name="subTestGetStreamSizeString5AsURL" time="0.0" />
  <testcase classname="aka.jmetadata.test.JMetaDataAudio_Test" name="subTestGetStreamKindPosAsBoolean" time="0.0" />
  <testcase classname="aka.jmetadata.test.JMetaDataAudio_Test" name="subTestGetCodecIDAsString" time="0.0" />
  <testcase classname="aka.jmetadata.test.JMetaDataAudio_Test" name="subTestGetServiceKindStringAsBoolean" time="0.0" />
  <testcase classname="aka.jmetadata.test.JMetaDataAudio_Test" name="subTestGetDelayOriginalString5AsBoolean" time="0.0" />
  <testcase classname="aka.jmetadata.test.JMetaDataAudio_Test" name="subTestGetSourceDurationFirstFrameAsLong" time="0.0" />
  <testcase classname="aka.jmetadata.test.JMetaDataAudio_Test" name="subTestGetSourceDurationLastFrameString1AsBoolean" time="0.001" />
  <testcase classname="aka.jmetadata.test.JMetaDataAudio_Test" name="subTestGetServiceKindStringAsBigInteger" time="0.0" />
  <testcase classname="aka.jmetadata.test.JMetaDataAudio_Test" name="subTestGetDurationLastFrameString2AsLong" time="0.0" />
  <testcase classname="aka.jmetadata.test.JMetaDataAudio_Test" name="subTestGetForcedAsString" time="0.0" />
  <testcase classname="aka.jmetadata.test.JMetaDataAudio_Test" name="subTestGetStreamSizeString4AsBoolean" time="0.0" />
  <testcase classname="aka.jmetadata.test.JMetaDataAudio_Test" name="subTestGetStreamSizeEncodedString5AsLocalDateTime" time="0.0" />
  <testcase classname="aka.jmetadata.test.JMetaDataAudio_Test" name="subTestGetDelayOriginalString2AsLong" time="0.0" />
  <testcase classname="aka.jmetadata.test.JMetaDataAudio_Test" name="subTestGetFormatSettingsSignAsInteger" time="0.0" />
  <testcase classname="aka.jmetadata.test.JMetaDataAudio_Test" name="subTestGetStreamSizeString2AsLocalDateTime" time="0.001" />
  <testcase classname="aka.jmetadata.test.JMetaDataAudio_Test" name="subTestGetStreamSizeDemuxedString4AsString" time="0.0" />
  <testcase classname="aka.jmetadata.test.JMetaDataAudio_Test" name="subTestGetSourceStreamSizeEncodedString3AsLocalTime" time="0.0" />
  <testcase classname="aka.jmetadata.test.JMetaDataAudio_Test" name="subTestGetSourceStreamSizeEncodedString5AsLocalDateTime" time="0.0" />
  <testcase classname="aka.jmetadata.test.JMetaDataAudio_Test" name="subTestGetFormatSettingsSignAsBigInteger" time="0.0" />
  <testcase classname="aka.jmetadata.test.JMetaDataAudio_Test" name="subTestGetAlignmentAsBoolean" time="0.001" />
  <testcase classname="aka.jmetadata.test.JMetaDataAudio_Test" name="subTestGetDefaultAsBigInteger" time="0.0" />
  <testcase classname="aka.jmetadata.test.JMetaDataAudio_Test" name="subTestGetDurationFirstFrameString2AsLocalTime" time="0.0" />
  <testcase classname="aka.jmetadata.test.JMetaDataAudio_Test" name="subTestGetBitDepthDetectedStringAsLocalTime" time="0.0" />
  <testcase classname="aka.jmetadata.test.JMetaDataAudio_Test" name="subTestGetDelayOriginalString3AsLocalDateTime" time="0.0" />
  <testcase classname="aka.jmetadata.test.JMetaDataAudio_Test" name="subTestGetDurationString5AsLocalTime" time="0.0" />
  <testcase classname="aka.jmetadata.test.JMetaDataAudio_Test" name="subTestGetStreamSizeStringAsString" time="0.001" />
  <testcase classname="aka.jmetadata.test.JMetaDataAudio_Test" name="subTestGetMenuIDStringAsLong" time="0.0" />
  <testcase classname="aka.jmetadata.test.JMetaDataAudio_Test" name="subTestGetStreamKindAsLong" time="0.0" />
  <testcase classname="aka.jmetadata.test.JMetaDataAudio_Test" name="subTestGetCodecIDUrlAsLocalDateTime" time="0.001" />
  <testcase classname="aka.jmetadata.test.JMetaDataAudio_Test" name="subTestGetFormatSettingsLawAsLocalTime" time="0.0" />
  <testcase classname="aka.jmetadata.test.JMetaDataAudio_Test" name="subTestGetStreamSizeEncodedString1AsString" time="0.0" />
  <testcase classname="aka.jmetadata.test.JMetaDataAudio_Test" name="subTestGetEncodedLibraryNameAsBigInteger" time="0.0" />
  <testcase classname="aka.jmetadata.test.JMetaDataAudio_Test" name="subTestGetLanguageString1AsBoolean" time="0.0" />
  <testcase classname="aka.jmetadata.test.JMetaDataAudio_Test" name="subTestGetDurationFirstFrameString1AsBigInteger" time="0.0" />
  <testcase classname="aka.jmetadata.test.JMetaDataAudio_Test" name="subTestGetForcedAsInteger" time="0.0" />
  <testcase classname="aka.jmetadata.test.JMetaDataAudio_Test" name="subTestGetInternetMediaTypeAsURL" time="0.0" />
  <testcase classname="aka.jmetadata.test.JMetaDataAudio_Test" name="subTestGetDelayStringAsInteger" time="0.0" />
  <testcase classname="aka.jmetadata.test.JMetaDataAudio_Test" name="subTestGetFirstPacketOrderAsLocalDateTime" time="0.0" />
  <testcase classname="aka.jmetadata.test.JMetaDataAudio_Test" name="subTestGetSourceDurationLastFrameString2AsString" time="0.0" />
  <testcase classname="aka.jmetadata.test.JMetaDataAudio_Test" name="subTestGetDurationStringAsLong" time="0.001" />
  <testcase classname="aka.jmetadata.test.JMetaDataAudio_Test" name="subTestGetSourceStreamSizeEncodedStringAsBigInteger" time="0.0" />
  <testcase classname="aka.jmetadata.test.JMetaDataAudio_Test" name="subTestGetDelayOriginalString5AsString" time="0.0" />
  <testcase classname="aka.jmetadata.test.JMetaDataAudio_Test" name="subTestGetChannelPositionsAsLong" time="0.0" />
  <testcase classname="aka.jmetadata.test.JMetaDataAudio_Test" name="subTestGetUniqueIDStringAsInteger" time="0.0" />
  <testcase classname="aka.jmetadata.test.JMetaDataAudio_Test" name="subTestGetIDAsString" time="0.0" />
  <testcase classname="aka.jmetadata.test.JMetaDataAudio_Test" name="subTestGetBitRateModeAsInteger" time="0.0" />
  <testcase classname="aka.jmetadata.test.JMetaDataAudio_Test" name="subTestGetForcedStringAsBigInteger" time="0.0" />
  <testcase classname="aka.jmetadata.test.JMetaDataAudio_Test" name="subTestGetDelayOriginalString4AsBigInteger" time="0.0" />
  <testcase classname="aka.jmetadata.test.JMetaDataAudio_Test" name="subTestGetStreamSizeDemuxedAsBigInteger" time="0.0" />
  <testcase classname="aka.jmetadata.test.JMetaDataAudio_Test" name="subTestGetChannelLayoutIDAsBoolean" time="0.0" />
  <testcase classname="aka.jmetadata.test.JMetaDataAudio_Test" name="subTestGetSourceStreamSizeEncodedString3AsBoolean" time="0.0" />
  <testcase classname="aka.jmetadata.test.JMetaDataAudio_Test" name="subTestGetInternetMediaTypeAsString" time="0.0" />
  <testcase classname="aka.jmetadata.test.JMetaDataAudio_Test" name="subTestGetBitDepthStringAsLong" time="0.001" />
  <testcase classname="aka.jmetadata.test.JMetaDataAudio_Test" name="subTestGetCodecIDDescriptionAsLong" time="0.001" />
  <testcase classname="aka.jmetadata.test.JMetaDataAudio_Test" name="subTestGetCountAsLocalDateTime" time="0.0" />
  <testcase classname="aka.jmetadata.test.JMetaDataAudio_Test" name="subTestGetStreamKindIDAsLong" time="0.0" />
  <testcase classname="aka.jmetadata.test.JMetaDataAudio_Test" name="subTestGetDurationString4AsBigInteger" time="0.0" />
  <testcase classname="aka.jmetadata.test.JMetaDataAudio_Test" name="subTestGetStreamSizeProportionAsLocalTime" time="0.0" />
  <testcase classname="aka.jmetadata.test.JMetaDataAudio_Test" name="subTestGetSourceStreamSizeAsBigInteger" time="0.0" />
  <testcase classname="aka.jmetadata.test.JMetaDataAudio_Test" name="subTestGetChannelsStringAsLong" time="0.0" />
  <testcase classname="aka.jmetadata.test.JMetaDataAudio_Test" name="subTestGetStreamSizeEncodedString5AsBigInteger" time="0.0" />
  <testcase classname="aka.jmetadata.test.JMetaDataAudio_Test" name="subTestGetBitDepthStoredStringAsBoolean" time="0.0" />
  <testcase classname="aka.jmetadata.test.JMetaDataAudio_Test" name="subTestGetCodecIDStringAsBoolean" time="0.0" />
  <testcase classname="aka.jmetadata.test.JMetaDataAudio_Test" name="subTestGetFrameRateNumAsBoolean" time="0.0" />
  <testcase classname="aka.jmetadata.test.JMetaDataAudio_Test" name="subTestGetDurationLastFrameString4AsInteger" time="0.0" />
  <testcase classname="aka.jmetadata.test.JMetaDataAudio_Test" name="subTestGetFormatCommercialAsBigInteger" time="0.0" />
  <testcase classname="aka.jmetadata.test.JMetaDataAudio_Test" name="subTestGetSourceStreamSizeString1AsLocalDateTime" time="0.0" />
  <testcase classname="aka.jmetadata.test.JMetaDataAudio_Test" name="subTestGetDurationString4AsLocalDateTime" time="0.0" />
  <testcase classname="aka.jmetadata.test.JMetaDataAudio_Test" name="subTestGetSourceStreamSizeEncodedString4AsLocalTime" time="0.0" />
  <testcase classname="aka.jmetadata.test.JMetaDataAudio_Test" name="subTestGetDelayString4AsBoolean" time="0.0" />
  <testcase classname="aka.jmetadata.test.JMetaDataAudio_Test" name="subTestGetDelayOriginalAsLocalDateTime" time="0.0" />
  <testcase classname="aka.jmetadata.test.JMetaDataAudio_Test" name="subTestGetDurationFirstFrameString3AsLocalTime" time="0.0" />
  <testcase classname="aka.jmetadata.test.JMetaDataAudio_Test" name="subTestGetOriginalSourceMediumIDAsURL" time="0.0" />
  <testcase classname="aka.jmetadata.test.JMetaDataAudio_Test" name="subTestGetInterleaveDurationAsURL" time="0.0" />
  <testcase classname="aka.jmetadata.test.JMetaDataAudio_Test" name="subTestGetDelaySourceAsBigInteger" time="0.0" />
  <testcase classname="aka.jmetadata.test.JMetaDataAudio_Test" name="subTestGetSourceStreamSizeAsLong" time="0.001" />
  <testcase classname="aka.jmetadata.test.JMetaDataAudio_Test" name="subTestGetSourceStreamSizeEncodedAsInteger" time="0.0" />
  <testcase classname="aka.jmetadata.test.JMetaDataAudio_Test" name="subTestGetLanguageString2AsLocalDateTime" time="0.001" />
  <testcase classname="aka.jmetadata.test.JMetaDataAudio_Test" name="subTestGetSourceStreamSizeProportionAsInteger" time="0.0" />
  <testcase classname="aka.jmetadata.test.JMetaDataAudio_Test" name="subTestGetSourceDurationLastFrameAsString" time="0.0" />
  <testcase classname="aka.jmetadata.test.JMetaDataAudio_Test" name="subTestGetFormatSettingsEmphasisAsBigInteger" time="0.001" />
  <testcase classname="aka.jmetadata.test.JMetaDataAudio_Test" name="subTestGetBitDepthStoredStringAsBigInteger" time="0.0" />
  <testcase classname="aka.jmetadata.test.JMetaDataAudio_Test" name="subTestGetEncodedDateAsLocalDateTime" time="0.0" />
  <testcase classname="aka.jmetadata.test.JMetaDataAudio_Test" name="subTestGetAlignmentAsBigInteger" time="0.0" />
  <testcase classname="aka.jmetadata.test.JMetaDataAudio_Test" name="subTestGetEncodedLibraryVersionAsBoolean" time="0.0" />
  <testcase classname="aka.jmetadata.test.JMetaDataAudio_Test" name="subTestGetMatrixChannelPositionsString2AsBoolean" time="0.0" />
  <testcase classname="aka.jmetadata.test.JMetaDataAudio_Test" name="subTestGetIDAsBoolean" time="0.0" />
  <testcase classname="aka.jmetadata.test.JMetaDataAudio_Test" name="subTestGetFormatSettingsFirmAsString" time="0.0" />
  <testcase classname="aka.jmetadata.test.JMetaDataAudio_Test" name="subTestGetDelayOriginalString4AsBoolean" time="0.0" />
  <testcase classname="aka.jmetadata.test.JMetaDataAudio_Test" name="subTestGetMatrixFormatAsBoolean" time="0.0" />
  <testcase classname="aka.jmetadata.test.JMetaDataAudio_Test" name="subTestGetSourceDurationLastFrameString2AsLong" time="0.001" />
  <testcase classname="aka.jmetadata.test.JMetaDataAudio_Test" name="subTestGetDurationFirstFrameStringAsBigInteger" time="0.0" />
  <testcase classname="aka.jmetadata.test.JMetaDataAudio_Test" name="subTestGetVideoDelayString4AsLong" time="0.0" />
  <testcase classname="aka.jmetadata.test.JMetaDataAudio_Test" name="subTestGetStreamSizeEncodedProportionAsLocalDateTime" time="0.001" />
  <testcase classname="aka.jmetadata.test.JMetaDataAudio_Test" name="subTestGetStreamSizeString3AsBoolean" time="0.001" />
  <testcase classname="aka.jmetadata.test.JMetaDataAudio_Test" name="subTestGetDelayOriginalString1AsLocalTime" time="0.001" />
  <testcase classname="aka.jmetadata.test.JMetaDataAudio_Test" name="subTestGetFrameRateNumAsString" time="0.0" />
  <testcase classname="aka.jmetadata.test.JMetaDataAudio_Test" name="subTestGetCompressionRatioAsBoolean" time="0.0" />
  <testcase classname="aka.jmetadata.test.JMetaDataAudio_Test" name="subTestGetDelayString2AsLocalDateTime" time="0.0" />
  <testcase classname="aka.jmetadata.test.JMetaDataAudio_Test" name="subTestGetSourceDurationFirstFrameString5AsBigInteger" time="0.0" />
  <testcase classname="aka.jmetadata.test.JMetaDataAudio_Test" name="subTestGetStreamKindPosAsLocalDateTime" time="0.0" />
  <testcase classname="aka.jmetadata.test.JMetaDataAudio_Test" name="subTestGetSourceDurationLastFrameStringAsBoolean" time="0.0" />
  <testcase classname="aka.jmetadata.test.JMetaDataAudio_Test" name="subTestGetFrameRateDenAsLocalDateTime" time="0.0" />
  <testcase classname="aka.jmetadata.test.JMetaDataAudio_Test" name="subTestGetBitRateModeStringAsBoolean" time="0.0" />
  <testcase classname="aka.jmetadata.test.JMetaDataAudio_Test" name="subTestGetSourceDurationStringAsLocalDateTime" time="0.0" />
  <testcase classname="aka.jmetadata.test.JMetaDataAudio_Test" name="subTestGetFormatSettingsFloorAsBoolean" time="0.0" />
  <testcase classname="aka.jmetadata.test.JMetaDataAudio_Test" name="subTestGetStreamSizeDemuxedStringAsLocalDateTime" time="0.0" />
  <testcase classname="aka.jmetadata.test.JMetaDataAudio_Test" name="subTestGetEncodedLibraryNameAsLong" time="0.0" />
  <testcase classname="aka.jmetadata.test.JMetaDataAudio_Test" name="subTestGetEncodedApplicationUrlAsURL" time="0.0" />
  <testcase classname="aka.jmetadata.test.JMetaDataAudio_Test" name="subTestGetChannelsOriginalStringAsLocalTime" time="0.001" />
  <testcase classname="aka.jmetadata.test.JMetaDataAudio_Test" name="subTestGetDelaySourceAsURL" time="0.0" />
  <testcase classname="aka.jmetadata.test.JMetaDataAudio_Test" name="subTestGetFormatSettingsLawAsBigInteger" time="0.0" />
  <testcase classname="aka.jmetadata.test.JMetaDataAudio_Test" name="subTestGetDurationLastFrameString1AsURL" time="0.0" />
  <testcase classname="aka.jmetadata.test.JMetaDataAudio_Test" name="subTestGetSourceStreamSizeEncodedString1AsBigInteger" time="0.0" />
  <testcase classname="aka.jmetadata.test.JMetaDataAudio_Test" name="subTestGetDurationString5AsBoolean" time="0.0" />
  <testcase classname="aka.jmetadata.test.JMetaDataAudio_Test" name="subTestGetUniqueIDAsBigInteger" time="0.0" />
  <testcase classname="aka.jmetadata.test.JMetaDataAudio_Test" name="subTestGetStreamSizeString5AsBigInteger" time="0.0" />
  <testcase classname="aka.jmetadata.test.JMetaDataAudio_Test" name="subTestGetFormatInfoAsInteger" time="0.0" />
  <testcase classname="aka.jmetadata.test.JMetaDataAudio_Test" name="subTestGetSamplingRateStringAsBoolean" time="0.0" />
  <testcase classname="aka.jmetadata.test.JMetaDataAudio_Test" name="subTestGetVideoDelayStringAsLocalDateTime" time="0.001" />
  <testcase classname="aka.jmetadata.test.JMetaDataAudio_Test" name="subTestGetInterleaveVideoFramesAsLocalDateTime" time="0.001" />
  <testcase classname="aka.jmetadata.test.JMetaDataAudio_Test" name="subTestGetCodecIDUrlAsURL" time="0.002" />
  <testcase classname="aka.jmetadata.test.JMetaDataAudio_Test" name="subTestGetFormatSettingsLawAsLocalDateTime" time="0.0" />
  <testcase classname="aka.jmetadata.test.JMetaDataAudio_Test" name="subTestGetBitDepthDetectedAsLong" time="0.001" />
  <testcase classname="aka.jmetadata.test.JMetaDataAudio_Test" name="subTestGetChannelPositionsAsInteger" time="0.0" />
  <testcase classname="aka.jmetadata.test.JMetaDataAudio_Test" name="subTestGetSourceStreamSizeString2AsString" time="0.0" />
  <testcase classname="aka.jmetadata.test.JMetaDataAudio_Test" name="subTestGetBitRateAsLong" time="0.0" />
  <testcase classname="aka.jmetadata.test.JMetaDataAudio_Test" name="subTestGetAlignmentStringAsString" time="0.0" />
  <testcase classname="aka.jmetadata.test.JMetaDataAudio_Test" name="subTestGetDurationLastFrameString2AsURL" time="0.0" />
  <testcase classname="aka.jmetadata.test.JMetaDataAudio_Test" name="subTestGetMenuIDStringAsURL" time="0.0" />
  <testcase classname="aka.jmetadata.test.JMetaDataAudio_Test" name="subTestGetChannelPositionsAsURL" time="0.0" />
  <testcase classname="aka.jmetadata.test.JMetaDataAudio_Test" name="subTestGetBitRateModeStringAsLocalDateTime" time="0.001" />
  <testcase classname="aka.jmetadata.test.JMetaDataAudio_Test" name="subTestGetEncodedDateAsLong" time="0.0" />
  <testcase classname="aka.jmetadata.test.JMetaDataAudio_Test" name="subTestGetChannelLayoutIDAsLong" time="0.0" />
  <testcase classname="aka.jmetadata.test.JMetaDataAudio_Test" name="subTestGetInterleaveVideoFramesAsBoolean" time="0.0" />
  <testcase classname="aka.jmetadata.test.JMetaDataAudio_Test" name="subTestGetLanguageString4AsBigInteger" time="0.001" />
  <testcase classname="aka.jmetadata.test.JMetaDataAudio_Test" name="subTestGetChannelsAsString" time="0.0" />
  <testcase classname="aka.jmetadata.test.JMetaDataAudio_Test" name="subTestGetStreamSizeEncodedProportionAsURL" time="0.001" />
  <testcase classname="aka.jmetadata.test.JMetaDataAudio_Test" name="subTestGetMatrixFormatAsURL" time="0.0" />
  <testcase classname="aka.jmetadata.test.JMetaDataAudio_Test" name="subTestGetIDStringAsInteger" time="0.0" />
  <testcase classname="aka.jmetadata.test.JMetaDataAudio_Test" name="subTestGetStreamSizeEncodedProportionAsLong" time="0.0" />
  <testcase classname="aka.jmetadata.test.JMetaDataAudio_Test" name="subTestGetFormatSettingsSBRAsLocalDateTime" time="0.0" />
  <testcase classname="aka.jmetadata.test.JMetaDataAudio_Test" name="subTestGetSourceStreamSizeEncodedString5AsLocalTime" time="0.0" />
  <testcase classname="aka.jmetadata.test.JMetaDataAudio_Test" name="subTestGetFirstPacketOrderAsBigInteger" time="0.0" />
  <testcase classname="aka.jmetadata.test.JMetaDataAudio_Test" name="subTestGetDurationFirstFrameString4AsLocalTime" time="0.0" />
  <testcase classname="aka.jmetadata.test.JMetaDataAudio_Test" name="subTestGetStreamSizeEncodedStringAsInteger" time="0.0" />
  <testcase classname="aka.jmetadata.test.JMetaDataAudio_Test" name="subTestGetChannelsOriginalStringAsInteger" time="0.0" />
  <testcase classname="aka.jmetadata.test.JMetaDataAudio_Test" name="subTestGetSourceStreamSizeEncodedString2AsBoolean" time="0.0" />
  <testcase classname="aka.jmetadata.test.JMetaDataAudio_Test" name="subTestGetDurationLastFrameString3AsURL" time="0.0" />
  <testcase classname="aka.jmetadata.test.JMetaDataAudio_Test" name="subTestGetVideoDelayAsInteger" time="0.001" />
  <testcase classname="aka.jmetadata.test.JMetaDataAudio_Test" name="subTestGetReplayGainGainStringAsURL" time="0.001" />
  <testcase classname="aka.jmetadata.test.JMetaDataAudio_Test" name="subTestGetStreamSizeDemuxedString5AsInteger" time="0.0" />
  <testcase classname="aka.jmetadata.test.JMetaDataAudio_Test" name="subTestGetVideoDelayString3AsString" time="0.001" />
  <testcase classname="aka.jmetadata.test.JMetaDataAudio_Test" name="subTestGetInformAsBoolean" time="0.0" />
  <testcase classname="aka.jmetadata.test.JMetaDataAudio_Test" name="subTestGetDelaySourceStringAsInteger" time="0.001" />
  <testcase classname="aka.jmetadata.test.JMetaDataAudio_Test" name="subTestGetSourceStreamSizeEncodedProportionAsLocalTime" time="0.0" />
  <testcase classname="aka.jmetadata.test.JMetaDataAudio_Test" name="subTestGetAlternateGroupAsBigInteger" time="0.0" />
  <testcase classname="aka.jmetadata.test.JMetaDataAudio_Test" name="subTestGetStreamCountAsString" time="0.0" />
  <testcase classname="aka.jmetadata.test.JMetaDataAudio_Test" name="subTestGetSourceDurationFirstFrameString1AsLocalDateTime" time="0.0" />
  <testcase classname="aka.jmetadata.test.JMetaDataAudio_Test" name="subTestGetChannelsOriginalAsString" time="0.0" />
  <testcase classname="aka.jmetadata.test.JMetaDataAudio_Test" name="subTestGetInterleavePreloadAsURL" time="0.0" />
  <testcase classname="aka.jmetadata.test.JMetaDataAudio_Test" name="subTestGetStreamSizeString1AsLong" time="0.0" />
  <testcase classname="aka.jmetadata.test.JMetaDataAudio_Test" name="subTestGetDelayOriginalAsInteger" time="0.001" />
  <testcase classname="aka.jmetadata.test.JMetaDataAudio_Test" name="subTestGetEncodedOperatingSystemAsString" time="0.004" />
  <testcase classname="aka.jmetadata.test.JMetaDataAudio_Test" name="subTestGetDurationLastFrameString4AsURL" time="0.0" />
  <testcase classname="aka.jmetadata.test.JMetaDataAudio_Test" name="subTestGetStreamKindPosAsURL" time="0.0" />
  <testcase classname="aka.jmetadata.test.JMetaDataAudio_Test" name="subTestGetDelayOriginalDropFrameAsBigInteger" time="0.0" />
  <testcase classname="aka.jmetadata.test.JMetaDataAudio_Test" name="subTestGetReplayGainPeakAsBigInteger" time="0.0" />
  <testcase classname="aka.jmetadata.test.JMetaDataAudio_Test" name="subTestGetDelayOriginalString2AsLocalTime" time="0.0" />
  <testcase classname="aka.jmetadata.test.JMetaDataAudio_Test" name="subTestGetFormatSettingsPSAsLong" time="0.0" />
  <testcase classname="aka.jmetadata.test.JMetaDataAudio_Test" name="subTestGetEncodedApplicationCompanyNameAsLocalDateTime" time="0.001" />
  <testcase classname="aka.jmetadata.test.JMetaDataAudio_Test" name="subTestGetDurationLastFrameString3AsInteger" time="0.001" />
  <testcase classname="aka.jmetadata.test.JMetaDataAudio_Test" name="subTestGetEncodedLibraryNameAsInteger" time="0.001" />
  <testcase classname="aka.jmetadata.test.JMetaDataAudio_Test" name="subTestGetSourceDurationString4AsLocalDateTime" time="0.001" />
  <testcase classname="aka.jmetadata.test.JMetaDataAudio_Test" name="subTestGetSourceStreamSizeEncodedString3AsString" time="0.0" />
  <testcase classname="aka.jmetadata.test.JMetaDataAudio_Test" name="subTestGetEncodedLibraryNameAsLocalDateTime" time="0.0" />
  <testcase classname="aka.jmetadata.test.JMetaDataAudio_Test" name="subTestGetLanguageString1AsLocalTime" time="0.0" />
  <testcase classname="aka.jmetadata.test.JMetaDataAudio_Test" name="subTestGetSourceDurationStringAsLong" time="0.0" />
  <testcase classname="aka.jmetadata.test.JMetaDataAudio_Test" name="subTestGetFormatSettingsSBRAsBoolean" time="0.0" />
  <testcase classname="aka.jmetadata.test.JMetaDataAudio_Test" name="subTestGetDelayString3AsBoolean" time="0.0" />
  <testcase classname="aka.jmetadata.test.JMetaDataAudio_Test" name="subTestGetDurationLastFrameString5AsURL" time="0.001" />
  <testcase classname="aka.jmetadata.test.JMetaDataAudio_Test" name="subTestGetInterleavePreloadAsLocalTime" time="0.0" />
  <testcase classname="aka.jmetadata.test.JMetaDataAudio_Test" name="subTestGetFormatSettingsFirmAsLocalTime" time="0.0" />
  <testcase classname="aka.jmetadata.test.JMetaDataAudio_Test" name="subTestGetDurationString3AsString" time="0.0" />
  <testcase classname="aka.jmetadata.test.JMetaDataAudio_Test" name="subTestGetBitDepthDetectedAsInteger" time="0.0" />
  <testcase classname="aka.jmetadata.test.JMetaDataAudio_Test" name="subTestGetStreamSizeStringAsLong" time="0.0" />
  <testcase classname="aka.jmetadata.test.JMetaDataAudio_Test" name="subTestGetStreamCountAsURL" time="0.0" />
  <testcase classname="aka.jmetadata.test.JMetaDataAudio_Test" name="subTestGetAlternateGroupStringAsURL" time="0.0" />
  <testcase classname="aka.jmetadata.test.JMetaDataAudio_Test" name="subTestGetBitRateNominalAsInteger" time="0.0" />
  <testcase classname="aka.jmetadata.test.JMetaDataAudio_Test" name="subTestGetAlternateGroupAsLocalDateTime" time="0.0" />
  <testcase classname="aka.jmetadata.test.JMetaDataAudio_Test" name="subTestGetStreamSizeEncodedAsURL" time="0.0" />
  <testcase classname="aka.jmetadata.test.JMetaDataAudio_Test" name="subTestGetFormatSettingsModeAsLocalDateTime" time="0.0" />
  <testcase classname="aka.jmetadata.test.JMetaDataAudio_Test" name="subTestGetDelayOriginalString3AsBigInteger" time="0.001" />
  <testcase classname="aka.jmetadata.test.JMetaDataAudio_Test" name="subTestGetBitRateMaximumStringAsBoolean" time="0.0" />
  <testcase classname="aka.jmetadata.test.JMetaDataAudio_Test" name="subTestGetDelayOriginalString3AsBoolean" time="0.0" />
  <testcase classname="aka.jmetadata.test.JMetaDataAudio_Test" name="subTestGetFormatUrlAsBoolean" time="0.0" />
  <testcase classname="aka.jmetadata.test.JMetaDataAudio_Test" name="subTestGetAlignmentStringAsBigInteger" time="0.0" />
  <testcase classname="aka.jmetadata.test.JMetaDataAudio_Test" name="subTestGetTaggedDateAsLocalTime" time="0.0" />
  <testcase classname="aka.jmetadata.test.JMetaDataAudio_Test" name="subTestGetFormatSettingsEndiannessAsLong" time="0.0" />
  <testcase classname="aka.jmetadata.test.JMetaDataAudio_Test" name="subTestGetMatrixFormatAsLong" time="0.0" />
  <testcase classname="aka.jmetadata.test.JMetaDataAudio_Test" name="subTestGetSamplingCountAsLocalTime" time="0.0" />
  <testcase classname="aka.jmetadata.test.JMetaDataAudio_Test" name="subTestGetForcedAsLocalDateTime" time="0.0" />
  <testcase classname="aka.jmetadata.test.JMetaDataAudio_Test" name="subTestGetStreamSizeString2AsBoolean" time="0.0" />
  <testcase classname="aka.jmetadata.test.JMetaDataAudio_Test" name="subTestGetFrameCountAsLocalTime" time="0.0" />
  <testcase classname="aka.jmetadata.test.JMetaDataAudio_Test" name="subTestGetSourceStreamSizeAsURL" time="0.0" />
  <testcase classname="aka.jmetadata.test.JMetaDataAudio_Test" name="subTestGetDurationString3AsBigInteger" time="0.0" />
  <testcase classname="aka.jmetadata.test.JMetaDataAudio_Test" name="subTestGetDurationString2AsLong" time="0.001" />
  <testcase classname="aka.jmetadata.test.JMetaDataAudio_Test" name="subTestGetCodecIDInfoAsString" time="0.0" />
  <testcase classname="aka.jmetadata.test.JMetaDataAudio_Test" name="subTestGetDurationFirstFrameString5AsLocalTime" time="0.0" />
  <testcase classname="aka.jmetadata.test.JMetaDataAudio_Test" name="subTestGetBitRateMinimumAsBoolean" time="0.001" />
  <testcase classname="aka.jmetadata.test.JMetaDataAudio_Test" name="subTestGetLanguageString1AsLong" time="0.0" />
  <testcase classname="aka.jmetadata.test.JMetaDataAudio_Test" name="subTestGetCodecIDDescriptionAsBigInteger" time="0.0" />
  <testcase classname="aka.jmetadata.test.JMetaDataAudio_Test" name="subTestGetDelayOriginalSourceAsLocalTime" time="0.0" />
  <testcase classname="aka.jmetadata.test.JMetaDataAudio_Test" name="subTestGetDelayOriginalSourceAsLocalDateTime" time="0.0" />
  <testcase classname="aka.jmetadata.test.JMetaDataAudio_Test" name="subTestGetSourceStreamSizeStringAsBoolean" time="0.0" />
  <testcase classname="aka.jmetadata.test.JMetaDataAudio_Test" name="subTestGetSourceFrameCountAsBoolean" time="0.0" />
  <testcase classname="aka.jmetadata.test.JMetaDataAudio_Test" name="subTestGetSourceDurationFirstFrameStringAsLocalTime" time="0.0" />
  <testcase classname="aka.jmetadata.test.JMetaDataAudio_Test" name="subTestGetVideoDelayString5AsInteger" time="0.0" />
  <testcase classname="aka.jmetadata.test.JMetaDataAudio_Test" name="subTestGetStreamSizeEncodedString4AsBigInteger" time="0.0" />
  <testcase classname="aka.jmetadata.test.JMetaDataAudio_Test" name="subTestGetStreamSizeEncodedString3AsLong" time="0.0" />
  <testcase classname="aka.jmetadata.test.JMetaDataAudio_Test" name="subTestGetDurationLastFrameStringAsURL" time="0.0" />
  <testcase classname="aka.jmetadata.test.JMetaDataAudio_Test" name="subTestGetStreamKindAsLocalTime" time="0.001" />
  <testcase classname="aka.jmetadata.test.JMetaDataAudio_Test" name="subTestGetSourceSamplingCountAsBoolean" time="0.0" />
  <testcase classname="aka.jmetadata.test.JMetaDataAudio_Test" name="subTestGetBitDepthStoredAsLong" time="0.0" />
  <testcase classname="aka.jmetadata.test.JMetaDataAudio_Test" name="subTestGetEncodedLibrarySettingsAsLocalTime" time="0.0" />
  <testcase classname="aka.jmetadata.test.JMetaDataAudio_Test" name="subTestGetStreamSizeEncodedString5AsInteger" time="0.0" />
  <testcase classname="aka.jmetadata.test.JMetaDataAudio_Test" name="subTestGetStreamOrderAsBigInteger" time="0.001" />
  <testcase classname="aka.jmetadata.test.JMetaDataAudio_Test" name="subTestGetDurationLastFrameString2AsString" time="0.0" />
  <testcase classname="aka.jmetadata.test.JMetaDataAudio_Test" name="subTestGetDurationString4AsBoolean" time="0.001" />
  <testcase classname="aka.jmetadata.test.JMetaDataAudio_Test" name="subTestGetDelayOriginalSourceAsInteger" time="0.0" />
  <testcase classname="aka.jmetadata.test.JMetaDataAudio_Test" name="subTestGetStreamSizeDemuxedString4AsLocalDateTime" time="0.001" />
  <testcase classname="aka.jmetadata.test.JMetaDataAudio_Test" name="subTestGetMatrixChannelPositionsAsString" time="0.0" />
  <testcase classname="aka.jmetadata.test.JMetaDataAudio_Test" name="subTestGetDisabledStringAsLocalDateTime" time="0.0" />
  <testcase classname="aka.jmetadata.test.JMetaDataAudio_Test" name="subTestGetDurationFirstFrameString4AsString" time="0.0" />
  <testcase classname="aka.jmetadata.test.JMetaDataAudio_Test" name="subTestGetFirstPacketOrderAsLocalTime" time="0.0" />
  <testcase classname="aka.jmetadata.test.JMetaDataAudio_Test" name="subTestGetDelayOriginalSettingsAsLocalDateTime" time="0.0" />
  <testcase classname="aka.jmetadata.test.JMetaDataAudio_Test" name="subTestGetDelayOriginalString3AsLocalTime" time="0.0" />
  <testcase classname="aka.jmetadata.test.JMetaDataAudio_Test" name="subTestGetVideoDelayAsBigInteger" time="0.0" />
  <testcase classname="aka.jmetadata.test.JMetaDataAudio_Test" name="subTestGetDelayOriginalSourceAsLong" time="0.001" />
  <testcase classname="aka.jmetadata.test.JMetaDataAudio_Test" name="subTestGetCompressionRatioAsLong" time="0.001" />
  <testcase classname="aka.jmetadata.test.JMetaDataAudio_Test" name="subTestGetLanguageString2AsLocalTime" time="0.0" />
  <testcase classname="aka.jmetadata.test.JMetaDataAudio_Test" name="subTestGetBitRateMaximumAsBoolean" time="0.0" />
  <testcase classname="aka.jmetadata.test.JMetaDataAudio_Test" name="subTestGetDelayString5AsBigInteger" time="0.0" />
  <testcase classname="aka.jmetadata.test.JMetaDataAudio_Test" name="subTestGetFormatSettingsITUAsBoolean" time="0.0" />
  <testcase classname="aka.jmetadata.test.JMetaDataAudio_Test" name="subTestGetSourceStreamSizeEncodedString1AsBoolean" time="0.001" />
  <testcase classname="aka.jmetadata.test.JMetaDataAudio_Test" name="subTestGetDelayString3AsString" time="0.0" />
  <testcase classname="aka.jmetadata.test.JMetaDataAudio_Test" name="subTestGetBitDepthStringAsString" time="0.001" />
  <testcase classname="aka.jmetadata.test.JMetaDataAudio_Test" name="subTestGetStreamKindStringAsInteger" time="0.0" />
  <testcase classname="aka.jmetadata.test.JMetaDataAudio_Test" name="subTestGetMuxingModeMoreInfoAsLong" time="0.0" />
  <testcase classname="aka.jmetadata.test.JMetaDataAudio_Test" name="subTestGetStreamSizeDemuxedString4AsInteger" time="0.001" />
  <testcase classname="aka.jmetadata.test.JMetaDataAudio_Test" name="subTestGetDelayOriginalStringAsBigInteger" time="0.0" />
  <testcase classname="aka.jmetadata.test.JMetaDataAudio_Test" name="subTestGetCodecIDInfoAsBigInteger" time="0.0" />
  <testcase classname="aka.jmetadata.test.JMetaDataAudio_Test" name="subTestGetChannelLayoutAsInteger" time="0.0" />
  <testcase classname="aka.jmetadata.test.JMetaDataAudio_Test" name="subTestGetSourceDurationFirstFrameString4AsBigInteger" time="0.0" />
  <testcase classname="aka.jmetadata.test.JMetaDataAudio_Test" name="subTestGetStreamSizeAsLocalTime" time="0.0" />
  <testcase classname="aka.jmetadata.test.JMetaDataAudio_Test" name="subTestGetMuxingModeAsLocalTime" time="0.001" />
  <testcase classname="aka.jmetadata.test.JMetaDataAudio_Test" name="subTestGetBitDepthStringAsLocalTime" time="0.001" />
  <testcase classname="aka.jmetadata.test.JMetaDataAudio_Test" name="subTestGetStreamSizeEncodedString4AsLocalDateTime" time="0.0" />
  <testcase classname="aka.jmetadata.test.JMetaDataAudio_Test" name="subTestGetStreamSizeString1AsLocalDateTime" time="0.0" />
  <testcase classname="aka.jmetadata.test.JMetaDataAudio_Test" name="subTestGetSourceFrameCountAsURL" time="0.001" />
  <testcase classname="aka.jmetadata.test.JMetaDataAudio_Test" name="subTestGetMatrixChannelsStringAsBigInteger" time="0.001" />
  <testcase classname="aka.jmetadata.test.JMetaDataAudio_Test" name="subTestGetSourceStreamSizeEncodedString4AsLocalDateTime" time="0.0" />
  <testcase classname="aka.jmetadata.test.JMetaDataAudio_Test" name="subTestGetDurationLastFrameString2AsInteger" time="0.0" />
  <testcase classname="aka.jmetadata.test.JMetaDataAudio_Test" name="subTestGetBitRateMaximumAsLocalTime" time="0.0" />
  <testcase classname="aka.jmetadata.test.JMetaDataAudio_Test" name="subTestGetDurationFirstFrameString1AsURL" time="0.0" />
  <testcase classname="aka.jmetadata.test.JMetaDataAudio_Test" name="subTestGetStreamSizeString4AsBigInteger" time="0.0" />
  <testcase classname="aka.jmetadata.test.JMetaDataAudio_Test" name="subTestGetDelayOriginalString2AsLocalDateTime" time="0.0" />
  <testcase classname="aka.jmetadata.test.JMetaDataAudio_Test" name="subTestGetCodecIDDescriptionAsString" time="0.0" />
  <testcase classname="aka.jmetadata.test.JMetaDataAudio_Test" name="subTestGetFormatSettingsPSStringAsLong" time="0.0" />
  <testcase classname="aka.jmetadata.test.JMetaDataAudio_Test" name="subTestGetBitDepthStringAsURL" time="0.0" />
  <testcase classname="aka.jmetadata.test.JMetaDataAudio_Test" name="subTestGetDelayString2AsBoolean" time="0.0" />
  <testcase classname="aka.jmetadata.test.JMetaDataAudio_Test" name="subTestGetBitDepthStringAsBoolean" time="0.0" />
  <testcase classname="aka.jmetadata.test.JMetaDataAudio_Test" name="subTestGetBitRateNominalStringAsURL" time="0.0" />
  <testcase classname="aka.jmetadata.test.JMetaDataAudio_Test" name="subTestGetDurationFirstFrameString2AsURL" time="0.0" />
  <testcase classname="aka.jmetadata.test.JMetaDataAudio_Test" name="subTestGetTaggedDateAsLocalDateTime" time="0.001" />
  <testcase classname="aka.jmetadata.test.JMetaDataAudio_Test" name="subTestGetSamplingRateAsURL" time="0.0" />
  <testcase classname="aka.jmetadata.test.JMetaDataAudio_Test" name="subTestGetLanguageString3AsBigInteger" time="0.0" />
  <testcase classname="aka.jmetadata.test.JMetaDataAudio_Test" name="subTestGetSourceStreamSizeStringAsLocalTime" time="0.0" />
  <testcase classname="aka.jmetadata.test.JMetaDataAudio_Test" name="subTestGetFormatSettingsModeAsLong" time="0.0" />
  <testcase classname="aka.jmetadata.test.JMetaDataAudio_Test" name="subTestGetDelayDropFrameAsBoolean" time="0.0" />
  <testcase classname="aka.jmetadata.test.JMetaDataAudio_Test" name="subTestGetBitRateMinimumStringAsURL" time="0.001" />
  <testcase classname="aka.jmetadata.test.JMetaDataAudio_Test" name="subTestGetSourceStreamSizeStringAsLocalDateTime" time="0.0" />
  <testcase classname="aka.jmetadata.test.JMetaDataAudio_Test" name="subTestGetDelayOriginalString2AsBoolean" time="0.0" />
  <testcase classname="aka.jmetadata.test.JMetaDataAudio_Test" name="subTestGetTitleAsBoolean" time="0.001" />
  <testcase classname="aka.jmetadata.test.JMetaDataAudio_Test" name="subTestGetSourceDurationFirstFrameString5AsBoolean" time="0.0" />
  <testcase classname="aka.jmetadata.test.JMetaDataAudio_Test" name="subTestGetSourceDurationString5AsString" time="0.001" />
  <testcase classname="aka.jmetadata.test.JMetaDataAudio_Test" name="subTestGetDelayOriginalString4AsLocalTime" time="0.0" />
  <testcase classname="aka.jmetadata.test.JMetaDataAudio_Test" name="subTestGetFormatCommercialAsLocalTime" time="0.0" />
  <testcase classname="aka.jmetadata.test.JMetaDataAudio_Test" name="subTestGetDurationFirstFrameString3AsURL" time="0.0" />
  <testcase classname="aka.jmetadata.test.JMetaDataAudio_Test" name="subTestGetDurationLastFrameStringAsBoolean" time="0.001" />
  <testcase classname="aka.jmetadata.test.JMetaDataAudio_Test" name="subTestGetStreamSizeString1AsBoolean" time="0.001" />
  <testcase classname="aka.jmetadata.test.JMetaDataAudio_Test" name="subTestGetBitRateNominalStringAsLong" time="0.0" />
  <testcase classname="aka.jmetadata.test.JMetaDataAudio_Test" name="subTestGetLanguageString3AsLocalTime" time="0.0" />
  <testcase classname="aka.jmetadata.test.JMetaDataAudio_Test" name="subTestGetCodecIDInfoAsLong" time="0.0" />
  <testcase classname="aka.jmetadata.test.JMetaDataAudio_Test" name="subTestGetAlternateGroupStringAsBigInteger" time="0.0" />
  <testcase classname="aka.jmetadata.test.JMetaDataAudio_Test" name="subTestGetStreamKindPosAsString" time="0.0" />
  <testcase classname="aka.jmetadata.test.JMetaDataAudio_Test" name="subTestGetSourceStreamSizeEncodedString3AsLong" time="0.0" />
  <testcase classname="aka.jmetadata.test.JMetaDataAudio_Test" name="subTestGetBitRateEncodedStringAsLocalTime" time="0.0" />
  <testcase classname="aka.jmetadata.test.JMetaDataAudio_Test" name="subTestGetVideoDelayString4AsInteger" time="0.0" />
  <testcase classname="aka.jmetadata.test.JMetaDataAudio_Test" name="subTestGetFormatCommercialIfAnyAsLocalTime" time="0.0" />
  <testcase classname="aka.jmetadata.test.JMetaDataAudio_Test" name="subTestGetDurationFirstFrameString4AsURL" time="0.0" />
  <testcase classname="aka.jmetadata.test.JMetaDataAudio_Test" name="subTestGetLanguageAsInteger" time="0.0" />
  <testcase classname="aka.jmetadata.test.JMetaDataAudio_Test" name="subTestGetEncodedLibraryStringAsLong" time="0.001" />
  <testcase classname="aka.jmetadata.test.JMetaDataAudio_Test" name="subTestGetLanguageStringAsURL" time="0.001" />
  <testcase classname="aka.jmetadata.test.JMetaDataAudio_Test" name="subTestGetStreamSizeEncodedString4AsInteger" time="0.001" />
  <testcase classname="aka.jmetadata.test.JMetaDataAudio_Test" name="subTestGetBitRateMaximumAsString" time="0.0" />
  <testcase classname="aka.jmetadata.test.JMetaDataAudio_Test" name="subTestGetDurationString3AsBoolean" time="0.001" />
  <testcase classname="aka.jmetadata.test.JMetaDataAudio_Test" name="subTestGetStreamSizeString1AsString" time="0.0" />
  <testcase classname="aka.jmetadata.test.JMetaDataAudio_Test" name="subTestGetFormatSettingsPSStringAsString" time="0.0" />
  <testcase classname="aka.jmetadata.test.JMetaDataAudio_Test" name="subTestGetDelaySourceStringAsURL" time="0.0" />
  <testcase classname="aka.jmetadata.test.JMetaDataAudio_Test" name="subTestGetCompressionModeStringAsLocalDateTime" time="0.0" />
  <testcase classname="aka.jmetadata.test.JMetaDataAudio_Test" name="subTestGetStreamSizeEncodedStringAsLocalDateTime" time="0.0" />
  <testcase classname="aka.jmetadata.test.JMetaDataAudio_Test" name="subTestGetLanguageStringAsBigInteger" time="0.001" />
  <testcase classname="aka.jmetadata.test.JMetaDataAudio_Test" name="subTestGetStreamSizeProportionAsString" time="0.0" />
  <testcase classname="aka.jmetadata.test.JMetaDataAudio_Test" name="subTestGetDurationFirstFrameString5AsURL" time="0.0" />
  <testcase classname="aka.jmetadata.test.JMetaDataAudio_Test" name="subTestGetReplayGainGainAsLong" time="0.0" />
  <testcase classname="aka.jmetadata.test.JMetaDataAudio_Test" name="subTestGetDelayOriginalAsBigInteger" time="0.0" />
  <testcase classname="aka.jmetadata.test.JMetaDataAudio_Test" name="subTestGetMatrixChannelsAsInteger" time="0.0" />
  <testcase classname="aka.jmetadata.test.JMetaDataAudio_Test" name="subTestGetFormatSettingsAsLocalTime" time="0.0" />
  <testcase classname="aka.jmetadata.test.JMetaDataAudio_Test" name="subTestGetDurationString3AsLocalDateTime" time="0.001" />
  <testcase classname="aka.jmetadata.test.JMetaDataAudio_Test" name="subTestGetFormatSettingsPSStringAsBoolean" time="0.0" />
  <testcase classname="aka.jmetadata.test.JMetaDataAudio_Test" name="subTestGetEncodedLibraryStringAsLocalDateTime" time="0.0" />
  <testcase classname="aka.jmetadata.test.JMetaDataAudio_Test" name="subTestGetSamplingRateStringAsBigInteger" time="0.0" />
  <testcase classname="aka.jmetadata.test.JMetaDataAudio_Test" name="subTestGetStreamSizeDemuxedString3AsLong" time="0.0" />
  <testcase classname="aka.jmetadata.test.JMetaDataAudio_Test" name="subTestGetMatrixChannelsStringAsURL" time="0.0" />
  <testcase classname="aka.jmetadata.test.JMetaDataAudio_Test" name="subTestGetDelayOriginalString2AsBigInteger" time="0.001" />
  <testcase classname="aka.jmetadata.test.JMetaDataAudio_Test" name="subTestGetEncodedDateAsString" time="0.0" />
  <testcase classname="aka.jmetadata.test.JMetaDataAudio_Test" name="subTestGetFormatProfileAsLong" time="0.0" />
  <testcase classname="aka.jmetadata.test.JMetaDataAudio_Test" name="subTestGetBitRateMinimumAsLocalDateTime" time="0.0" />
  <testcase classname="aka.jmetadata.test.JMetaDataAudio_Test" name="subTestGetSourceDurationAsLocalDateTime" time="0.0" />
  <testcase classname="aka.jmetadata.test.JMetaDataAudio_Test" name="subTestGetStatusAsURL" time="0.0" />
  <testcase classname="aka.jmetadata.test.JMetaDataAudio_Test" name="subTestGetLanguageString1AsLocalDateTime" time="0.001" />
  <testcase classname="aka.jmetadata.test.JMetaDataAudio_Test" name="subTestGetLanguageMoreAsLong" time="0.0" />
  <testcase classname="aka.jmetadata.test.JMetaDataAudio_Test" name="subTestGetFormatCommercialAsBoolean" time="0.0" />
  <testcase classname="aka.jmetadata.test.JMetaDataAudio_Test" name="subTestGetBitDepthStoredAsURL" time="0.0" />
  <testcase classname="aka.jmetadata.test.JMetaDataAudio_Test" name="subTestGetStreamSizeDemuxedString3AsInteger" time="0.001" />
  <testcase classname="aka.jmetadata.test.JMetaDataAudio_Test" name="subTestGetDurationFirstFrameString2AsLong" time="0.0" />
  <testcase classname="aka.jmetadata.test.JMetaDataAudio_Test" name="subTestGetBitDepthAsLong" time="0.0" />
  <testcase classname="aka.jmetadata.test.JMetaDataAudio_Test" name="subTestGetVideoDelayString5AsLocalDateTime" time="0.001" />
  <testcase classname="aka.jmetadata.test.JMetaDataAudio_Test" name="subTestGetEncodedLibraryCompanyNameAsLocalDateTime" time="0.0" />
  <testcase classname="aka.jmetadata.test.JMetaDataAudio_Test" name="subTestGetDurationString2AsBigInteger" time="0.001" />
  <testcase classname="aka.jmetadata.test.JMetaDataAudio_Test" name="subTestGetLanguageMoreAsBoolean" time="0.0" />
  <testcase classname="aka.jmetadata.test.JMetaDataAudio_Test" name="subTestGetDisabledStringAsBoolean" time="0.0" />
  <testcase classname="aka.jmetadata.test.JMetaDataAudio_Test" name="subTestGetAlignmentAsLocalDateTime" time="0.0" />
  <testcase classname="aka.jmetadata.test.JMetaDataAudio_Test" name="subTestGetChannelLayoutAsBigInteger" time="0.001" />
  <testcase classname="aka.jmetadata.test.JMetaDataAudio_Test" name="subTestGetSourceDurationFirstFrameString5AsLong" time="0.0" />
  <testcase classname="aka.jmetadata.test.JMetaDataAudio_Test" name="subTestGetStreamSizeEncodedString3AsBigInteger" time="0.0" />
  <testcase classname="aka.jmetadata.test.JMetaDataAudio_Test" name="subTestGetDelayString1AsLocalDateTime" time="0.0" />
  <testcase classname="aka.jmetadata.test.JMetaDataAudio_Test" name="subTestGetDelayOriginalString5AsLocalTime" time="0.001" />
  <testcase classname="aka.jmetadata.test.JMetaDataAudio_Test" name="subTestGetStreamSizeEncodedString3AsString" time="0.0" />
  <testcase classname="aka.jmetadata.test.JMetaDataAudio_Test" name="subTestGetChannelPositionsString2AsBoolean" time="0.0" />
  <testcase classname="aka.jmetadata.test.JMetaDataAudio_Test" name="subTestGetSourceDurationFirstFrameString1AsURL" time="0.0" />
  <testcase classname="aka.jmetadata.test.JMetaDataAudio_Test" name="subTestGetCompressionModeAsBoolean" time="0.0" />
  <testcase classname="aka.jmetadata.test.JMetaDataAudio_Test" name="subTestGetDefaultStringAsString" time="0.0" />
  <testcase classname="aka.jmetadata.test.JMetaDataAudio_Test" name="subTestGetDurationLastFrameString1AsInteger" time="0.0" />
  <testcase classname="aka.jmetadata.test.JMetaDataAudio_Test" name="subTestGetFormatSettingsWrappingAsURL" time="0.0" />
  <testcase classname="aka.jmetadata.test.JMetaDataAudio_Test" name="subTestGetCodecIDInfoAsLocalDateTime" time="0.0" />
  <testcase classname="aka.jmetadata.test.JMetaDataAudio_Test" name="subTestGetEncodedLibraryAsString" time="0.0" />
  <testcase classname="aka.jmetadata.test.JMetaDataAudio_Test" name="subTestGetLanguageString4AsLocalTime" time="0.0" />
  <testcase classname="aka.jmetadata.test.JMetaDataAudio_Test" name="subTestGetSourceDurationLastFrameString4AsString" time="0.0" />
  <testcase classname="aka.jmetadata.test.JMetaDataAudio_Test" name="subTestGetDurationLastFrameStringAsLong" time="0.0" />
  <testcase classname="aka.jmetadata.test.JMetaDataAudio_Test" name="subTestGetDelayString1AsBoolean" time="0.0" />
  <testcase classname="aka.jmetadata.test.JMetaDataAudio_Test" name="subTestGetEncodedApplicationAsBoolean" time="0.0" />
  <testcase classname="aka.jmetadata.test.JMetaDataAudio_Test" name="subTestGetSamplingRateAsLong" time="0.0" />
  <testcase classname="aka.jmetadata.test.JMetaDataAudio_Test" name="subTestGetFormatSettingsModeExtensionAsURL" time="0.0" />
  <testcase classname="aka.jmetadata.test.JMetaDataAudio_Test" name="subTestGetSourceStreamSizeString2AsLong" time="0.0" />
  <testcase classname="aka.jmetadata.test.JMetaDataAudio_Test" name="subTestGetSamplingRateAsLocalTime" time="0.0" />
  <testcase classname="aka.jmetadata.test.JMetaDataAudio_Test" name="subTestGetSourceDurationFirstFrameString2AsURL" time="0.0" />
  <testcase classname="aka.jmetadata.test.JMetaDataAudio_Test" name="subTestGetFormatSettingsSignAsLocalDateTime" time="0.0" />
  <testcase classname="aka.jmetadata.test.JMetaDataAudio_Test" name="subTestGetLanguageString1AsString" time="0.0" />
  <testcase classname="aka.jmetadata.test.JMetaDataAudio_Test" name="subTestGetDefaultStringAsLocalTime" time="0.001" />
  <testcase classname="aka.jmetadata.test.JMetaDataAudio_Test" name="subTestGetSourceFrameCountAsLocalTime" time="0.001" />
  <testcase classname="aka.jmetadata.test.JMetaDataAudio_Test" name="subTestGetSourceDurationLastFrameStringAsLocalTime" time="0.0" />
  <testcase classname="aka.jmetadata.test.JMetaDataAudio_Test" name="subTestGetFormatSettingsFloorAsString" time="0.0" />
  <testcase classname="aka.jmetadata.test.JMetaDataAudio_Test" name="subTestGetBitRateEncodedAsBigInteger" time="0.0" />
  <testcase classname="aka.jmetadata.test.JMetaDataAudio_Test" name="subTestGetFormatSettingsSBRStringAsLocalDateTime" time="0.0" />
  <testcase classname="aka.jmetadata.test.JMetaDataAudio_Test" name="subTestGetSourceDurationString2AsLong" time="0.0" />
  <testcase classname="aka.jmetadata.test.JMetaDataAudio_Test" name="subTestGetDelayAsInteger" time="0.0" />
  <testcase classname="aka.jmetadata.test.JMetaDataAudio_Test" name="subTestGetDelayString4AsBigInteger" time="0.0" />
  <testcase classname="aka.jmetadata.test.JMetaDataAudio_Test" name="subTestGetDelayDropFrameAsString" time="0.001" />
  <testcase classname="aka.jmetadata.test.JMetaDataAudio_Test" name="subTestGetDurationAsLocalTime" time="0.0" />
  <testcase classname="aka.jmetadata.test.JMetaDataAudio_Test" name="subTestGetDelayOriginalString1AsBoolean" time="0.0" />
  <testcase classname="aka.jmetadata.test.JMetaDataAudio_Test" name="subTestGetUniqueIDStringAsURL" time="0.0" />
  <testcase classname="aka.jmetadata.test.JMetaDataAudio_Test" name="subTestGetSourceDurationFirstFrameString4AsBoolean" time="0.001" />
  <testcase classname="aka.jmetadata.test.JMetaDataAudio_Test" name="subTestGetBitDepthDetectedStringAsBoolean" time="0.0" />
  <testcase classname="aka.jmetadata.test.JMetaDataAudio_Test" name="subTestGetSamplingRateAsBigInteger" time="0.001" />
  <testcase classname="aka.jmetadata.test.JMetaDataAudio_Test" name="subTestGetSourceDurationFirstFrameString3AsURL" time="0.001" />
  <testcase classname="aka.jmetadata.test.JMetaDataAudio_Test" name="subTestGetStreamSizeEncodedProportionAsBoolean" time="0.0" />
  <testcase classname="aka.jmetadata.test.JMetaDataAudio_Test" name="subTestGetFrameRateAsBigInteger" time="0.001" />
  <testcase classname="aka.jmetadata.test.JMetaDataAudio_Test" name="subTestGetBitRateEncodedAsLocalDateTime" time="0.0" />
  <testcase classname="aka.jmetadata.test.JMetaDataAudio_Test" name="subTestGetEncodedLibraryAsLocalTime" time="0.0" />
  <testcase classname="aka.jmetadata.test.JMetaDataAudio_Test" name="subTestGetDelayOriginalStringAsURL" time="0.0" />
  <testcase classname="aka.jmetadata.test.JMetaDataAudio_Test" name="subTestGetSourceDurationFirstFrameString3AsBigInteger" time="0.0" />
  <testcase classname="aka.jmetadata.test.JMetaDataAudio_Test" name="subTestGetMatrixChannelPositionsAsInteger" time="0.0" />
  <testcase classname="aka.jmetadata.test.JMetaDataAudio_Test" name="subTestGetFrameRateNumAsLocalTime" time="0.0" />
  <testcase classname="aka.jmetadata.test.JMetaDataAudio_Test" name="subTestGetSourceDurationAsString" time="0.001" />
  <testcase classname="aka.jmetadata.test.JMetaDataAudio_Test" name="subTestGetDelayOriginalSettingsAsBoolean" time="0.0" />
  <testcase classname="aka.jmetadata.test.JMetaDataAudio_Test" name="subTestGetSourceDurationFirstFrameString4AsURL" time="0.0" />
  <testcase classname="aka.jmetadata.test.JMetaDataAudio_Test" name="subTestGetVideoDelayString3AsInteger" time="0.0" />
  <testcase classname="aka.jmetadata.test.JMetaDataAudio_Test" name="subTestGetSourceDurationLastFrameString1AsLocalTime" time="0.0" />
  <testcase classname="aka.jmetadata.test.JMetaDataAudio_Test" name="subTestGetChannelPositionsString2AsLong" time="0.0" />
  <testcase classname="aka.jmetadata.test.JMetaDataAudio_Test" name="subTestGetReplayGainPeakAsLong" time="0.0" />
  <testcase classname="aka.jmetadata.test.JMetaDataAudio_Test" name="subTestGetDelayString3AsLong" time="0.0" />
  <testcase classname="aka.jmetadata.test.JMetaDataAudio_Test" name="subTestGetFormatCompressionAsLong" time="0.0" />
  <testcase classname="aka.jmetadata.test.JMetaDataAudio_Test" name="subTestGetFormatSettingsSBRAsLocalTime" time="0.0" />
  <testcase classname="aka.jmetadata.test.JMetaDataAudio_Test" name="subTestGetStreamSizeEncodedString3AsInteger" time="0.0" />
  <testcase classname="aka.jmetadata.test.JMetaDataAudio_Test" name="subTestGetFrameRateAsInteger" time="0.0" />
  <testcase classname="aka.jmetadata.test.JMetaDataAudio_Test" name="subTestGetStreamSizeString3AsBigInteger" time="0.0" />
  <testcase classname="aka.jmetadata.test.JMetaDataAudio_Test" name="subTestGetDurationString2AsBoolean" time="0.0" />
  <testcase classname="aka.jmetadata.test.JMetaDataAudio_Test" name="subTestGetDisabledStringAsLong" time="0.0" />
  <testcase classname="aka.jmetadata.test.JMetaDataAudio_Test" name="subTestGetEncodedApplicationNameAsInteger" time="0.001" />
  <testcase classname="aka.jmetadata.test.JMetaDataAudio_Test" name="subTestGetFormatSettingsEmphasisAsBoolean" time="0.0" />
  <testcase classname="aka.jmetadata.test.JMetaDataAudio_Test" name="subTestGetEncodedApplicationVersionAsLocalTime" time="0.0" />
  <testcase classname="aka.jmetadata.test.JMetaDataAudio_Test" name="subTestGetSourceDurationFirstFrameString5AsURL" time="0.0" />
  <testcase classname="aka.jmetadata.test.JMetaDataAudio_Test" name="subTestGetEncodedLibraryNameAsString" time="0.0" />
  <testcase classname="aka.jmetadata.test.JMetaDataAudio_Test" name="subTestGetInterleaveDurationAsLocalTime" time="0.0" />
  <testcase classname="aka.jmetadata.test.JMetaDataAudio_Test" name="subTestGetCodecIDHintAsBigInteger" time="0.0" />
  <testcase classname="aka.jmetadata.test.JMetaDataAudio_Test" name="subTestGetFormatSettingsWrappingAsBoolean" time="0.0" />
  <testcase classname="aka.jmetadata.test.JMetaDataAudio_Test" name="subTestGetSourceDurationLastFrameAsLocalTime" time="0.0" />
  <testcase classname="aka.jmetadata.test.JMetaDataAudio_Test" name="subTestGetSourceDurationString3AsLocalDateTime" time="0.001" />
  <testcase classname="aka.jmetadata.test.JMetaDataAudio_Test" name="subTestGetMenuIDAsBoolean" time="0.0" />
  <testcase classname="aka.jmetadata.test.JMetaDataAudio_Test" name="subTestGetTaggedDateAsBoolean" time="0.0" />
  <testcase classname="aka.jmetadata.test.JMetaDataAudio_Test" name="subTestGetLanguageString2AsBigInteger" time="0.0" />
  <testcase classname="aka.jmetadata.test.JMetaDataAudio_Test" name="subTestGetDelayOriginalDropFrameAsLocalDateTime" time="0.0" />
  <testcase classname="aka.jmetadata.test.JMetaDataAudio_Test" name="subTestGetInterleavePreloadAsString" time="0.0" />
  <testcase classname="aka.jmetadata.test.JMetaDataAudio_Test" name="subTestGetFormatSettingsAsLocalDateTime" time="0.0" />
  <testcase classname="aka.jmetadata.test.JMetaDataAudio_Test" name="subTestGetStreamSizeProportionAsURL" time="0.0" />
  <testcase classname="aka.jmetadata.test.JMetaDataAudio_Test" name="subTestGetSourceStreamSizeAsLocalTime" time="0.0" />
  <testcase classname="aka.jmetadata.test.JMetaDataAudio_Test" name="subTestGetLanguageAsURL" time="0.0" />
  <testcase classname="aka.jmetadata.test.JMetaDataAudio_Test" name="subTestGetFormatLevelAsInteger" time="0.0" />
  <testcase classname="aka.jmetadata.test.JMetaDataAudio_Test" name="subTestGetDisabledAsBoolean" time="0.0" />
  <testcase classname="aka.jmetadata.test.JMetaDataAudio_Test" name="subTestGetStreamSizeStringAsInteger" time="0.0" />
  <testcase classname="aka.jmetadata.test.JMetaDataAudio_Test" name="subTestGetEncodedLibraryAsLong" time="0.0" />
  <testcase classname="aka.jmetadata.test.JMetaDataAudio_Test" name="subTestGetEncodedApplicationUrlAsString" time="0.001" />
  <testcase classname="aka.jmetadata.test.JMetaDataAudio_Test" name="subTestGetDurationLastFrameString3AsLong" time="0.0" />
  <testcase classname="aka.jmetadata.test.JMetaDataAudio_Test" name="subTestGetIDStringAsURL" time="0.0" />
  <testcase classname="aka.jmetadata.test.JMetaDataAudio_Test" name="subTestGetEncodedApplicationNameAsURL" time="0.0" />
  <testcase classname="aka.jmetadata.test.JMetaDataAudio_Test" name="subTestGetStreamSizeDemuxedString2AsInteger" time="0.0" />
  <testcase classname="aka.jmetadata.test.JMetaDataAudio_Test" name="subTestGetFormatSettingsLawAsBoolean" time="0.0" />
  <testcase classname="aka.jmetadata.test.JMetaDataAudio_Test" name="subTestGetSourceDurationLastFrameAsInteger" time="0.0" />
  <testcase classname="aka.jmetadata.test.JMetaDataAudio_Test" name="subTestGetDelayOriginalString3AsLong" time="0.0" />
  <testcase classname="aka.jmetadata.test.JMetaDataAudio_Test" name="subTestGetCompressionModeAsLocalTime" time="0.0" />
  <testcase classname="aka.jmetadata.test.JMetaDataAudio_Test" name="subTestGetStreamSizeProportionAsBoolean" time="0.0" />
  <testcase classname="aka.jmetadata.test.JMetaDataAudio_Test" name="subTestGetDurationFirstFrameString5AsInteger" time="0.0" />
  <testcase classname="aka.jmetadata.test.JMetaDataAudio_Test" name="subTestGetDisabledAsURL" time="0.0" />
  <testcase classname="aka.jmetadata.test.JMetaDataAudio_Test" name="subTestGetDisabledStringAsLocalTime" time="0.0" />
  <testcase classname="aka.jmetadata.test.JMetaDataAudio_Test" name="subTestGetInterleavePreloadStringAsBoolean" time="0.0" />
  <testcase classname="aka.jmetadata.test.JMetaDataAudio_Test" name="subTestGetChannelsAsLocalTime" time="0.0" />
  <testcase classname="aka.jmetadata.test.JMetaDataAudio_Test" name="subTestGetEncodedApplicationStringAsLong" time="0.001" />
  <testcase classname="aka.jmetadata.test.JMetaDataAudio_Test" name="subTestGetFrameCountAsInteger" time="0.0" />
  <testcase classname="aka.jmetadata.test.JMetaDataAudio_Test" name="subTestGetSourceStreamSizeEncodedString1AsURL" time="0.0" />
  <testcase classname="aka.jmetadata.test.JMetaDataAudio_Test" name="subTestGetBitRateEncodedStringAsBigInteger" time="0.0" />
  <testcase classname="aka.jmetadata.test.JMetaDataAudio_Test" name="subTestGetChannelsAsLong" time="0.0" />
  <testcase classname="aka.jmetadata.test.JMetaDataAudio_Test" name="subTestGetDelayDropFrameAsLong" time="0.0" />
  <testcase classname="aka.jmetadata.test.JMetaDataAudio_Test" name="subTestGetCodecIDUrlAsBoolean" time="0.001" />
  <testcase classname="aka.jmetadata.test.JMetaDataAudio_Test" name="subTestGetEncodedLibraryVersionAsURL" time="0.0" />
  <testcase classname="aka.jmetadata.test.JMetaDataAudio_Test" name="subTestGetSourceDurationFirstFrameString2AsString" time="0.0" />
  <testcase classname="aka.jmetadata.test.JMetaDataAudio_Test" name="subTestGetSourceDurationString5AsInteger" time="0.0" />
  <testcase classname="aka.jmetadata.test.JMetaDataAudio_Test" name="subTestGetFrameRateStringAsURL" time="0.0" />
  <testcase classname="aka.jmetadata.test.JMetaDataAudio_Test" name="subTestGetFormatSettingsSBRStringAsString" time="0.0" />
  <testcase classname="aka.jmetadata.test.JMetaDataAudio_Test" name="subTestGetSourceStreamSizeString4AsString" time="0.0" />
  <testcase classname="aka.jmetadata.test.JMetaDataAudio_Test" name="subTestGetSourceDurationLastFrameString2AsLocalTime" time="0.0" />
  <testcase classname="aka.jmetadata.test.JMetaDataAudio_Test" name="subTestGetStreamCountAsInteger" time="0.0" />
  <testcase classname="aka.jmetadata.test.JMetaDataAudio_Test" name="subTestGetSourceStreamSizeEncodedString2AsURL" time="0.0" />
  <testcase classname="aka.jmetadata.test.JMetaDataAudio_Test" name="subTestGetEncodedLibraryStringAsInteger" time="0.0" />
  <testcase classname="aka.jmetadata.test.JMetaDataAudio_Test" name="subTestGetChannelsStringAsBigInteger" time="0.0" />
  <testcase classname="aka.jmetadata.test.JMetaDataAudio_Test" name="subTestGetStreamSizeDemuxedString3AsLocalDateTime" time="0.0" />
  <testcase classname="aka.jmetadata.test.JMetaDataAudio_Test" name="subTestGetLanguageMoreAsLocalDateTime" time="0.0" />
  <testcase classname="aka.jmetadata.test.JMetaDataAudio_Test" name="subTestGetChannelPositionsAsBigInteger" time="0.0" />
  <testcase classname="aka.jmetadata.test.JMetaDataAudio_Test" name="subTestGetAlternateGroupAsBoolean" time="0.0" />
  <testcase classname="aka.jmetadata.test.JMetaDataAudio_Test" name="subTestGetCompressionModeAsLocalDateTime" time="0.0" />
  <testcase classname="aka.jmetadata.test.JMetaDataAudio_Test" name="subTestGetDelayOriginalString1AsBigInteger" time="0.0" />
  <testcase classname="aka.jmetadata.test.JMetaDataAudio_Test" name="subTestGetCompressionModeStringAsString" time="0.0" />
  <testcase classname="aka.jmetadata.test.JMetaDataAudio_Test" name="subTestGetSourceDurationFirstFrameString3AsBoolean" time="0.0" />
  <testcase classname="aka.jmetadata.test.JMetaDataAudio_Test" name="subTestGetSourceStreamSizeEncodedString3AsURL" time="0.0" />
  <testcase classname="aka.jmetadata.test.JMetaDataAudio_Test" name="subTestGetReplayGainGainAsURL" time="0.0" />
  <testcase classname="aka.jmetadata.test.JMetaDataAudio_Test" name="subTestGetChannelsOriginalStringAsLocalDateTime" time="0.0" />
  <testcase classname="aka.jmetadata.test.JMetaDataAudio_Test" name="subTestGetFormatSettingsITUAsLocalTime" time="0.0" />
  <testcase classname="aka.jmetadata.test.JMetaDataAudio_Test" name="subTestGetSourceDurationString1AsLocalTime" time="0.0" />
  <testcase classname="aka.jmetadata.test.JMetaDataAudio_Test" name="subTestGetStreamSizeDemuxedAsBoolean" time="0.0" />
  <testcase classname="aka.jmetadata.test.JMetaDataAudio_Test" name="subTestGetVideoDelayString5AsString" time="0.0" />
  <testcase classname="aka.jmetadata.test.JMetaDataAudio_Test" name="subTestGetInternetMediaTypeAsBoolean" time="0.0" />
  <testcase classname="aka.jmetadata.test.JMetaDataAudio_Test" name="subTestGetBitRateNominalStringAsLocalTime" time="0.0" />
  <testcase classname="aka.jmetadata.test.JMetaDataAudio_Test" name="subTestGetChannelsOriginalAsInteger" time="0.0" />
  <testcase classname="aka.jmetadata.test.JMetaDataAudio_Test" name="subTestGetDurationFirstFrameStringAsURL" time="0.0" />
  <testcase classname="aka.jmetadata.test.JMetaDataAudio_Test" name="subTestGetMatrixChannelsAsString" time="0.0" />
  <testcase classname="aka.jmetadata.test.JMetaDataAudio_Test" name="subTestGetDurationString1AsBigInteger" time="0.0" />
  <testcase classname="aka.jmetadata.test.JMetaDataAudio_Test" name="subTestGetFormatCommercialIfAnyAsBigInteger" time="0.0" />
  <testcase classname="aka.jmetadata.test.JMetaDataAudio_Test" name="subTestGetLanguageStringAsInteger" time="0.0" />
  <testcase classname="aka.jmetadata.test.JMetaDataAudio_Test" name="subTestGetSourceStreamSizeEncodedStringAsURL" time="0.0" />
  <testcase classname="aka.jmetadata.test.JMetaDataAudio_Test" name="subTestGetCountAsBoolean" time="0.0" />
  <testcase classname="aka.jmetadata.test.JMetaDataAudio_Test" name="subTestGetEncodedLibraryNameAsLocalTime" time="0.001" />
  <testcase classname="aka.jmetadata.test.JMetaDataAudio_Test" name="subTestGetSourceStreamSizeEncodedString4AsURL" time="0.0" />
  <testcase classname="aka.jmetadata.test.JMetaDataAudio_Test" name="subTestGetStreamSizeEncodedString2AsBigInteger" time="0.0" />
  <testcase classname="aka.jmetadata.test.JMetaDataAudio_Test" name="subTestGetServiceKindStringAsLong" time="0.001" />
  <testcase classname="aka.jmetadata.test.JMetaDataAudio_Test" name="subTestGetChannelLayoutIDAsBigInteger" time="0.0" />
  <testcase classname="aka.jmetadata.test.JMetaDataAudio_Test" name="subTestGetVideoDelayString2AsInteger" time="0.0" />
  <testcase classname="aka.jmetadata.test.JMetaDataAudio_Test" name="subTestGetBitDepthAsInteger" time="0.0" />
  <testcase classname="aka.jmetadata.test.JMetaDataAudio_Test" name="subTestGetBitRateAsLocalDateTime" time="0.0" />
  <testcase classname="aka.jmetadata.test.JMetaDataAudio_Test" name="subTestGetInterleavePreloadAsInteger" time="0.0" />
  <testcase classname="aka.jmetadata.test.JMetaDataAudio_Test" name="subTestGetSourceStreamSizeEncodedString5AsString" time="0.0" />
  <testcase classname="aka.jmetadata.test.JMetaDataAudio_Test" name="subTestGetStreamSizeEncodedString2AsInteger" time="0.0" />
  <testcase classname="aka.jmetadata.test.JMetaDataAudio_Test" name="subTestGetDurationString1AsBoolean" time="0.0" />
  <testcase classname="aka.jmetadata.test.JMetaDataAudio_Test" name="subTestGetForcedStringAsURL" time="0.0" />
  <testcase classname="aka.jmetadata.test.JMetaDataAudio_Test" name="subTestGetFirstPacketOrderAsBoolean" time="0.0" />
  <testcase classname="aka.jmetadata.test.JMetaDataAudio_Test" name="subTestGetStreamSizeEncodedString3AsLocalDateTime" time="0.001" />
  <testcase classname="aka.jmetadata.test.JMetaDataAudio_Test" name="subTestGetSourceStreamSizeEncodedString5AsURL" time="0.0" />
  <testcase classname="aka.jmetadata.test.JMetaDataAudio_Test" name="subTestGetTitleAsBigInteger" time="0.001" />
  <testcase classname="aka.jmetadata.test.JMetaDataAudio_Test" name="subTestGetDurationFirstFrameStringAsLong" time="0.0" />
  <testcase classname="aka.jmetadata.test.JMetaDataAudio_Test" name="subTestGetDurationString5AsString" time="0.0" />
  <testcase classname="aka.jmetadata.test.JMetaDataAudio_Test" name="subTestGetCompressionRatioAsLocalDateTime" time="0.0" />
  <testcase classname="aka.jmetadata.test.JMetaDataAudio_Test" name="subTestGetSourceStreamSizeEncodedString3AsLocalDateTime" time="0.0" />
  <testcase classname="aka.jmetadata.test.JMetaDataAudio_Test" name="subTestGetCompressionModeAsBigInteger" time="0.0" />
  <testcase classname="aka.jmetadata.test.JMetaDataAudio_Test" name="subTestGetEncodedApplicationCompanyNameAsInteger" time="0.0" />
  <testcase classname="aka.jmetadata.test.JMetaDataAudio_Test" name="subTestGetDelayOriginalString1AsLocalDateTime" time="0.0" />
  <testcase classname="aka.jmetadata.test.JMetaDataAudio_Test" name="subTestGetUniqueIDAsBoolean" time="0.0" />
  <testcase classname="aka.jmetadata.test.JMetaDataAudio_Test" name="subTestGetEncodedLibraryDateAsLocalTime" time="0.0" />
  <testcase classname="aka.jmetadata.test.JMetaDataAudio_Test" name="subTestGetDefaultStringAsInteger" time="0.0" />
  <testcase classname="aka.jmetadata.test.JMetaDataAudio_Test" name="subTestGetFormatCommercialIfAnyAsInteger" time="0.001" />
  <testcase classname="aka.jmetadata.test.JMetaDataAudio_Test" name="subTestGetCodecIDUrlAsString" time="0.0" />
  <testcase classname="aka.jmetadata.test.JMetaDataAudio_Test" name="subTestGetFormatSettingsWrappingAsLocalDateTime" time="0.001" />
  <testcase classname="aka.jmetadata.test.JMetaDataAudio_Test" name="subTestGetDelayString3AsBigInteger" time="0.001" />
  <testcase classname="aka.jmetadata.test.JMetaDataAudio_Test" name="subTestGetFormatSettingsPSAsLocalTime" time="0.0" />
  <testcase classname="aka.jmetadata.test.JMetaDataAudio_Test" name="subTestGetSourceDurationFirstFrameStringAsString" time="0.0" />
  <testcase classname="aka.jmetadata.test.JMetaDataAudio_Test" name="subTestGetAlternateGroupStringAsLocalDateTime" time="0.0" />
  <testcase classname="aka.jmetadata.test.JMetaDataAudio_Test" name="subTestGetMatrixChannelsStringAsBoolean" time="0.0" />
  <testcase classname="aka.jmetadata.test.JMetaDataAudio_Test" name="subTestGetSourceDurationLastFrameString3AsLocalTime" time="0.0" />
  <testcase classname="aka.jmetadata.test.JMetaDataAudio_Test" name="subTestGetVideoDelayAsLocalDateTime" time="0.0" />
  <testcase classname="aka.jmetadata.test.JMetaDataAudio_Test" name="subTestGetSourceDurationLastFrameString3AsLong" time="0.0" />
  <testcase classname="aka.jmetadata.test.JMetaDataAudio_Test" name="subTestGetMatrixChannelPositionsAsLong" time="0.0" />
  <testcase classname="aka.jmetadata.test.JMetaDataAudio_Test" name="subTestGetEncryptionAsInteger" time="0.0" />
  <testcase classname="aka.jmetadata.test.JMetaDataAudio_Test" name="subTestGetVideoDelayString5AsLong" time="0.001" />
  <testcase classname="aka.jmetadata.test.JMetaDataAudio_Test" name="subTestGetDefaultStringAsBigInteger" time="0.0" />
  <testcase classname="aka.jmetadata.test.JMetaDataAudio_Test" name="subTestGetEncodedLibraryDateAsLocalDateTime" time="0.0" />
  <testcase classname="aka.jmetadata.test.JMetaDataAudio_Test" name="subTestGetSourceFrameCountAsBigInteger" time="0.001" />
  <testcase classname="aka.jmetadata.test.JMetaDataAudio_Test" name="subTestGetStreamSizeDemuxedString1AsInteger" time="0.001" />
  <testcase classname="aka.jmetadata.test.JMetaDataAudio_Test" name="subTestGetSourceDurationFirstFrameString2AsBigInteger" time="0.001" />
  <testcase classname="aka.jmetadata.test.JMetaDataAudio_Test" name="subTestGetSourceDurationFirstFrameStringAsBoolean" time="0.0" />
  <testcase classname="aka.jmetadata.test.JMetaDataAudio_Test" name="subTestGetFormatAsInteger" time="0.0" />
  <testcase classname="aka.jmetadata.test.JMetaDataAudio_Test" name="subTestGetBitRateAsBoolean" time="0.0" />
  <testcase classname="aka.jmetadata.test.JMetaDataAudio_Test" name="subTestGetForcedStringAsLocalDateTime" time="0.0" />
  <testcase classname="aka.jmetadata.test.JMetaDataAudio_Test" name="subTestGetBitDepthStoredAsBigInteger" time="0.0" />
  <testcase classname="aka.jmetadata.test.JMetaDataAudio_Test" name="subTestGetSourceStreamSizeAsBoolean" time="0.001" />
  <testcase classname="aka.jmetadata.test.JMetaDataAudio_Test" name="subTestGetMenuIDStringAsBoolean" time="0.0" />
  <testcase classname="aka.jmetadata.test.JMetaDataAudio_Test" name="subTestGetStreamSizeEncodedAsBoolean" time="0.0" />
  <testcase classname="aka.jmetadata.test.JMetaDataAudio_Test" name="subTestGetSamplingCountAsString" time="0.0" />
  <testcase classname="aka.jmetadata.test.JMetaDataAudio_Test" name="subTestGetDurationFirstFrameString4AsInteger" time="0.0" />
  <testcase classname="aka.jmetadata.test.JMetaDataAudio_Test" name="subTestGetVideoDelayStringAsLocalTime" time="0.0" />
  <testcase classname="aka.jmetadata.test.JMetaDataAudio_Test" name="subTestGetSourceDurationLastFrameString5AsInteger" time="0.0" />
  <testcase classname="aka.jmetadata.test.JMetaDataAudio_Test" name="subTestGetStreamSizeDemuxedString1AsLocalTime" time="0.0" />
  <testcase classname="aka.jmetadata.test.JMetaDataAudio_Test" name="subTestGetDurationStringAsString" time="0.0" />
  <testcase classname="aka.jmetadata.test.JMetaDataAudio_Test" name="subTestGetCompressionRatioAsURL" time="0.0" />
  <testcase classname="aka.jmetadata.test.JMetaDataAudio_Test" name="subTestGetSourceDurationString2AsLocalTime" time="0.0" />
  <testcase classname="aka.jmetadata.test.JMetaDataAudio_Test" name="subTestGetSourceDurationLastFrameStringAsBigInteger" time="0.0" />
  <testcase classname="aka.jmetadata.test.JMetaDataAudio_Test" name="subTestGetFormatSettingsModeAsURL" time="0.0" />
  <testcase classname="aka.jmetadata.test.JMetaDataAudio_Test" name="subTestGetSourceStreamSizeEncodedAsLocalDateTime" time="0.001" />
  <testcase classname="aka.jmetadata.test.JMetaDataAudio_Test" name="subTestGetDurationLastFrameString4AsString" time="0.0" />
  <testcase classname="aka.jmetadata.test.JMetaDataAudio_Test" name="subTestGetFormatSettingsModeAsInteger" time="0.0" />
  <testcase classname="aka.jmetadata.test.JMetaDataAudio_Test" name="subTestGetDelaySourceStringAsString" time="0.001" />
  <testcase classname="aka.jmetadata.test.JMetaDataAudio_Test" name="subTestGetMatrixChannelsAsBigInteger" time="0.0" />
  <testcase classname="aka.jmetadata.test.JMetaDataAudio_Test" name="subTestGetEncodedOperatingSystemAsBigInteger" time="0.0" />
  <testcase classname="aka.jmetadata.test.JMetaDataAudio_Test" name="subTestGetStreamSizeString2AsBigInteger" time="0.001" />
  <testcase classname="aka.jmetadata.test.JMetaDataAudio_Test" name="subTestGetReplayGainGainStringAsLong" time="0.0" />
  <testcase classname="aka.jmetadata.test.JMetaDataAudio_Test" name="subTestGetCountAsBigInteger" time="0.0" />
  <testcase classname="aka.jmetadata.test.JMetaDataAudio_Test" name="subTestGetSourceDurationString4AsInteger" time="0.001" />
  <testcase classname="aka.jmetadata.test.JMetaDataAudio_Test" name="subTestGetDurationAsLocalDateTime" time="0.001" />
  <testcase classname="aka.jmetadata.test.JMetaDataAudio_Test" name="subTestGetOriginalSourceMediumIDAsLocalTime" time="0.0" />
  <testcase classname="aka.jmetadata.test.JMetaDataAudio_Test" name="subTestGetEncodedApplicationNameAsString" time="0.0" />
  <testcase classname="aka.jmetadata.test.JMetaDataAudio_Test" name="subTestGetEncryptionAsString" time="0.0" />
  <testcase classname="aka.jmetadata.test.JMetaDataAudio_Test" name="subTestGetStreamSizeDemuxedString1AsString" time="0.0" />
  <testcase classname="aka.jmetadata.test.JMetaDataAudio_Test" name="subTestGetFormatAsString" time="0.0" />
  <testcase classname="aka.jmetadata.test.JMetaDataAudio_Test" name="subTestGetInterleaveDurationStringAsBoolean" time="0.0" />
  <testcase classname="aka.jmetadata.test.JMetaDataAudio_Test" name="subTestGetSamplingRateStringAsLocalDateTime" time="0.001" />
  <testcase classname="aka.jmetadata.test.JMetaDataAudio_Test" name="subTestGetSourceDurationAsLong" time="0.0" />
  <testcase classname="aka.jmetadata.test.JMetaDataAudio_Test" name="subTestGetFormatSettingsEndiannessAsInteger" time="0.0" />
  <testcase classname="aka.jmetadata.test.JMetaDataAudio_Test" name="subTestGetOriginalSourceMediumIDAsLong" time="0.0" />
  <testcase classname="aka.jmetadata.test.JMetaDataAudio_Test" name="subTestGetChannelsOriginalStringAsURL" time="0.0" />
  <testcase classname="aka.jmetadata.test.JMetaDataAudio_Test" name="subTestGetLanguageString1AsBigInteger" time="0.0" />
  <testcase classname="aka.jmetadata.test.JMetaDataAudio_Test" name="subTestGetInterleaveDurationAsLong" time="0.0" />
  <testcase classname="aka.jmetadata.test.JMetaDataAudio_Test" name="subTestGetEncodedApplicationStringAsString" time="0.0" />
  <testcase classname="aka.jmetadata.test.JMetaDataAudio_Test" name="subTestGetEncodedLibraryCompanyNameAsBigInteger" time="0.0" />
  <testcase classname="aka.jmetadata.test.JMetaDataAudio_Test" name="subTestGetBitRateMinimumStringAsLong" time="0.0" />
  <testcase classname="aka.jmetadata.test.JMetaDataAudio_Test" name="subTestGetFormatProfileAsBigInteger" time="0.0" />
  <testcase classname="aka.jmetadata.test.JMetaDataAudio_Test" name="subTestGetDurationString2AsLocalDateTime" time="0.001" />
  <testcase classname="aka.jmetadata.test.JMetaDataAudio_Test" name="subTestGetDefaultStringAsLocalDateTime" time="0.001" />
  <testcase classname="aka.jmetadata.test.JMetaDataAudio_Test" name="subTestGetDelayString5AsString" time="0.0" />
  <testcase classname="aka.jmetadata.test.JMetaDataAudio_Test" name="subTestGetSourceDurationFirstFrameString2AsBoolean" time="0.0" />
  <testcase classname="aka.jmetadata.test.JMetaDataAudio_Test" name="subTestGetChannelsOriginalAsLong" time="0.0" />
  <testcase classname="aka.jmetadata.test.JMetaDataAudio_Test" name="subTestGetCodecIDStringAsString" time="0.0" />
  <testcase classname="aka.jmetadata.test.JMetaDataAudio_Test" name="subTestGetFormatLevelAsLocalDateTime" time="0.0" />
  <testcase classname="aka.jmetadata.test.JMetaDataAudio_Test" name="subTestGetEncodedLibrarySettingsAsBoolean" time="0.0" />
  <testcase classname="aka.jmetadata.test.JMetaDataAudio_Test" name="subTestGetFormatUrlAsString" time="0.0" />
  <testcase classname="aka.jmetadata.test.JMetaDataAudio_Test" name="subTestGetFormatSettingsPSStringAsLocalTime" time="0.0" />
  <testcase classname="aka.jmetadata.test.JMetaDataAudio_Test" name="subTestGetDurationFirstFrameAsInteger" time="0.0" />
  <testcase classname="aka.jmetadata.test.JMetaDataAudio_Test" name="subTestGetEncodedLibraryAsInteger" time="0.001" />
  <testcase classname="aka.jmetadata.test.JMetaDataAudio_Test" name="subTestGetDelayOriginalString2AsString" time="0.0" />
  <testcase classname="aka.jmetadata.test.JMetaDataAudio_Test" name="subTestGetStreamSizeEncodedAsBigInteger" time="0.0" />
  <testcase classname="aka.jmetadata.test.JMetaDataAudio_Test" name="subTestGetTitleAsString" time="0.0" />
  <testcase classname="aka.jmetadata.test.JMetaDataAudio_Test" name="subTestGetStatusAsInteger" time="0.0" />
  <testcase classname="aka.jmetadata.test.JMetaDataAudio_Test" name="subTestGetDurationFirstFrameAsLong" time="0.0" />
  <testcase classname="aka.jmetadata.test.JMetaDataAudio_Test" name="subTestGetMuxingModeAsLocalDateTime" time="0.0" />
  <testcase classname="aka.jmetadata.test.JMetaDataAudio_Test" name="subTestGetStreamKindPosAsBigInteger" time="0.0" />
  <testcase classname="aka.jmetadata.test.JMetaDataAudio_Test" name="subTestGetSamplesPerFrameAsLong" time="0.0" />
  <testcase classname="aka.jmetadata.test.JMetaDataAudio_Test" name="subTestGetBitRateMaximumStringAsLong" time="0.0" />
  <testcase classname="aka.jmetadata.test.JMetaDataAudio_Test" name="subTestGetSourceDurationLastFrameString4AsLocalTime" time="0.0" />
  <testcase classname="aka.jmetadata.test.JMetaDataAudio_Test" name="subTestGetStreamSizeString2AsLong" time="0.0" />
  <testcase classname="aka.jmetadata.test.JMetaDataAudio_Test" name="subTestGetVideoDelayString1AsInteger" time="0.0" />
  <testcase classname="aka.jmetadata.test.JMetaDataAudio_Test" name="subTestGetVideoDelayString4AsLocalDateTime" time="0.001" />
  <testcase classname="aka.jmetadata.test.JMetaDataAudio_Test" name="subTestGetChannelsStringAsLocalDateTime" time="0.0" />
  <testcase classname="aka.jmetadata.test.JMetaDataAudio_Test" name="subTestGetStreamSizeEncodedString1AsInteger" time="0.0" />
  <testcase classname="aka.jmetadata.test.JMetaDataAudio_Test" name="subTestGetFormatSettingsWrappingAsBigInteger" time="0.0" />
  <testcase classname="aka.jmetadata.test.JMetaDataAudio_Test" name="subTestGetDelayAsLong" time="0.0" />
  <testcase classname="aka.jmetadata.test.JMetaDataAudio_Test" name="subTestGetEncodedApplicationVersionAsURL" time="0.0" />
  <testcase classname="aka.jmetadata.test.JMetaDataAudio_Test" name="subTestGetInternetMediaTypeAsLocalDateTime" time="0.001" />
  <testcase classname="aka.jmetadata.test.JMetaDataAudio_Test" name="subTestGetFormatSettingsEndiannessAsLocalTime" time="0.0" />
  <testcase classname="aka.jmetadata.test.JMetaDataAudio_Test" name="subTestGetSourceDurationFirstFrameStringAsLong" time="0.0" />
  <testcase classname="aka.jmetadata.test.JMetaDataAudio_Test" name="subTestGetStreamSizeDemuxedString2AsLocalTime" time="0.0" />
  <testcase classname="aka.jmetadata.test.JMetaDataAudio_Test" name="subTestGetCodecIDHintAsInteger" time="0.0" />
  <testcase classname="aka.jmetadata.test.JMetaDataAudio_Test" name="subTestGetSourceDurationString3AsLocalTime" time="0.0" />
  <testcase classname="aka.jmetadata.test.JMetaDataAudio_Test" name="subTestGetMenuIDStringAsLocalTime" time="0.0" />
  <testcase classname="aka.jmetadata.test.JMetaDataAudio_Test" name="subTestGetSourceStreamSizeEncodedAsString" time="0.0" />
  <testcase classname="aka.jmetadata.test.JMetaDataAudio_Test" name="subTestGetFormatCompressionAsURL" time="0.0" />
  <testcase classname="aka.jmetadata.test.JMetaDataAudio_Test" name="subTestGetDisabledStringAsURL" time="0.0" />
  <testcase classname="aka.jmetadata.test.JMetaDataAudio_Test" name="subTestGetDelayAsLocalDateTime" time="0.0" />
  <testcase classname="aka.jmetadata.test.JMetaDataAudio_Test" name="subTestGetStreamCountAsLocalDateTime" time="0.0" />
  <testcase classname="aka.jmetadata.test.JMetaDataAudio_Test" name="subTestGetReplayGainGainStringAsInteger" time="0.0" />
  <testcase classname="aka.jmetadata.test.JMetaDataAudio_Test" name="subTestGetEncodedApplicationNameAsBigInteger" time="0.0" />
  <testcase classname="aka.jmetadata.test.JMetaDataAudio_Test" name="subTestGetUniqueIDAsLocalDateTime" time="0.001" />
  <testcase classname="aka.jmetadata.test.JMetaDataAudio_Test" name="subTestGetSourceDurationStringAsBigInteger" time="0.0" />
  <testcase classname="aka.jmetadata.test.JMetaDataAudio_Test" name="subTestGetSourceStreamSizeString5AsBoolean" time="0.0" />
  <testcase classname="aka.jmetadata.test.JMetaDataAudio_Test" name="subTestGetCompressionRatioAsBigInteger" time="0.001" />
  <testcase classname="aka.jmetadata.test.JMetaDataAudio_Test" name="subTestGetEncodedApplicationCompanyNameAsString" time="0.0" />
  <testcase classname="aka.jmetadata.test.JMetaDataAudio_Test" name="subTestGetTitleAsURL" time="0.0" />
  <testcase classname="aka.jmetadata.test.JMetaDataAudio_Test" name="subTestGetEncodedOperatingSystemAsInteger" time="0.0" />
  <testcase classname="aka.jmetadata.test.JMetaDataAudio_Test" name="subTestGetDurationString3AsLong" time="0.0" />
  <testcase classname="aka.jmetadata.test.JMetaDataAudio_Test" name="subTestGetDurationFirstFrameString3AsInteger" time="0.0" />
  <testcase classname="aka.jmetadata.test.JMetaDataAudio_Test" name="subTestGetEncodedApplicationStringAsBigInteger" time="0.0" />
  <testcase classname="aka.jmetadata.test.JMetaDataAudio_Test" name="subTestGetSourceDurationLastFrameString4AsInteger" time="0.0" />
  <testcase classname="aka.jmetadata.test.JMetaDataAudio_Test" name="subTestGetInterleaveDurationStringAsBigInteger" time="0.001" />
  <testcase classname="aka.jmetadata.test.JMetaDataAudio_Test" name="subTestGetStreamSizeEncodedString1AsBigInteger" time="0.0" />
  <testcase classname="aka.jmetadata.test.JMetaDataAudio_Test" name="subTestGetLanguageString2AsLong" time="0.0" />
  <testcase classname="aka.jmetadata.test.JMetaDataAudio_Test" name="subTestGetInterleavePreloadAsBigInteger" time="0.001" />
  <testcase classname="aka.jmetadata.test.JMetaDataAudio_Test" name="subTestGetEncodedLibraryCompanyNameAsBoolean" time="0.0" />
  <testcase classname="aka.jmetadata.test.JMetaDataAudio_Test" name="subTestGetStreamSizeEncodedString4AsLong" time="0.0" />
  <testcase classname="aka.jmetadata.test.JMetaDataAudio_Test" name="subTestGetMatrixChannelPositionsString2AsBigInteger" time="0.001" />
  <testcase classname="aka.jmetadata.test.JMetaDataAudio_Test" name="subTestGetStreamSizeString3AsString" time="0.001" />
  <testcase classname="aka.jmetadata.test.JMetaDataAudio_Test" name="subTestGetEncodedOperatingSystemAsLocalTime" time="0.0" />
  <testcase classname="aka.jmetadata.test.JMetaDataAudio_Test" name="subTestGetMatrixChannelsAsURL" time="0.0" />
  <testcase classname="aka.jmetadata.test.JMetaDataAudio_Test" name="subTestGetSamplingCountAsLocalDateTime" time="0.0" />
  <testcase classname="aka.jmetadata.test.JMetaDataAudio_Test" name="subTestGetSourceDurationString3AsInteger" time="0.0" />
  <testcase classname="aka.jmetadata.test.JMetaDataAudio_Test" name="subTestGetDurationLastFrameStringAsString" time="0.0" />
  <testcase classname="aka.jmetadata.test.JMetaDataAudio_Test" name="subTestGetFormatSettingsPSAsInteger" time="0.0" />
  <testcase classname="aka.jmetadata.test.JMetaDataAudio_Test" name="subTestGetSourceDurationLastFrameString5AsLocalTime" time="0.0" />
  <testcase classname="aka.jmetadata.test.JMetaDataAudio_Test" name="subTestGetDelayString1AsLocalTime" time="0.0" />
  <testcase classname="aka.jmetadata.test.JMetaDataAudio_Test" name="subTestGetStreamSizeEncodedProportionAsString" time="0.0" />
  <testcase classname="aka.jmetadata.test.JMetaDataAudio_Test" name="subTestGetCompressionModeStringAsBigInteger" time="0.001" />
  <testcase classname="aka.jmetadata.test.JMetaDataAudio_Test" name="subTestGetEncodedApplicationUrlAsLocalTime" time="0.0" />
  <testcase classname="aka.jmetadata.test.JMetaDataAudio_Test" name="subTestGetFrameRateStringAsLocalTime" time="0.0" />
  <testcase classname="aka.jmetadata.test.JMetaDataAudio_Test" name="subTestGetDelayOriginalDropFrameAsInteger" time="0.0" />
  <testcase classname="aka.jmetadata.test.JMetaDataAudio_Test" name="subTestGetEncodedLibraryCompanyNameAsURL" time="0.0" />
  <testcase classname="aka.jmetadata.test.JMetaDataAudio_Test" name="subTestGetFormatSettingsFirmAsLong" time="0.0" />
  <testcase classname="aka.jmetadata.test.JMetaDataAudio_Test" name="subTestGetLanguageString4AsInteger" time="0.0" />
  <testcase classname="aka.jmetadata.test.JMetaDataAudio_Test" name="subTestGetDelayOriginalStringAsBoolean" time="0.0" />
  <testcase classname="aka.jmetadata.test.JMetaDataAudio_Test" name="subTestGetFormatSettingsModeExtensionAsBoolean" time="0.0" />
  <testcase classname="aka.jmetadata.test.JMetaDataAudio_Test" name="subTestGetCodecIDUrlAsLocalTime" time="0.0" />
  <testcase classname="aka.jmetadata.test.JMetaDataAudio_Test" name="subTestGetInterleaveVideoFramesAsLong" time="0.0" />
  <testcase classname="aka.jmetadata.test.JMetaDataAudio_Test" name="subTestGetOriginalSourceMediumIDStringAsBigInteger" time="0.0" />
  <testcase classname="aka.jmetadata.test.JMetaDataAudio_Test" name="subTestGetDelayString2AsBigInteger" time="0.0" />
  <testcase classname="aka.jmetadata.test.JMetaDataAudio_Test" name="subTestGetSourceDurationString2AsLocalDateTime" time="0.0" />
  <testcase classname="aka.jmetadata.test.JMetaDataAudio_Test" name="subTestGetFormatSettingsFirmAsLocalDateTime" time="0.001" />
  <testcase classname="aka.jmetadata.test.JMetaDataAudio_Test" name="subTestGetStreamSizeDemuxedString3AsLocalTime" time="0.0" />
  <testcase classname="aka.jmetadata.test.JMetaDataAudio_Test" name="subTestGetSourceDurationFirstFrameAsLocalTime" time="0.0" />
  <testcase classname="aka.jmetadata.test.JMetaDataAudio_Test" name="subTestGetDelayOriginalDropFrameAsURL" time="0.0" />
  <testcase classname="aka.jmetadata.test.JMetaDataAudio_Test" name="subTestGetFormatSettingsPSStringAsBigInteger" time="0.0" />
  <testcase classname="aka.jmetadata.test.JMetaDataAudio_Test" name="subTestGetSourceDurationFirstFrameString1AsBoolean" time="0.0" />
  <testcase classname="aka.jmetadata.test.JMetaDataAudio_Test" name="subTestGetSourceDurationString4AsLocalTime" time="0.0" />
  <testcase classname="aka.jmetadata.test.JMetaDataAudio_Test" name="subTestGetSourceDurationFirstFrameString1AsBigInteger" time="0.0" />
  <testcase classname="aka.jmetadata.test.JMetaDataAudio_Test" name="subTestGetFormatSettingsPSAsURL" time="0.0" />
  <testcase classname="aka.jmetadata.test.JMetaDataAudio_Test" name="subTestGetFormatVersionAsBoolean" time="0.001" />
  <testcase classname="aka.jmetadata.test.JMetaDataAudio_Test" name="subTestGetStreamSizeDemuxedStringAsInteger" time="0.0" />
  <testcase classname="aka.jmetadata.test.JMetaDataAudio_Test" name="subTestGetFormatSettingsFirmAsBigInteger" time="0.0" />
  <testcase classname="aka.jmetadata.test.JMetaDataAudio_Test" name="subTestGetInformAsBigInteger" time="0.001" />
  <testcase classname="aka.jmetadata.test.JMetaDataAudio_Test" name="subTestGetEncodedApplicationUrlAsLocalDateTime" time="0.0" />
  <testcase classname="aka.jmetadata.test.JMetaDataAudio_Test" name="subTestGetStreamSizeEncodedString5AsString" time="0.0" />
  <testcase classname="aka.jmetadata.test.JMetaDataAudio_Test" name="subTestGetDurationFirstFrameStringAsLocalDateTime" time="0.0" />
  <testcase classname="aka.jmetadata.test.JMetaDataAudio_Test" name="subTestGetStreamSizeDemuxedStringAsBigInteger" time="0.0" />
  <testcase classname="aka.jmetadata.test.JMetaDataAudio_Test" name="subTestGetEncodedApplicationVersionAsBoolean" time="0.0" />
  <testcase classname="aka.jmetadata.test.JMetaDataAudio_Test" name="subTestGetSamplesPerFrameAsURL" time="0.0" />
  <testcase classname="aka.jmetadata.test.JMetaDataAudio_Test" name="subTestGetDelayAsURL" time="0.0" />
  <testcase classname="aka.jmetadata.test.JMetaDataAudio_Test" name="subTestGetStreamSizeString1AsBigInteger" time="0.001" />
  <testcase classname="aka.jmetadata.test.JMetaDataAudio_Test" name="subTestGetSourceDurationFirstFrameStringAsLocalDateTime" time="0.0" />
  <testcase classname="aka.jmetadata.test.JMetaDataAudio_Test" name="subTestGetSourceStreamSizeEncodedStringAsLong" time="0.0" />
  <testcase classname="aka.jmetadata.test.JMetaDataAudio_Test" name="subTestGetFormatUrlAsURL" time="0.0" />
  <testcase classname="aka.jmetadata.test.JMetaDataAudio_Test" name="subTestGetDelayDropFrameAsBigInteger" time="0.0" />
  <testcase classname="aka.jmetadata.test.JMetaDataAudio_Test" name="subTestGetDurationAsURL" time="0.0" />
  <testcase classname="aka.jmetadata.test.JMetaDataAudio_Test" name="subTestGetFormatCompressionAsString" time="0.0" />
  <testcase classname="aka.jmetadata.test.JMetaDataAudio_Test" name="subTestGetFormatSettingsFirmAsInteger" time="0.001" />
  <testcase classname="aka.jmetadata.test.JMetaDataAudio_Test" name="subTestGetDurationLastFrameString5AsLocalDateTime" time="0.0" />
  <testcase classname="aka.jmetadata.test.JMetaDataAudio_Test" name="subTestGetLanguageString3AsString" time="0.001" />
  <testcase classname="aka.jmetadata.test.JMetaDataAudio_Test" name="subTestGetSourceStreamSizeEncodedProportionAsLong" time="0.0" />
  <testcase classname="aka.jmetadata.test.JMetaDataAudio_Test" name="subTestGetReplayGainPeakAsInteger" time="0.001" />
  <testcase classname="aka.jmetadata.test.JMetaDataAudio_Test" name="subTestGetDurationFirstFrameStringAsString" time="0.0" />
  <testcase classname="aka.jmetadata.test.JMetaDataAudio_Test" name="subTestGetBitRateNominalStringAsLocalDateTime" time="0.001" />
  <testcase classname="aka.jmetadata.test.JMetaDataAudio_Test" name="subTestGetFormatInfoAsLong" time="0.0" />
  <testcase classname="aka.jmetadata.test.JMetaDataAudio_Test" name="subTestGetSourceDurationLastFrameString5AsLocalDateTime" time="0.0" />
  <testcase classname="aka.jmetadata.test.JMetaDataAudio_Test" name="subTestGetEncodedLibraryVersionAsString" time="0.0" />
  <testcase classname="aka.jmetadata.test.JMetaDataAudio_Test" name="subTestGetOriginalSourceMediumIDAsInteger" time="0.001" />
  <testcase classname="aka.jmetadata.test.JMetaDataAudio_Test" name="subTestGetSourceDurationFirstFrameString1AsLong" time="0.001" />
  <testcase classname="aka.jmetadata.test.JMetaDataAudio_Test" name="subTestGetStreamSizeDemuxedString2AsLocalDateTime" time="0.0" />
  <testcase classname="aka.jmetadata.test.JMetaDataAudio_Test" name="subTestGetSourceSamplingCountAsString" time="0.0" />
  <testcase classname="aka.jmetadata.test.JMetaDataAudio_Test" name="subTestGetDelayString2AsLocalTime" time="0.001" />
  <testcase classname="aka.jmetadata.test.JMetaDataAudio_Test" name="subTestGetFrameRateNumAsURL" time="0.0" />
  <testcase classname="aka.jmetadata.test.JMetaDataAudio_Test" name="subTestGetMenuIDAsBigInteger" time="0.0" />
  <testcase classname="aka.jmetadata.test.JMetaDataAudio_Test" name="subTestGetFormatSettingsSBRStringAsBoolean" time="0.0" />
  <testcase classname="aka.jmetadata.test.JMetaDataAudio_Test" name="subTestGetSourceStreamSizeString4AsBoolean" time="0.0" />
  <testcase classname="aka.jmetadata.test.JMetaDataAudio_Test" name="subTestGetDelayString1AsURL" time="0.0" />
  <testcase classname="aka.jmetadata.test.JMetaDataAudio_Test" name="subTestGetStreamCountAsLocalTime" time="0.0" />
  <testcase classname="aka.jmetadata.test.JMetaDataAudio_Test" name="subTestGetIDAsLocalDateTime" time="0.001" />
  <testcase classname="aka.jmetadata.test.JMetaDataAudio_Test" name="subTestGetReplayGainGainAsInteger" time="0.001" />
  <testcase classname="aka.jmetadata.test.JMetaDataAudio_Test" name="subTestGetStreamSizeEncodedAsLocalDateTime" time="0.001" />
  <testcase classname="aka.jmetadata.test.JMetaDataAudio_Test" name="subTestGetStreamSizeDemuxedString4AsLocalTime" time="0.0" />
  <testcase classname="aka.jmetadata.test.JMetaDataAudio_Test" name="subTestGetDurationFirstFrameString2AsInteger" time="0.0" />
  <testcase classname="aka.jmetadata.test.JMetaDataAudio_Test" name="subTestGetDurationAsBigInteger" time="0.001" />
  <testcase classname="aka.jmetadata.test.JMetaDataAudio_Test" name="subTestGetSourceDurationLastFrameString3AsInteger" time="0.0" />
  <testcase classname="aka.jmetadata.test.JMetaDataAudio_Test" name="subTestGetChannelsOriginalAsLocalDateTime" time="0.0" />
  <testcase classname="aka.jmetadata.test.JMetaDataAudio_Test" name="subTestGetEncodedApplicationUrlAsInteger" time="0.0" />
  <testcase classname="aka.jmetadata.test.JMetaDataAudio_Test" name="subTestGetSourceDurationString5AsLocalTime" time="0.0" />
  <testcase classname="aka.jmetadata.test.JMetaDataAudio_Test" name="subTestGetEncodedLibraryDateAsLong" time="0.0" />
  <testcase classname="aka.jmetadata.test.JMetaDataAudio_Test" name="subTestGetSourceStreamSizeEncodedString4AsLong" time="0.0" />
  <testcase classname="aka.jmetadata.test.JMetaDataAudio_Test" name="subTestGetDisabledStringAsBigInteger" time="0.0" />
  <testcase classname="aka.jmetadata.test.JMetaDataAudio_Test" name="subTestGetInterleaveDurationAsBoolean" time="0.0" />
  <testcase classname="aka.jmetadata.test.JMetaDataAudio_Test" name="subTestGetDelayString2AsURL" time="0.0" />
  <testcase classname="aka.jmetadata.test.JMetaDataAudio_Test" name="subTestGetSourceDurationFirstFrameAsURL" time="0.0" />
  <testcase classname="aka.jmetadata.test.JMetaDataAudio_Test" name="subTestGetStreamSizeEncodedStringAsLocalTime" time="0.0" />
  <testcase classname="aka.jmetadata.test.JMetaDataAudio_Test" name="subTestGetDelaySourceAsLocalDateTime" time="0.001" />
  <testcase classname="aka.jmetadata.test.JMetaDataAudio_Test" name="subTestGetChannelLayoutIDAsURL" time="0.0" />
  <testcase classname="aka.jmetadata.test.JMetaDataAudio_Test" name="subTestGetFormatSettingsSBRStringAsLong" time="0.0" />
  <testcase classname="aka.jmetadata.test.JMetaDataAudio_Test" name="subTestGetSourceDurationString2AsInteger" time="0.0" />
  <testcase classname="aka.jmetadata.test.JMetaDataAudio_Test" name="subTestGetSourceStreamSizeEncodedStringAsString" time="0.0" />
  <testcase classname="aka.jmetadata.test.JMetaDataAudio_Test" name="subTestGetFormatCompressionAsInteger" time="0.0" />
  <testcase classname="aka.jmetadata.test.JMetaDataAudio_Test" name="subTestGetEncodedOperatingSystemAsLong" time="0.0" />
  <testcase classname="aka.jmetadata.test.JMetaDataAudio_Test" name="subTestGetChannelsStringAsInteger" time="0.0" />
  <testcase classname="aka.jmetadata.test.JMetaDataAudio_Test" name="subTestGetMuxingModeAsBoolean" time="0.0" />
  <testcase classname="aka.jmetadata.test.JMetaDataAudio_Test" name="subTestGetIDStringAsString" time="0.0" />
  <testcase classname="aka.jmetadata.test.JMetaDataAudio_Test" name="subTestGetBitDepthAsBigInteger" time="0.0" />
  <testcase classname="aka.jmetadata.test.JMetaDataAudio_Test" name="subTestGetFormatProfileAsLocalDateTime" time="0.001" />
  <testcase classname="aka.jmetadata.test.JMetaDataAudio_Test" name="subTestGetDelayString3AsURL" time="0.0" />
  <testcase classname="aka.jmetadata.test.JMetaDataAudio_Test" name="subTestGetFormatCommercialIfAnyAsLocalDateTime" time="0.001" />
  <testcase classname="aka.jmetadata.test.JMetaDataAudio_Test" name="subTestGetStreamSizeEncodedString2AsLocalDateTime" time="0.001" />
  <testcase classname="aka.jmetadata.test.JMetaDataAudio_Test" name="subTestGetInterleavePreloadAsLong" time="0.0" />
  <testcase classname="aka.jmetadata.test.JMetaDataAudio_Test" name="subTestGetEncodedApplicationStringAsInteger" time="0.0" />
  <testcase classname="aka.jmetadata.test.JMetaDataAudio_Test" name="subTestGetLanguageString3AsInteger" time="0.001" />
  <testcase classname="aka.jmetadata.test.JMetaDataAudio_Test" name="subTestGetStreamSizeProportionAsLong" time="0.0" />
  <testcase classname="aka.jmetadata.test.JMetaDataAudio_Test" name="subTestGetDelaySourceAsInteger" time="0.0" />
  <testcase classname="aka.jmetadata.test.JMetaDataAudio_Test" name="subTestGetSourceStreamSizeEncodedString2AsLocalDateTime" time="0.0" />
  <testcase classname="aka.jmetadata.test.JMetaDataAudio_Test" name="subTestGetStreamSizeDemuxedString4AsLong" time="0.0" />
  <testcase classname="aka.jmetadata.test.JMetaDataAudio_Test" name="subTestGetChannelsAsBigInteger" time="0.0" />
  <testcase classname="aka.jmetadata.test.JMetaDataAudio_Test" name="subTestGetFormatCommercialIfAnyAsString" time="0.0" />
  <testcase classname="aka.jmetadata.test.JMetaDataAudio_Test" name="subTestGetFormatUrlAsLong" time="0.0" />
  <testcase classname="aka.jmetadata.test.JMetaDataAudio_Test" name="subTestGetAlternateGroupStringAsBoolean" time="0.0" />
  <testcase classname="aka.jmetadata.test.JMetaDataAudio_Test" name="subTestGetBitRateEncodedAsLong" time="0.0" />
  <testcase classname="aka.jmetadata.test.JMetaDataAudio_Test" name="subTestGetDurationFirstFrameAsString" time="0.0" />
  <testcase classname="aka.jmetadata.test.JMetaDataAudio_Test" name="subTestGetDelayString4AsURL" time="0.0" />
  <testcase classname="aka.jmetadata.test.JMetaDataAudio_Test" name="subTestGetForcedAsURL" time="0.001" />
  <testcase classname="aka.jmetadata.test.JMetaDataAudio_Test" name="subTestGetDurationFirstFrameString1AsString" time="0.0" />
  <testcase classname="aka.jmetadata.test.JMetaDataAudio_Test" name="subTestGetFrameRateAsLong" time="0.0" />
  <testcase classname="aka.jmetadata.test.JMetaDataAudio_Test" name="subTestGetDurationFirstFrameString3AsLong" time="0.0" />
  <testcase classname="aka.jmetadata.test.JMetaDataAudio_Test" name="subTestGetSamplesPerFrameAsInteger" time="0.0" />
  <testcase classname="aka.jmetadata.test.JMetaDataAudio_Test" name="subTestGetEncodedApplicationCompanyNameAsBigInteger" time="0.0" />
  <testcase classname="aka.jmetadata.test.JMetaDataAudio_Test" name="subTestGetForcedStringAsBoolean" time="0.0" />
  <testcase classname="aka.jmetadata.test.JMetaDataAudio_Test" name="subTestGetFormatSettingsWrappingAsLong" time="0.001" />
  <testcase classname="aka.jmetadata.test.JMetaDataAudio_Test" name="subTestGetFormatUrlAsBigInteger" time="0.0" />
  <testcase classname="aka.jmetadata.test.JMetaDataAudio_Test" name="subTestGetDelayString3AsLocalTime" time="0.0" />
  <testcase classname="aka.jmetadata.test.JMetaDataAudio_Test" name="subTestGetSourceStreamSizeEncodedString5AsInteger" time="0.0" />
  <testcase classname="aka.jmetadata.test.JMetaDataAudio_Test" name="subTestGetStreamSizeAsInteger" time="0.0" />
  <testcase classname="aka.jmetadata.test.JMetaDataAudio_Test" name="subTestGetDelayString5AsURL" time="0.001" />
  <testcase classname="aka.jmetadata.test.JMetaDataAudio_Test" name="subTestGetTitleAsLong" time="0.0" />
  <testcase classname="aka.jmetadata.test.JMetaDataAudio_Test" name="subTestGetEncodedApplicationNameAsLocalTime" time="0.001" />
  <testcase classname="aka.jmetadata.test.JMetaDataAudio_Test" name="subTestGetCompressionRatioAsLocalTime" time="0.0" />
  <testcase classname="aka.jmetadata.test.JMetaDataAudio_Test" name="subTestGetEncodedLibraryDateAsBigInteger" time="0.0" />
  <testcase classname="aka.jmetadata.test.JMetaDataAudio_Test" name="subTestGetSourceDurationLastFrameString5AsBigInteger" time="0.0" />
  <testcase classname="aka.jmetadata.test.JMetaDataAudio_Test" name="subTestGetDisabledStringAsString" time="0.0" />
  <testcase classname="aka.jmetadata.test.JMetaDataAudio_Test" name="subTestGetCompressionModeAsString" time="0.0" />
  <testcase classname="aka.jmetadata.test.JMetaDataAudio_Test" name="subTestGetSourceDurationFirstFrameString4AsString" time="0.0" />
  <testcase classname="aka.jmetadata.test.JMetaDataAudio_Test" name="subTestGetFormatSettingsAsURL" time="0.0" />
  <testcase classname="aka.jmetadata.test.JMetaDataAudio_Test" name="subTestGetSourceStreamSizeEncodedProportionAsInteger" time="0.0" />
  <testcase classname="aka.jmetadata.test.JMetaDataAudio_Test" name="subTestGetBitRateNominalStringAsInteger" time="0.0" />
  <testcase classname="aka.jmetadata.test.JMetaDataAudio_Test" name="subTestGetStreamSizeDemuxedString5AsLocalTime" time="0.0" />
  <testcase classname="aka.jmetadata.test.JMetaDataAudio_Test" name="subTestGetDelayOriginalStringAsString" time="0.0" />
  <testcase classname="aka.jmetadata.test.JMetaDataAudio_Test" name="subTestGetDelayStringAsBigInteger" time="0.001" />
  <testcase classname="aka.jmetadata.test.JMetaDataAudio_Test" name="subTestGetDelaySettingsAsInteger" time="0.0" />
  <testcase classname="aka.jmetadata.test.JMetaDataAudio_Test" name="subTestGetFrameRateDenAsBoolean" time="0.0" />
  <testcase classname="aka.jmetadata.test.JMetaDataAudio_Test" name="subTestGetSourceStreamSizeString3AsLong" time="0.0" />
  <testcase classname="aka.jmetadata.test.JMetaDataAudio_Test" name="subTestGetInterleavePreloadStringAsURL" time="0.0" />
  <testcase classname="aka.jmetadata.test.JMetaDataAudio_Test" name="subTestGetChannelLayoutAsLong" time="0.0" />
  <testcase classname="aka.jmetadata.test.JMetaDataAudio_Test" name="subTestGetDurationAsLong" time="0.0" />
  <testcase classname="aka.jmetadata.test.JMetaDataAudio_Test" name="subTestGetDelayString1AsBigInteger" time="0.0" />
  <testcase classname="aka.jmetadata.test.JMetaDataAudio_Test" name="subTestGetSourceDurationString3AsLong" time="0.0" />
  <testcase classname="aka.jmetadata.test.JMetaDataAudio_Test" name="subTestGetCodecIDAsBoolean" time="0.0" />
  <testcase classname="aka.jmetadata.test.JMetaDataAudio_Test" name="subTestGetMuxingModeMoreInfoAsURL" time="0.0" />
  <testcase classname="aka.jmetadata.test.JMetaDataAudio_Test" name="subTestGetBitDepthDetectedAsLocalTime" time="0.0" />
  <testcase classname="aka.jmetadata.test.JMetaDataAudio_Test" name="subTestGetEncodedDateAsBoolean" time="0.0" />
  <testcase classname="aka.jmetadata.test.JMetaDataAudio_Test" name="subTestGetOriginalSourceMediumIDStringAsInteger" time="0.0" />
  <testcase classname="aka.jmetadata.test.JMetaDataAudio_Test" name="subTestGetSourceStreamSizeString3AsBoolean" time="0.0" />
  <testcase classname="aka.jmetadata.test.JMetaDataAudio_Test" name="subTestGetReplayGainPeakAsURL" time="0.0" />
  <testcase classname="aka.jmetadata.test.JMetaDataAudio_Test" name="subTestGetBitRateStringAsLocalDateTime" time="0.0" />
  <testcase classname="aka.jmetadata.test.JMetaDataAudio_Test" name="subTestGetDelayOriginalSourceAsString" time="0.0" />
  <testcase classname="aka.jmetadata.test.JMetaDataAudio_Test" name="subTestGetDurationString1AsLocalDateTime" time="0.0" />
  <testcase classname="aka.jmetadata.test.JMetaDataAudio_Test" name="subTestGetEncodedLibraryDateAsBoolean" time="0.0" />
  <testcase classname="aka.jmetadata.test.JMetaDataAudio_Test" name="subTestGetBitRateStringAsLong" time="0.0" />
  <testcase classname="aka.jmetadata.test.JMetaDataAudio_Test" name="subTestGetDurationFirstFrameString1AsInteger" time="0.001" />
  <testcase classname="aka.jmetadata.test.JMetaDataAudio_Test" name="subTestGetLanguageAsLong" time="0.0" />
  <testcase classname="aka.jmetadata.test.JMetaDataAudio_Test" name="subTestGetSourceDurationLastFrameString2AsInteger" time="0.0" />
  <testcase classname="aka.jmetadata.test.JMetaDataAudio_Test" name="subTestGetDefaultAsLocalTime" time="0.0" />
  <testcase classname="aka.jmetadata.test.JMetaDataAudio_Test" name="subTestGetEncodedOperatingSystemAsURL" time="0.0" />
  <testcase classname="aka.jmetadata.test.JMetaDataAudio_Test" name="subTestGetBitRateEncodedAsURL" time="0.0" />
  <testcase classname="aka.jmetadata.test.JMetaDataAudio_Test" name="subTestGetStreamSizeString5AsInteger" time="0.0" />
  <testcase classname="aka.jmetadata.test.JMetaDataAudio_Test" name="subTestGetStreamKindAsLocalDateTime" time="0.0" />
  <testcase classname="aka.jmetadata.test.JMetaDataAudio_Test" name="subTestGetDelayString4AsLong" time="0.0" />
  <testcase classname="aka.jmetadata.test.JMetaDataAudio_Test" name="subTestGetBitRateMinimumStringAsLocalDateTime" time="0.0" />
  <testcase classname="aka.jmetadata.test.JMetaDataAudio_Test" name="subTestGetSourceDurationAsBoolean" time="0.0" />
  <testcase classname="aka.jmetadata.test.JMetaDataAudio_Test" name="subTestGetCodecIDDescriptionAsLocalTime" time="0.0" />
  <testcase classname="aka.jmetadata.test.JMetaDataAudio_Test" name="subTestGetSourceDurationString2AsString" time="0.0" />
  <testcase classname="aka.jmetadata.test.JMetaDataAudio_Test" name="subTestGetChannelsStringAsString" time="0.001" />
  <testcase classname="aka.jmetadata.test.JMetaDataAudio_Test" name="subTestGetReplayGainGainStringAsLocalDateTime" time="0.0" />
  <testcase classname="aka.jmetadata.test.JMetaDataAudio_Test" name="subTestGetSourceDurationString1AsInteger" time="0.0" />
  <testcase classname="aka.jmetadata.test.JMetaDataAudio_Test" name="subTestGetDelayString4AsLocalTime" time="0.001" />
  <testcase classname="aka.jmetadata.test.JMetaDataAudio_Test" name="subTestGetStreamKindStringAsURL" time="0.0" />
  <testcase classname="aka.jmetadata.test.JMetaDataAudio_Test" name="subTestGetVideoDelayString3AsLocalDateTime" time="0.001" />
  <testcase classname="aka.jmetadata.test.JMetaDataAudio_Test" name="subTestGetFrameRateStringAsLocalDateTime" time="0.0" />
  <testcase classname="aka.jmetadata.test.JMetaDataAudio_Test" name="subTestGetEncodedApplicationUrlAsBigInteger" time="0.0" />
  <testcase classname="aka.jmetadata.test.JMetaDataAudio_Test" name="subTestGetBitDepthStoredStringAsString" time="0.0" />
  <testcase classname="aka.jmetadata.test.JMetaDataAudio_Test" name="subTestGetFrameRateStringAsInteger" time="0.0" />
  <testcase classname="aka.jmetadata.test.JMetaDataAudio_Test" name="subTestGetOriginalSourceMediumIDStringAsLocalTime" time="0.0" />
  <testcase classname="aka.jmetadata.test.JMetaDataAudio_Test" name="subTestGetLanguageString2AsInteger" time="0.0" />
  <testcase classname="aka.jmetadata.test.JMetaDataAudio_Test" name="subTestGetStreamSizeDemuxedStringAsLocalTime" time="0.0" />
  <testcase classname="aka.jmetadata.test.JMetaDataAudio_Test" name="subTestGetChannelsOriginalStringAsBigInteger" time="0.0" />
  <testcase classname="aka.jmetadata.test.JMetaDataAudio_Test" name="subTestGetDelayDropFrameAsLocalDateTime" time="0.0" />
  <testcase classname="aka.jmetadata.test.JMetaDataAudio_Test" name="subTestGetDisabledAsString" time="0.0" />
  <testcase classname="aka.jmetadata.test.JMetaDataAudio_Test" name="subTestGetAlternateGroupAsString" time="0.0" />
  <testcase classname="aka.jmetadata.test.JMetaDataAudio_Test" name="subTestGetFormatSettingsSBRStringAsBigInteger" time="0.0" />
  <testcase classname="aka.jmetadata.test.JMetaDataAudio_Test" name="subTestGetDefaultAsLong" time="0.0" />
  <testcase classname="aka.jmetadata.test.JMetaDataAudio_Test" name="subTestGetSourceStreamSizeProportionAsLocalTime" time="0.0" />
  <testcase classname="aka.jmetadata.test.JMetaDataAudio_Test" name="subTestGetDelaySettingsAsURL" time="0.0" />
  <testcase classname="aka.jmetadata.test.JMetaDataAudio_Test" name="subTestGetMatrixChannelPositionsString2AsURL" time="0.0" />
  <testcase classname="aka.jmetadata.test.JMetaDataAudio_Test" name="subTestGetDurationLastFrameString4AsLong" time="0.0" />
  <testcase classname="aka.jmetadata.test.JMetaDataAudio_Test" name="subTestGetFrameRateStringAsBigInteger" time="0.0" />
  <testcase classname="aka.jmetadata.test.JMetaDataAudio_Test" name="subTestGetChannelsOriginalStringAsLong" time="0.0" />
  <testcase classname="aka.jmetadata.test.JMetaDataAudio_Test" name="subTestGetEncodedDateAsLocalTime" time="0.0" />
  <testcase classname="aka.jmetadata.test.JMetaDataAudio_Test" name="subTestGetSourceDurationAsBigInteger" time="0.0" />
  <testcase classname="aka.jmetadata.test.JMetaDataAudio_Test" name="subTestGetDelayOriginalString4AsLong" time="0.0" />
  <testcase classname="aka.jmetadata.test.JMetaDataAudio_Test" name="subTestGetSourceStreamSizeEncodedString4AsInteger" time="0.0" />
  <testcase classname="aka.jmetadata.test.JMetaDataAudio_Test" name="subTestGetCodecIDDescriptionAsURL" time="0.0" />
  <testcase classname="aka.jmetadata.test.JMetaDataAudio_Test" name="subTestGetUniqueIDStringAsLocalDateTime" time="0.0" />
  <testcase classname="aka.jmetadata.test.JMetaDataAudio_Test" name="subTestGetStreamSizeAsBigInteger" time="0.0" />
  <testcase classname="aka.jmetadata.test.JMetaDataAudio_Test" name="subTestGetStreamSizeStringAsURL" time="0.0" />
  <testcase classname="aka.jmetadata.test.JMetaDataAudio_Test" name="subTestGetEncodedApplicationNameAsLocalDateTime" time="0.0" />
  <testcase classname="aka.jmetadata.test.JMetaDataAudio_Test" name="subTestGetDelayAsLocalTime" time="0.001" />
  <testcase classname="aka.jmetadata.test.JMetaDataAudio_Test" name="subTestGetCodecIDInfoAsURL" time="0.0" />
  <testcase classname="aka.jmetadata.test.JMetaDataAudio_Test" name="subTestGetFrameCountAsLocalDateTime" time="0.0" />
  <testcase classname="aka.jmetadata.test.JMetaDataAudio_Test" name="subTestGetDelayOriginalAsString" time="0.0" />
  <testcase classname="aka.jmetadata.test.JMetaDataAudio_Test" name="subTestGetMatrixChannelPositionsAsLocalTime" time="0.0" />
  <testcase classname="aka.jmetadata.test.JMetaDataAudio_Test" name="subTestGetEncodedLibraryAsURL" time="0.0" />
  <testcase classname="aka.jmetadata.test.JMetaDataAudio_Test" name="subTestGetFormatSettingsAsInteger" time="0.001" />
  <testcase classname="aka.jmetadata.test.JMetaDataAudio_Test" name="subTestGetMuxingModeMoreInfoAsBoolean" time="0.0" />
  <testcase classname="aka.jmetadata.test.JMetaDataAudio_Test" name="subTestGetDurationFirstFrameStringAsInteger" time="0.0" />
  <testcase classname="aka.jmetadata.test.JMetaDataAudio_Test" name="subTestGetStreamSizeDemuxedString3AsString" time="0.0" />
  <testcase classname="aka.jmetadata.test.JMetaDataAudio_Test" name="subTestGetDurationLastFrameAsBoolean" time="0.0" />
  <testcase classname="aka.jmetadata.test.JMetaDataAudio_Test" name="subTestGetBitRateMaximumStringAsURL" time="0.0" />
  <testcase classname="aka.jmetadata.test.JMetaDataAudio_Test" name="subTestGetVideoDelayString1AsLong" time="0.001" />
  <testcase classname="aka.jmetadata.test.JMetaDataAudio_Test" name="subTestGetStreamSizeEncodedProportionAsLocalTime" time="0.0" />
  <testcase classname="aka.jmetadata.test.JMetaDataAudio_Test" name="subTestGetStreamKindPosAsLong" time="0.001" />
  <testcase classname="aka.jmetadata.test.JMetaDataAudio_Test" name="subTestGetFormatSettingsSignAsLocalTime" time="0.0" />
  <testcase classname="aka.jmetadata.test.JMetaDataAudio_Test" name="subTestGetDelayOriginalDropFrameAsString" time="0.0" />
  <testcase classname="aka.jmetadata.test.JMetaDataAudio_Test" name="subTestGetStreamKindIDAsBoolean" time="0.0" />
  <testcase classname="aka.jmetadata.test.JMetaDataAudio_Test" name="subTestGetDelayString5AsInteger" time="0.0" />
  <testcase classname="aka.jmetadata.test.JMetaDataAudio_Test" name="subTestGetDelayOriginalSettingsAsURL" time="0.001" />
  <testcase classname="aka.jmetadata.test.JMetaDataAudio_Test" name="subTestGetDelayString5AsLocalTime" time="0.0" />
  <testcase classname="aka.jmetadata.test.JMetaDataAudio_Test" name="subTestGetSamplesPerFrameAsBigInteger" time="0.0" />
  <testcase classname="aka.jmetadata.test.JMetaDataAudio_Test" name="subTestGetSourceDurationLastFrameString1AsString" time="0.0" />
  <testcase classname="aka.jmetadata.test.JMetaDataAudio_Test" name="subTestGetChannelPositionsAsLocalTime" time="0.0" />
  <testcase classname="aka.jmetadata.test.JMetaDataAudio_Test" name="subTestGetBitRateMinimumStringAsBoolean" time="0.0" />
  <testcase classname="aka.jmetadata.test.JMetaDataAudio_Test" name="subTestGetAlignmentAsURL" time="0.0" />
  <testcase classname="aka.jmetadata.test.JMetaDataAudio_Test" name="subTestGetStreamKindPosAsInteger" time="0.0" />
  <testcase classname="aka.jmetadata.test.JMetaDataAudio_Test" name="subTestGetDelayOriginalString4AsString" time="0.0" />
  <testcase classname="aka.jmetadata.test.JMetaDataAudio_Test" name="subTestGetSourceStreamSizeString2AsBoolean" time="0.001" />
  <testcase classname="aka.jmetadata.test.JMetaDataAudio_Test" name="subTestGetSourceDurationString1AsLocalDateTime" time="0.0" />
  <testcase classname="aka.jmetadata.test.JMetaDataAudio_Test" name="subTestGetSourceDurationStringAsBoolean" time="0.0" />
  <testcase classname="aka.jmetadata.test.JMetaDataAudio_Test" name="subTestGetServiceKindStringAsInteger" time="0.001" />
  <testcase classname="aka.jmetadata.test.JMetaDataAudio_Test" name="subTestGetUniqueIDAsLong" time="0.0" />
  <testcase classname="aka.jmetadata.test.JMetaDataAudio_Test" name="subTestGetSourceFrameCountAsString" time="0.0" />
  <testcase classname="aka.jmetadata.test.JMetaDataAudio_Test" name="subTestGetStreamSizeString1AsLocalTime" time="0.0" />
  <testcase classname="aka.jmetadata.test.JMetaDataAudio_Test" name="subTestGetChannelPositionsString2AsLocalDateTime" time="0.001" />
  <testcase classname="aka.jmetadata.test.JMetaDataAudio_Test" name="subTestGetDelayOriginalString5AsInteger" time="0.0" />
  <testcase classname="aka.jmetadata.test.JMetaDataAudio_Test" name="subTestGetSourceDurationLastFrameString1AsInteger" time="0.0" />
  <testcase classname="aka.jmetadata.test.JMetaDataAudio_Test" name="subTestGetStreamSizeString4AsInteger" time="0.001" />
  <testcase classname="aka.jmetadata.test.JMetaDataAudio_Test" name="subTestGetMenuIDStringAsString" time="0.0" />
  <testcase classname="aka.jmetadata.test.JMetaDataAudio_Test" name="subTestGetCodecIDDescriptionAsBoolean" time="0.0" />
  <testcase classname="aka.jmetadata.test.JMetaDataAudio_Test" name="subTestGetEncodedLibrarySettingsAsString" time="0.001" />
  <testcase classname="aka.jmetadata.test.JMetaDataAudio_Test" name="subTestGetSourceDurationLastFrameString4AsBigInteger" time="0.0" />
  <testcase classname="aka.jmetadata.test.JMetaDataAudio_Test" name="subTestGetSourceDurationLastFrameString1AsURL" time="0.0" />
  <testcase classname="aka.jmetadata.test.JMetaDataAudio_Test" name="subTestGetAlignmentStringAsBoolean" time="0.001" />
  <testcase classname="aka.jmetadata.test.JMetaDataAudio_Test" name="subTestGetDelayOriginalSettingsAsLong" time="0.0" />
  <testcase classname="aka.jmetadata.test.JMetaDataAudio_Test" name="subTestGetFormatVersionAsString" time="0.0" />
  <testcase classname="aka.jmetadata.test.JMetaDataAudio_Test" name="subTestGetSourceSamplingCountAsURL" time="0.0" />
  <testcase classname="aka.jmetadata.test.JMetaDataAudio_Test" name="subTestGetEncodedApplicationAsLocalTime" time="0.0" />
  <testcase classname="aka.jmetadata.test.JMetaDataAudio_Test" name="subTestGetUniqueIDStringAsBigInteger" time="0.0" />
  <testcase classname="aka.jmetadata.test.JMetaDataAudio_Test" name="subTestGetSourceStreamSizeString5AsBigInteger" time="0.0" />
  <testcase classname="aka.jmetadata.test.JMetaDataAudio_Test" name="subTestGetForcedStringAsString" time="0.0" />
  <testcase classname="aka.jmetadata.test.JMetaDataAudio_Test" name="subTestGetAlignmentAsInteger" time="0.0" />
  <testcase classname="aka.jmetadata.test.JMetaDataAudio_Test" name="subTestGetStreamCountAsBigInteger" time="0.0" />
  <testcase classname="aka.jmetadata.test.JMetaDataAudio_Test" name="subTestGetSourceDurationLastFrameString2AsURL" time="0.0" />
  <testcase classname="aka.jmetadata.test.JMetaDataAudio_Test" name="subTestGetLanguageString1AsInteger" time="0.0" />
  <testcase classname="aka.jmetadata.test.JMetaDataAudio_Test" name="subTestGetBitDepthDetectedStringAsLong" time="0.0" />
  <testcase classname="aka.jmetadata.test.JMetaDataAudio_Test" name="subTestGetSamplingRateAsBoolean" time="0.0" />
  <testcase classname="aka.jmetadata.test.JMetaDataAudio_Test" name="subTestGetServiceKindAsBoolean" time="0.001" />
  <testcase classname="aka.jmetadata.test.JMetaDataAudio_Test" name="subTestGetDurationLastFrameString4AsLocalDateTime" time="0.0" />
  <testcase classname="aka.jmetadata.test.JMetaDataAudio_Test" name="subTestGetFormatCommercialAsLong" time="0.0" />
  <testcase classname="aka.jmetadata.test.JMetaDataAudio_Test" name="subTestGetCodecIDHintAsLocalDateTime" time="0.001" />
  <testcase classname="aka.jmetadata.test.JMetaDataAudio_Test" name="subTestGetMatrixFormatAsLocalDateTime" time="0.0" />
  <testcase classname="aka.jmetadata.test.JMetaDataAudio_Test" name="subTestGetSourceDurationLastFrameString4AsLocalDateTime" time="0.0" />
  <testcase classname="aka.jmetadata.test.JMetaDataAudio_Test" name="subTestGetSourceDurationLastFrameString3AsURL" time="0.001" />
  <testcase classname="aka.jmetadata.test.JMetaDataAudio_Test" name="subTestGetDurationFirstFrameAsURL" time="0.0" />
  <testcase classname="aka.jmetadata.test.JMetaDataAudio_Test" name="subTestGetMuxingModeAsBigInteger" time="0.0" />
  <testcase classname="aka.jmetadata.test.JMetaDataAudio_Test" name="subTestGetSourceDurationLastFrameString4AsLong" time="0.001" />
  <testcase classname="aka.jmetadata.test.JMetaDataAudio_Test" name="subTestGetFormatLevelAsString" time="0.0" />
  <testcase classname="aka.jmetadata.test.JMetaDataAudio_Test" name="subTestGetStreamSizeDemuxedString1AsLocalDateTime" time="0.0" />
  <testcase classname="aka.jmetadata.test.JMetaDataAudio_Test" name="subTestGetFormatSettingsPSAsBigInteger" time="0.001" />
  <testcase classname="aka.jmetadata.test.JMetaDataAudio_Test" name="subTestGetStatusAsString" time="0.0" />
  <testcase classname="aka.jmetadata.test.JMetaDataAudio_Test" name="subTestGetSourceDurationFirstFrameAsBoolean" time="0.0" />
  <testcase classname="aka.jmetadata.test.JMetaDataAudio_Test" name="subTestGetFormatSettingsSignAsLong" time="0.0" />
  <testcase classname="aka.jmetadata.test.JMetaDataAudio_Test" name="subTestGetDelayStringAsLong" time="0.0" />
  <testcase classname="aka.jmetadata.test.JMetaDataAudio_Test" name="subTestGetDefaultAsURL" time="0.001" />
  <testcase classname="aka.jmetadata.test.JMetaDataAudio_Test" name="subTestGetBitRateEncodedStringAsBoolean" time="0.0" />
  <testcase classname="aka.jmetadata.test.JMetaDataAudio_Test" name="subTestGetChannelLayoutIDAsInteger" time="0.0" />
  <testcase classname="aka.jmetadata.test.JMetaDataAudio_Test" name="subTestGetSourceStreamSizeEncodedString3AsInteger" time="0.0" />
  <testcase classname="aka.jmetadata.test.JMetaDataAudio_Test" name="subTestGetSourceDurationLastFrameString4AsURL" time="0.0" />
  <testcase classname="aka.jmetadata.test.JMetaDataAudio_Test" name="subTestGetStreamSizeString5AsString" time="0.0" />
  <testcase classname="aka.jmetadata.test.JMetaDataAudio_Test" name="subTestGetMuxingModeMoreInfoAsBigInteger" time="0.0" />
  <testcase classname="aka.jmetadata.test.JMetaDataAudio_Test" name="subTestGetInternetMediaTypeAsLong" time="0.0" />
  <testcase classname="aka.jmetadata.test.JMetaDataAudio_Test" name="subTestGetMuxingModeAsURL" time="0.0" />
  <testcase classname="aka.jmetadata.test.JMetaDataAudio_Test" name="subTestGetDurationAsBoolean" time="0.0" />
  <testcase classname="aka.jmetadata.test.JMetaDataAudio_Test" name="subTestGetFormatSettingsPSStringAsLocalDateTime" time="0.0" />
  <testcase classname="aka.jmetadata.test.JMetaDataAudio_Test" name="subTestGetFormatVersionAsURL" time="0.0" />
  <testcase classname="aka.jmetadata.test.JMetaDataAudio_Test" name="subTestGetStreamSizeDemuxedString5AsBigInteger" time="0.0" />
  <testcase classname="aka.jmetadata.test.JMetaDataAudio_Test" name="subTestGetStreamSizeString2AsLocalTime" time="0.0" />
  <testcase classname="aka.jmetadata.test.JMetaDataAudio_Test" name="subTestGetBitRateModeStringAsString" time="0.0" />
  <testcase classname="aka.jmetadata.test.JMetaDataAudio_Test" name="subTestGetFormatLevelAsLong" time="0.0" />
  <testcase classname="aka.jmetadata.test.JMetaDataAudio_Test" name="subTestGetSourceDurationLastFrameString5AsURL" time="0.0" />
  <testcase classname="aka.jmetadata.test.JMetaDataAudio_Test" name="subTestGetBitDepthDetectedStringAsLocalDateTime" time="0.0" />
  <testcase classname="aka.jmetadata.test.JMetaDataAudio_Test" name="subTestGetCountAsURL" time="0.0" />
  <testcase classname="aka.jmetadata.test.JMetaDataAudio_Test" name="subTestGetEncodedApplicationCompanyNameAsLocalTime" time="0.0" />
  <testcase classname="aka.jmetadata.test.JMetaDataAudio_Test" name="subTestGetBitDepthStoredStringAsInteger" time="0.001" />
  <testcase classname="aka.jmetadata.test.JMetaDataAudio_Test" name="subTestGetSourceDurationLastFrameAsURL" time="0.0" />
  <testcase classname="aka.jmetadata.test.JMetaDataAudio_Test" name="subTestGetForcedAsLong" time="0.001" />
  <testcase classname="aka.jmetadata.test.JMetaDataAudio_Test" name="subTestGetFormatSettingsEmphasisAsString" time="0.0" />
  <testcase classname="aka.jmetadata.test.JMetaDataAudio_Test" name="subTestGetCodecIDStringAsInteger" time="0.0" />
  <testcase classname="aka.jmetadata.test.JMetaDataAudio_Test" name="subTestGetMenuIDStringAsLocalDateTime" time="0.0" />
  <testcase classname="aka.jmetadata.test.JMetaDataAudio_Test" name="subTestGetFrameRateNumAsInteger" time="0.001" />
  <testcase classname="aka.jmetadata.test.JMetaDataAudio_Test" name="subTestGetSamplesPerFrameAsLocalTime" time="0.0" />
  <testcase classname="aka.jmetadata.test.JMetaDataAudio_Test" name="subTestGetUniqueIDAsString" time="0.0" />
  <testcase classname="aka.jmetadata.test.JMetaDataAudio_Test" name="subTestGetBitRateNominalAsBigInteger" time="0.0" />
  <testcase classname="aka.jmetadata.test.JMetaDataAudio_Test" name="subTestGetBitDepthStringAsBigInteger" time="0.0" />
  <testcase classname="aka.jmetadata.test.JMetaDataAudio_Test" name="subTestGetSamplingRateStringAsURL" time="0.0" />
  <testcase classname="aka.jmetadata.test.JMetaDataAudio_Test" name="subTestGetDelayString4AsInteger" time="0.0" />
  <testcase classname="aka.jmetadata.test.JMetaDataAudio_Test" name="subTestGetEncodedApplicationVersionAsString" time="0.001" />
  <testcase classname="aka.jmetadata.test.JMetaDataAudio_Test" name="subTestGetStreamSizeEncodedString1AsLocalDateTime" time="0.0" />
  <testcase classname="aka.jmetadata.test.JMetaDataAudio_Test" name="subTestGetMuxingModeAsString" time="0.0" />
  <testcase classname="aka.jmetadata.test.JMetaDataAudio_Test" name="subTestGetFormatSettingsFloorAsLocalTime" time="0.0" />
  <testcase classname="aka.jmetadata.test.JMetaDataAudio_Test" name="subTestGetEncodedLibraryAsBigInteger" time="0.0" />
  <testcase classname="aka.jmetadata.test.JMetaDataAudio_Test" name="subTestGetBitRateMaximumAsLong" time="0.0" />
  <testcase classname="aka.jmetadata.test.JMetaDataAudio_Test" name="subTestGetStatusAsBigInteger" time="0.0" />
  <testcase classname="aka.jmetadata.test.JMetaDataAudio_Test" name="subTestGetSourceStreamSizeEncodedString1AsLocalDateTime" time="0.0" />
  <testcase classname="aka.jmetadata.test.JMetaDataAudio_Test" name="subTestGetDurationStringAsURL" time="0.0" />
  <testcase classname="aka.jmetadata.test.JMetaDataAudio_Test" name="subTestGetSourceStreamSizeString1AsBoolean" time="0.0" />
  <testcase classname="aka.jmetadata.test.JMetaDataAudio_Test" name="subTestGetSourceStreamSizeString1AsString" time="0.0" />
  <testcase classname="aka.jmetadata.test.JMetaDataAudio_Test" name="subTestGetChannelPositionsString2AsLocalTime" time="0.0" />
  <testcase classname="aka.jmetadata.test.JMetaDataAudio_Test" name="subTestGetEncodedLibraryVersionAsInteger" time="0.0" />
  <testcase classname="aka.jmetadata.test.JMetaDataAudio_Test" name="subTestGetSamplesPerFrameAsLocalDateTime" time="0.0" />
  <testcase classname="aka.jmetadata.test.JMetaDataAudio_Test" name="subTestGetMatrixChannelPositionsString2AsInteger" time="0.0" />
  <testcase classname="aka.jmetadata.test.JMetaDataAudio_Test" name="subTestGetIDAsInteger" time="0.0" />
  <testcase classname="aka.jmetadata.test.JMetaDataAudio_Test" name="subTestGetDelayOriginalString4AsInteger" time="0.0" />
  <testcase classname="aka.jmetadata.test.JMetaDataAudio_Test" name="subTestGetMatrixFormatAsInteger" time="0.0" />
  <testcase classname="aka.jmetadata.test.JMetaDataAudio_Test" name="subTestGetEncodedLibraryStringAsURL" time="0.0" />
  <testcase classname="aka.jmetadata.test.JMetaDataAudio_Test" name="subTestGetStreamSizeAsLocalDateTime" time="0.001" />
  <testcase classname="aka.jmetadata.test.JMetaDataAudio_Test" name="subTestGetCodecIDAsLocalTime" time="0.0" />
  <testcase classname="aka.jmetadata.test.JMetaDataAudio_Test" name="subTestGetDelaySourceStringAsLocalTime" time="0.0" />
  <testcase classname="aka.jmetadata.test.JMetaDataAudio_Test" name="subTestGetStreamSizeString3AsLong" time="0.001" />
  <testcase classname="aka.jmetadata.test.JMetaDataAudio_Test" name="subTestGetFrameRateDenAsLocalTime" time="0.0" />
  <testcase classname="aka.jmetadata.test.JMetaDataAudio_Test" name="subTestGetStreamSizeString3AsInteger" time="0.0" />
  <testcase classname="aka.jmetadata.test.JMetaDataAudio_Test" name="subTestGetChannelPositionsAsLocalDateTime" time="0.0" />
  <testcase classname="aka.jmetadata.test.JMetaDataAudio_Test" name="subTestGetCompressionRatioAsInteger" time="0.0" />
  <testcase classname="aka.jmetadata.test.JMetaDataAudio_Test" name="subTestGetLanguageAsString" time="0.0" />
  <testcase classname="aka.jmetadata.test.JMetaDataAudio_Test" name="subTestGetEncodedLibraryVersionAsBigInteger" time="0.0" />
  <testcase classname="aka.jmetadata.test.JMetaDataAudio_Test" name="subTestGetFrameRateAsString" time="0.0" />
  <testcase classname="aka.jmetadata.test.JMetaDataAudio_Test" name="subTestGetSourceDurationLastFrameStringAsInteger" time="0.001" />
  <testcase classname="aka.jmetadata.test.JMetaDataAudio_Test" name="subTestGetSamplingCountAsBoolean" time="0.0" />
  <testcase classname="aka.jmetadata.test.JMetaDataAudio_Test" name="subTestGetBitRateModeStringAsInteger" time="0.0" />
  <testcase classname="aka.jmetadata.test.JMetaDataAudio_Test" name="subTestGetVideoDelayString2AsString" time="0.0" />
  <testcase classname="aka.jmetadata.test.JMetaDataAudio_Test" name="subTestGetFormatSettingsFloorAsInteger" time="0.0" />
  <testcase classname="aka.jmetadata.test.JMetaDataAudio_Test" name="subTestGetForcedStringAsLocalTime" time="0.0" />
  <testcase classname="aka.jmetadata.test.JMetaDataAudio_Test" name="subTestGetFormatSettingsSBRStringAsURL" time="0.0" />
  <testcase classname="aka.jmetadata.test.JMetaDataAudio_Test" name="subTestGetStreamSizeDemuxedAsLocalTime" time="0.0" />
  <testcase classname="aka.jmetadata.test.JMetaDataAudio_Test" name="subTestGetDurationFirstFrameString5AsLocalDateTime" time="0.0" />
  <testcase classname="aka.jmetadata.test.JMetaDataAudio_Test" name="subTestGetDurationString5AsInteger" time="0.0" />
  <testcase classname="aka.jmetadata.test.JMetaDataAudio_Test" name="subTestGetFrameRateStringAsString" time="0.0" />
  <testcase classname="aka.jmetadata.test.JMetaDataAudio_Test" name="subTestGetDefaultAsBoolean" time="0.0" />
  <testcase classname="aka.jmetadata.test.JMetaDataAudio_Test" name="subTestGetSamplingRateStringAsInteger" time="0.0" />
  <testcase classname="aka.jmetadata.test.JMetaDataAudio_Test" name="subTestGetStreamSizeString3AsLocalTime" time="0.0" />
  <testcase classname="aka.jmetadata.test.JMetaDataAudio_Test" name="subTestGetInterleaveDurationStringAsURL" time="0.001" />
  <testcase classname="aka.jmetadata.test.JMetaDataAudio_Test" name="subTestGetSourceDurationLastFrameStringAsURL" time="0.0" />
  <testcase classname="aka.jmetadata.test.JMetaDataAudio_Test" name="subTestGetCodecIDHintAsURL" time="0.0" />
  <testcase classname="aka.jmetadata.test.JMetaDataAudio_Test" name="subTestGetEncodedLibraryCompanyNameAsLocalTime" time="0.0" />
  <testcase classname="aka.jmetadata.test.JMetaDataAudio_Test" name="subTestGetMenuIDAsLong" time="0.0" />
  <testcase classname="aka.jmetadata.test.JMetaDataAudio_Test" name="subTestGetSourceStreamSizeEncodedString2AsString" time="0.0" />
  <testcase classname="aka.jmetadata.test.JMetaDataAudio_Test" name="subTestGetCompressionModeStringAsLocalTime" time="0.0" />
  <testcase classname="aka.jmetadata.test.JMetaDataAudio_Test" name="subTestGetCompressionModeStringAsBoolean" time="0.001" />
  <testcase classname="aka.jmetadata.test.JMetaDataAudio_Test" name="subTestGetIDStringAsLong" time="0.0" />
  <testcase classname="aka.jmetadata.test.JMetaDataAudio_Test" name="subTestGetEncodedLibraryAsLocalDateTime" time="0.0" />
  <testcase classname="aka.jmetadata.test.JMetaDataAudio_Test" name="subTestGetStreamOrderAsURL" time="0.001" />
  <testcase classname="aka.jmetadata.test.JMetaDataAudio_Test" name="subTestGetSourceStreamSizeStringAsURL" time="0.001" />
  <testcase classname="aka.jmetadata.test.JMetaDataAudio_Test" name="subTestGetInterleaveVideoFramesAsInteger" time="0.001" />
  <testcase classname="aka.jmetadata.test.JMetaDataAudio_Test" name="subTestGetFormatSettingsModeExtensionAsLong" time="0.001" />
  <testcase classname="aka.jmetadata.test.JMetaDataAudio_Test" name="subTestGetDurationString2AsString" time="0.0" />
  <testcase classname="aka.jmetadata.test.JMetaDataAudio_Test" name="subTestGetSourceDurationAsLocalTime" time="0.0" />
  <testcase classname="aka.jmetadata.test.JMetaDataAudio_Test" name="subTestGetCodecIDInfoAsBoolean" time="0.001" />
  <testcase classname="aka.jmetadata.test.JMetaDataAudio_Test" name="subTestGetEncryptionAsLong" time="0.0" />
  <testcase classname="aka.jmetadata.test.JMetaDataAudio_Test" name="subTestGetBitDepthStoredAsBoolean" time="0.0" />
  <testcase classname="aka.jmetadata.test.JMetaDataAudio_Test" name="subTestGetDurationLastFrameAsBigInteger" time="0.001" />
  <testcase classname="aka.jmetadata.test.JMetaDataAudio_Test" name="subTestGetStreamSizeStringAsBigInteger" time="0.0" />
  <testcase classname="aka.jmetadata.test.JMetaDataAudio_Test" name="subTestGetFormatProfileAsBoolean" time="0.0" />
  <testcase classname="aka.jmetadata.test.JMetaDataAudio_Test" name="subTestGetStreamSizeStringAsLocalTime" time="0.001" />
  <testcase classname="aka.jmetadata.test.JMetaDataAudio_Test" name="subTestGetStreamOrderAsBoolean" time="0.0" />
  <testcase classname="aka.jmetadata.test.JMetaDataAudio_Test" name="subTestGetSourceStreamSizeEncodedString2AsInteger" time="0.0" />
  <testcase classname="aka.jmetadata.test.JMetaDataAudio_Test" name="subTestGetForcedStringAsLong" time="0.0" />
  <testcase classname="aka.jmetadata.test.JMetaDataAudio_Test" name="subTestGetDurationString4AsLong" time="0.0" />
  <testcase classname="aka.jmetadata.test.JMetaDataAudio_Test" name="subTestGetFormatSettingsAsBigInteger" time="0.0" />
  <testcase classname="aka.jmetadata.test.JMetaDataAudio_Test" name="subTestGetInterleaveDurationAsString" time="0.0" />
  <testcase classname="aka.jmetadata.test.JMetaDataAudio_Test" name="subTestGetServiceKindAsLocalTime" time="0.0" />
  <testcase classname="aka.jmetadata.test.JMetaDataAudio_Test" name="subTestGetCompressionModeStringAsURL" time="0.001" />
  <testcase classname="aka.jmetadata.test.JMetaDataAudio_Test" name="subTestGetLanguageString3AsLong" time="0.0" />
  <testcase classname="aka.jmetadata.test.JMetaDataAudio_Test" name="subTestGetSourceDurationLastFrameString3AsBigInteger" time="0.0" />
  <testcase classname="aka.jmetadata.test.JMetaDataAudio_Test" name="subTestGetInformAsInteger" time="0.001" />
  <testcase classname="aka.jmetadata.test.JMetaDataAudio_Test" name="subTestGetEncodedApplicationNameAsLong" time="0.001" />
  <testcase classname="aka.jmetadata.test.JMetaDataAudio_Test" name="subTestGetStreamSizeEncodedString5AsLong" time="0.001" />
  <testcase classname="aka.jmetadata.test.JMetaDataAudio_Test" name="subTestGetSourceStreamSizeString4AsBigInteger" time="0.0" />
  <testcase classname="aka.jmetadata.test.JMetaDataAudio_Test" name="subTestGetChannelsStringAsURL" time="0.0" />
  <testcase classname="aka.jmetadata.test.JMetaDataAudio_Test" name="subTestGetLanguageAsLocalDateTime" time="0.0" />
  <testcase classname="aka.jmetadata.test.JMetaDataAudio_Test" name="subTestGetMuxingModeMoreInfoAsLocalDateTime" time="0.0" />
  <testcase classname="aka.jmetadata.test.JMetaDataAudio_Test" name="subTestGetBitRateStringAsBoolean" time="0.001" />
  <testcase classname="aka.jmetadata.test.JMetaDataAudio_Test" name="subTestGetSourceDurationLastFrameStringAsLocalDateTime" time="0.0" />
  <testcase classname="aka.jmetadata.test.JMetaDataAudio_Test" name="subTestGetChannelsAsBoolean" time="0.0" />
  <testcase classname="aka.jmetadata.test.JMetaDataAudio_Test" name="subTestGetFormatAsLocalTime" time="0.0" />
  <testcase classname="aka.jmetadata.test.JMetaDataAudio_Test" name="subTestGetStreamKindStringAsLong" time="0.0" />
  <testcase classname="aka.jmetadata.test.JMetaDataAudio_Test" name="subTestGetLanguageString1AsURL" time="0.0" />
  <testcase classname="aka.jmetadata.test.JMetaDataAudio_Test" name="subTestGetCodecIDUrlAsBigInteger" time="0.0" />
  <testcase classname="aka.jmetadata.test.JMetaDataAudio_Test" name="subTestGetDelayOriginalSourceAsURL" time="0.0" />
  <testcase classname="aka.jmetadata.test.JMetaDataAudio_Test" name="subTestGetFormatSettingsSignAsString" time="0.0" />
  <testcase classname="aka.jmetadata.test.JMetaDataAudio_Test" name="subTestGetBitRateNominalAsString" time="0.0" />
  <testcase classname="aka.jmetadata.test.JMetaDataAudio_Test" name="subTestGetVideoDelayString2AsLocalDateTime" time="0.0" />
  <testcase classname="aka.jmetadata.test.JMetaDataAudio_Test" name="subTestGetCodecIDStringAsLong" time="0.001" />
  <testcase classname="aka.jmetadata.test.JMetaDataAudio_Test" name="subTestGetFormatSettingsSBRAsInteger" time="0.0" />
  <testcase classname="aka.jmetadata.test.JMetaDataAudio_Test" name="subTestGetDurationLastFrameString1AsString" time="0.0" />
  <testcase classname="aka.jmetadata.test.JMetaDataAudio_Test" name="subTestGetDelayString3AsInteger" time="0.0" />
  <testcase classname="aka.jmetadata.test.JMetaDataAudio_Test" name="subTestGetBitRateEncodedAsBoolean" time="0.0" />
  <testcase classname="aka.jmetadata.test.JMetaDataAudio_Test" name="subTestGetLanguageString2AsURL" time="0.0" />
  <testcase classname="aka.jmetadata.test.JMetaDataAudio_Test" name="subTestGetInterleaveVideoFramesAsURL" time="0.001" />
  <testcase classname="aka.jmetadata.test.JMetaDataAudio_Test" name="subTestGetIDStringAsBigInteger" time="0.0" />
  <testcase classname="aka.jmetadata.test.JMetaDataAudio_Test" name="subTestGetEncodedLibraryDateAsURL" time="0.0" />
  <testcase classname="aka.jmetadata.test.JMetaDataAudio_Test" name="subTestGetFormatSettingsEmphasisAsLocalTime" time="0.001" />
  <testcase classname="aka.jmetadata.test.JMetaDataAudio_Test" name="subTestGetFormatSettingsEndiannessAsString" time="0.0" />
  <testcase classname="aka.jmetadata.test.JMetaDataAudio_Test" name="subTestGetFormatSettingsSBRAsLong" time="0.0" />
  <testcase classname="aka.jmetadata.test.JMetaDataAudio_Test" name="subTestGetMuxingModeAsLong" time="0.0" />
  <testcase classname="aka.jmetadata.test.JMetaDataAudio_Test" name="subTestGetDurationFirstFrameString3AsString" time="0.0" />
  <testcase classname="aka.jmetadata.test.JMetaDataAudio_Test" name="subTestGetStreamOrderAsLocalTime" time="0.0" />
  <testcase classname="aka.jmetadata.test.JMetaDataAudio_Test" name="subTestGetDefaultAsLocalDateTime" time="0.001" />
  <testcase classname="aka.jmetadata.test.JMetaDataAudio_Test" name="subTestGetStreamSizeString4AsLocalTime" time="0.0" />
  <testcase classname="aka.jmetadata.test.JMetaDataAudio_Test" name="subTestGetDisabledAsBigInteger" time="0.0" />
  <testcase classname="aka.jmetadata.test.JMetaDataAudio_Test" name="subTestGetSamplesPerFrameAsString" time="0.0" />
  <testcase classname="aka.jmetadata.test.JMetaDataAudio_Test" name="subTestGetInterleaveDurationStringAsLong" time="0.001" />
  <testcase classname="aka.jmetadata.test.JMetaDataAudio_Test" name="subTestGetVideoDelayStringAsBoolean" time="0.0" />
  <testcase classname="aka.jmetadata.test.JMetaDataAudio_Test" name="subTestGetLanguageStringAsLocalTime" time="0.0" />
  <testcase classname="aka.jmetadata.test.JMetaDataAudio_Test" name="subTestGetDelayOriginalStringAsLocalDateTime" time="0.0" />
  <testcase classname="aka.jmetadata.test.JMetaDataAudio_Test" name="subTestGetFormatSettingsEmphasisAsLocalDateTime" time="0.0" />
  <testcase classname="aka.jmetadata.test.JMetaDataAudio_Test" name="subTestGetLanguageString3AsURL" time="0.0" />
  <testcase classname="aka.jmetadata.test.JMetaDataAudio_Test" name="subTestGetBitRateMaximumStringAsInteger" time="0.0" />
  <testcase classname="aka.jmetadata.test.JMetaDataAudio_Test" name="subTestGetDelayOriginalString3AsInteger" time="0.001" />
  <testcase classname="aka.jmetadata.test.JMetaDataAudio_Test" name="subTestGetBitRateModeAsURL" time="0.0" />
  <testcase classname="aka.jmetadata.test.JMetaDataAudio_Test" name="subTestGetFormatUrlAsInteger" time="0.0" />
  <testcase classname="aka.jmetadata.test.JMetaDataAudio_Test" name="subTestGetBitDepthStoredAsLocalTime" time="0.0" />
  <testcase classname="aka.jmetadata.test.JMetaDataAudio_Test" name="subTestGetStreamSizeEncodedAsLocalTime" time="0.0" />
  <testcase classname="aka.jmetadata.test.JMetaDataAudio_Test" name="subTestGetStreamSizeString2AsInteger" time="0.0" />
  <testcase classname="aka.jmetadata.test.JMetaDataAudio_Test" name="subTestGetBitRateModeAsLong" time="0.0" />
  <testcase classname="aka.jmetadata.test.JMetaDataAudio_Test" name="subTestGetDelayString2AsString" time="0.0" />
  <testcase classname="aka.jmetadata.test.JMetaDataAudio_Test" name="subTestGetSourceStreamSizeProportionAsURL" time="0.001" />
  <testcase classname="aka.jmetadata.test.JMetaDataAudio_Test" name="subTestGetCodecIDStringAsLocalDateTime" time="0.0" />
  <testcase classname="aka.jmetadata.test.JMetaDataAudio_Test" name="subTestGetBitRateStringAsBigInteger" time="0.0" />
  <testcase classname="aka.jmetadata.test.JMetaDataAudio_Test" name="subTestGetStreamSizeDemuxedString4AsBigInteger" time="0.0" />
  <testcase classname="aka.jmetadata.test.JMetaDataAudio_Test" name="subTestGetLanguageString4AsURL" time="0.0" />
  <testcase classname="aka.jmetadata.test.JMetaDataAudio_Test" name="subTestGetBitRateMinimumAsInteger" time="0.0" />
  <testcase classname="aka.jmetadata.test.JMetaDataAudio_Test" name="subTestGetSourceStreamSizeProportionAsBigInteger" time="0.0" />
  <testcase classname="aka.jmetadata.test.JMetaDataAudio_Test" name="subTestGetSourceStreamSizeEncodedStringAsBoolean" time="0.0" />
  <testcase classname="aka.jmetadata.test.JMetaDataAudio_Test" name="subTestGetBitRateModeStringAsLong" time="0.0" />
  <testcase classname="aka.jmetadata.test.JMetaDataAudio_Test" name="subTestGetSourceStreamSizeStringAsInteger" time="0.0" />
  <testcase classname="aka.jmetadata.test.JMetaDataAudio_Test" name="subTestGetSourceFrameCountAsInteger" time="0.0" />
  <testcase classname="aka.jmetadata.test.JMetaDataAudio_Test" name="subTestGetFormatSettingsFloorAsLong" time="0.0" />
  <testcase classname="aka.jmetadata.test.JMetaDataAudio_Test" name="subTestGetIDStringAsLocalDateTime" time="0.0" />
  <testcase classname="aka.jmetadata.test.JMetaDataAudio_Test" name="subTestGetSourceSamplingCountAsInteger" time="0.0" />
  <testcase classname="aka.jmetadata.test.JMetaDataAudio_Test" name="subTestGetDurationStringAsBoolean" time="0.0" />
  <testcase classname="aka.jmetadata.test.JMetaDataAudio_Test" name="subTestGetFormatVersionAsBigInteger" time="0.0" />
  <testcase classname="aka.jmetadata.test.JMetaDataAudio_Test" name="subTestGetDurationString4AsInteger" time="0.0" />
  <testcase classname="aka.jmetadata.test.JMetaDataAudio_Test" name="subTestGetFrameRateDenAsString" time="0.0" />
  <testcase classname="aka.jmetadata.test.JMetaDataAudio_Test" name="subTestGetStreamKindAsBoolean" time="0.0" />
  <testcase classname="aka.jmetadata.test.JMetaDataAudio_Test" name="subTestGetDurationLastFrameString5AsBoolean" time="0.0" />
  <testcase classname="aka.jmetadata.test.JMetaDataAudio_Test" name="subTestGetSourceDurationFirstFrameString2AsLong" time="0.0" />
  <testcase classname="aka.jmetadata.test.JMetaDataAudio_Test" name="subTestGetFormatProfileAsString" time="0.001" />
  <testcase classname="aka.jmetadata.test.JMetaDataAudio_Test" name="subTestGetBitRateAsLocalTime" time="0.0" />
  <testcase classname="aka.jmetadata.test.JMetaDataAudio_Test" name="subTestGetEncodedApplicationAsBigInteger" time="0.0" />
  <testcase classname="aka.jmetadata.test.JMetaDataAudio_Test" name="subTestGetFormatSettingsPSStringAsURL" time="0.001" />
  <testcase classname="aka.jmetadata.test.JMetaDataAudio_Test" name="subTestGetFormatSettingsModeAsLocalTime" time="0.0" />
  <testcase classname="aka.jmetadata.test.JMetaDataAudio_Test" name="subTestGetSourceStreamSizeProportionAsString" time="0.0" />
  <testcase classname="aka.jmetadata.test.JMetaDataAudio_Test" name="subTestGetVideoDelayAsString" time="0.001" />
  <testcase classname="aka.jmetadata.test.JMetaDataAudio_Test" name="subTestGetBitRateMaximumAsInteger" time="0.0" />
  <testcase classname="aka.jmetadata.test.JMetaDataAudio_Test" name="subTestGetSamplingCountAsLong" time="0.0" />
  <testcase classname="aka.jmetadata.test.JMetaDataAudio_Test" name="subTestGetFormatSettingsITUAsInteger" time="0.001" />
  <testcase classname="aka.jmetadata.test.JMetaDataAudio_Test" name="subTestGetSourceStreamSizeEncodedString1AsInteger" time="0.0" />
  <testcase classname="aka.jmetadata.test.JMetaDataAudio_Test" name="subTestGetChannelsOriginalAsURL" time="0.0" />
  <testcase classname="aka.jmetadata.test.JMetaDataAudio_Test" name="subTestGetFormatCompressionAsLocalTime" time="0.001" />
  <testcase classname="aka.jmetadata.test.JMetaDataAudio_Test" name="subTestGetFrameCountAsString" time="0.0" />
  <testcase classname="aka.jmetadata.test.JMetaDataAudio_Test" name="subTestGetBitDepthAsString" time="0.001" />
  <testcase classname="aka.jmetadata.test.JMetaDataAudio_Test" name="subTestGetSourceStreamSizeEncodedString5AsLong" time="0.0" />
  <testcase classname="aka.jmetadata.test.JMetaDataAudio_Test" name="subTestGetFormatSettingsEmphasisAsLong" time="0.0" />
  <testcase classname="aka.jmetadata.test.JMetaDataAudio_Test" name="subTestGetSourceDurationString4AsString" time="0.0" />
  <testcase classname="aka.jmetadata.test.JMetaDataAudio_Test" name="subTestGetStreamSizeString5AsLocalTime" time="0.0" />
  <testcase classname="aka.jmetadata.test.JMetaDataAudio_Test" name="subTestGetSourceStreamSizeString5AsLocalDateTime" time="0.0" />
  <testcase classname="aka.jmetadata.test.JMetaDataAudio_Test" name="subTestGetSourceDurationLastFrameStringAsLong" time="0.0" />
  <testcase classname="aka.jmetadata.test.JMetaDataAudio_Test" name="subTestGetBitRateEncodedAsLocalTime" time="0.0" />
  <testcase classname="aka.jmetadata.test.JMetaDataAudio_Test" name="subTestGetFormatSettingsSignAsBoolean" time="0.0" />
  <testcase classname="aka.jmetadata.test.JMetaDataAudio_Test" name="subTestGetFormatSettingsFloorAsURL" time="0.001" />
  <testcase classname="aka.jmetadata.test.JMetaDataAudio_Test" name="subTestGetSamplingCountAsURL" time="0.0" />
  <testcase classname="aka.jmetadata.test.JMetaDataAudio_Test" name="subTestGetOriginalSourceMediumIDStringAsURL" time="0.0" />
  <testcase classname="aka.jmetadata.test.JMetaDataAudio_Test" name="subTestGetFormatSettingsITUAsURL" time="0.0" />
  <testcase classname="aka.jmetadata.test.JMetaDataAudio_Test" name="subTestGetDelayString2AsInteger" time="0.0" />
  <testcase classname="aka.jmetadata.test.JMetaDataAudio_Test" name="subTestGetLanguageMoreAsString" time="0.001" />
  <testcase classname="aka.jmetadata.test.JMetaDataAudio_Test" name="subTestGetDelayStringAsLocalTime" time="0.0" />
  <testcase classname="aka.jmetadata.test.JMetaDataAudio_Test" name="subTestGetBitDepthStringAsInteger" time="0.0" />
  <testcase classname="aka.jmetadata.test.JMetaDataAudio_Test" name="subTestGetStreamSizeDemuxedString5AsLong" time="0.0" />
  <testcase classname="aka.jmetadata.test.JMetaDataAudio_Test" name="subTestGetServiceKindAsBigInteger" time="0.001" />
  <testcase classname="aka.jmetadata.test.JMetaDataAudio_Test" name="subTestGetStreamSizeDemuxedString1AsURL" time="0.0" />
  <testcase classname="aka.jmetadata.test.JMetaDataAudio_Test" name="subTestGetFrameRateNumAsBigInteger" time="0.0" />
  <testcase classname="aka.jmetadata.test.JMetaDataAudio_Test" name="subTestGetForcedAsBoolean" time="0.0" />
  <testcase classname="aka.jmetadata.test.JMetaDataAudio_Test" name="subTestGetDelayStringAsBoolean" time="0.0" />
  <testcase classname="aka.jmetadata.test.JMetaDataAudio_Test" name="subTestGetCodecIDHintAsLong" time="0.001" />
  <testcase classname="aka.jmetadata.test.JMetaDataAudio_Test" name="subTestGetDurationLastFrameString3AsLocalDateTime" time="0.0" />
  <testcase classname="aka.jmetadata.test.JMetaDataAudio_Test" name="subTestGetAlignmentAsLong" time="0.0" />
  <testcase classname="aka.jmetadata.test.JMetaDataAudio_Test" name="subTestGetUniqueIDStringAsBoolean" time="0.0" />
  <testcase classname="aka.jmetadata.test.JMetaDataAudio_Test" name="subTestGetDelayDropFrameAsInteger" time="0.0" />
  <testcase classname="aka.jmetadata.test.JMetaDataAudio_Test" name="subTestGetDurationFirstFrameString4AsLong" time="0.0" />
  <testcase classname="aka.jmetadata.test.JMetaDataAudio_Test" name="subTestGetSourceDurationLastFrameString3AsLocalDateTime" time="0.0" />
  <testcase classname="aka.jmetadata.test.JMetaDataAudio_Test" name="subTestGetEncodedLibraryDateAsString" time="0.0" />
  <testcase classname="aka.jmetadata.test.JMetaDataAudio_Test" name="subTestGetDelayOriginalString2AsInteger" time="0.0" />
  <testcase classname="aka.jmetadata.test.JMetaDataAudio_Test" name="subTestGetStreamSizeDemuxedString2AsURL" time="0.0" />
  <testcase classname="aka.jmetadata.test.JMetaDataAudio_Test" name="subTestGetReplayGainGainAsLocalDateTime" time="0.0" />
  <testcase classname="aka.jmetadata.test.JMetaDataAudio_Test" name="subTestGetDurationFirstFrameAsBigInteger" time="0.0" />
  <testcase classname="aka.jmetadata.test.JMetaDataAudio_Test" name="subTestGetTitleAsInteger" time="0.0" />
  <testcase classname="aka.jmetadata.test.JMetaDataAudio_Test" name="subTestGetSourceStreamSizeString1AsURL" time="0.0" />
  <testcase classname="aka.jmetadata.test.JMetaDataAudio_Test" name="subTestGetSourceDurationFirstFrameString5AsInteger" time="0.001" />
  <testcase classname="aka.jmetadata.test.JMetaDataAudio_Test" name="subTestGetBitRateModeAsBoolean" time="0.0" />
  <testcase classname="aka.jmetadata.test.JMetaDataAudio_Test" name="subTestGetStreamKindIDAsString" time="0.0" />
  <testcase classname="aka.jmetadata.test.JMetaDataAudio_Test" name="subTestGetFormatLevelAsLocalTime" time="0.0" />
  <testcase classname="aka.jmetadata.test.JMetaDataAudio_Test" name="subTestGetDurationLastFrameStringAsInteger" time="0.0" />
  <testcase classname="aka.jmetadata.test.JMetaDataAudio_Test" name="subTestGetStreamSizeString1AsInteger" time="0.0" />
  <testcase classname="aka.jmetadata.test.JMetaDataAudio_Test" name="subTestGetSourceDurationLastFrameString2AsBigInteger" time="0.001" />
  <testcase classname="aka.jmetadata.test.JMetaDataAudio_Test" name="subTestGetTaggedDateAsBigInteger" time="0.0" />
  <testcase classname="aka.jmetadata.test.JMetaDataAudio_Test" name="subTestGetSourceStreamSizeString3AsBigInteger" time="0.0" />
  <testcase classname="aka.jmetadata.test.JMetaDataAudio_Test" name="subTestGetStreamSizeDemuxedString3AsURL" time="0.0" />
  <testcase classname="aka.jmetadata.test.JMetaDataAudio_Test" name="subTestGetFormatVersionAsLong" time="0.0" />
  <testcase classname="aka.jmetadata.test.JMetaDataAudio_Test" name="subTestGetSourceStreamSizeString2AsURL" time="0.0" />
  <testcase classname="aka.jmetadata.test.JMetaDataAudio_Test" name="subTestGetStreamSizeDemuxedString5AsString" time="0.0" />
  <testcase classname="aka.jmetadata.test.JMetaDataAudio_Test" name="subTestGetBitRateModeAsLocalTime" time="0.0" />
  <testcase classname="aka.jmetadata.test.JMetaDataAudio_Test" name="subTestGetSourceDurationString5AsBigInteger" time="0.0" />
  <testcase classname="aka.jmetadata.test.JMetaDataAudio_Test" name="subTestGetFormatSettingsFloorAsBigInteger" time="0.0" />
  <testcase classname="aka.jmetadata.test.JMetaDataAudio_Test" name="subTestGetVideoDelayString5AsBigInteger" time="0.0" />
  <testcase classname="aka.jmetadata.test.JMetaDataAudio_Test" name="subTestGetSourceStreamSizeString4AsLong" time="0.0" />
  <testcase classname="aka.jmetadata.test.JMetaDataAudio_Test" name="subTestGetDurationString3AsInteger" time="0.0" />
  <testcase classname="aka.jmetadata.test.JMetaDataAudio_Test" name="subTestGetStreamSizeEncodedString2AsString" time="0.001" />
  <testcase classname="aka.jmetadata.test.JMetaDataAudio_Test" name="subTestGetFormatInfoAsBigInteger" time="0.0" />
  <testcase classname="aka.jmetadata.test.JMetaDataAudio_Test" name="subTestGetStreamSizeDemuxedString4AsURL" time="0.0" />
  <testcase classname="aka.jmetadata.test.JMetaDataAudio_Test" name="subTestGetSourceStreamSizeString3AsURL" time="0.0" />
  <testcase classname="aka.jmetadata.test.JMetaDataAudio_Test" name="subTestGetFormatSettingsPSAsString" time="0.0" />
  <testcase classname="aka.jmetadata.test.JMetaDataAudio_Test" name="subTestGetSamplingCountAsBigInteger" time="0.0" />
  <testcase classname="aka.jmetadata.test.JMetaDataAudio_Test" name="subTestGetDurationLastFrameString4AsBoolean" time="0.0" />
  <testcase classname="aka.jmetadata.test.JMetaDataAudio_Test" name="subTestGetTaggedDateAsLong" time="0.0" />
  <testcase classname="aka.jmetadata.test.JMetaDataAudio_Test" name="subTestGetFormatCommercialAsURL" time="0.0" />
  <testcase classname="aka.jmetadata.test.JMetaDataAudio_Test" name="subTestGetSourceDurationLastFrameString3AsString" time="0.0" />
  <testcase classname="aka.jmetadata.test.JMetaDataAudio_Test" name="subTestGetSourceDurationString4AsLong" time="0.0" />
  <testcase classname="aka.jmetadata.test.JMetaDataAudio_Test" name="subTestGetFrameRateDenAsLong" time="0.0" />
  <testcase classname="aka.jmetadata.test.JMetaDataAudio_Test" name="subTestGetFormatSettingsPSStringAsInteger" time="0.0" />
  <testcase classname="aka.jmetadata.test.JMetaDataAudio_Test" name="subTestGetStreamSizeDemuxedString5AsURL" time="0.0" />
  <testcase classname="aka.jmetadata.test.JMetaDataAudio_Test" name="subTestGetReplayGainGainAsBigInteger" time="0.001" />
  <testcase classname="aka.jmetadata.test.JMetaDataAudio_Test" name="subTestGetSourceDurationFirstFrameString5AsLocalDateTime" time="0.0" />
  <testcase classname="aka.jmetadata.test.JMetaDataAudio_Test" name="subTestGetSourceStreamSizeString4AsURL" time="0.0" />
  <testcase classname="aka.jmetadata.test.JMetaDataAudio_Test" name="subTestGetSourceStreamSizeEncodedAsBoolean" time="0.0" />
  <testcase classname="aka.jmetadata.test.JMetaDataAudio_Test" name="subTestGetBitRateMaximumStringAsString" time="0.0" />
  <testcase classname="aka.jmetadata.test.JMetaDataAudio_Test" name="subTestGetInterleaveDurationStringAsLocalTime" time="0.001" />
  <testcase classname="aka.jmetadata.test.JMetaDataAudio_Test" name="subTestGetStreamSizeEncodedString1AsLocalTime" time="0.0" />
  <testcase classname="aka.jmetadata.test.JMetaDataAudio_Test" name="subTestGetEncodedApplicationCompanyNameAsURL" time="0.0" />
  <testcase classname="aka.jmetadata.test.JMetaDataAudio_Test" name="subTestGetSourceStreamSizeProportionAsBoolean" time="0.0" />
  <testcase classname="aka.jmetadata.test.JMetaDataAudio_Test" name="subTestGetBitRateNominalAsURL" time="0.0" />
  <testcase classname="aka.jmetadata.test.JMetaDataAudio_Test" name="subTestGetEncodedLibrarySettingsAsURL" time="0.0" />
  <testcase classname="aka.jmetadata.test.JMetaDataAudio_Test" name="subTestGetFormatCommercialAsInteger" time="0.0" />
  <testcase classname="aka.jmetadata.test.JMetaDataAudio_Test" name="subTestGetFirstPacketOrderAsLong" time="0.001" />
  <testcase classname="aka.jmetadata.test.JMetaDataAudio_Test" name="subTestGetSourceStreamSizeString5AsURL" time="0.0" />
  <testcase classname="aka.jmetadata.test.JMetaDataAudio_Test" name="subTestGetDelayString5AsLong" time="0.0" />
  <testcase classname="aka.jmetadata.test.JMetaDataAudio_Test" name="subTestGetStreamSizeDemuxedString3AsBigInteger" time="0.0" />
  <testcase classname="aka.jmetadata.test.JMetaDataAudio_Test" name="subTestGetStreamSizeDemuxedAsLocalDateTime" time="0.0" />
  <testcase classname="aka.jmetadata.test.JMetaDataAudio_Test" name="subTestGetBitRateMinimumAsBigInteger" time="0.0" />
  <testcase classname="aka.jmetadata.test.JMetaDataAudio_Test" name="subTestGetEncodedApplicationStringAsLocalDateTime" time="0.0" />
  <testcase classname="aka.jmetadata.test.JMetaDataAudio_Test" name="subTestGetLanguageMoreAsInteger" time="0.0" />
  <testcase classname="aka.jmetadata.test.JMetaDataAudio_Test" name="subTestGetDisabledStringAsInteger" time="0.001" />
  <testcase classname="aka.jmetadata.test.JMetaDataAudio_Test" name="subTestGetFrameCountAsLong" time="0.0" />
  <testcase classname="aka.jmetadata.test.JMetaDataAudio_Test" name="subTestGetFormatAsLocalDateTime" time="0.001" />
  <testcase classname="aka.jmetadata.test.JMetaDataAudio_Test" name="subTestGetOriginalSourceMediumIDStringAsLong" time="0.001" />
  <testcase classname="aka.jmetadata.test.JMetaDataAudio_Test" name="subTestGetBitRateMinimumStringAsBigInteger" time="0.0" />
  <testcase classname="aka.jmetadata.test.JMetaDataAudio_Test" name="subTestGetMatrixChannelsAsLong" time="0.0" />
  <testcase classname="aka.jmetadata.test.JMetaDataAudio_Test" name="subTestGetChannelPositionsString2AsInteger" time="0.0" />
  <testcase classname="aka.jmetadata.test.JMetaDataAudio_Test" name="subTestGetStreamKindAsURL" time="0.0" />
  <testcase classname="aka.jmetadata.test.JMetaDataAudio_Test" name="subTestGetBitRateEncodedStringAsString" time="0.0" />
  <testcase classname="aka.jmetadata.test.JMetaDataAudio_Test" name="subTestGetCompressionModeAsInteger" time="0.0" />
  <testcase classname="aka.jmetadata.test.JMetaDataAudio_Test" name="subTestGetInterleavePreloadStringAsBigInteger" time="0.0" />
  <testcase classname="aka.jmetadata.test.JMetaDataAudio_Test" name="subTestGetStreamKindAsString" time="0.001" />
  <testcase classname="aka.jmetadata.test.JMetaDataAudio_Test" name="subTestGetDurationFirstFrameString4AsLocalDateTime" time="0.0" />
  <testcase classname="aka.jmetadata.test.JMetaDataAudio_Test" name="subTestGetDelayString1AsInteger" time="0.0" />
  <testcase classname="aka.jmetadata.test.JMetaDataAudio_Test" name="subTestGetEncodedApplicationAsInteger" time="0.0" />
  <testcase classname="aka.jmetadata.test.JMetaDataAudio_Test" name="subTestGetBitRateMaximumAsBigInteger" time="0.0" />
  <testcase classname="aka.jmetadata.test.JMetaDataAudio_Test" name="subTestGetInformAsLong" time="0.001" />
  <testcase classname="aka.jmetadata.test.JMetaDataAudio_Test" name="subTestGetFormatInfoAsBoolean" time="0.0" />
  <testcase classname="aka.jmetadata.test.JMetaDataAudio_Test" name="subTestGetStreamKindStringAsLocalDateTime" time="0.0" />
  <testcase classname="aka.jmetadata.test.JMetaDataAudio_Test" name="subTestGetBitRateModeStringAsLocalTime" time="0.0" />
  <testcase classname="aka.jmetadata.test.JMetaDataAudio_Test" name="subTestGetSourceDurationFirstFrameStringAsURL" time="0.0" />
  <testcase classname="aka.jmetadata.test.JMetaDataAudio_Test" name="subTestGetDurationStringAsLocalTime" time="0.0" />
  <testcase classname="aka.jmetadata.test.JMetaDataAudio_Test" name="subTestGetChannelPositionsAsBoolean" time="0.0" />
  <testcase classname="aka.jmetadata.test.JMetaDataAudio_Test" name="subTestGetDurationLastFrameString5AsLong" time="0.001" />
  <testcase classname="aka.jmetadata.test.JMetaDataAudio_Test" name="subTestGetSourceDurationFirstFrameAsBigInteger" time="0.0" />
  <testcase classname="aka.jmetadata.test.JMetaDataAudio_Test" name="subTestGetDelayOriginalString1AsInteger" time="0.0" />
  <testcase classname="aka.jmetadata.test.JMetaDataAudio_Test" name="subTestGetAlignmentAsLocalTime" time="0.0" />
  <testcase classname="aka.jmetadata.test.JMetaDataAudio_Test" name="subTestGetDelayOriginalString5AsLong" time="0.0" />
  <testcase classname="aka.jmetadata.test.JMetaDataAudio_Test" name="subTestGetEncodedDateAsBigInteger" time="0.001" />
  <testcase classname="aka.jmetadata.test.JMetaDataAudio_Test" name="subTestGetSourceDurationFirstFrameString4AsInteger" time="0.0" />
  <testcase classname="aka.jmetadata.test.JMetaDataAudio_Test" name="subTestGetDurationLastFrameString5AsBigInteger" time="0.0" />
  <testcase classname="aka.jmetadata.test.JMetaDataAudio_Test" name="subTestGetBitDepthDetectedStringAsInteger" time="0.0" />
  <testcase classname="aka.jmetadata.test.JMetaDataAudio_Test" name="subTestGetIDStringAsBoolean" time="0.001" />
  <testcase classname="aka.jmetadata.test.JMetaDataAudio_Test" name="subTestGetVideoDelayAsLocalTime" time="0.0" />
  <testcase classname="aka.jmetadata.test.JMetaDataAudio_Test" name="subTestGetStreamSizeEncodedProportionAsInteger" time="0.0" />
  <testcase classname="aka.jmetadata.test.JMetaDataAudio_Test" name="subTestGetFormatSettingsEndiannessAsBigInteger" time="0.0" />
  <testcase classname="aka.jmetadata.test.JMetaDataAudio_Test" name="subTestGetVideoDelayAsLong" time="0.001" />
  <testcase classname="aka.jmetadata.test.JMetaDataAudio_Test" name="subTestGetStreamSizeProportionAsBigInteger" time="0.001" />
  <testcase classname="aka.jmetadata.test.JMetaDataAudio_Test" name="subTestGetStreamSizeEncodedStringAsBoolean" time="0.0" />
  <testcase classname="aka.jmetadata.test.JMetaDataAudio_Test" name="subTestGetOriginalSourceMediumIDStringAsString" time="0.0" />
  <testcase classname="aka.jmetadata.test.JMetaDataAudio_Test" name="subTestGetChannelsOriginalStringAsBoolean" time="0.001" />
  <testcase classname="aka.jmetadata.test.JMetaDataAudio_Test" name="subTestGetAlignmentAsString" time="0.0" />
  <testcase classname="aka.jmetadata.test.JMetaDataAudio_Test" name="subTestGetVideoDelayAsBoolean" time="0.0" />
  <testcase classname="aka.jmetadata.test.JMetaDataAudio_Test" name="subTestGetStreamSizeEncodedString2AsLocalTime" time="0.0" />
  <testcase classname="aka.jmetadata.test.JMetaDataAudio_Test" name="subTestGetChannelLayoutIDAsLocalTime" time="0.0" />
  <testcase classname="aka.jmetadata.test.JMetaDataAudio_Test" name="subTestGetTitleAsLocalTime" time="0.0" />
  <testcase classname="aka.jmetadata.test.JMetaDataAudio_Test" name="subTestGetDelayOriginalSettingsAsInteger" time="0.0" />
  <testcase classname="aka.jmetadata.test.JMetaDataAudio_Test" name="subTestGetStreamSizeDemuxedString5AsBoolean" time="0.0" />
  <system-out><![CDATA[]]></system-out>
  <system-err><![CDATA[Jul 24, 2017 7:43:38 AM aka.jmetadata.main.mediainfo.MediaInfo <init>
INFO: Loading MediaInfo library
Jul 24, 2017 7:43:38 AM aka.jmetadata.main.mediainfo.MediaInfo <init>
INFO: Loaded MediaInfoLib - v0.7.95
]]></system-err>
</testsuite>
