<?xml version="1.0" encoding="UTF-8" ?>
<testsuite errors="0" failures="274" hostname="ABSI-Charlottew" name="aka.jmetadata.test.JMetaDataVideo_Test" skipped="0" tests="2520" time="10.45" timestamp="2017-07-24T05:44:08">
  <properties>
    <property name="java.vendor" value="Oracle Corporation" />
    <property name="src.test.dir" value="C:\Projects\Own\jmetadata\Test\javasource" />
    <property name="ant.file.type.JMetadata Classpath" value="file" />
    <property name="result.exec.file" value="C:\Projects\Own\jmetadata\reports\jacoco\jacoco.exec" />
    <property name="sun.java.launcher" value="SUN_STANDARD" />
    <property name="sonar.projectName" value="JMetaData" />
    <property name="sonar.links.scm" value="https://github.com/welle/JMediaInfo" />
    <property name="sonar.java.binaries" value="reports/classes" />
    <property name="sun.management.compiler" value="HotSpot 64-Bit Tiered Compilers" />
    <property name="ant.file.type.Ant Build with JaCoCo" value="file" />
    <property name="javadoc_dest" value="C:/Projects/Own/jmetadata/javadoc" />
    <property name="os.name" value="Windows 10" />
    <property name="sonar.jacoco.reportPath" value="reports/jacoco/jacoco.exec" />
    <property name="sun.boot.class.path" value="C:\Program Files\Java\jdk1.8.0_121\jre\lib\resources.jar;C:\Program Files\Java\jdk1.8.0_121\jre\lib\rt.jar;C:\Program Files\Java\jdk1.8.0_121\jre\lib\sunrsasign.jar;C:\Program Files\Java\jdk1.8.0_121\jre\lib\jsse.jar;C:\Program Files\Java\jdk1.8.0_121\jre\lib\jce.jar;C:\Program Files\Java\jdk1.8.0_121\jre\lib\charsets.jar;C:\Program Files\Java\jdk1.8.0_121\jre\lib\jfr.jar;C:\Program Files\Java\jdk1.8.0_121\jre\classes" />
    <property name="sun.desktop" value="windows" />
    <property name="java.vm.specification.vendor" value="Oracle Corporation" />
    <property name="ant.home" value="C:\eclipse\eclipse-oxygen\plugins\org.apache.ant_1.10.1.v20170504-0840" />
    <property name="sonar.projectVersion" value="1.2" />
    <property name="sonar.links.issue" value="https://github.com/welle/JMediaInfo/issues" />
    <property name="java.runtime.version" value="1.8.0_121-b13" />
    <property name="ant.file.type.JMetadata" value="file" />
    <property name="ant.file.JMetadata Classpath" value="C:\Projects\Own\jmetadata\classpath.xml" />
    <property name="user.name" value="charlottew" />
    <property name="sonar.jacoco.reportPaths" value="reports/jacoco/jacoco.exec" />
    <property name="build.properties.present" value="true" />
    <property name="user.language" value="en" />
    <property name="sun.boot.library.path" value="C:\Program Files\Java\jdk1.8.0_121\jre\bin" />
    <property name="ant.project.default-target" value="jars" />
    <property name="ant.project.name" value="JMetadata" />
    <property name="java.version" value="1.8.0_121" />
    <property name="classes" value="JMetadata/classes" />
    <property name="version" value="1.2" />
    <property name="user.timezone" value="" />
    <property name="sun.arch.data.model" value="64" />
    <property name="sonar.host.url" value="https://sonarcloud.io" />
    <property name="java.endorsed.dirs" value="C:\Program Files\Java\jdk1.8.0_121\jre\lib\endorsed" />
    <property name="sonar.java.test.libraries" value="libTest/**/*.jar,libs/**/*.jar" />
    <property name="sun.cpu.isalist" value="amd64" />
    <property name="sun.jnu.encoding" value="Cp1252" />
    <property name="file.encoding.pkg" value="sun.io" />
    <property name="file.separator" value="\" />
    <property name="java.specification.name" value="Java Platform API Specification" />
    <property name="sonar.sources" value="JMetadata/javasource" />
    <property name="java.class.version" value="52.0" />
    <property name="user.country" value="US" />
    <property name="java.home" value="C:\Program Files\Java\jdk1.8.0_121\jre" />
    <property name="java.vm.info" value="mixed mode" />
    <property name="ant.file" value="C:\Projects\Own\jmetadata\build.xml" />
    <property name="os.version" value="10.0" />
    <property name="result.report.dir" value="C:\Projects\Own\jmetadata\reports\site\jacoco" />
    <property name="ant.file.type.Sonar" value="file" />
    <property name="path.separator" value=";" />
    <property name="java.vm.version" value="25.121-b13" />
    <property name="user.variant" value="" />
    <property name="ant.library.dir" value="C:\eclipse\eclipse-oxygen\plugins\org.apache.ant_1.10.1.v20170504-0840\lib" />
    <property name="ant.file.Sonar" value="C:\Projects\Own\jmetadata\buildSonar.xml" />
    <property name="result.classes.dir" value="C:\Projects\Own\jmetadata\reports\classes" />
    <property name="java.awt.printerjob" value="sun.awt.windows.WPrinterJob" />
    <property name="sun.io.unicode.encoding" value="UnicodeLittle" />
    <property name="awt.toolkit" value="sun.awt.windows.WToolkit" />
    <property name="_jacoco.agentFile" value="C:\Users\CHARLO~1\AppData\Local\Temp\jacocoagent5895186238494580080.jar" />
    <property name="sonar.tests" value="Test/javasource" />
    <property name="user.script" value="" />
    <property name="sonar.java.test.binaries" value="JMetadata/classes" />
    <property name="user.home" value="C:\Users\charlottew" />
    <property name="sonar.language" value="java" />
    <property name="java.specification.vendor" value="Oracle Corporation" />
    <property name="java.library.path" value="C:\Program Files\Java\jdk1.8.0_121\jre\bin;C:\Windows\Sun\Java\bin;C:\Windows\system32;C:\Windows;C:/Program Files/Java/jre1.8.0_131/bin/server;C:/Program Files/Java/jre1.8.0_131/bin;C:/Program Files/Java/jre1.8.0_131/lib/amd64;C:\ProgramData\Oracle\Java\javapath;C:\Program Files (x86)\Intel\iCLS Client\;C:\Program Files\Intel\iCLS Client\;C:\Windows\system32;C:\Windows;C:\Windows\System32\Wbem;C:\Windows\System32\WindowsPowerShell\v1.0\;C:\Program Files (x86)\Intel\Intel(R) Management Engine Components\DAL;C:\Program Files\Intel\Intel(R) Management Engine Components\DAL;C:\Program Files (x86)\Intel\Intel(R) Management Engine Components\IPT;C:\Program Files\Intel\Intel(R) Management Engine Components\IPT;C:\Program Files\Intel\WiFi\bin\;C:\Program Files\Common Files\Intel\WirelessCommon\;C:\Program Files\OpenVPN\bin;C:\Program Files (x86)\PuTTY\;C:\Program Files (x86)\Skype\Phone\;C:\Program Files (x86)\GitExtensions\;C:\Program Files\ant\bin;C:\Program Files\Git\cmd;C:\Program Files (x86)\Python\Python36-32\Scripts\;C:\Program Files (x86)\Python\Python36-32\;C:\Users\charlottew\AppData\Local\Microsoft\WindowsApps;C:\Program Files\sfdx\bin;C:\eclipse\eclipse-oxygen;;." />
    <property name="java.vendor.url" value="http://java.oracle.com/" />
    <property name="sonar.links.ci" value="https://travis-ci.org/welle/JMediaInfo" />
    <property name="java.vm.vendor" value="Oracle Corporation" />
    <property name="java.runtime.name" value="Java(TM) SE Runtime Environment" />
    <property name="ant.version" value="Apache Ant(TM) version 1.10.1 compiled on February 2 2017" />
    <property name="sun.java.command" value="org.apache.tools.ant.taskdefs.optional.junit.JUnitTestRunner testsfile=C:\Projects\Own\jmetadata\junittestcases5564682718809169916.properties skipNonTests=false filtertrace=true haltOnError=false haltOnFailure=false formatter=org.apache.tools.ant.taskdefs.optional.junit.SummaryJUnitResultFormatter showoutput=true outputtoformatters=true logfailedtests=true threadid=0 logtestlistenerevents=false formatter=org.apache.tools.ant.taskdefs.optional.junit.XMLJUnitResultFormatter,C:\Projects\Own\jmetadata\reports\junit\IGNORETHIS.xml crashfile=C:\Projects\Own\jmetadata\junitvmwatcher8741049994980203882.properties propsfile=C:\Projects\Own\jmetadata\junit971004911751890070.properties" />
    <property name="java.class.path" value="C:\Projects\Own\jmetadata\reports\classes;C:\Projects\Own\jmetadata\Test\videosamples;C:\Projects\Own\jmetadata\libs\SwissKnife-1.0.jar;C:\Projects\Own\jmetadata\libs\commons-lang3-3.1.jar;C:\Projects\Own\jmetadata\libs\jna-3.0.9.jar;C:\Projects\Own\jmetadata\libs\org.eclipse.jdt.annotation_2.0.0.v20140415-1436.jar;C:\Projects\Own\jmetadata\libs\tomcat-juli.jar;C:\Projects\Own\jmetadata\build\JMetadata-1.2.jar;C:\Projects\Own\jmetadata\libTest\hamcrest-core-1.3.jar;C:\Projects\Own\jmetadata\libTest\junit-4.11.jar;C:\Projects\Own\jmetadata\libTest\org.jacoco.ant-0.7.9-nodeps.jar;C:\Projects\Own\jmetadata\libTest\sonarqube-ant-task-2.4.jar;C:\eclipse\eclipse-oxygen\plugins\org.apache.ant_1.10.1.v20170504-0840\lib\ant-launcher.jar;C:\eclipse\eclipse-oxygen\plugins\org.apache.ant_1.10.1.v20170504-0840\lib\ant.jar;C:\eclipse\eclipse-oxygen\plugins\org.apache.ant_1.10.1.v20170504-0840\lib\ant-junit.jar;C:\eclipse\eclipse-oxygen\plugins\org.apache.ant_1.10.1.v20170504-0840\lib\ant-junit4.jar;C:\Users\CHARLO~1\AppData\Local\Temp\jacocoagent5895186238494580080.jar" />
    <property name="java.vm.specification.name" value="Java Virtual Machine Specification" />
    <property name="java.vm.specification.version" value="1.8" />
    <property name="sonar.sourceEncoding" value="UTF-8" />
    <property name="sun.cpu.endian" value="little" />
    <property name="sun.os.patch.level" value="" />
    <property name="debuglevel" value="source,lines,vars" />
    <property name="java.io.tmpdir" value="C:\Users\CHARLO~1\AppData\Local\Temp\" />
    <property name="java.vendor.url.bug" value="http://bugreport.sun.com/bugreport/" />
    <property name="ant.file.Ant Build with JaCoCo" value="C:\Projects\Own\jmetadata\buildJaCoCo.xml" />
    <property name="result.test-classes.dir" value="C:\Projects\Own\jmetadata\reports\classes" />
    <property name="jars_dest" value="C:/Projects/Own/jmetadata/" />
    <property name="java.awt.graphicsenv" value="sun.awt.Win32GraphicsEnvironment" />
    <property name="os.arch" value="amd64" />
    <property name="java.ext.dirs" value="C:\Program Files\Java\jdk1.8.0_121\jre\lib\ext;C:\Windows\Sun\Java\lib\ext" />
    <property name="user.dir" value="C:\Projects\Own\jmetadata" />
    <property name="sonar.java.coveragePlugin" value="jacoco" />
    <property name="line.separator" value="&#xd;&#xa;" />
    <property name="result.dir" value="C:\Projects\Own\jmetadata\reports" />
    <property name="java.vm.name" value="Java HotSpot(TM) 64-Bit Server VM" />
    <property name="basedir" value="C:\Projects\Own\jmetadata" />
    <property name="ant.java.version" value="1.8" />
    <property name="ant.core.lib" value="C:\eclipse\eclipse-oxygen\plugins\org.apache.ant_1.10.1.v20170504-0840\lib\ant.jar" />
    <property name="file.encoding" value="Cp1252" />
    <property name="ant.file.JMetadata" value="C:\Projects\Own\jmetadata\build.xml" />
    <property name="sonar.junit.reportPaths" value="reports/junit" />
    <property name="sonar.java.libraries" value="libs/*.jar" />
    <property name="java.specification.version" value="1.8" />
    <property name="src.dir" value="C:\Projects\Own\jmetadata\JMetadata\javasource" />
    <property name="ant.project.invoked-targets" value="run" />
    <property name="sonar.projectKey" value="JMetaData" />
    <property name="sonar.links.homepage" value="https://github.com/welle/JMediaInfo" />
  </properties>
  <testcase classname="aka.jmetadata.test.JMetaDataVideo_Test" name="subTestGetAlternateGroupAsURL" time="0.0" />
  <testcase classname="aka.jmetadata.test.JMetaDataVideo_Test" name="subTestGetActiveFormatDescriptionAsInteger" time="0.001" />
  <testcase classname="aka.jmetadata.test.JMetaDataVideo_Test" name="subTestGetDelaySourceStringAsBoolean" time="0.0" />
  <testcase classname="aka.jmetadata.test.JMetaDataVideo_Test" name="subTestGetDelayDropFrameAsLocalTime" time="0.0" />
  <testcase classname="aka.jmetadata.test.JMetaDataVideo_Test" name="subTestGetFrameRateOriginalAsLocalDateTime" time="0.001" />
  <testcase classname="aka.jmetadata.test.JMetaDataVideo_Test" name="subTestGetBitRateMaximumStringAsBigInteger" time="0.0" />
  <testcase classname="aka.jmetadata.test.JMetaDataVideo_Test" name="subTestGetDelayOriginalAsBoolean" time="0.0" />
  <testcase classname="aka.jmetadata.test.JMetaDataVideo_Test" name="subTestGetLanguageStringAsLong" time="0.0" />
  <testcase classname="aka.jmetadata.test.JMetaDataVideo_Test" name="subTestGettransfercharacteristicsAsBoolean" time="0.0" />
  <testcase classname="aka.jmetadata.test.JMetaDataVideo_Test" name="subTestGetHeightAsString" time="0.0" />
  <testcase classname="aka.jmetadata.test.JMetaDataVideo_Test" name="subTestGetDurationString2AsInteger" time="0.001" />
  <testcase classname="aka.jmetadata.test.JMetaDataVideo_Test" name="subTestGetDisplayAspectRatioOriginalStringAsLocalTime" time="0.0" />
  <testcase classname="aka.jmetadata.test.JMetaDataVideo_Test" name="subTestGetDisplayAspectRatioAsURL" time="0.0" />
  <testcase classname="aka.jmetadata.test.JMetaDataVideo_Test" name="subTestGetDurationLastFrameString3AsBoolean" time="0.0" />
  <testcase classname="aka.jmetadata.test.JMetaDataVideo_Test" name="subTestGetSourceDurationFirstFrameString1AsString" time="0.0" />
  <testcase classname="aka.jmetadata.test.JMetaDataVideo_Test" name="subTestGetEncodedLibraryNameAsBoolean" time="0.0" />
  <testcase classname="aka.jmetadata.test.JMetaDataVideo_Test" name="subTestGetFormatVersionAsLocalTime" time="0.001" />
  <testcase classname="aka.jmetadata.test.JMetaDataVideo_Test" name="subTestGetFormatSettingsWrappingAsInteger" time="0.0" />
  <testcase classname="aka.jmetadata.test.JMetaDataVideo_Test" name="subTestGetHeightAsInteger" time="0.0" />
  <testcase classname="aka.jmetadata.test.JMetaDataVideo_Test" name="subTestGetMenuIDAsInteger" time="0.001" />
  <testcase classname="aka.jmetadata.test.JMetaDataVideo_Test" name="subTestGetAlternateGroupAsLong" time="0.0" />
  <testcase classname="aka.jmetadata.test.JMetaDataVideo_Test" name="subTestGetTaggedDateAsInteger" time="0.0" />
  <testcase classname="aka.jmetadata.test.JMetaDataVideo_Test" name="subTestGetSourceStreamSizeString3AsString" time="0.0" />
  <testcase classname="aka.jmetadata.test.JMetaDataVideo_Test" name="subTestGetFormatCommercialIfAnyAsURL" time="0.0" />
  <testcase classname="aka.jmetadata.test.JMetaDataVideo_Test" name="subTestGetEncodedApplicationAsLocalDateTime" time="0.0" />
  <testcase classname="aka.jmetadata.test.JMetaDataVideo_Test" name="subTestGetScanOrderStoredDisplayedInvertedAsLong" time="0.0" />
  <testcase classname="aka.jmetadata.test.JMetaDataVideo_Test" name="subTestGetmatrixcoefficientsAsURL" time="0.0" />
  <testcase classname="aka.jmetadata.test.JMetaDataVideo_Test" name="subTestGetStreamKindStringAsBigInteger" time="0.0" />
  <testcase classname="aka.jmetadata.test.JMetaDataVideo_Test" name="subTestGetFrameCountAsBigInteger" time="0.0" />
  <testcase classname="aka.jmetadata.test.JMetaDataVideo_Test" name="subTestGetScanTypeStoreMethodStringAsBigInteger" time="0.001" />
  <testcase classname="aka.jmetadata.test.JMetaDataVideo_Test" name="subTestGetStreamSizeProportionAsLocalDateTime" time="0.0" />
  <testcase classname="aka.jmetadata.test.JMetaDataVideo_Test" name="subTestGetBitRateNominalAsBoolean" time="0.0" />
  <testcase classname="aka.jmetadata.test.JMetaDataVideo_Test" name="subTestGetDisabledAsInteger" time="0.0" />
  <testcase classname="aka.jmetadata.test.JMetaDataVideo_Test" name="subTestGetStreamSizeString5AsLocalDateTime" time="0.0" />
  <testcase classname="aka.jmetadata.test.JMetaDataVideo_Test" name="subTestGetFormatLevelAsBigInteger" time="0.0" />
  <testcase classname="aka.jmetadata.test.JMetaDataVideo_Test" name="subTestGetEncodedApplicationCompanyNameAsLong" time="0.0" />
  <testcase classname="aka.jmetadata.test.JMetaDataVideo_Test" name="subTestGetTimeStampFirstFrameString2AsString" time="0.0" />
  <testcase classname="aka.jmetadata.test.JMetaDataVideo_Test" name="subTestGetSourceDurationLastFrameString1AsBigInteger" time="0.0" />
  <testcase classname="aka.jmetadata.test.JMetaDataVideo_Test" name="subTestGetScanOrderStoredStringAsLocalTime" time="0.0" />
  <testcase classname="aka.jmetadata.test.JMetaDataVideo_Test" name="subTestGetWidthOffsetAsURL" time="0.0" />
  <testcase classname="aka.jmetadata.test.JMetaDataVideo_Test" name="subTestGetSourceStreamSizeString2AsBigInteger" time="0.0" />
  <testcase classname="aka.jmetadata.test.JMetaDataVideo_Test" name="subTestGetStreamSizeProportionAsInteger" time="0.0" />
  <testcase classname="aka.jmetadata.test.JMetaDataVideo_Test" name="subTestGetFormatSettingsBVOPStringAsInteger" time="0.0" />
  <testcase classname="aka.jmetadata.test.JMetaDataVideo_Test" name="subTestGetScanTypeStoreMethodAsLocalDateTime" time="0.0" />
  <testcase classname="aka.jmetadata.test.JMetaDataVideo_Test" name="subTestGetSourceDurationString4AsBigInteger" time="0.0" />
  <testcase classname="aka.jmetadata.test.JMetaDataVideo_Test" name="subTestGetGopOpenClosedFirstFrameStringAsURL" time="0.0" />
  <testcase classname="aka.jmetadata.test.JMetaDataVideo_Test" name="subTestGetHeightOffsetAsString" time="0.0" />
  <testcase classname="aka.jmetadata.test.JMetaDataVideo_Test" name="subTestGetBitsPixelFrameAsLocalTime" time="0.0" />
  <testcase classname="aka.jmetadata.test.JMetaDataVideo_Test" name="subTestGetDelayOriginalDropFrameAsLocalTime" time="0.0" />
  <testcase classname="aka.jmetadata.test.JMetaDataVideo_Test" name="subTestGetFrameRateOriginalAsBigInteger" time="0.0" />
  <testcase classname="aka.jmetadata.test.JMetaDataVideo_Test" name="subTestGetFormatSettingsGOPAsLocalTime" time="0.0" />
  <testcase classname="aka.jmetadata.test.JMetaDataVideo_Test" name="subTestGetCodecIDUrlAsInteger" time="0.001" />
  <testcase classname="aka.jmetadata.test.JMetaDataVideo_Test" name="subTestGetBitRateNominalAsLocalDateTime" time="0.0" />
  <testcase classname="aka.jmetadata.test.JMetaDataVideo_Test" name="subTestGetBitRateMaximumAsURL" time="0.0" />
  <testcase classname="aka.jmetadata.test.JMetaDataVideo_Test" name="subTestGetSourceStreamSizeEncodedProportionAsString" time="0.0" />
  <testcase classname="aka.jmetadata.test.JMetaDataVideo_Test" name="subTestGetStreamSizeEncodedString3AsLocalTime" time="0.0" />
  <testcase classname="aka.jmetadata.test.JMetaDataVideo_Test" name="subTestGetEncryptionAsURL" time="0.0" />
  <testcase classname="aka.jmetadata.test.JMetaDataVideo_Test" name="subTestGetScanOrderStringAsBigInteger" time="0.0" />
  <testcase classname="aka.jmetadata.test.JMetaDataVideo_Test" name="subTestGetSourceStreamSizeEncodedString4AsString" time="0.0" />
  <testcase classname="aka.jmetadata.test.JMetaDataVideo_Test" name="subTestGetStreamSizeEncodedString5AsBoolean" time="0.0" />
  <testcase classname="aka.jmetadata.test.JMetaDataVideo_Test" name="subTestGetActiveFormatDescriptionMuxingModeAsString" time="0.0" />
  <testcase classname="aka.jmetadata.test.JMetaDataVideo_Test" name="subTestGetDelayOriginalSourceAsBoolean" time="0.0" />
  <testcase classname="aka.jmetadata.test.JMetaDataVideo_Test" name="subTestGetDurationStringAsLocalDateTime" time="0.0" />
  <testcase classname="aka.jmetadata.test.JMetaDataVideo_Test" name="subTestGetDurationString4AsString" time="0.0">
    <failure message="expected:&lt;00:14:58[.]04&gt; but was:&lt;00:14:58[:]04&gt;" type="junit.framework.AssertionFailedError">junit.framework.AssertionFailedError: expected:&lt;00:14:58[.]04&gt; but was:&lt;00:14:58[:]04&gt;
	at aka.jmetadata.test.JMetaDataVideo_Test.subTestGetDurationString4AsString(JMetaDataVideo_Test.java:5102)
</failure>
  </testcase>
  <testcase classname="aka.jmetadata.test.JMetaDataVideo_Test" name="subTestGetTimeStampFirstFrameString1AsLocalDateTime" time="0.0" />
  <testcase classname="aka.jmetadata.test.JMetaDataVideo_Test" name="subTestGetAlternateGroupAsInteger" time="0.0" />
  <testcase classname="aka.jmetadata.test.JMetaDataVideo_Test" name="subTestGetSampledWidthAsLocalTime" time="0.0" />
  <testcase classname="aka.jmetadata.test.JMetaDataVideo_Test" name="subTestGetSourceDurationLastFrameString5AsLong" time="0.0" />
  <testcase classname="aka.jmetadata.test.JMetaDataVideo_Test" name="subTestGetInternetMediaTypeAsBigInteger" time="0.0" />
  <testcase classname="aka.jmetadata.test.JMetaDataVideo_Test" name="subTestGetSourceStreamSizeEncodedAsBigInteger" time="0.0" />
  <testcase classname="aka.jmetadata.test.JMetaDataVideo_Test" name="subTestGetStreamOrderAsLong" time="0.0" />
  <testcase classname="aka.jmetadata.test.JMetaDataVideo_Test" name="subTestGetFrameRateModeOriginalStringAsLong" time="0.0" />
  <testcase classname="aka.jmetadata.test.JMetaDataVideo_Test" name="subTestGetStreamSizeEncodedStringAsBigInteger" time="0.0" />
  <testcase classname="aka.jmetadata.test.JMetaDataVideo_Test" name="subTestGetFormatCommercialAsLocalDateTime" time="0.0" />
  <testcase classname="aka.jmetadata.test.JMetaDataVideo_Test" name="subTestGetGopOpenClosedFirstFrameStringAsBoolean" time="0.001" />
  <testcase classname="aka.jmetadata.test.JMetaDataVideo_Test" name="subTestGetBitRateAsString" time="0.0">
    <failure message="expected:&lt;null&gt; but was:&lt;&gt;" type="junit.framework.AssertionFailedError">junit.framework.AssertionFailedError: expected:&lt;null&gt; but was:&lt;&gt;
	at aka.jmetadata.test.JMetaDataVideo_Test.subTestGetBitRateAsString(JMetaDataVideo_Test.java:686)
</failure>
  </testcase>
  <testcase classname="aka.jmetadata.test.JMetaDataVideo_Test" name="subTestGetSourceDurationFirstFrameString3AsInteger" time="0.0" />
  <testcase classname="aka.jmetadata.test.JMetaDataVideo_Test" name="subTestGetEncodedLibraryVersionAsLocalTime" time="0.0" />
  <testcase classname="aka.jmetadata.test.JMetaDataVideo_Test" name="subTestGetMultiViewLayoutAsLong" time="0.0" />
  <testcase classname="aka.jmetadata.test.JMetaDataVideo_Test" name="subTestGetStreamSizeDemuxedAsInteger" time="0.0" />
  <testcase classname="aka.jmetadata.test.JMetaDataVideo_Test" name="subTestGetOriginalSourceMediumIDAsLocalDateTime" time="0.0" />
  <testcase classname="aka.jmetadata.test.JMetaDataVideo_Test" name="subTestGetFrameRateModeOriginalAsLocalDateTime" time="0.0" />
  <testcase classname="aka.jmetadata.test.JMetaDataVideo_Test" name="subTestGetInternetMediaTypeAsInteger" time="0.001">
    <failure message="expected:&lt;null&gt; but was:&lt;264&gt;" type="junit.framework.AssertionFailedError">junit.framework.AssertionFailedError: expected:&lt;null&gt; but was:&lt;264&gt;
	at aka.jmetadata.test.JMetaDataVideo_Test.subTestGetInternetMediaTypeAsInteger(JMetaDataVideo_Test.java:11347)
</failure>
  </testcase>
  <testcase classname="aka.jmetadata.test.JMetaDataVideo_Test" name="subTestGetScanTypeOriginalStringAsLocalTime" time="0.001" />
  <testcase classname="aka.jmetadata.test.JMetaDataVideo_Test" name="subTestGetDefaultStringAsLong" time="0.0" />
  <testcase classname="aka.jmetadata.test.JMetaDataVideo_Test" name="subTestGetFormatSettingsGMCStringAsLocalDateTime" time="0.0" />
  <testcase classname="aka.jmetadata.test.JMetaDataVideo_Test" name="subTestGetDisabledAsLong" time="0.0" />
  <testcase classname="aka.jmetadata.test.JMetaDataVideo_Test" name="subTestGetcolourdescriptionpresentAsLocalDateTime" time="0.0" />
  <testcase classname="aka.jmetadata.test.JMetaDataVideo_Test" name="subTestGetSampledHeightAsLocalDateTime" time="0.001" />
  <testcase classname="aka.jmetadata.test.JMetaDataVideo_Test" name="subTestGetPixelAspectRatioOriginalAsLong" time="0.0" />
  <testcase classname="aka.jmetadata.test.JMetaDataVideo_Test" name="subTestGetFrameRateNumAsLong" time="0.001" />
  <testcase classname="aka.jmetadata.test.JMetaDataVideo_Test" name="subTestGetStreamSizeDemuxedString2AsBigInteger" time="0.0" />
  <testcase classname="aka.jmetadata.test.JMetaDataVideo_Test" name="subTestGettransfercharacteristicsOriginalAsInteger" time="0.0" />
  <testcase classname="aka.jmetadata.test.JMetaDataVideo_Test" name="subTestGetScanOrderOriginalAsBoolean" time="0.001" />
  <testcase classname="aka.jmetadata.test.JMetaDataVideo_Test" name="subTestGetCountAsInteger" time="0.0">
    <failure message="expected:&lt;null&gt; but was:&lt;338&gt;" type="junit.framework.AssertionFailedError">junit.framework.AssertionFailedError: expected:&lt;null&gt; but was:&lt;338&gt;
	at aka.jmetadata.test.JMetaDataVideo_Test.subTestGetCountAsInteger(JMetaDataVideo_Test.java:2702)
</failure>
  </testcase>
  <testcase classname="aka.jmetadata.test.JMetaDataVideo_Test" name="subTestGetStreamKindStringAsBoolean" time="0.0" />
  <testcase classname="aka.jmetadata.test.JMetaDataVideo_Test" name="subTestGetGopOpenClosedStringAsLong" time="0.0" />
  <testcase classname="aka.jmetadata.test.JMetaDataVideo_Test" name="subTestGetTimeStampFirstFrameString1AsBoolean" time="0.001" />
  <testcase classname="aka.jmetadata.test.JMetaDataVideo_Test" name="subTestGetScanOrderStoredAsBoolean" time="0.0" />
  <testcase classname="aka.jmetadata.test.JMetaDataVideo_Test" name="subTestGetStreamKindIDAsURL" time="0.0" />
  <testcase classname="aka.jmetadata.test.JMetaDataVideo_Test" name="subTestGetStreamSizeDemuxedString4AsBoolean" time="0.0" />
  <testcase classname="aka.jmetadata.test.JMetaDataVideo_Test" name="subTestGetEncodedOperatingSystemAsLocalDateTime" time="0.0" />
  <testcase classname="aka.jmetadata.test.JMetaDataVideo_Test" name="subTestGetDelayOriginalSettingsAsLocalTime" time="0.0" />
  <testcase classname="aka.jmetadata.test.JMetaDataVideo_Test" name="subTestGetWidthOffsetStringAsLocalTime" time="0.0" />
  <testcase classname="aka.jmetadata.test.JMetaDataVideo_Test" name="subTestGetFrameRateMinimumStringAsBigInteger" time="0.001" />
  <testcase classname="aka.jmetadata.test.JMetaDataVideo_Test" name="subTestGetScanOrderAsString" time="0.0">
    <failure message="expected:&lt;null&gt; but was:&lt;&gt;" type="junit.framework.AssertionFailedError">junit.framework.AssertionFailedError: expected:&lt;null&gt; but was:&lt;&gt;
	at aka.jmetadata.test.JMetaDataVideo_Test.subTestGetScanOrderAsString(JMetaDataVideo_Test.java:13171)
</failure>
  </testcase>
  <testcase classname="aka.jmetadata.test.JMetaDataVideo_Test" name="subTestGetFrameRateNominalAsBigInteger" time="0.0" />
  <testcase classname="aka.jmetadata.test.JMetaDataVideo_Test" name="subTestGetSourceStreamSizeString4AsLocalDateTime" time="0.0" />
  <testcase classname="aka.jmetadata.test.JMetaDataVideo_Test" name="subTestGetFormatSettingsBVOPAsString" time="0.0">
    <failure message="expected:&lt;null&gt; but was:&lt;&gt;" type="junit.framework.AssertionFailedError">junit.framework.AssertionFailedError: expected:&lt;null&gt; but was:&lt;&gt;
	at aka.jmetadata.test.JMetaDataVideo_Test.subTestGetFormatSettingsBVOPAsString(JMetaDataVideo_Test.java:7923)
</failure>
  </testcase>
  <testcase classname="aka.jmetadata.test.JMetaDataVideo_Test" name="subTestGetBitRateMaximumStringAsLocalDateTime" time="0.0" />
  <testcase classname="aka.jmetadata.test.JMetaDataVideo_Test" name="subTestGetDurationString1AsInteger" time="0.0">
    <failure message="expected:&lt;null&gt; but was:&lt;1458167&gt;" type="junit.framework.AssertionFailedError">junit.framework.AssertionFailedError: expected:&lt;null&gt; but was:&lt;1458167&gt;
	at aka.jmetadata.test.JMetaDataVideo_Test.subTestGetDurationString1AsInteger(JMetaDataVideo_Test.java:4878)
</failure>
  </testcase>
  <testcase classname="aka.jmetadata.test.JMetaDataVideo_Test" name="subTestGetFirstPacketOrderAsInteger" time="0.0" />
  <testcase classname="aka.jmetadata.test.JMetaDataVideo_Test" name="subTestGetDurationLastFrameString3AsString" time="0.001">
    <failure message="expected:&lt;null&gt; but was:&lt;&gt;" type="junit.framework.AssertionFailedError">junit.framework.AssertionFailedError: expected:&lt;null&gt; but was:&lt;&gt;
	at aka.jmetadata.test.JMetaDataVideo_Test.subTestGetDurationLastFrameString3AsString(JMetaDataVideo_Test.java:5934)
</failure>
  </testcase>
  <testcase classname="aka.jmetadata.test.JMetaDataVideo_Test" name="subTestGetSourceStreamSizeEncodedAsLong" time="0.001" />
  <testcase classname="aka.jmetadata.test.JMetaDataVideo_Test" name="subTestGetDelayOriginalAsLong" time="0.0" />
  <testcase classname="aka.jmetadata.test.JMetaDataVideo_Test" name="subTestGetFormatSettingsCABACStringAsInteger" time="0.0" />
  <testcase classname="aka.jmetadata.test.JMetaDataVideo_Test" name="subTestGetColorSpaceAsBigInteger" time="0.0" />
  <testcase classname="aka.jmetadata.test.JMetaDataVideo_Test" name="subTestGetSampledWidthAsBoolean" time="0.0" />
  <testcase classname="aka.jmetadata.test.JMetaDataVideo_Test" name="subTestGetDurationLastFrameString2AsBoolean" time="0.001" />
  <testcase classname="aka.jmetadata.test.JMetaDataVideo_Test" name="subTestGetDelayAsString" time="0.001">
    <failure message="expected:&lt;null&gt; but was:&lt;0&gt;" type="junit.framework.AssertionFailedError">junit.framework.AssertionFailedError: expected:&lt;null&gt; but was:&lt;0&gt;
	at aka.jmetadata.test.JMetaDataVideo_Test.subTestGetDelayAsString(JMetaDataVideo_Test.java:2926)
</failure>
  </testcase>
  <testcase classname="aka.jmetadata.test.JMetaDataVideo_Test" name="subTestGetDisplayAspectRatioCleanApertureAsString" time="0.001">
    <failure message="expected:&lt;null&gt; but was:&lt;&gt;" type="junit.framework.AssertionFailedError">junit.framework.AssertionFailedError: expected:&lt;null&gt; but was:&lt;&gt;
	at aka.jmetadata.test.JMetaDataVideo_Test.subTestGetDisplayAspectRatioCleanApertureAsString(JMetaDataVideo_Test.java:4526)
</failure>
  </testcase>
  <testcase classname="aka.jmetadata.test.JMetaDataVideo_Test" name="subTestGetTimeStampFirstFrameStringAsBoolean" time="0.0" />
  <testcase classname="aka.jmetadata.test.JMetaDataVideo_Test" name="subTestGetDurationFirstFrameString5AsString" time="0.0">
    <failure message="expected:&lt;null&gt; but was:&lt;&gt;" type="junit.framework.AssertionFailedError">junit.framework.AssertionFailedError: expected:&lt;null&gt; but was:&lt;&gt;
	at aka.jmetadata.test.JMetaDataVideo_Test.subTestGetDurationFirstFrameString5AsString(JMetaDataVideo_Test.java:5614)
</failure>
  </testcase>
  <testcase classname="aka.jmetadata.test.JMetaDataVideo_Test" name="subTestGetEncodedLibraryStringAsString" time="0.0">
    <failure message="expected:&lt;null&gt; but was:&lt;&gt;" type="junit.framework.AssertionFailedError">junit.framework.AssertionFailedError: expected:&lt;null&gt; but was:&lt;&gt;
	at aka.jmetadata.test.JMetaDataVideo_Test.subTestGetEncodedLibraryStringAsString(JMetaDataVideo_Test.java:6638)
</failure>
  </testcase>
  <testcase classname="aka.jmetadata.test.JMetaDataVideo_Test" name="subTestGetDelaySettingsAsBigInteger" time="0.0" />
  <testcase classname="aka.jmetadata.test.JMetaDataVideo_Test" name="subTestGetUniqueIDAsInteger" time="0.001" />
  <testcase classname="aka.jmetadata.test.JMetaDataVideo_Test" name="subTestGetWidthStringAsLocalDateTime" time="0.0" />
  <testcase classname="aka.jmetadata.test.JMetaDataVideo_Test" name="subTestGetStreamSizeEncodedString1AsLong" time="0.0" />
  <testcase classname="aka.jmetadata.test.JMetaDataVideo_Test" name="subTestGetFrameRateAsLocalDateTime" time="0.0" />
  <testcase classname="aka.jmetadata.test.JMetaDataVideo_Test" name="subTestGetStreamSizeDemuxedStringAsLong" time="0.0" />
  <testcase classname="aka.jmetadata.test.JMetaDataVideo_Test" name="subTestGetCodecIDHintAsString" time="0.0">
    <failure message="expected:&lt;null&gt; but was:&lt;&gt;" type="junit.framework.AssertionFailedError">junit.framework.AssertionFailedError: expected:&lt;null&gt; but was:&lt;&gt;
	at aka.jmetadata.test.JMetaDataVideo_Test.subTestGetCodecIDHintAsString(JMetaDataVideo_Test.java:1838)
</failure>
  </testcase>
  <testcase classname="aka.jmetadata.test.JMetaDataVideo_Test" name="subTestGetAlignmentStringAsLocalTime" time="0.0" />
  <testcase classname="aka.jmetadata.test.JMetaDataVideo_Test" name="subTestGetFormatSettingsPulldownAsLocalDateTime" time="0.0" />
  <testcase classname="aka.jmetadata.test.JMetaDataVideo_Test" name="subTestGetStreamSizeEncodedString4AsLocalTime" time="0.001" />
  <testcase classname="aka.jmetadata.test.JMetaDataVideo_Test" name="subTestGetFormatSettingsGOPAsURL" time="0.0" />
  <testcase classname="aka.jmetadata.test.JMetaDataVideo_Test" name="subTestGetHeightStringAsLocalTime" time="0.0" />
  <testcase classname="aka.jmetadata.test.JMetaDataVideo_Test" name="subTestGetFormatLevelAsURL" time="0.0" />
  <testcase classname="aka.jmetadata.test.JMetaDataVideo_Test" name="subTestGetAlignmentStringAsLocalDateTime" time="0.0" />
  <testcase classname="aka.jmetadata.test.JMetaDataVideo_Test" name="subTestGetDurationLastFrameString4AsBigInteger" time="0.0" />
  <testcase classname="aka.jmetadata.test.JMetaDataVideo_Test" name="subTestGetDurationLastFrameString2AsLocalDateTime" time="0.0" />
  <testcase classname="aka.jmetadata.test.JMetaDataVideo_Test" name="subTestGetBitRateNominalAsLong" time="0.0" />
  <testcase classname="aka.jmetadata.test.JMetaDataVideo_Test" name="subTestGetDelayString5AsLocalDateTime" time="0.0" />
  <testcase classname="aka.jmetadata.test.JMetaDataVideo_Test" name="subTestGetServiceKindStringAsString" time="0.001">
    <failure message="expected:&lt;null&gt; but was:&lt;&gt;" type="junit.framework.AssertionFailedError">junit.framework.AssertionFailedError: expected:&lt;null&gt; but was:&lt;&gt;
	at aka.jmetadata.test.JMetaDataVideo_Test.subTestGetServiceKindStringAsString(JMetaDataVideo_Test.java:14131)
</failure>
  </testcase>
  <testcase classname="aka.jmetadata.test.JMetaDataVideo_Test" name="subTestGetDelayString4AsString" time="0.001">
    <failure message="expected:&lt;null&gt; but was:&lt;&gt;" type="junit.framework.AssertionFailedError">junit.framework.AssertionFailedError: expected:&lt;null&gt; but was:&lt;&gt;
	at aka.jmetadata.test.JMetaDataVideo_Test.subTestGetDelayString4AsString(JMetaDataVideo_Test.java:3246)
</failure>
  </testcase>
  <testcase classname="aka.jmetadata.test.JMetaDataVideo_Test" name="subTestGetTaggedDateAsURL" time="0.0" />
  <testcase classname="aka.jmetadata.test.JMetaDataVideo_Test" name="subTestGetSourceDurationLastFrameStringAsString" time="0.002">
    <failure message="expected:&lt;null&gt; but was:&lt;&gt;" type="junit.framework.AssertionFailedError">junit.framework.AssertionFailedError: expected:&lt;null&gt; but was:&lt;&gt;
	at aka.jmetadata.test.JMetaDataVideo_Test.subTestGetSourceDurationLastFrameStringAsString(JMetaDataVideo_Test.java:15155)
</failure>
  </testcase>
  <testcase classname="aka.jmetadata.test.JMetaDataVideo_Test" name="subTestGetSourceStreamSizeStringAsLong" time="0.001" />
  <testcase classname="aka.jmetadata.test.JMetaDataVideo_Test" name="subTestGetStreamSizeString4AsLong" time="0.0" />
  <testcase classname="aka.jmetadata.test.JMetaDataVideo_Test" name="subTestGetFrameRateModeStringAsInteger" time="0.0" />
  <testcase classname="aka.jmetadata.test.JMetaDataVideo_Test" name="subTestGetFrameRateModeOriginalAsBoolean" time="0.0" />
  <testcase classname="aka.jmetadata.test.JMetaDataVideo_Test" name="subTestGetSourceDurationLastFrameString2AsLocalDateTime" time="0.0" />
  <testcase classname="aka.jmetadata.test.JMetaDataVideo_Test" name="subTestGetSourceDurationFirstFrameStringAsInteger" time="0.0" />
  <testcase classname="aka.jmetadata.test.JMetaDataVideo_Test" name="subTestGetBitRateAsInteger" time="0.0" />
  <testcase classname="aka.jmetadata.test.JMetaDataVideo_Test" name="subTestGetSourceStreamSizeAsInteger" time="0.001" />
  <testcase classname="aka.jmetadata.test.JMetaDataVideo_Test" name="subTestGetMenuIDStringAsInteger" time="0.0" />
  <testcase classname="aka.jmetadata.test.JMetaDataVideo_Test" name="subTestGetDefaultStringAsURL" time="0.0" />
  <testcase classname="aka.jmetadata.test.JMetaDataVideo_Test" name="subTestGetStreamSizeEncodedAsInteger" time="0.0" />
  <testcase classname="aka.jmetadata.test.JMetaDataVideo_Test" name="subTestGetSourceStreamSizeEncodedAsURL" time="0.0" />
  <testcase classname="aka.jmetadata.test.JMetaDataVideo_Test" name="subTestGetcolourprimariesAsBoolean" time="0.0" />
  <testcase classname="aka.jmetadata.test.JMetaDataVideo_Test" name="subTestGetWidthCleanApertureStringAsLocalDateTime" time="0.0" />
  <testcase classname="aka.jmetadata.test.JMetaDataVideo_Test" name="subTestGetDelayOriginalString1AsString" time="0.0">
    <failure message="expected:&lt;null&gt; but was:&lt;&gt;" type="junit.framework.AssertionFailedError">junit.framework.AssertionFailedError: expected:&lt;null&gt; but was:&lt;&gt;
	at aka.jmetadata.test.JMetaDataVideo_Test.subTestGetDelayOriginalString1AsString(JMetaDataVideo_Test.java:3566)
</failure>
  </testcase>
  <testcase classname="aka.jmetadata.test.JMetaDataVideo_Test" name="subTestGetWidthAsLocalTime" time="0.001" />
  <testcase classname="aka.jmetadata.test.JMetaDataVideo_Test" name="subTestGetFormatSettingsQPelStringAsInteger" time="0.0" />
  <testcase classname="aka.jmetadata.test.JMetaDataVideo_Test" name="subTestGetFrameRateMaximumStringAsBigInteger" time="0.0" />
  <testcase classname="aka.jmetadata.test.JMetaDataVideo_Test" name="subTestGetCountAsLong" time="0.001">
    <failure message="expected:&lt;null&gt; but was:&lt;338&gt;" type="junit.framework.AssertionFailedError">junit.framework.AssertionFailedError: expected:&lt;null&gt; but was:&lt;338&gt;
	at aka.jmetadata.test.JMetaDataVideo_Test.subTestGetCountAsLong(JMetaDataVideo_Test.java:2710)
</failure>
  </testcase>
  <testcase classname="aka.jmetadata.test.JMetaDataVideo_Test" name="subTestGetDelayOriginalString1AsURL" time="0.0" />
  <testcase classname="aka.jmetadata.test.JMetaDataVideo_Test" name="subTestGetPixelAspectRatioStringAsLocalTime" time="0.0" />
  <testcase classname="aka.jmetadata.test.JMetaDataVideo_Test" name="subTestGetServiceKindAsURL" time="0.0" />
  <testcase classname="aka.jmetadata.test.JMetaDataVideo_Test" name="subTestGetIDStringAsLocalTime" time="0.0" />
  <testcase classname="aka.jmetadata.test.JMetaDataVideo_Test" name="subTestGetHeightOriginalStringAsInteger" time="0.0" />
  <testcase classname="aka.jmetadata.test.JMetaDataVideo_Test" name="subTestGetFormatSettingsGMCStringAsURL" time="0.001" />
  <testcase classname="aka.jmetadata.test.JMetaDataVideo_Test" name="subTestGetSourceStreamSizeProportionAsLong" time="0.0" />
  <testcase classname="aka.jmetadata.test.JMetaDataVideo_Test" name="subTestGetDelaySourceStringAsLong" time="0.0" />
  <testcase classname="aka.jmetadata.test.JMetaDataVideo_Test" name="subTestGetFormatInfoAsLocalDateTime" time="0.0" />
  <testcase classname="aka.jmetadata.test.JMetaDataVideo_Test" name="subTestGetLanguageAsBoolean" time="0.0" />
  <testcase classname="aka.jmetadata.test.JMetaDataVideo_Test" name="subTestGetHeightStringAsURL" time="0.0" />
  <testcase classname="aka.jmetadata.test.JMetaDataVideo_Test" name="subTestGetFormatAsURL" time="0.0" />
  <testcase classname="aka.jmetadata.test.JMetaDataVideo_Test" name="subTestGetHeightOriginalAsLong" time="0.0" />
  <testcase classname="aka.jmetadata.test.JMetaDataVideo_Test" name="subTestGetDurationLastFrameAsString" time="0.0">
    <failure message="expected:&lt;null&gt; but was:&lt;&gt;" type="junit.framework.AssertionFailedError">junit.framework.AssertionFailedError: expected:&lt;null&gt; but was:&lt;&gt;
	at aka.jmetadata.test.JMetaDataVideo_Test.subTestGetDurationLastFrameAsString(JMetaDataVideo_Test.java:5678)
</failure>
  </testcase>
  <testcase classname="aka.jmetadata.test.JMetaDataVideo_Test" name="subTestGetEncryptionAsLocalDateTime" time="0.0" />
  <testcase classname="aka.jmetadata.test.JMetaDataVideo_Test" name="subTestGetStreamKindStringAsLocalTime" time="0.0" />
  <testcase classname="aka.jmetadata.test.JMetaDataVideo_Test" name="subTestGetDurationFirstFrameAsLocalDateTime" time="0.0" />
  <testcase classname="aka.jmetadata.test.JMetaDataVideo_Test" name="subTestGetStreamSizeEncodedString4AsBoolean" time="0.0" />
  <testcase classname="aka.jmetadata.test.JMetaDataVideo_Test" name="subTestGetAlignmentStringAsLong" time="0.0" />
  <testcase classname="aka.jmetadata.test.JMetaDataVideo_Test" name="subTestGetDelayOriginalString2AsURL" time="0.001" />
  <testcase classname="aka.jmetadata.test.JMetaDataVideo_Test" name="subTestGetSourceDurationFirstFrameAsString" time="0.0">
    <failure message="expected:&lt;null&gt; but was:&lt;&gt;" type="junit.framework.AssertionFailedError">junit.framework.AssertionFailedError: expected:&lt;null&gt; but was:&lt;&gt;
	at aka.jmetadata.test.JMetaDataVideo_Test.subTestGetSourceDurationFirstFrameAsString(JMetaDataVideo_Test.java:14643)
</failure>
  </testcase>
  <testcase classname="aka.jmetadata.test.JMetaDataVideo_Test" name="subTestGetFrameRateNominalAsLocalTime" time="0.0" />
  <testcase classname="aka.jmetadata.test.JMetaDataVideo_Test" name="subTestGetGopOpenClosedFirstFrameAsBigInteger" time="0.001" />
  <testcase classname="aka.jmetadata.test.JMetaDataVideo_Test" name="subTestGetStreamOrderAsString" time="0.0">
    <failure message="expected:&lt;null&gt; but was:&lt;0&gt;" type="junit.framework.AssertionFailedError">junit.framework.AssertionFailedError: expected:&lt;null&gt; but was:&lt;0&gt;
	at aka.jmetadata.test.JMetaDataVideo_Test.subTestGetStreamOrderAsString(JMetaDataVideo_Test.java:17203)
</failure>
  </testcase>
  <testcase classname="aka.jmetadata.test.JMetaDataVideo_Test" name="subTestGetPixelAspectRatioStringAsInteger" time="0.0" />
  <testcase classname="aka.jmetadata.test.JMetaDataVideo_Test" name="subTestGetHeightOffsetStringAsInteger" time="0.0" />
  <testcase classname="aka.jmetadata.test.JMetaDataVideo_Test" name="subTestGetBitRateEncodedAsString" time="0.001">
    <failure message="expected:&lt;null&gt; but was:&lt;&gt;" type="junit.framework.AssertionFailedError">junit.framework.AssertionFailedError: expected:&lt;null&gt; but was:&lt;&gt;
	at aka.jmetadata.test.JMetaDataVideo_Test.subTestGetBitRateEncodedAsString(JMetaDataVideo_Test.java:814)
</failure>
  </testcase>
  <testcase classname="aka.jmetadata.test.JMetaDataVideo_Test" name="subTestGetDelayOriginalSettingsAsBigInteger" time="0.0" />
  <testcase classname="aka.jmetadata.test.JMetaDataVideo_Test" name="subTestGetHeightOffsetAsLocalTime" time="0.0" />
  <testcase classname="aka.jmetadata.test.JMetaDataVideo_Test" name="subTestGetStreamSizeDemuxedAsLong" time="0.0" />
  <testcase classname="aka.jmetadata.test.JMetaDataVideo_Test" name="subTestGetFormatSettingsPulldownAsURL" time="0.0" />
  <testcase classname="aka.jmetadata.test.JMetaDataVideo_Test" name="subTestGetActiveFormatDescriptionMuxingModeAsBigInteger" time="0.0" />
  <testcase classname="aka.jmetadata.test.JMetaDataVideo_Test" name="subTestGetFrameRateMinimumAsLocalTime" time="0.0" />
  <testcase classname="aka.jmetadata.test.JMetaDataVideo_Test" name="subTestGetDisplayAspectRatioOriginalAsBigInteger" time="0.0" />
  <testcase classname="aka.jmetadata.test.JMetaDataVideo_Test" name="subTestGetHeightOffsetStringAsBigInteger" time="0.001" />
  <testcase classname="aka.jmetadata.test.JMetaDataVideo_Test" name="subTestGetDelayOriginalString3AsURL" time="0.0" />
  <testcase classname="aka.jmetadata.test.JMetaDataVideo_Test" name="subTestGetSourceDurationFirstFrameString2AsInteger" time="0.001" />
  <testcase classname="aka.jmetadata.test.JMetaDataVideo_Test" name="subTestGetDurationString5AsLong" time="0.0">
    <failure message="expected:&lt;null&gt; but was:&lt;145816700145804&gt;" type="junit.framework.AssertionFailedError">junit.framework.AssertionFailedError: expected:&lt;null&gt; but was:&lt;145816700145804&gt;
	at aka.jmetadata.test.JMetaDataVideo_Test.subTestGetDurationString5AsLong(JMetaDataVideo_Test.java:5142)
</failure>
  </testcase>
  <testcase classname="aka.jmetadata.test.JMetaDataVideo_Test" name="subTestGetPixelAspectRatioCleanApertureStringAsLocalTime" time="0.0" />
  <testcase classname="aka.jmetadata.test.JMetaDataVideo_Test" name="subTestGetEncodedLibrarySettingsAsInteger" time="0.0" />
  <testcase classname="aka.jmetadata.test.JMetaDataVideo_Test" name="subTestGetSourceDurationFirstFrameString4AsLocalDateTime" time="0.0" />
  <testcase classname="aka.jmetadata.test.JMetaDataVideo_Test" name="subTestGetWidthAsLong" time="0.002">
    <failure message="expected:&lt;null&gt; but was:&lt;1920&gt;" type="junit.framework.AssertionFailedError">junit.framework.AssertionFailedError: expected:&lt;null&gt; but was:&lt;1920&gt;
	at aka.jmetadata.test.JMetaDataVideo_Test.subTestGetWidthAsLong(JMetaDataVideo_Test.java:19739)
</failure>
  </testcase>
  <testcase classname="aka.jmetadata.test.JMetaDataVideo_Test" name="subTestGetScanTypeStoreMethodFieldsPerBlockAsLocalDateTime" time="0.0" />
  <testcase classname="aka.jmetadata.test.JMetaDataVideo_Test" name="subTestGetLanguageString4AsLong" time="0.0" />
  <testcase classname="aka.jmetadata.test.JMetaDataVideo_Test" name="subTestGetFormatSettingsCABACAsURL" time="0.0" />
  <testcase classname="aka.jmetadata.test.JMetaDataVideo_Test" name="subTestGetLanguageStringAsString" time="0.001">
    <failure message="expected:&lt;null&gt; but was:&lt;English&gt;" type="junit.framework.AssertionFailedError">junit.framework.AssertionFailedError: expected:&lt;null&gt; but was:&lt;English&gt;
	at aka.jmetadata.test.JMetaDataVideo_Test.subTestGetLanguageStringAsString(JMetaDataVideo_Test.java:11507)
</failure>
  </testcase>
  <testcase classname="aka.jmetadata.test.JMetaDataVideo_Test" name="subTestGetServiceKindAsLocalDateTime" time="0.0" />
  <testcase classname="aka.jmetadata.test.JMetaDataVideo_Test" name="subTestGetStreamSizeAsLong" time="0.001" />
  <testcase classname="aka.jmetadata.test.JMetaDataVideo_Test" name="subTestGetSourceStreamSizeEncodedStringAsLocalTime" time="0.0" />
  <testcase classname="aka.jmetadata.test.JMetaDataVideo_Test" name="subTestGetFormatSettingsGMCAsString" time="0.001">
    <failure message="expected:&lt;null&gt; but was:&lt;&gt;" type="junit.framework.AssertionFailedError">junit.framework.AssertionFailedError: expected:&lt;null&gt; but was:&lt;&gt;
	at aka.jmetadata.test.JMetaDataVideo_Test.subTestGetFormatSettingsGMCAsString(JMetaDataVideo_Test.java:8243)
</failure>
  </testcase>
  <testcase classname="aka.jmetadata.test.JMetaDataVideo_Test" name="subTestGetSourceStreamSizeString1AsBigInteger" time="0.0" />
  <testcase classname="aka.jmetadata.test.JMetaDataVideo_Test" name="subTestGetStreamSizeEncodedString5AsLocalTime" time="0.0" />
  <testcase classname="aka.jmetadata.test.JMetaDataVideo_Test" name="subTestGetmatrixcoefficientsAsInteger" time="0.001">
    <failure message="expected:&lt;null&gt; but was:&lt;709&gt;" type="junit.framework.AssertionFailedError">junit.framework.AssertionFailedError: expected:&lt;null&gt; but was:&lt;709&gt;
	at aka.jmetadata.test.JMetaDataVideo_Test.subTestGetmatrixcoefficientsAsInteger(JMetaDataVideo_Test.java:11859)
</failure>
  </testcase>
  <testcase classname="aka.jmetadata.test.JMetaDataVideo_Test" name="subTestGetHeightCleanApertureAsLocalTime" time="0.0" />
  <testcase classname="aka.jmetadata.test.JMetaDataVideo_Test" name="subTestGetDelayOriginalString4AsURL" time="0.0" />
  <testcase classname="aka.jmetadata.test.JMetaDataVideo_Test" name="subTestGetFormatSettingsMatrixDataAsURL" time="0.0" />
  <testcase classname="aka.jmetadata.test.JMetaDataVideo_Test" name="subTestGetStreamSizeDemuxedStringAsString" time="0.0">
    <failure message="expected:&lt;null&gt; but was:&lt;&gt;" type="junit.framework.AssertionFailedError">junit.framework.AssertionFailedError: expected:&lt;null&gt; but was:&lt;&gt;
	at aka.jmetadata.test.JMetaDataVideo_Test.subTestGetStreamSizeDemuxedStringAsString(JMetaDataVideo_Test.java:17779)
</failure>
  </testcase>
  <testcase classname="aka.jmetadata.test.JMetaDataVideo_Test" name="subTestGetSourceDurationString3AsBigInteger" time="0.001" />
  <testcase classname="aka.jmetadata.test.JMetaDataVideo_Test" name="subTestGetStreamSizeDemuxedString3AsBoolean" time="0.0" />
  <testcase classname="aka.jmetadata.test.JMetaDataVideo_Test" name="subTestGetHeightCleanApertureStringAsLong" time="0.0" />
  <testcase classname="aka.jmetadata.test.JMetaDataVideo_Test" name="subTestGetDelayStringAsURL" time="0.0" />
  <testcase classname="aka.jmetadata.test.JMetaDataVideo_Test" name="subTestGetWidthStringAsLocalTime" time="0.0" />
  <testcase classname="aka.jmetadata.test.JMetaDataVideo_Test" name="subTestGetUniqueIDStringAsLong" time="0.0" />
  <testcase classname="aka.jmetadata.test.JMetaDataVideo_Test" name="subTestGetScanTypeStoreMethodFieldsPerBlockAsLong" time="0.001" />
  <testcase classname="aka.jmetadata.test.JMetaDataVideo_Test" name="subTestGetEncodedApplicationUrlAsLong" time="0.0" />
  <testcase classname="aka.jmetadata.test.JMetaDataVideo_Test" name="subTestGetFormatSettingsGMCStringAsBigInteger" time="0.0" />
  <testcase classname="aka.jmetadata.test.JMetaDataVideo_Test" name="subTestGetFormatSettingsAsString" time="0.0">
    <failure message="expected:&lt;null&gt; but was:&lt;CABAC / 4 Ref Frames&gt;" type="junit.framework.AssertionFailedError">junit.framework.AssertionFailedError: expected:&lt;null&gt; but was:&lt;CABAC / 4 Ref Frames&gt;
	at aka.jmetadata.test.JMetaDataVideo_Test.subTestGetFormatSettingsAsString(JMetaDataVideo_Test.java:7859)
</failure>
  </testcase>
  <testcase classname="aka.jmetadata.test.JMetaDataVideo_Test" name="subTestGetHeightCleanApertureAsString" time="0.0">
    <failure message="expected:&lt;null&gt; but was:&lt;&gt;" type="junit.framework.AssertionFailedError">junit.framework.AssertionFailedError: expected:&lt;null&gt; but was:&lt;&gt;
	at aka.jmetadata.test.JMetaDataVideo_Test.subTestGetHeightCleanApertureAsString(JMetaDataVideo_Test.java:10803)
</failure>
  </testcase>
  <testcase classname="aka.jmetadata.test.JMetaDataVideo_Test" name="subTestGetFormatSettingsMatrixAsURL" time="0.0" />
  <testcase classname="aka.jmetadata.test.JMetaDataVideo_Test" name="subTestGetFrameRateModeAsBoolean" time="0.0" />
  <testcase classname="aka.jmetadata.test.JMetaDataVideo_Test" name="subTestGetDisplayAspectRatioCleanApertureAsLocalTime" time="0.0" />
  <testcase classname="aka.jmetadata.test.JMetaDataVideo_Test" name="subTestGetRotationStringAsLocalDateTime" time="0.001" />
  <testcase classname="aka.jmetadata.test.JMetaDataVideo_Test" name="subTestGetFirstPacketOrderAsURL" time="0.0" />
  <testcase classname="aka.jmetadata.test.JMetaDataVideo_Test" name="subTestGetDelaySettingsAsLocalDateTime" time="0.0" />
  <testcase classname="aka.jmetadata.test.JMetaDataVideo_Test" name="subTestGetDelayOriginalString5AsURL" time="0.0" />
  <testcase classname="aka.jmetadata.test.JMetaDataVideo_Test" name="subTestGetStreamSizeString2AsString" time="0.001">
    <failure message="expected:&lt;null&gt; but was:&lt;&gt;" type="junit.framework.AssertionFailedError">junit.framework.AssertionFailedError: expected:&lt;null&gt; but was:&lt;&gt;
	at aka.jmetadata.test.JMetaDataVideo_Test.subTestGetStreamSizeString2AsString(JMetaDataVideo_Test.java:17459)
</failure>
  </testcase>
  <testcase classname="aka.jmetadata.test.JMetaDataVideo_Test" name="subTestGetSourceStreamSizeStringAsString" time="0.002">
    <failure message="expected:&lt;null&gt; but was:&lt;&gt;" type="junit.framework.AssertionFailedError">junit.framework.AssertionFailedError: expected:&lt;null&gt; but was:&lt;&gt;
	at aka.jmetadata.test.JMetaDataVideo_Test.subTestGetSourceStreamSizeStringAsString(JMetaDataVideo_Test.java:15667)
</failure>
  </testcase>
  <testcase classname="aka.jmetadata.test.JMetaDataVideo_Test" name="subTestGetBitRateAsBigInteger" time="0.0" />
  <testcase classname="aka.jmetadata.test.JMetaDataVideo_Test" name="subTestGetSourceDurationFirstFrameString1AsLocalTime" time="0.0" />
  <testcase classname="aka.jmetadata.test.JMetaDataVideo_Test" name="subTestGetFrameRateModeOriginalStringAsURL" time="0.0" />
  <testcase classname="aka.jmetadata.test.JMetaDataVideo_Test" name="subTestGetWidthOriginalAsBigInteger" time="0.0" />
  <testcase classname="aka.jmetadata.test.JMetaDataVideo_Test" name="subTestGetDurationLastFrameString1AsBoolean" time="0.0" />
  <testcase classname="aka.jmetadata.test.JMetaDataVideo_Test" name="subTestGetFormatUrlAsLocalTime" time="0.001" />
  <testcase classname="aka.jmetadata.test.JMetaDataVideo_Test" name="subTestGetStreamSizeAsURL" time="0.0" />
  <testcase classname="aka.jmetadata.test.JMetaDataVideo_Test" name="subTestGetSourceStreamSizeEncodedString1AsLong" time="0.0" />
  <testcase classname="aka.jmetadata.test.JMetaDataVideo_Test" name="subTestGetFormatAsBigInteger" time="0.0" />
  <testcase classname="aka.jmetadata.test.JMetaDataVideo_Test" name="subTestGetRotationAsBigInteger" time="0.0" />
  <testcase classname="aka.jmetadata.test.JMetaDataVideo_Test" name="subTestGetBitDepthStringAsLocalDateTime" time="0.0" />
  <testcase classname="aka.jmetadata.test.JMetaDataVideo_Test" name="subTestGetWidthCleanApertureAsBigInteger" time="0.0" />
  <testcase classname="aka.jmetadata.test.JMetaDataVideo_Test" name="subTestGetDurationFirstFrameString3AsLocalDateTime" time="0.0" />
  <testcase classname="aka.jmetadata.test.JMetaDataVideo_Test" name="subTestGetFrameRateNominalStringAsInteger" time="0.0" />
  <testcase classname="aka.jmetadata.test.JMetaDataVideo_Test" name="subTestGetPixelAspectRatioCleanApertureAsLocalTime" time="0.0" />
  <testcase classname="aka.jmetadata.test.JMetaDataVideo_Test" name="subTestGetRotationAsInteger" time="0.0" />
  <testcase classname="aka.jmetadata.test.JMetaDataVideo_Test" name="subTestGetWidthOffsetStringAsBigInteger" time="0.0" />
  <testcase classname="aka.jmetadata.test.JMetaDataVideo_Test" name="subTestGetSourceDurationLastFrameAsLong" time="0.0" />
  <testcase classname="aka.jmetadata.test.JMetaDataVideo_Test" name="subTestGetDisplayAspectRatioCleanApertureAsLong" time="0.0" />
  <testcase classname="aka.jmetadata.test.JMetaDataVideo_Test" name="subTestGetFormatSettingsBVOPStringAsURL" time="0.0" />
  <testcase classname="aka.jmetadata.test.JMetaDataVideo_Test" name="subTestGetStreamCountAsLong" time="0.001">
    <failure message="expected:&lt;null&gt; but was:&lt;1&gt;" type="junit.framework.AssertionFailedError">junit.framework.AssertionFailedError: expected:&lt;null&gt; but was:&lt;1&gt;
	at aka.jmetadata.test.JMetaDataVideo_Test.subTestGetStreamCountAsLong(JMetaDataVideo_Test.java:16859)
</failure>
  </testcase>
  <testcase classname="aka.jmetadata.test.JMetaDataVideo_Test" name="subTestGetWidthCleanApertureAsLong" time="0.001" />
  <testcase classname="aka.jmetadata.test.JMetaDataVideo_Test" name="subTestGetServiceKindStringAsLocalDateTime" time="0.0" />
  <testcase classname="aka.jmetadata.test.JMetaDataVideo_Test" name="subTestGetAlternateGroupStringAsLong" time="0.0" />
  <testcase classname="aka.jmetadata.test.JMetaDataVideo_Test" name="subTestGetDurationFirstFrameString5AsBigInteger" time="0.0" />
  <testcase classname="aka.jmetadata.test.JMetaDataVideo_Test" name="subTestGetScanOrderStringAsInteger" time="0.0" />
  <testcase classname="aka.jmetadata.test.JMetaDataVideo_Test" name="subTestGetDisplayAspectRatioCleanApertureAsLocalDateTime" time="0.0" />
  <testcase classname="aka.jmetadata.test.JMetaDataVideo_Test" name="subTestGetEncodedApplicationAsURL" time="0.0" />
  <testcase classname="aka.jmetadata.test.JMetaDataVideo_Test" name="subTestGetDelayAsBoolean" time="0.0" />
  <testcase classname="aka.jmetadata.test.JMetaDataVideo_Test" name="subTestGetSourceStreamSizeString5AsInteger" time="0.0" />
  <testcase classname="aka.jmetadata.test.JMetaDataVideo_Test" name="subTestGetOriginalSourceMediumIDStringAsLocalDateTime" time="0.0" />
  <testcase classname="aka.jmetadata.test.JMetaDataVideo_Test" name="subTestGetStreamSizeDemuxedString1AsBigInteger" time="0.0" />
  <testcase classname="aka.jmetadata.test.JMetaDataVideo_Test" name="subTestGetWidthCleanApertureAsLocalTime" time="0.0" />
  <testcase classname="aka.jmetadata.test.JMetaDataVideo_Test" name="subTestGetWidthOffsetAsLocalTime" time="0.001" />
  <testcase classname="aka.jmetadata.test.JMetaDataVideo_Test" name="subTestGetStreamSizeDemuxedString1AsLong" time="0.0" />
  <testcase classname="aka.jmetadata.test.JMetaDataVideo_Test" name="subTestGetEncryptionAsLocalTime" time="0.0" />
  <testcase classname="aka.jmetadata.test.JMetaDataVideo_Test" name="subTestGetChromaSubsamplingAsLong" time="0.0">
    <failure message="expected:&lt;null&gt; but was:&lt;420&gt;" type="junit.framework.AssertionFailedError">junit.framework.AssertionFailedError: expected:&lt;null&gt; but was:&lt;420&gt;
	at aka.jmetadata.test.JMetaDataVideo_Test.subTestGetChromaSubsamplingAsLong(JMetaDataVideo_Test.java:1558)
</failure>
  </testcase>
  <testcase classname="aka.jmetadata.test.JMetaDataVideo_Test" name="subTestGetBitDepthAsURL" time="0.0" />
  <testcase classname="aka.jmetadata.test.JMetaDataVideo_Test" name="subTestGetFormatSettingsQPelAsLocalTime" time="0.0" />
  <testcase classname="aka.jmetadata.test.JMetaDataVideo_Test" name="subTestGetEncodedLibraryCompanyNameAsInteger" time="0.0" />
  <testcase classname="aka.jmetadata.test.JMetaDataVideo_Test" name="subTestGetHeightStringAsInteger" time="0.0">
    <failure message="expected:&lt;null&gt; but was:&lt;872&gt;" type="junit.framework.AssertionFailedError">junit.framework.AssertionFailedError: expected:&lt;null&gt; but was:&lt;872&gt;
	at aka.jmetadata.test.JMetaDataVideo_Test.subTestGetHeightStringAsInteger(JMetaDataVideo_Test.java:10707)
</failure>
  </testcase>
  <testcase classname="aka.jmetadata.test.JMetaDataVideo_Test" name="subTestGetScanOrderOriginalStringAsInteger" time="0.001" />
  <testcase classname="aka.jmetadata.test.JMetaDataVideo_Test" name="subTestGetEncodedApplicationStringAsURL" time="0.0" />
  <testcase classname="aka.jmetadata.test.JMetaDataVideo_Test" name="subTestGetDelayDropFrameAsURL" time="0.0" />
  <testcase classname="aka.jmetadata.test.JMetaDataVideo_Test" name="subTestGetFrameRateMaximumStringAsLocalDateTime" time="0.0" />
  <testcase classname="aka.jmetadata.test.JMetaDataVideo_Test" name="subTestGetStreamSizeEncodedString4AsString" time="0.001">
    <failure message="expected:&lt;null&gt; but was:&lt;&gt;" type="junit.framework.AssertionFailedError">junit.framework.AssertionFailedError: expected:&lt;null&gt; but was:&lt;&gt;
	at aka.jmetadata.test.JMetaDataVideo_Test.subTestGetStreamSizeEncodedString4AsString(JMetaDataVideo_Test.java:18483)
</failure>
  </testcase>
  <testcase classname="aka.jmetadata.test.JMetaDataVideo_Test" name="subTestGetChromaSubsamplingPositionAsLocalDateTime" time="0.0" />
  <testcase classname="aka.jmetadata.test.JMetaDataVideo_Test" name="subTestGetHeightOffsetAsBigInteger" time="0.0" />
  <testcase classname="aka.jmetadata.test.JMetaDataVideo_Test" name="subTestGetEncodedLibrarySettingsAsLong" time="0.0" />
  <testcase classname="aka.jmetadata.test.JMetaDataVideo_Test" name="subTestGetFormatSettingsMatrixStringAsString" time="0.0">
    <failure message="expected:&lt;null&gt; but was:&lt;&gt;" type="junit.framework.AssertionFailedError">junit.framework.AssertionFailedError: expected:&lt;null&gt; but was:&lt;&gt;
	at aka.jmetadata.test.JMetaDataVideo_Test.subTestGetFormatSettingsMatrixStringAsString(JMetaDataVideo_Test.java:8499)
</failure>
  </testcase>
  <testcase classname="aka.jmetadata.test.JMetaDataVideo_Test" name="subTestGetSourceDurationLastFrameString5AsString" time="0.001">
    <failure message="expected:&lt;null&gt; but was:&lt;&gt;" type="junit.framework.AssertionFailedError">junit.framework.AssertionFailedError: expected:&lt;null&gt; but was:&lt;&gt;
	at aka.jmetadata.test.JMetaDataVideo_Test.subTestGetSourceDurationLastFrameString5AsString(JMetaDataVideo_Test.java:15475)
</failure>
  </testcase>
  <testcase classname="aka.jmetadata.test.JMetaDataVideo_Test" name="subTestGetStreamSizeStringAsLocalDateTime" time="0.0" />
  <testcase classname="aka.jmetadata.test.JMetaDataVideo_Test" name="subTestGetDisplayAspectRatioCleanApertureAsBoolean" time="0.001" />
  <testcase classname="aka.jmetadata.test.JMetaDataVideo_Test" name="subTestGetDurationFirstFrameStringAsLocalTime" time="0.0" />
  <testcase classname="aka.jmetadata.test.JMetaDataVideo_Test" name="subTestGetMenuIDStringAsBigInteger" time="0.0" />
  <testcase classname="aka.jmetadata.test.JMetaDataVideo_Test" name="subTestGetMultiViewCountAsLocalDateTime" time="0.0" />
  <testcase classname="aka.jmetadata.test.JMetaDataVideo_Test" name="subTestGetRotationStringAsURL" time="0.0" />
  <testcase classname="aka.jmetadata.test.JMetaDataVideo_Test" name="subTestGetStreamSizeEncodedString3AsBoolean" time="0.0" />
  <testcase classname="aka.jmetadata.test.JMetaDataVideo_Test" name="subTestGetFrameRateAsBoolean" time="0.0" />
  <testcase classname="aka.jmetadata.test.JMetaDataVideo_Test" name="subTestGetDelaySourceAsLong" time="0.0" />
  <testcase classname="aka.jmetadata.test.JMetaDataVideo_Test" name="subTestGetFormatSettingsAsLong" time="0.001">
    <failure message="expected:&lt;null&gt; but was:&lt;4&gt;" type="junit.framework.AssertionFailedError">junit.framework.AssertionFailedError: expected:&lt;null&gt; but was:&lt;4&gt;
	at aka.jmetadata.test.JMetaDataVideo_Test.subTestGetFormatSettingsAsLong(JMetaDataVideo_Test.java:7835)
</failure>
  </testcase>
  <testcase classname="aka.jmetadata.test.JMetaDataVideo_Test" name="subTestGetChromaSubsamplingStringAsInteger" time="0.001">
    <failure message="expected:&lt;null&gt; but was:&lt;420&gt;" type="junit.framework.AssertionFailedError">junit.framework.AssertionFailedError: expected:&lt;null&gt; but was:&lt;420&gt;
	at aka.jmetadata.test.JMetaDataVideo_Test.subTestGetChromaSubsamplingStringAsInteger(JMetaDataVideo_Test.java:1614)
</failure>
  </testcase>
  <testcase classname="aka.jmetadata.test.JMetaDataVideo_Test" name="subTestGetSourceDurationFirstFrameString3AsLong" time="0.001" />
  <testcase classname="aka.jmetadata.test.JMetaDataVideo_Test" name="subTestGetWidthOffsetAsBigInteger" time="0.001" />
  <testcase classname="aka.jmetadata.test.JMetaDataVideo_Test" name="subTestGetEncodedApplicationNameAsBoolean" time="0.0" />
  <testcase classname="aka.jmetadata.test.JMetaDataVideo_Test" name="subTestGetActiveFormatDescriptionMuxingModeAsURL" time="0.0" />
  <testcase classname="aka.jmetadata.test.JMetaDataVideo_Test" name="subTestGetDisplayAspectRatioStringAsLocalTime" time="0.0" />
  <testcase classname="aka.jmetadata.test.JMetaDataVideo_Test" name="subTestGetCodecIDAsLocalDateTime" time="0.0" />
  <testcase classname="aka.jmetadata.test.JMetaDataVideo_Test" name="subTestGetHeightOriginalAsBoolean" time="0.0" />
  <testcase classname="aka.jmetadata.test.JMetaDataVideo_Test" name="subTestGetAlternateGroupStringAsLocalTime" time="0.001" />
  <testcase classname="aka.jmetadata.test.JMetaDataVideo_Test" name="subTestGetSourceFrameCountAsLocalDateTime" time="0.001" />
  <testcase classname="aka.jmetadata.test.JMetaDataVideo_Test" name="subTestGetDelayOriginalStringAsInteger" time="0.0" />
  <testcase classname="aka.jmetadata.test.JMetaDataVideo_Test" name="subTestGetLanguageString2AsString" time="0.001">
    <failure message="expected:&lt;null&gt; but was:&lt;en&gt;" type="junit.framework.AssertionFailedError">junit.framework.AssertionFailedError: expected:&lt;null&gt; but was:&lt;en&gt;
	at aka.jmetadata.test.JMetaDataVideo_Test.subTestGetLanguageString2AsString(JMetaDataVideo_Test.java:11635)
</failure>
  </testcase>
  <testcase classname="aka.jmetadata.test.JMetaDataVideo_Test" name="subTestGetWidthOffsetStringAsBoolean" time="0.0" />
  <testcase classname="aka.jmetadata.test.JMetaDataVideo_Test" name="subTestGetScanOrderStoredDisplayedInvertedAsLocalTime" time="0.0" />
  <testcase classname="aka.jmetadata.test.JMetaDataVideo_Test" name="subTestGetScanOrderOriginalStringAsLocalTime" time="0.001" />
  <testcase classname="aka.jmetadata.test.JMetaDataVideo_Test" name="subTestGetSourceDurationFirstFrameString2AsLocalTime" time="0.0" />
  <testcase classname="aka.jmetadata.test.JMetaDataVideo_Test" name="subTestGetGopOpenClosedStringAsString" time="0.001">
    <failure message="expected:&lt;null&gt; but was:&lt;&gt;" type="junit.framework.AssertionFailedError">junit.framework.AssertionFailedError: expected:&lt;null&gt; but was:&lt;&gt;
	at aka.jmetadata.test.JMetaDataVideo_Test.subTestGetGopOpenClosedStringAsString(JMetaDataVideo_Test.java:10483)
</failure>
  </testcase>
  <testcase classname="aka.jmetadata.test.JMetaDataVideo_Test" name="subTestGetFrameCountAsURL" time="0.0" />
  <testcase classname="aka.jmetadata.test.JMetaDataVideo_Test" name="subTestGetDurationLastFrameString3AsBigInteger" time="0.0" />
  <testcase classname="aka.jmetadata.test.JMetaDataVideo_Test" name="subTestGetScanTypeStringAsInteger" time="0.001" />
  <testcase classname="aka.jmetadata.test.JMetaDataVideo_Test" name="subTestGetEncodedApplicationStringAsLocalTime" time="0.0" />
  <testcase classname="aka.jmetadata.test.JMetaDataVideo_Test" name="subTestGetSourceDurationFirstFrameString1AsInteger" time="0.0" />
  <testcase classname="aka.jmetadata.test.JMetaDataVideo_Test" name="subTestGetInformAsLocalTime" time="0.0" />
  <testcase classname="aka.jmetadata.test.JMetaDataVideo_Test" name="subTestGetActiveFormatDescriptionStringAsLong" time="0.0" />
  <testcase classname="aka.jmetadata.test.JMetaDataVideo_Test" name="subTestGetMenuIDAsLocalTime" time="0.0" />
  <testcase classname="aka.jmetadata.test.JMetaDataVideo_Test" name="subTestGetFormatSettingsWrappingAsString" time="0.001">
    <failure message="expected:&lt;null&gt; but was:&lt;&gt;" type="junit.framework.AssertionFailedError">junit.framework.AssertionFailedError: expected:&lt;null&gt; but was:&lt;&gt;
	at aka.jmetadata.test.JMetaDataVideo_Test.subTestGetFormatSettingsWrappingAsString(JMetaDataVideo_Test.java:9011)
</failure>
  </testcase>
  <testcase classname="aka.jmetadata.test.JMetaDataVideo_Test" name="subTestGetFormatLevelAsBoolean" time="0.0" />
  <testcase classname="aka.jmetadata.test.JMetaDataVideo_Test" name="subTestGetFormatVersionAsInteger" time="0.0" />
  <testcase classname="aka.jmetadata.test.JMetaDataVideo_Test" name="subTestGetStreamSizeStringAsBoolean" time="0.0" />
  <testcase classname="aka.jmetadata.test.JMetaDataVideo_Test" name="subTestGetFirstPacketOrderAsString" time="0.001">
    <failure message="expected:&lt;null&gt; but was:&lt;&gt;" type="junit.framework.AssertionFailedError">junit.framework.AssertionFailedError: expected:&lt;null&gt; but was:&lt;&gt;
	at aka.jmetadata.test.JMetaDataVideo_Test.subTestGetFirstPacketOrderAsString(JMetaDataVideo_Test.java:7150)
</failure>
  </testcase>
  <testcase classname="aka.jmetadata.test.JMetaDataVideo_Test" name="subTestGetSourceStreamSizeAsString" time="0.001">
    <failure message="expected:&lt;null&gt; but was:&lt;&gt;" type="junit.framework.AssertionFailedError">junit.framework.AssertionFailedError: expected:&lt;null&gt; but was:&lt;&gt;
	at aka.jmetadata.test.JMetaDataVideo_Test.subTestGetSourceStreamSizeAsString(JMetaDataVideo_Test.java:15603)
</failure>
  </testcase>
  <testcase classname="aka.jmetadata.test.JMetaDataVideo_Test" name="subTestGetStreamSizeString4AsLocalDateTime" time="0.0" />
  <testcase classname="aka.jmetadata.test.JMetaDataVideo_Test" name="subTestGetPixelAspectRatioOriginalAsBoolean" time="0.0" />
  <testcase classname="aka.jmetadata.test.JMetaDataVideo_Test" name="subTestGetStreamSizeDemuxedString2AsBoolean" time="0.0" />
  <testcase classname="aka.jmetadata.test.JMetaDataVideo_Test" name="subTestGetSourceDurationLastFrameAsBoolean" time="0.0" />
  <testcase classname="aka.jmetadata.test.JMetaDataVideo_Test" name="subTestGetBitRateMinimumAsURL" time="0.0" />
  <testcase classname="aka.jmetadata.test.JMetaDataVideo_Test" name="subTestGetDelayOriginalString5AsLocalDateTime" time="0.0" />
  <testcase classname="aka.jmetadata.test.JMetaDataVideo_Test" name="subTestGetFormatSettingsCABACAsLocalTime" time="0.001" />
  <testcase classname="aka.jmetadata.test.JMetaDataVideo_Test" name="subTestGetEncodedApplicationVersionAsInteger" time="0.0" />
  <testcase classname="aka.jmetadata.test.JMetaDataVideo_Test" name="subTestGetFormatUrlAsLocalDateTime" time="0.001" />
  <testcase classname="aka.jmetadata.test.JMetaDataVideo_Test" name="subTestGetEncryptionAsBigInteger" time="0.0" />
  <testcase classname="aka.jmetadata.test.JMetaDataVideo_Test" name="subTestGetDurationFirstFrameString5AsBoolean" time="0.0" />
  <testcase classname="aka.jmetadata.test.JMetaDataVideo_Test" name="subTestGetGopOpenClosedAsLocalDateTime" time="0.001" />
  <testcase classname="aka.jmetadata.test.JMetaDataVideo_Test" name="subTestGetSourceDurationLastFrameAsLocalDateTime" time="0.0" />
  <testcase classname="aka.jmetadata.test.JMetaDataVideo_Test" name="subTestGetBitRateModeAsLocalDateTime" time="0.0" />
  <testcase classname="aka.jmetadata.test.JMetaDataVideo_Test" name="subTestGetFrameCountAsBoolean" time="0.0" />
  <testcase classname="aka.jmetadata.test.JMetaDataVideo_Test" name="subTestGetEncodedDateAsURL" time="0.001" />
  <testcase classname="aka.jmetadata.test.JMetaDataVideo_Test" name="subTestGetDelayOriginalSourceAsBigInteger" time="0.0" />
  <testcase classname="aka.jmetadata.test.JMetaDataVideo_Test" name="subTestGetEncodedLibraryStringAsBigInteger" time="0.0" />
  <testcase classname="aka.jmetadata.test.JMetaDataVideo_Test" name="subTestGetDisplayAspectRatioCleanApertureStringAsLocalTime" time="0.0" />
  <testcase classname="aka.jmetadata.test.JMetaDataVideo_Test" name="subTestGetFormatProfileAsURL" time="0.0" />
  <testcase classname="aka.jmetadata.test.JMetaDataVideo_Test" name="subTestGetSourceDurationString5AsBoolean" time="0.0" />
  <testcase classname="aka.jmetadata.test.JMetaDataVideo_Test" name="subTestGetDelayString1AsLong" time="0.0" />
  <testcase classname="aka.jmetadata.test.JMetaDataVideo_Test" name="subTestGetDelaySourceStringAsLocalDateTime" time="0.0" />
  <testcase classname="aka.jmetadata.test.JMetaDataVideo_Test" name="subTestGetPixelAspectRatioCleanApertureAsLocalDateTime" time="0.0" />
  <testcase classname="aka.jmetadata.test.JMetaDataVideo_Test" name="subTestGetDisplayAspectRatioOriginalStringAsBoolean" time="0.0" />
  <testcase classname="aka.jmetadata.test.JMetaDataVideo_Test" name="subTestGetStreamCountAsBoolean" time="0.0" />
  <testcase classname="aka.jmetadata.test.JMetaDataVideo_Test" name="subTestGetEncodedLibraryStringAsBoolean" time="0.0" />
  <testcase classname="aka.jmetadata.test.JMetaDataVideo_Test" name="subTestGetScanOrderStoredDisplayedInvertedAsBoolean" time="0.0" />
  <testcase classname="aka.jmetadata.test.JMetaDataVideo_Test" name="subTestGetScanOrderStoredStringAsInteger" time="0.0" />
  <testcase classname="aka.jmetadata.test.JMetaDataVideo_Test" name="subTestGetSourceStreamSizeEncodedString5AsBigInteger" time="0.0" />
  <testcase classname="aka.jmetadata.test.JMetaDataVideo_Test" name="subTestGetWidthOriginalAsString" time="0.001">
    <failure message="expected:&lt;null&gt; but was:&lt;&gt;" type="junit.framework.AssertionFailedError">junit.framework.AssertionFailedError: expected:&lt;null&gt; but was:&lt;&gt;
	at aka.jmetadata.test.JMetaDataVideo_Test.subTestGetWidthOriginalAsString(JMetaDataVideo_Test.java:20147)
</failure>
  </testcase>
  <testcase classname="aka.jmetadata.test.JMetaDataVideo_Test" name="subTestGetDurationFirstFrameString5AsLong" time="0.0" />
  <testcase classname="aka.jmetadata.test.JMetaDataVideo_Test" name="subTestGetTimeStampFirstFrameString5AsLong" time="0.0" />
  <testcase classname="aka.jmetadata.test.JMetaDataVideo_Test" name="subTestGetAlternateGroupAsLocalTime" time="0.001" />
  <testcase classname="aka.jmetadata.test.JMetaDataVideo_Test" name="subTestGetBitRateEncodedStringAsLocalDateTime" time="0.0" />
  <testcase classname="aka.jmetadata.test.JMetaDataVideo_Test" name="subTestGetDelayStringAsLocalDateTime" time="0.0" />
  <testcase classname="aka.jmetadata.test.JMetaDataVideo_Test" name="subTestGetFormatSettingsCABACStringAsBigInteger" time="0.0" />
  <testcase classname="aka.jmetadata.test.JMetaDataVideo_Test" name="subTestGetStandardAsString" time="0.0">
    <failure message="expected:&lt;null&gt; but was:&lt;&gt;" type="junit.framework.AssertionFailedError">junit.framework.AssertionFailedError: expected:&lt;null&gt; but was:&lt;&gt;
	at aka.jmetadata.test.JMetaDataVideo_Test.subTestGetStandardAsString(JMetaDataVideo_Test.java:16627)
</failure>
  </testcase>
  <testcase classname="aka.jmetadata.test.JMetaDataVideo_Test" name="subTestGetSourceStreamSizeString4AsInteger" time="0.0" />
  <testcase classname="aka.jmetadata.test.JMetaDataVideo_Test" name="subTestGetWidthOriginalAsBoolean" time="0.0" />
  <testcase classname="aka.jmetadata.test.JMetaDataVideo_Test" name="subTestGetStreamSizeEncodedAsLong" time="0.0" />
  <testcase classname="aka.jmetadata.test.JMetaDataVideo_Test" name="subTestGetSourceDurationFirstFrameString3AsLocalTime" time="0.001" />
  <testcase classname="aka.jmetadata.test.JMetaDataVideo_Test" name="subTestGetFormatSettingsMatrixStringAsBoolean" time="0.0" />
  <testcase classname="aka.jmetadata.test.JMetaDataVideo_Test" name="subTestGetCodecIDStringAsURL" time="0.0" />
  <testcase classname="aka.jmetadata.test.JMetaDataVideo_Test" name="subTestGetSourceDurationString2AsBigInteger" time="0.0" />
  <testcase classname="aka.jmetadata.test.JMetaDataVideo_Test" name="subTestGetFormatSettingsMatrixAsString" time="0.0">
    <failure message="expected:&lt;null&gt; but was:&lt;&gt;" type="junit.framework.AssertionFailedError">junit.framework.AssertionFailedError: expected:&lt;null&gt; but was:&lt;&gt;
	at aka.jmetadata.test.JMetaDataVideo_Test.subTestGetFormatSettingsMatrixAsString(JMetaDataVideo_Test.java:8435)
</failure>
  </testcase>
  <testcase classname="aka.jmetadata.test.JMetaDataVideo_Test" name="subTestGetFrameRateMinimumStringAsBoolean" time="0.0" />
  <testcase classname="aka.jmetadata.test.JMetaDataVideo_Test" name="subTestGetEncodedLibraryCompanyNameAsLong" time="0.0" />
  <testcase classname="aka.jmetadata.test.JMetaDataVideo_Test" name="subTestGetMultiViewLayoutAsLocalTime" time="0.0" />
  <testcase classname="aka.jmetadata.test.JMetaDataVideo_Test" name="subTestGetLanguageStringAsBoolean" time="0.0" />
  <testcase classname="aka.jmetadata.test.JMetaDataVideo_Test" name="subTestGetFrameRateModeAsBigInteger" time="0.0" />
  <testcase classname="aka.jmetadata.test.JMetaDataVideo_Test" name="subTestGetStreamSizeDemuxedStringAsURL" time="0.0" />
  <testcase classname="aka.jmetadata.test.JMetaDataVideo_Test" name="subTestGetDurationLastFrameString1AsLong" time="0.0" />
  <testcase classname="aka.jmetadata.test.JMetaDataVideo_Test" name="subTestGetFormatCommercialAsString" time="0.0">
    <failure message="expected:&lt;null&gt; but was:&lt;AVC&gt;" type="junit.framework.AssertionFailedError">junit.framework.AssertionFailedError: expected:&lt;null&gt; but was:&lt;AVC&gt;
	at aka.jmetadata.test.JMetaDataVideo_Test.subTestGetFormatCommercialAsString(JMetaDataVideo_Test.java:7539)
</failure>
  </testcase>
  <testcase classname="aka.jmetadata.test.JMetaDataVideo_Test" name="subTestGetSourceStreamSizeEncodedStringAsLocalDateTime" time="0.0" />
  <testcase classname="aka.jmetadata.test.JMetaDataVideo_Test" name="subTestGetSourceStreamSizeString5AsLong" time="0.0" />
  <testcase classname="aka.jmetadata.test.JMetaDataVideo_Test" name="subTestGetScanTypeStoreMethodAsBigInteger" time="0.0" />
  <testcase classname="aka.jmetadata.test.JMetaDataVideo_Test" name="subTestGetBitDepthAsBoolean" time="0.0" />
  <testcase classname="aka.jmetadata.test.JMetaDataVideo_Test" name="subTestGetDelayOriginalString1AsLong" time="0.0" />
  <testcase classname="aka.jmetadata.test.JMetaDataVideo_Test" name="subTestGetDelayAsBigInteger" time="0.0">
    <failure message="expected:&lt;null&gt; but was:&lt;0&gt;" type="junit.framework.AssertionFailedError">junit.framework.AssertionFailedError: expected:&lt;null&gt; but was:&lt;0&gt;
	at aka.jmetadata.test.JMetaDataVideo_Test.subTestGetDelayAsBigInteger(JMetaDataVideo_Test.java:2942)
</failure>
  </testcase>
  <testcase classname="aka.jmetadata.test.JMetaDataVideo_Test" name="subTestGetSourceDurationFirstFrameString3AsString" time="0.0">
    <failure message="expected:&lt;null&gt; but was:&lt;&gt;" type="junit.framework.AssertionFailedError">junit.framework.AssertionFailedError: expected:&lt;null&gt; but was:&lt;&gt;
	at aka.jmetadata.test.JMetaDataVideo_Test.subTestGetSourceDurationFirstFrameString3AsString(JMetaDataVideo_Test.java:14899)
</failure>
  </testcase>
  <testcase classname="aka.jmetadata.test.JMetaDataVideo_Test" name="subTestGetStreamSizeDemuxedAsString" time="0.001">
    <failure message="expected:&lt;null&gt; but was:&lt;&gt;" type="junit.framework.AssertionFailedError">junit.framework.AssertionFailedError: expected:&lt;null&gt; but was:&lt;&gt;
	at aka.jmetadata.test.JMetaDataVideo_Test.subTestGetStreamSizeDemuxedAsString(JMetaDataVideo_Test.java:17715)
</failure>
  </testcase>
  <testcase classname="aka.jmetadata.test.JMetaDataVideo_Test" name="subTestGetCountAsString" time="0.001">
    <failure message="expected:&lt;null&gt; but was:&lt;338&gt;" type="junit.framework.AssertionFailedError">junit.framework.AssertionFailedError: expected:&lt;null&gt; but was:&lt;338&gt;
	at aka.jmetadata.test.JMetaDataVideo_Test.subTestGetCountAsString(JMetaDataVideo_Test.java:2734)
</failure>
  </testcase>
  <testcase classname="aka.jmetadata.test.JMetaDataVideo_Test" name="subTestGetSourceStreamSizeString3AsLocalDateTime" time="0.0" />
  <testcase classname="aka.jmetadata.test.JMetaDataVideo_Test" name="subTestGetSourceDurationFirstFrameStringAsBigInteger" time="0.0" />
  <testcase classname="aka.jmetadata.test.JMetaDataVideo_Test" name="subTestGetScanOrderAsURL" time="0.0" />
  <testcase classname="aka.jmetadata.test.JMetaDataVideo_Test" name="subTestGetPixelAspectRatioStringAsString" time="0.0">
    <failure message="expected:&lt;null&gt; but was:&lt;&gt;" type="junit.framework.AssertionFailedError">junit.framework.AssertionFailedError: expected:&lt;null&gt; but was:&lt;&gt;
	at aka.jmetadata.test.JMetaDataVideo_Test.subTestGetPixelAspectRatioStringAsString(JMetaDataVideo_Test.java:12595)
</failure>
  </testcase>
  <testcase classname="aka.jmetadata.test.JMetaDataVideo_Test" name="subTestGetStreamSizeEncodedString2AsBoolean" time="0.0" />
  <testcase classname="aka.jmetadata.test.JMetaDataVideo_Test" name="subTestGetMuxingModeAsInteger" time="0.0" />
  <testcase classname="aka.jmetadata.test.JMetaDataVideo_Test" name="subTestGetDurationLastFrameAsLocalTime" time="0.001" />
  <testcase classname="aka.jmetadata.test.JMetaDataVideo_Test" name="subTestGetSourceStreamSizeString5AsString" time="0.001">
    <failure message="expected:&lt;null&gt; but was:&lt;&gt;" type="junit.framework.AssertionFailedError">junit.framework.AssertionFailedError: expected:&lt;null&gt; but was:&lt;&gt;
	at aka.jmetadata.test.JMetaDataVideo_Test.subTestGetSourceStreamSizeString5AsString(JMetaDataVideo_Test.java:15987)
</failure>
  </testcase>
  <testcase classname="aka.jmetadata.test.JMetaDataVideo_Test" name="subTestGetBitRateStringAsLocalTime" time="0.001" />
  <testcase classname="aka.jmetadata.test.JMetaDataVideo_Test" name="subTestGetSourceDurationString5AsLong" time="0.0" />
  <testcase classname="aka.jmetadata.test.JMetaDataVideo_Test" name="subTestGetCodecIDAsURL" time="0.0" />
  <testcase classname="aka.jmetadata.test.JMetaDataVideo_Test" name="subTestGetAlternateGroupStringAsString" time="0.001">
    <failure message="expected:&lt;null&gt; but was:&lt;&gt;" type="junit.framework.AssertionFailedError">junit.framework.AssertionFailedError: expected:&lt;null&gt; but was:&lt;&gt;
	at aka.jmetadata.test.JMetaDataVideo_Test.subTestGetAlternateGroupStringAsString(JMetaDataVideo_Test.java:494)
</failure>
  </testcase>
  <testcase classname="aka.jmetadata.test.JMetaDataVideo_Test" name="subTestGetFormatSettingsMatrixStringAsBigInteger" time="0.0" />
  <testcase classname="aka.jmetadata.test.JMetaDataVideo_Test" name="subTestGetFormatSettingsCABACAsString" time="0.0">
    <failure message="expected:&lt;null&gt; but was:&lt;Yes&gt;" type="junit.framework.AssertionFailedError">junit.framework.AssertionFailedError: expected:&lt;null&gt; but was:&lt;Yes&gt;
	at aka.jmetadata.test.JMetaDataVideo_Test.subTestGetFormatSettingsCABACAsString(JMetaDataVideo_Test.java:8051)
</failure>
  </testcase>
  <testcase classname="aka.jmetadata.test.JMetaDataVideo_Test" name="subTestGetLanguageString4AsLocalDateTime" time="0.0" />
  <testcase classname="aka.jmetadata.test.JMetaDataVideo_Test" name="subTestGetTimeCodeSettingsAsLocalTime" time="0.0" />
  <testcase classname="aka.jmetadata.test.JMetaDataVideo_Test" name="subTestGetTimeCodeSettingsAsInteger" time="0.0" />
  <testcase classname="aka.jmetadata.test.JMetaDataVideo_Test" name="subTestGetEncodedApplicationCompanyNameAsBoolean" time="0.0" />
  <testcase classname="aka.jmetadata.test.JMetaDataVideo_Test" name="subTestGetBitRateMinimumStringAsString" time="0.0">
    <failure message="expected:&lt;null&gt; but was:&lt;&gt;" type="junit.framework.AssertionFailedError">junit.framework.AssertionFailedError: expected:&lt;null&gt; but was:&lt;&gt;
	at aka.jmetadata.test.JMetaDataVideo_Test.subTestGetBitRateMinimumStringAsString(JMetaDataVideo_Test.java:1134)
</failure>
  </testcase>
  <testcase classname="aka.jmetadata.test.JMetaDataVideo_Test" name="subTestGetPixelAspectRatioAsInteger" time="0.001">
    <failure message="expected:&lt;null&gt; but was:&lt;1000&gt;" type="junit.framework.AssertionFailedError">junit.framework.AssertionFailedError: expected:&lt;null&gt; but was:&lt;1000&gt;
	at aka.jmetadata.test.JMetaDataVideo_Test.subTestGetPixelAspectRatioAsInteger(JMetaDataVideo_Test.java:12499)
</failure>
  </testcase>
  <testcase classname="aka.jmetadata.test.JMetaDataVideo_Test" name="subTestGetColorSpaceAsLocalTime" time="0.0" />
  <testcase classname="aka.jmetadata.test.JMetaDataVideo_Test" name="subTestGetAlternateGroupStringAsInteger" time="0.001" />
  <testcase classname="aka.jmetadata.test.JMetaDataVideo_Test" name="subTestGetFormatSettingsGMCAsBoolean" time="0.0" />
  <testcase classname="aka.jmetadata.test.JMetaDataVideo_Test" name="subTestGetScanOrderAsLong" time="0.0" />
  <testcase classname="aka.jmetadata.test.JMetaDataVideo_Test" name="subTestGetDefaultStringAsBoolean" time="0.001">
    <failure message="expected:&lt;null&gt; but was:&lt;true&gt;" type="junit.framework.AssertionFailedError">junit.framework.AssertionFailedError: expected:&lt;null&gt; but was:&lt;true&gt;
	at aka.jmetadata.test.JMetaDataVideo_Test.subTestGetDefaultStringAsBoolean(JMetaDataVideo_Test.java:2870)
</failure>
  </testcase>
  <testcase classname="aka.jmetadata.test.JMetaDataVideo_Test" name="subTestGetDurationFirstFrameString4AsBigInteger" time="0.0" />
  <testcase classname="aka.jmetadata.test.JMetaDataVideo_Test" name="subTestGetSourceDurationStringAsURL" time="0.0" />
  <testcase classname="aka.jmetadata.test.JMetaDataVideo_Test" name="subTestGetcolourdescriptionpresentOriginalAsURL" time="0.0" />
  <testcase classname="aka.jmetadata.test.JMetaDataVideo_Test" name="subTestGetTimeStampFirstFrameString4AsString" time="0.001">
    <failure message="expected:&lt;null&gt; but was:&lt;&gt;" type="junit.framework.AssertionFailedError">junit.framework.AssertionFailedError: expected:&lt;null&gt; but was:&lt;&gt;
	at aka.jmetadata.test.JMetaDataVideo_Test.subTestGetTimeStampFirstFrameString4AsString(JMetaDataVideo_Test.java:19315)
</failure>
  </testcase>
  <testcase classname="aka.jmetadata.test.JMetaDataVideo_Test" name="subTestGetFormatCommercialIfAnyAsBoolean" time="0.001" />
  <testcase classname="aka.jmetadata.test.JMetaDataVideo_Test" name="subTestGetDelayStringAsString" time="0.001">
    <failure message="expected:&lt;null&gt; but was:&lt;&gt;" type="junit.framework.AssertionFailedError">junit.framework.AssertionFailedError: expected:&lt;null&gt; but was:&lt;&gt;
	at aka.jmetadata.test.JMetaDataVideo_Test.subTestGetDelayStringAsString(JMetaDataVideo_Test.java:2990)
</failure>
  </testcase>
  <testcase classname="aka.jmetadata.test.JMetaDataVideo_Test" name="subTestGetBitsPixelFrameAsURL" time="0.0" />
  <testcase classname="aka.jmetadata.test.JMetaDataVideo_Test" name="subTestGetFrameRateMinimumAsBigInteger" time="0.0" />
  <testcase classname="aka.jmetadata.test.JMetaDataVideo_Test" name="subTestGetEncodedLibraryVersionAsLong" time="0.0" />
  <testcase classname="aka.jmetadata.test.JMetaDataVideo_Test" name="subTestGetDurationLastFrameString1AsLocalDateTime" time="0.0" />
  <testcase classname="aka.jmetadata.test.JMetaDataVideo_Test" name="subTestGetDelayString4AsLocalDateTime" time="0.0" />
  <testcase classname="aka.jmetadata.test.JMetaDataVideo_Test" name="subTestGetForcedStringAsInteger" time="0.0" />
  <testcase classname="aka.jmetadata.test.JMetaDataVideo_Test" name="subTestGetServiceKindStringAsURL" time="0.0" />
  <testcase classname="aka.jmetadata.test.JMetaDataVideo_Test" name="subTestGetEncryptionAsBoolean" time="0.0" />
  <testcase classname="aka.jmetadata.test.JMetaDataVideo_Test" name="subTestGetBitRateMaximumAsLocalDateTime" time="0.0" />
  <testcase classname="aka.jmetadata.test.JMetaDataVideo_Test" name="subTestGetDurationLastFrameStringAsLocalTime" time="0.0" />
  <testcase classname="aka.jmetadata.test.JMetaDataVideo_Test" name="subTestGetSourceDurationAsURL" time="0.0" />
  <testcase classname="aka.jmetadata.test.JMetaDataVideo_Test" name="subTestGetGopOpenClosedStringAsBigInteger" time="0.0" />
  <testcase classname="aka.jmetadata.test.JMetaDataVideo_Test" name="subTestGetStreamSizeDemuxedString1AsBoolean" time="0.0" />
  <testcase classname="aka.jmetadata.test.JMetaDataVideo_Test" name="subTestGetFormatAsBoolean" time="0.001" />
  <testcase classname="aka.jmetadata.test.JMetaDataVideo_Test" name="subTestGetWidthOffsetStringAsString" time="0.001">
    <failure message="expected:&lt;null&gt; but was:&lt;&gt;" type="junit.framework.AssertionFailedError">junit.framework.AssertionFailedError: expected:&lt;null&gt; but was:&lt;&gt;
	at aka.jmetadata.test.JMetaDataVideo_Test.subTestGetWidthOffsetStringAsString(JMetaDataVideo_Test.java:20083)
</failure>
  </testcase>
  <testcase classname="aka.jmetadata.test.JMetaDataVideo_Test" name="subTestGetSourceDurationLastFrameString1AsLocalDateTime" time="0.0" />
  <testcase classname="aka.jmetadata.test.JMetaDataVideo_Test" name="subTestGetFormatSettingsGOPAsInteger" time="0.001" />
  <testcase classname="aka.jmetadata.test.JMetaDataVideo_Test" name="subTestGetFrameRateMinimumStringAsString" time="0.0">
    <failure message="expected:&lt;null&gt; but was:&lt;&gt;" type="junit.framework.AssertionFailedError">junit.framework.AssertionFailedError: expected:&lt;null&gt; but was:&lt;&gt;
	at aka.jmetadata.test.JMetaDataVideo_Test.subTestGetFrameRateMinimumStringAsString(JMetaDataVideo_Test.java:9651)
</failure>
  </testcase>
  <testcase classname="aka.jmetadata.test.JMetaDataVideo_Test" name="subTestGetDurationFirstFrameString4AsBoolean" time="0.0" />
  <testcase classname="aka.jmetadata.test.JMetaDataVideo_Test" name="subTestGetSourceDurationLastFrameString5AsBoolean" time="0.0" />
  <testcase classname="aka.jmetadata.test.JMetaDataVideo_Test" name="subTestGetFormatSettingsRefFramesStringAsLong" time="0.0">
    <failure message="expected:&lt;null&gt; but was:&lt;4&gt;" type="junit.framework.AssertionFailedError">junit.framework.AssertionFailedError: expected:&lt;null&gt; but was:&lt;4&gt;
	at aka.jmetadata.test.JMetaDataVideo_Test.subTestGetFormatSettingsRefFramesStringAsLong(JMetaDataVideo_Test.java:8923)
</failure>
  </testcase>
  <testcase classname="aka.jmetadata.test.JMetaDataVideo_Test" name="subTestGetFrameRateMaximumAsBigInteger" time="0.0" />
  <testcase classname="aka.jmetadata.test.JMetaDataVideo_Test" name="subTestGetDisplayAspectRatioCleanApertureStringAsBigInteger" time="0.0" />
  <testcase classname="aka.jmetadata.test.JMetaDataVideo_Test" name="subTestGetWidthOffsetAsInteger" time="0.0" />
  <testcase classname="aka.jmetadata.test.JMetaDataVideo_Test" name="subTestGetFrameRateOriginalAsInteger" time="0.0" />
  <testcase classname="aka.jmetadata.test.JMetaDataVideo_Test" name="subTestGetDelayOriginalStringAsLong" time="0.0" />
  <testcase classname="aka.jmetadata.test.JMetaDataVideo_Test" name="subTestGetWidthAsBoolean" time="0.0" />
  <testcase classname="aka.jmetadata.test.JMetaDataVideo_Test" name="subTestGetUniqueIDAsURL" time="0.0" />
  <testcase classname="aka.jmetadata.test.JMetaDataVideo_Test" name="subTestGetDelayOriginalStringAsLocalTime" time="0.0" />
  <testcase classname="aka.jmetadata.test.JMetaDataVideo_Test" name="subTestGetSourceDurationFirstFrameString4AsLocalTime" time="0.0" />
  <testcase classname="aka.jmetadata.test.JMetaDataVideo_Test" name="subTestGetDelaySourceAsString" time="0.0">
    <failure message="expected:&lt;null&gt; but was:&lt;Container&gt;" type="junit.framework.AssertionFailedError">junit.framework.AssertionFailedError: expected:&lt;null&gt; but was:&lt;Container&gt;
	at aka.jmetadata.test.JMetaDataVideo_Test.subTestGetDelaySourceAsString(JMetaDataVideo_Test.java:4142)
</failure>
  </testcase>
  <testcase classname="aka.jmetadata.test.JMetaDataVideo_Test" name="subTestGetFormatSettingsGMCStringAsInteger" time="0.0" />
  <testcase classname="aka.jmetadata.test.JMetaDataVideo_Test" name="subTestGetFormatSettingsPictureStructureAsBoolean" time="0.001" />
  <testcase classname="aka.jmetadata.test.JMetaDataVideo_Test" name="subTestGetDisplayAspectRatioOriginalAsBoolean" time="0.0" />
  <testcase classname="aka.jmetadata.test.JMetaDataVideo_Test" name="subTestGetBitRateNominalStringAsString" time="0.0">
    <failure message="expected:&lt;null&gt; but was:&lt;&gt;" type="junit.framework.AssertionFailedError">junit.framework.AssertionFailedError: expected:&lt;null&gt; but was:&lt;&gt;
	at aka.jmetadata.test.JMetaDataVideo_Test.subTestGetBitRateNominalStringAsString(JMetaDataVideo_Test.java:1390)
</failure>
  </testcase>
  <testcase classname="aka.jmetadata.test.JMetaDataVideo_Test" name="subTestGetSourceStreamSizeAsLocalDateTime" time="0.0" />
  <testcase classname="aka.jmetadata.test.JMetaDataVideo_Test" name="subTestGetSourceDurationString1AsString" time="0.001">
    <failure message="expected:&lt;null&gt; but was:&lt;&gt;" type="junit.framework.AssertionFailedError">junit.framework.AssertionFailedError: expected:&lt;null&gt; but was:&lt;&gt;
	at aka.jmetadata.test.JMetaDataVideo_Test.subTestGetSourceDurationString1AsString(JMetaDataVideo_Test.java:14323)
</failure>
  </testcase>
  <testcase classname="aka.jmetadata.test.JMetaDataVideo_Test" name="subTestGetTimeCodeFirstFrameAsLocalTime" time="0.0" />
  <testcase classname="aka.jmetadata.test.JMetaDataVideo_Test" name="subTestGetFrameRateOriginalDenAsBigInteger" time="0.0" />
  <testcase classname="aka.jmetadata.test.JMetaDataVideo_Test" name="subTestGetCodecIDHintAsLocalTime" time="0.001" />
  <testcase classname="aka.jmetadata.test.JMetaDataVideo_Test" name="subTestGetFrameRateDenAsInteger" time="0.0" />
  <testcase classname="aka.jmetadata.test.JMetaDataVideo_Test" name="subTestGetSourceDurationString4AsBoolean" time="0.0" />
  <testcase classname="aka.jmetadata.test.JMetaDataVideo_Test" name="subTestGetCompressionRatioAsString" time="0.001">
    <failure message="expected:&lt;null&gt; but was:&lt;&gt;" type="junit.framework.AssertionFailedError">junit.framework.AssertionFailedError: expected:&lt;null&gt; but was:&lt;&gt;
	at aka.jmetadata.test.JMetaDataVideo_Test.subTestGetCompressionRatioAsString(JMetaDataVideo_Test.java:2670)
</failure>
  </testcase>
  <testcase classname="aka.jmetadata.test.JMetaDataVideo_Test" name="subTestGetWidthOriginalAsLocalDateTime" time="0.0" />
  <testcase classname="aka.jmetadata.test.JMetaDataVideo_Test" name="subTestGetInformAsURL" time="0.001" />
  <testcase classname="aka.jmetadata.test.JMetaDataVideo_Test" name="subTestGetcolourdescriptionpresentOriginalAsBoolean" time="0.0" />
  <testcase classname="aka.jmetadata.test.JMetaDataVideo_Test" name="subTestGetcolourprimariesAsLocalTime" time="0.001" />
  <testcase classname="aka.jmetadata.test.JMetaDataVideo_Test" name="subTestGetStreamSizeEncodedString1AsURL" time="0.0" />
  <testcase classname="aka.jmetadata.test.JMetaDataVideo_Test" name="subTestGetBitDepthAsLocalTime" time="0.0" />
  <testcase classname="aka.jmetadata.test.JMetaDataVideo_Test" name="subTestGetFormatSettingsCABACAsInteger" time="0.0" />
  <testcase classname="aka.jmetadata.test.JMetaDataVideo_Test" name="subTestGetFormatSettingsRefFramesStringAsBoolean" time="0.0" />
  <testcase classname="aka.jmetadata.test.JMetaDataVideo_Test" name="subTestGetDurationLastFrameString2AsBigInteger" time="0.0" />
  <testcase classname="aka.jmetadata.test.JMetaDataVideo_Test" name="subTestGetActiveFormatDescriptionStringAsURL" time="0.0" />
  <testcase classname="aka.jmetadata.test.JMetaDataVideo_Test" name="subTestGetEncodedApplicationVersionAsBigInteger" time="0.0" />
  <testcase classname="aka.jmetadata.test.JMetaDataVideo_Test" name="subTestGetCodecIDAsInteger" time="0.0">
    <failure message="expected:&lt;null&gt; but was:&lt;4&gt;" type="junit.framework.AssertionFailedError">junit.framework.AssertionFailedError: expected:&lt;null&gt; but was:&lt;4&gt;
	at aka.jmetadata.test.JMetaDataVideo_Test.subTestGetCodecIDAsInteger(JMetaDataVideo_Test.java:1742)
</failure>
  </testcase>
  <testcase classname="aka.jmetadata.test.JMetaDataVideo_Test" name="subTestGetLanguageMoreAsBigInteger" time="0.001" />
  <testcase classname="aka.jmetadata.test.JMetaDataVideo_Test" name="subTestGetEncodedDateAsInteger" time="0.001" />
  <testcase classname="aka.jmetadata.test.JMetaDataVideo_Test" name="subTestGetBitRateNominalAsLocalTime" time="0.0" />
  <testcase classname="aka.jmetadata.test.JMetaDataVideo_Test" name="subTestGetStatusAsLocalTime" time="0.0" />
  <testcase classname="aka.jmetadata.test.JMetaDataVideo_Test" name="subTestGetFrameRateNominalStringAsString" time="0.0">
    <failure message="expected:&lt;null&gt; but was:&lt;&gt;" type="junit.framework.AssertionFailedError">junit.framework.AssertionFailedError: expected:&lt;null&gt; but was:&lt;&gt;
	at aka.jmetadata.test.JMetaDataVideo_Test.subTestGetFrameRateNominalStringAsString(JMetaDataVideo_Test.java:10035)
</failure>
  </testcase>
  <testcase classname="aka.jmetadata.test.JMetaDataVideo_Test" name="subTestGetSourceStreamSizeString3AsInteger" time="0.0" />
  <testcase classname="aka.jmetadata.test.JMetaDataVideo_Test" name="subTestGetHeightStringAsString" time="0.0">
    <failure message="expected:&lt;null&gt; but was:&lt;872 pixels&gt;" type="junit.framework.AssertionFailedError">junit.framework.AssertionFailedError: expected:&lt;null&gt; but was:&lt;872 pixels&gt;
	at aka.jmetadata.test.JMetaDataVideo_Test.subTestGetHeightStringAsString(JMetaDataVideo_Test.java:10739)
</failure>
  </testcase>
  <testcase classname="aka.jmetadata.test.JMetaDataVideo_Test" name="subTestGetStreamKindIDAsBigInteger" time="0.0">
    <failure message="expected:&lt;null&gt; but was:&lt;0&gt;" type="junit.framework.AssertionFailedError">junit.framework.AssertionFailedError: expected:&lt;null&gt; but was:&lt;0&gt;
	at aka.jmetadata.test.JMetaDataVideo_Test.subTestGetStreamKindIDAsBigInteger(JMetaDataVideo_Test.java:17091)
</failure>
  </testcase>
  <testcase classname="aka.jmetadata.test.JMetaDataVideo_Test" name="subTestGetPixelAspectRatioOriginalStringAsInteger" time="0.0" />
  <testcase classname="aka.jmetadata.test.JMetaDataVideo_Test" name="subTestGetStreamSizeEncodedString2AsURL" time="0.0" />
  <testcase classname="aka.jmetadata.test.JMetaDataVideo_Test" name="subTestGetDisplayAspectRatioAsLocalDateTime" time="0.0" />
  <testcase classname="aka.jmetadata.test.JMetaDataVideo_Test" name="subTestGetEncodedLibraryDateAsInteger" time="0.0" />
  <testcase classname="aka.jmetadata.test.JMetaDataVideo_Test" name="subTestGetActiveFormatDescriptionAsLocalDateTime" time="0.001" />
  <testcase classname="aka.jmetadata.test.JMetaDataVideo_Test" name="subTestGetFormatInfoAsLocalTime" time="0.0" />
  <testcase classname="aka.jmetadata.test.JMetaDataVideo_Test" name="subTestGetDisplayAspectRatioAsLong" time="0.001">
    <failure message="expected:&lt;null&gt; but was:&lt;2202&gt;" type="junit.framework.AssertionFailedError">junit.framework.AssertionFailedError: expected:&lt;null&gt; but was:&lt;2202&gt;
	at aka.jmetadata.test.JMetaDataVideo_Test.subTestGetDisplayAspectRatioAsLong(JMetaDataVideo_Test.java:4374)
</failure>
  </testcase>
  <testcase classname="aka.jmetadata.test.JMetaDataVideo_Test" name="subTestGetBitRateMinimumAsLocalTime" time="0.0" />
  <testcase classname="aka.jmetadata.test.JMetaDataVideo_Test" name="subTestGetStreamSizeEncodedStringAsURL" time="0.001" />
  <testcase classname="aka.jmetadata.test.JMetaDataVideo_Test" name="subTestGetSourceDurationFirstFrameString3AsLocalDateTime" time="0.0" />
  <testcase classname="aka.jmetadata.test.JMetaDataVideo_Test" name="subTestGetDurationFirstFrameAsBoolean" time="0.0" />
  <testcase classname="aka.jmetadata.test.JMetaDataVideo_Test" name="subTestGetStandardAsURL" time="0.0" />
  <testcase classname="aka.jmetadata.test.JMetaDataVideo_Test" name="subTestGetEncodedLibraryAsBoolean" time="0.0" />
  <testcase classname="aka.jmetadata.test.JMetaDataVideo_Test" name="subTestGetChromaSubsamplingPositionAsString" time="0.001">
    <failure message="expected:&lt;null&gt; but was:&lt;&gt;" type="junit.framework.AssertionFailedError">junit.framework.AssertionFailedError: expected:&lt;null&gt; but was:&lt;&gt;
	at aka.jmetadata.test.JMetaDataVideo_Test.subTestGetChromaSubsamplingPositionAsString(JMetaDataVideo_Test.java:1710)
</failure>
  </testcase>
  <testcase classname="aka.jmetadata.test.JMetaDataVideo_Test" name="subTestGetIDAsBigInteger" time="0.0">
    <failure message="expected:&lt;null&gt; but was:&lt;1&gt;" type="junit.framework.AssertionFailedError">junit.framework.AssertionFailedError: expected:&lt;null&gt; but was:&lt;1&gt;
	at aka.jmetadata.test.JMetaDataVideo_Test.subTestGetIDAsBigInteger(JMetaDataVideo_Test.java:11203)
</failure>
  </testcase>
  <testcase classname="aka.jmetadata.test.JMetaDataVideo_Test" name="subTestGetDelaySettingsAsLocalTime" time="0.0" />
  <testcase classname="aka.jmetadata.test.JMetaDataVideo_Test" name="subTestGetServiceKindAsLong" time="0.0" />
  <testcase classname="aka.jmetadata.test.JMetaDataVideo_Test" name="subTestGetPixelAspectRatioOriginalStringAsURL" time="0.0" />
  <testcase classname="aka.jmetadata.test.JMetaDataVideo_Test" name="subTestGetFormatSettingsRefFramesAsInteger" time="0.001">
    <failure message="expected:&lt;null&gt; but was:&lt;4&gt;" type="junit.framework.AssertionFailedError">junit.framework.AssertionFailedError: expected:&lt;null&gt; but was:&lt;4&gt;
	at aka.jmetadata.test.JMetaDataVideo_Test.subTestGetFormatSettingsRefFramesAsInteger(JMetaDataVideo_Test.java:8851)
</failure>
  </testcase>
  <testcase classname="aka.jmetadata.test.JMetaDataVideo_Test" name="subTestGetHeightOffsetStringAsLocalTime" time="0.0" />
  <testcase classname="aka.jmetadata.test.JMetaDataVideo_Test" name="subTestGetStatusAsBoolean" time="0.0" />
  <testcase classname="aka.jmetadata.test.JMetaDataVideo_Test" name="subTestGetSourceStreamSizeString1AsLocalTime" time="0.001" />
  <testcase classname="aka.jmetadata.test.JMetaDataVideo_Test" name="subTestGetBitRateAsURL" time="0.0" />
  <testcase classname="aka.jmetadata.test.JMetaDataVideo_Test" name="subTestGetSourceDurationLastFrameString1AsLong" time="0.0" />
  <testcase classname="aka.jmetadata.test.JMetaDataVideo_Test" name="subTestGetScanOrderOriginalStringAsURL" time="0.0" />
  <testcase classname="aka.jmetadata.test.JMetaDataVideo_Test" name="subTestGetSourceDurationAsInteger" time="0.0" />
  <testcase classname="aka.jmetadata.test.JMetaDataVideo_Test" name="subTestGetDurationLastFrameString5AsString" time="0.0">
    <failure message="expected:&lt;null&gt; but was:&lt;&gt;" type="junit.framework.AssertionFailedError">junit.framework.AssertionFailedError: expected:&lt;null&gt; but was:&lt;&gt;
	at aka.jmetadata.test.JMetaDataVideo_Test.subTestGetDurationLastFrameString5AsString(JMetaDataVideo_Test.java:6062)
</failure>
  </testcase>
  <testcase classname="aka.jmetadata.test.JMetaDataVideo_Test" name="subTestGetStreamSizeEncodedString3AsURL" time="0.0" />
  <testcase classname="aka.jmetadata.test.JMetaDataVideo_Test" name="subTestGetHeightOffsetAsBoolean" time="0.0" />
  <testcase classname="aka.jmetadata.test.JMetaDataVideo_Test" name="subTestGetFormatSettingsCABACStringAsLocalTime" time="0.0" />
  <testcase classname="aka.jmetadata.test.JMetaDataVideo_Test" name="subTestGetUniqueIDStringAsString" time="0.0">
    <failure message="expected:&lt;null&gt; but was:&lt;&gt;" type="junit.framework.AssertionFailedError">junit.framework.AssertionFailedError: expected:&lt;null&gt; but was:&lt;&gt;
	at aka.jmetadata.test.JMetaDataVideo_Test.subTestGetUniqueIDStringAsString(JMetaDataVideo_Test.java:19699)
</failure>
  </testcase>
  <testcase classname="aka.jmetadata.test.JMetaDataVideo_Test" name="subTestGetFrameRateNominalAsLong" time="0.0" />
  <testcase classname="aka.jmetadata.test.JMetaDataVideo_Test" name="subTestGetFormatSettingsQPelAsBigInteger" time="0.0" />
  <testcase classname="aka.jmetadata.test.JMetaDataVideo_Test" name="subTestGetDurationLastFrameAsLong" time="0.0" />
  <testcase classname="aka.jmetadata.test.JMetaDataVideo_Test" name="subTestGetmatrixcoefficientsAsBigInteger" time="0.0">
    <failure message="expected:&lt;null&gt; but was:&lt;709&gt;" type="junit.framework.AssertionFailedError">junit.framework.AssertionFailedError: expected:&lt;null&gt; but was:&lt;709&gt;
	at aka.jmetadata.test.JMetaDataVideo_Test.subTestGetmatrixcoefficientsAsBigInteger(JMetaDataVideo_Test.java:11907)
</failure>
  </testcase>
  <testcase classname="aka.jmetadata.test.JMetaDataVideo_Test" name="subTestGetHeightCleanApertureAsLocalDateTime" time="0.0" />
  <testcase classname="aka.jmetadata.test.JMetaDataVideo_Test" name="subTestGetStreamKindIDAsLocalTime" time="0.001" />
  <testcase classname="aka.jmetadata.test.JMetaDataVideo_Test" name="subTestGetWidthStringAsBoolean" time="0.0" />
  <testcase classname="aka.jmetadata.test.JMetaDataVideo_Test" name="subTestGetForcedAsBigInteger" time="0.0" />
  <testcase classname="aka.jmetadata.test.JMetaDataVideo_Test" name="subTestGetGopOpenClosedFirstFrameAsInteger" time="0.0" />
  <testcase classname="aka.jmetadata.test.JMetaDataVideo_Test" name="subTestGetStreamKindIDAsLocalDateTime" time="0.0" />
  <testcase classname="aka.jmetadata.test.JMetaDataVideo_Test" name="subTestGetDurationLastFrameString1AsLocalTime" time="0.0" />
  <testcase classname="aka.jmetadata.test.JMetaDataVideo_Test" name="subTestGetSampledWidthAsString" time="0.0">
    <failure message="expected:&lt;null&gt; but was:&lt;1920&gt;" type="junit.framework.AssertionFailedError">junit.framework.AssertionFailedError: expected:&lt;null&gt; but was:&lt;1920&gt;
	at aka.jmetadata.test.JMetaDataVideo_Test.subTestGetSampledWidthAsString(JMetaDataVideo_Test.java:13107)
</failure>
  </testcase>
  <testcase classname="aka.jmetadata.test.JMetaDataVideo_Test" name="subTestGetStreamSizeEncodedString1AsBoolean" time="0.0" />
  <testcase classname="aka.jmetadata.test.JMetaDataVideo_Test" name="subTestGetBitRateEncodedStringAsLong" time="0.0" />
  <testcase classname="aka.jmetadata.test.JMetaDataVideo_Test" name="subTestGetLanguageAsLocalTime" time="0.0" />
  <testcase classname="aka.jmetadata.test.JMetaDataVideo_Test" name="subTestGetStreamSizeEncodedString4AsURL" time="0.0" />
  <testcase classname="aka.jmetadata.test.JMetaDataVideo_Test" name="subTestGetStreamSizeDemuxedString2AsString" time="0.001">
    <failure message="expected:&lt;null&gt; but was:&lt;&gt;" type="junit.framework.AssertionFailedError">junit.framework.AssertionFailedError: expected:&lt;null&gt; but was:&lt;&gt;
	at aka.jmetadata.test.JMetaDataVideo_Test.subTestGetStreamSizeDemuxedString2AsString(JMetaDataVideo_Test.java:17907)
</failure>
  </testcase>
  <testcase classname="aka.jmetadata.test.JMetaDataVideo_Test" name="subTestGetGopOpenClosedFirstFrameStringAsLocalTime" time="0.0" />
  <testcase classname="aka.jmetadata.test.JMetaDataVideo_Test" name="subTestGetFormatInfoAsURL" time="0.001" />
  <testcase classname="aka.jmetadata.test.JMetaDataVideo_Test" name="subTestGetGopOpenClosedAsLocalTime" time="0.0" />
  <testcase classname="aka.jmetadata.test.JMetaDataVideo_Test" name="subTestGetCodecIDHintAsBoolean" time="0.0" />
  <testcase classname="aka.jmetadata.test.JMetaDataVideo_Test" name="subTestGetDelaySourceAsLocalTime" time="0.001" />
  <testcase classname="aka.jmetadata.test.JMetaDataVideo_Test" name="subTestGetSourceDurationFirstFrameString5AsLocalTime" time="0.001" />
  <testcase classname="aka.jmetadata.test.JMetaDataVideo_Test" name="subTestGetWidthCleanApertureAsLocalDateTime" time="0.0" />
  <testcase classname="aka.jmetadata.test.JMetaDataVideo_Test" name="subTestGetBitRateStringAsURL" time="0.0" />
  <testcase classname="aka.jmetadata.test.JMetaDataVideo_Test" name="subTestGetFormatSettingsQPelAsLong" time="0.001" />
  <testcase classname="aka.jmetadata.test.JMetaDataVideo_Test" name="subTestGetFormatSettingsQPelAsString" time="0.001">
    <failure message="expected:&lt;null&gt; but was:&lt;&gt;" type="junit.framework.AssertionFailedError">junit.framework.AssertionFailedError: expected:&lt;null&gt; but was:&lt;&gt;
	at aka.jmetadata.test.JMetaDataVideo_Test.subTestGetFormatSettingsQPelAsString(JMetaDataVideo_Test.java:8755)
</failure>
  </testcase>
  <testcase classname="aka.jmetadata.test.JMetaDataVideo_Test" name="subTestGetFrameRateStringAsLong" time="0.001">
    <failure message="expected:&lt;null&gt; but was:&lt;24000&gt;" type="junit.framework.AssertionFailedError">junit.framework.AssertionFailedError: expected:&lt;null&gt; but was:&lt;24000&gt;
	at aka.jmetadata.test.JMetaDataVideo_Test.subTestGetFrameRateStringAsLong(JMetaDataVideo_Test.java:9307)
</failure>
  </testcase>
  <testcase classname="aka.jmetadata.test.JMetaDataVideo_Test" name="subTestGetBitDepthAsLocalDateTime" time="0.001" />
  <testcase classname="aka.jmetadata.test.JMetaDataVideo_Test" name="subTestGetSourceStreamSizeEncodedString4AsBigInteger" time="0.0" />
  <testcase classname="aka.jmetadata.test.JMetaDataVideo_Test" name="subTestGetStreamKindAsBigInteger" time="0.0" />
  <testcase classname="aka.jmetadata.test.JMetaDataVideo_Test" name="subTestGetScanTypeOriginalAsInteger" time="0.001" />
  <testcase classname="aka.jmetadata.test.JMetaDataVideo_Test" name="subTestGetDisplayAspectRatioStringAsLong" time="0.001">
    <failure message="expected:&lt;null&gt; but was:&lt;221&gt;" type="junit.framework.AssertionFailedError">junit.framework.AssertionFailedError: expected:&lt;null&gt; but was:&lt;221&gt;
	at aka.jmetadata.test.JMetaDataVideo_Test.subTestGetDisplayAspectRatioStringAsLong(JMetaDataVideo_Test.java:4438)
</failure>
  </testcase>
  <testcase classname="aka.jmetadata.test.JMetaDataVideo_Test" name="subTestGetFormatSettingsFrameModeAsLocalDateTime" time="0.0" />
  <testcase classname="aka.jmetadata.test.JMetaDataVideo_Test" name="subTestGetDurationFirstFrameString2AsLocalDateTime" time="0.001" />
  <testcase classname="aka.jmetadata.test.JMetaDataVideo_Test" name="subTestGetFrameRateOriginalDenAsBoolean" time="0.0" />
  <testcase classname="aka.jmetadata.test.JMetaDataVideo_Test" name="subTestGetStreamSizeEncodedString5AsURL" time="0.0" />
  <testcase classname="aka.jmetadata.test.JMetaDataVideo_Test" name="subTestGetMultiViewCountAsLong" time="0.0" />
  <testcase classname="aka.jmetadata.test.JMetaDataVideo_Test" name="subTestGetScanOrderAsLocalTime" time="0.0" />
  <testcase classname="aka.jmetadata.test.JMetaDataVideo_Test" name="subTestGetMultiViewBaseProfileAsString" time="0.0">
    <failure message="expected:&lt;null&gt; but was:&lt;&gt;" type="junit.framework.AssertionFailedError">junit.framework.AssertionFailedError: expected:&lt;null&gt; but was:&lt;&gt;
	at aka.jmetadata.test.JMetaDataVideo_Test.subTestGetMultiViewBaseProfileAsString(JMetaDataVideo_Test.java:12147)
</failure>
  </testcase>
  <testcase classname="aka.jmetadata.test.JMetaDataVideo_Test" name="subTestGetcolourrangeAsLong" time="0.001" />
  <testcase classname="aka.jmetadata.test.JMetaDataVideo_Test" name="subTestGetFormatProfileAsLocalTime" time="0.0" />
  <testcase classname="aka.jmetadata.test.JMetaDataVideo_Test" name="subTestGetCodecIDAsBigInteger" time="0.001">
    <failure message="expected:&lt;null&gt; but was:&lt;4&gt;" type="junit.framework.AssertionFailedError">junit.framework.AssertionFailedError: expected:&lt;null&gt; but was:&lt;4&gt;
	at aka.jmetadata.test.JMetaDataVideo_Test.subTestGetCodecIDAsBigInteger(JMetaDataVideo_Test.java:1790)
</failure>
  </testcase>
  <testcase classname="aka.jmetadata.test.JMetaDataVideo_Test" name="subTestGetDelayOriginalString3AsString" time="0.001">
    <failure message="expected:&lt;null&gt; but was:&lt;&gt;" type="junit.framework.AssertionFailedError">junit.framework.AssertionFailedError: expected:&lt;null&gt; but was:&lt;&gt;
	at aka.jmetadata.test.JMetaDataVideo_Test.subTestGetDelayOriginalString3AsString(JMetaDataVideo_Test.java:3694)
</failure>
  </testcase>
  <testcase classname="aka.jmetadata.test.JMetaDataVideo_Test" name="subTestGetDelaySourceStringAsBigInteger" time="0.001" />
  <testcase classname="aka.jmetadata.test.JMetaDataVideo_Test" name="subTestGetSourceDurationString1AsBigInteger" time="0.0" />
  <testcase classname="aka.jmetadata.test.JMetaDataVideo_Test" name="subTestGetDurationLastFrameAsLocalDateTime" time="0.0" />
  <testcase classname="aka.jmetadata.test.JMetaDataVideo_Test" name="subTestGetEncodedOperatingSystemAsBoolean" time="0.001" />
  <testcase classname="aka.jmetadata.test.JMetaDataVideo_Test" name="subTestGetDurationFirstFrameString3AsBoolean" time="0.0" />
  <testcase classname="aka.jmetadata.test.JMetaDataVideo_Test" name="subTestGetSourceDurationLastFrameString4AsBoolean" time="0.0" />
  <testcase classname="aka.jmetadata.test.JMetaDataVideo_Test" name="subTestGetCodecIDDescriptionAsLocalDateTime" time="0.0" />
  <testcase classname="aka.jmetadata.test.JMetaDataVideo_Test" name="subTestGetRotationAsString" time="0.001">
    <failure message="expected:&lt;null&gt; but was:&lt;&gt;" type="junit.framework.AssertionFailedError">junit.framework.AssertionFailedError: expected:&lt;null&gt; but was:&lt;&gt;
	at aka.jmetadata.test.JMetaDataVideo_Test.subTestGetRotationAsString(JMetaDataVideo_Test.java:12915)
</failure>
  </testcase>
  <testcase classname="aka.jmetadata.test.JMetaDataVideo_Test" name="subTestGetDurationLastFrameAsURL" time="0.0" />
  <testcase classname="aka.jmetadata.test.JMetaDataVideo_Test" name="subTestGetBitRateEncodedStringAsURL" time="0.0" />
  <testcase classname="aka.jmetadata.test.JMetaDataVideo_Test" name="subTestGetGopOpenClosedAsBoolean" time="0.0" />
  <testcase classname="aka.jmetadata.test.JMetaDataVideo_Test" name="subTestGetIDAsURL" time="0.0" />
  <testcase classname="aka.jmetadata.test.JMetaDataVideo_Test" name="subTestGetChromaSubsamplingAsInteger" time="0.001">
    <failure message="expected:&lt;null&gt; but was:&lt;420&gt;" type="junit.framework.AssertionFailedError">junit.framework.AssertionFailedError: expected:&lt;null&gt; but was:&lt;420&gt;
	at aka.jmetadata.test.JMetaDataVideo_Test.subTestGetChromaSubsamplingAsInteger(JMetaDataVideo_Test.java:1550)
</failure>
  </testcase>
  <testcase classname="aka.jmetadata.test.JMetaDataVideo_Test" name="subTestGetIDAsLong" time="0.0">
    <failure message="expected:&lt;null&gt; but was:&lt;1&gt;" type="junit.framework.AssertionFailedError">junit.framework.AssertionFailedError: expected:&lt;null&gt; but was:&lt;1&gt;
	at aka.jmetadata.test.JMetaDataVideo_Test.subTestGetIDAsLong(JMetaDataVideo_Test.java:11163)
</failure>
  </testcase>
  <testcase classname="aka.jmetadata.test.JMetaDataVideo_Test" name="subTestGetFormatSettingsGMCStringAsString" time="0.001">
    <failure message="expected:&lt;null&gt; but was:&lt;&gt;" type="junit.framework.AssertionFailedError">junit.framework.AssertionFailedError: expected:&lt;null&gt; but was:&lt;&gt;
	at aka.jmetadata.test.JMetaDataVideo_Test.subTestGetFormatSettingsGMCStringAsString(JMetaDataVideo_Test.java:8307)
</failure>
  </testcase>
  <testcase classname="aka.jmetadata.test.JMetaDataVideo_Test" name="subTestGetDurationLastFrameAsInteger" time="0.0" />
  <testcase classname="aka.jmetadata.test.JMetaDataVideo_Test" name="subTestGetScanOrderStoredStringAsBigInteger" time="0.0" />
  <testcase classname="aka.jmetadata.test.JMetaDataVideo_Test" name="subTestGetSourceDurationStringAsString" time="0.001">
    <failure message="expected:&lt;null&gt; but was:&lt;&gt;" type="junit.framework.AssertionFailedError">junit.framework.AssertionFailedError: expected:&lt;null&gt; but was:&lt;&gt;
	at aka.jmetadata.test.JMetaDataVideo_Test.subTestGetSourceDurationStringAsString(JMetaDataVideo_Test.java:14259)
</failure>
  </testcase>
  <testcase classname="aka.jmetadata.test.JMetaDataVideo_Test" name="subTestGetSourceStreamSizeString2AsLocalTime" time="0.0" />
  <testcase classname="aka.jmetadata.test.JMetaDataVideo_Test" name="subTestGetSourceDurationString3AsBoolean" time="0.0" />
  <testcase classname="aka.jmetadata.test.JMetaDataVideo_Test" name="subTestGetServiceKindAsString" time="0.0">
    <failure message="expected:&lt;null&gt; but was:&lt;&gt;" type="junit.framework.AssertionFailedError">junit.framework.AssertionFailedError: expected:&lt;null&gt; but was:&lt;&gt;
	at aka.jmetadata.test.JMetaDataVideo_Test.subTestGetServiceKindAsString(JMetaDataVideo_Test.java:14067)
</failure>
  </testcase>
  <testcase classname="aka.jmetadata.test.JMetaDataVideo_Test" name="subTestGetDurationAsString" time="0.001">
    <failure message="expected:&lt;null&gt; but was:&lt;898167&gt;" type="junit.framework.AssertionFailedError">junit.framework.AssertionFailedError: expected:&lt;null&gt; but was:&lt;898167&gt;
	at aka.jmetadata.test.JMetaDataVideo_Test.subTestGetDurationAsString(JMetaDataVideo_Test.java:4782)
</failure>
  </testcase>
  <testcase classname="aka.jmetadata.test.JMetaDataVideo_Test" name="subTestGetStandardAsBoolean" time="0.0" />
  <testcase classname="aka.jmetadata.test.JMetaDataVideo_Test" name="subTestGetEncodedLibraryNameAsURL" time="0.0" />
  <testcase classname="aka.jmetadata.test.JMetaDataVideo_Test" name="subTestGetDurationLastFrameStringAsLocalDateTime" time="0.0" />
  <testcase classname="aka.jmetadata.test.JMetaDataVideo_Test" name="subTestGetFormatSettingsFrameModeAsLong" time="0.0" />
  <testcase classname="aka.jmetadata.test.JMetaDataVideo_Test" name="subTestGetStreamKindIDAsInteger" time="0.0">
    <failure message="expected:&lt;null&gt; but was:&lt;0&gt;" type="junit.framework.AssertionFailedError">junit.framework.AssertionFailedError: expected:&lt;null&gt; but was:&lt;0&gt;
	at aka.jmetadata.test.JMetaDataVideo_Test.subTestGetStreamKindIDAsInteger(JMetaDataVideo_Test.java:17043)
</failure>
  </testcase>
  <testcase classname="aka.jmetadata.test.JMetaDataVideo_Test" name="subTestGetDelayOriginalDropFrameAsBoolean" time="0.001" />
  <testcase classname="aka.jmetadata.test.JMetaDataVideo_Test" name="subTestGetDisplayAspectRatioOriginalStringAsLocalDateTime" time="0.0" />
  <testcase classname="aka.jmetadata.test.JMetaDataVideo_Test" name="subTestGetFormatSettingsGMCStringAsLong" time="0.0" />
  <testcase classname="aka.jmetadata.test.JMetaDataVideo_Test" name="subTestGetDelaySettingsAsLong" time="0.0" />
  <testcase classname="aka.jmetadata.test.JMetaDataVideo_Test" name="subTestGetBitRateModeAsBigInteger" time="0.0" />
  <testcase classname="aka.jmetadata.test.JMetaDataVideo_Test" name="subTestGetLanguageString4AsBoolean" time="0.0" />
  <testcase classname="aka.jmetadata.test.JMetaDataVideo_Test" name="subTestGetLanguageMoreAsURL" time="0.0" />
  <testcase classname="aka.jmetadata.test.JMetaDataVideo_Test" name="subTestGetDurationLastFrameString2AsLocalTime" time="0.0" />
  <testcase classname="aka.jmetadata.test.JMetaDataVideo_Test" name="subTestGetDurationFirstFrameString3AsBigInteger" time="0.0" />
  <testcase classname="aka.jmetadata.test.JMetaDataVideo_Test" name="subTestGetFrameRateDenAsBigInteger" time="0.0" />
  <testcase classname="aka.jmetadata.test.JMetaDataVideo_Test" name="subTestGetFrameRateModeOriginalAsURL" time="0.0" />
  <testcase classname="aka.jmetadata.test.JMetaDataVideo_Test" name="subTestGetBitRateMinimumStringAsInteger" time="0.0" />
  <testcase classname="aka.jmetadata.test.JMetaDataVideo_Test" name="subTestGetFormatSettingsQPelAsBoolean" time="0.0" />
  <testcase classname="aka.jmetadata.test.JMetaDataVideo_Test" name="subTestGetSourceStreamSizeString2AsInteger" time="0.0" />
  <testcase classname="aka.jmetadata.test.JMetaDataVideo_Test" name="subTestGetSourceDurationStringAsInteger" time="0.0" />
  <testcase classname="aka.jmetadata.test.JMetaDataVideo_Test" name="subTestGetFrameRateNominalStringAsLocalTime" time="0.0" />
  <testcase classname="aka.jmetadata.test.JMetaDataVideo_Test" name="subTestGetScanOrderStringAsLong" time="0.0" />
  <testcase classname="aka.jmetadata.test.JMetaDataVideo_Test" name="subTestGetTimeCodeSourceAsInteger" time="0.0" />
  <testcase classname="aka.jmetadata.test.JMetaDataVideo_Test" name="subTestGetUniqueIDAsLocalTime" time="0.0" />
  <testcase classname="aka.jmetadata.test.JMetaDataVideo_Test" name="subTestGetPixelAspectRatioOriginalStringAsLocalTime" time="0.0" />
  <testcase classname="aka.jmetadata.test.JMetaDataVideo_Test" name="subTestGetLanguageStringAsLocalDateTime" time="0.0" />
  <testcase classname="aka.jmetadata.test.JMetaDataVideo_Test" name="subTestGetFormatSettingsPulldownAsBoolean" time="0.0" />
  <testcase classname="aka.jmetadata.test.JMetaDataVideo_Test" name="subTestGetOriginalSourceMediumIDAsString" time="0.0">
    <failure message="expected:&lt;null&gt; but was:&lt;&gt;" type="junit.framework.AssertionFailedError">junit.framework.AssertionFailedError: expected:&lt;null&gt; but was:&lt;&gt;
	at aka.jmetadata.test.JMetaDataVideo_Test.subTestGetOriginalSourceMediumIDAsString(JMetaDataVideo_Test.java:12403)
</failure>
  </testcase>
  <testcase classname="aka.jmetadata.test.JMetaDataVideo_Test" name="subTestGetStreamSizeDemuxedStringAsBoolean" time="0.0" />
  <testcase classname="aka.jmetadata.test.JMetaDataVideo_Test" name="subTestGetcolourprimariesOriginalAsLocalDateTime" time="0.0" />
  <testcase classname="aka.jmetadata.test.JMetaDataVideo_Test" name="subTestGetCodecIDDescriptionAsInteger" time="0.0" />
  <testcase classname="aka.jmetadata.test.JMetaDataVideo_Test" name="subTestGetStreamSizeAsString" time="0.001">
    <failure message="expected:&lt;null&gt; but was:&lt;&gt;" type="junit.framework.AssertionFailedError">junit.framework.AssertionFailedError: expected:&lt;null&gt; but was:&lt;&gt;
	at aka.jmetadata.test.JMetaDataVideo_Test.subTestGetStreamSizeAsString(JMetaDataVideo_Test.java:17267)
</failure>
  </testcase>
  <testcase classname="aka.jmetadata.test.JMetaDataVideo_Test" name="subTestGetActiveFormatDescriptionAsLong" time="0.0" />
  <testcase classname="aka.jmetadata.test.JMetaDataVideo_Test" name="subTestGetDelayOriginalAsLocalTime" time="0.0" />
  <testcase classname="aka.jmetadata.test.JMetaDataVideo_Test" name="subTestGetMenuIDAsURL" time="0.0" />
  <testcase classname="aka.jmetadata.test.JMetaDataVideo_Test" name="subTestGetTimeCodeFirstFrameAsString" time="0.0">
    <failure message="expected:&lt;null&gt; but was:&lt;&gt;" type="junit.framework.AssertionFailedError">junit.framework.AssertionFailedError: expected:&lt;null&gt; but was:&lt;&gt;
	at aka.jmetadata.test.JMetaDataVideo_Test.subTestGetTimeCodeFirstFrameAsString(JMetaDataVideo_Test.java:18803)
</failure>
  </testcase>
  <testcase classname="aka.jmetadata.test.JMetaDataVideo_Test" name="subTestGetAlignmentStringAsInteger" time="0.0" />
  <testcase classname="aka.jmetadata.test.JMetaDataVideo_Test" name="subTestGetStreamSizeString3AsLocalDateTime" time="0.0" />
  <testcase classname="aka.jmetadata.test.JMetaDataVideo_Test" name="subTestGetFormatSettingsRefFramesAsLong" time="0.0">
    <failure message="expected:&lt;null&gt; but was:&lt;4&gt;" type="junit.framework.AssertionFailedError">junit.framework.AssertionFailedError: expected:&lt;null&gt; but was:&lt;4&gt;
	at aka.jmetadata.test.JMetaDataVideo_Test.subTestGetFormatSettingsRefFramesAsLong(JMetaDataVideo_Test.java:8859)
</failure>
  </testcase>
  <testcase classname="aka.jmetadata.test.JMetaDataVideo_Test" name="subTestGetBitRateModeStringAsURL" time="0.0" />
  <testcase classname="aka.jmetadata.test.JMetaDataVideo_Test" name="subTestGetStreamSizeString4AsString" time="0.0">
    <failure message="expected:&lt;null&gt; but was:&lt;&gt;" type="junit.framework.AssertionFailedError">junit.framework.AssertionFailedError: expected:&lt;null&gt; but was:&lt;&gt;
	at aka.jmetadata.test.JMetaDataVideo_Test.subTestGetStreamSizeString4AsString(JMetaDataVideo_Test.java:17587)
</failure>
  </testcase>
  <testcase classname="aka.jmetadata.test.JMetaDataVideo_Test" name="subTestGetDurationString1AsLocalTime" time="0.001" />
  <testcase classname="aka.jmetadata.test.JMetaDataVideo_Test" name="subTestGetFrameRateMaximumStringAsInteger" time="0.0" />
  <testcase classname="aka.jmetadata.test.JMetaDataVideo_Test" name="subTestGetDelayOriginalString4AsLocalDateTime" time="0.001" />
  <testcase classname="aka.jmetadata.test.JMetaDataVideo_Test" name="subTestGetDisabledAsLocalDateTime" time="0.0" />
  <testcase classname="aka.jmetadata.test.JMetaDataVideo_Test" name="subTestGetFormatSettingsWrappingAsLocalTime" time="0.0" />
  <testcase classname="aka.jmetadata.test.JMetaDataVideo_Test" name="subTestGetDurationString1AsLong" time="0.001">
    <failure message="expected:&lt;null&gt; but was:&lt;1458167&gt;" type="junit.framework.AssertionFailedError">junit.framework.AssertionFailedError: expected:&lt;null&gt; but was:&lt;1458167&gt;
	at aka.jmetadata.test.JMetaDataVideo_Test.subTestGetDurationString1AsLong(JMetaDataVideo_Test.java:4886)
</failure>
  </testcase>
  <testcase classname="aka.jmetadata.test.JMetaDataVideo_Test" name="subTestGetCodecIDAsLong" time="0.001">
    <failure message="expected:&lt;null&gt; but was:&lt;4&gt;" type="junit.framework.AssertionFailedError">junit.framework.AssertionFailedError: expected:&lt;null&gt; but was:&lt;4&gt;
	at aka.jmetadata.test.JMetaDataVideo_Test.subTestGetCodecIDAsLong(JMetaDataVideo_Test.java:1750)
</failure>
  </testcase>
  <testcase classname="aka.jmetadata.test.JMetaDataVideo_Test" name="subTestGetBitRateMinimumAsString" time="0.0">
    <failure message="expected:&lt;null&gt; but was:&lt;&gt;" type="junit.framework.AssertionFailedError">junit.framework.AssertionFailedError: expected:&lt;null&gt; but was:&lt;&gt;
	at aka.jmetadata.test.JMetaDataVideo_Test.subTestGetBitRateMinimumAsString(JMetaDataVideo_Test.java:1070)
</failure>
  </testcase>
  <testcase classname="aka.jmetadata.test.JMetaDataVideo_Test" name="subTestGetFrameRateNumAsLocalDateTime" time="0.0" />
  <testcase classname="aka.jmetadata.test.JMetaDataVideo_Test" name="subTestGetChromaSubsamplingAsLocalTime" time="0.0" />
  <testcase classname="aka.jmetadata.test.JMetaDataVideo_Test" name="subTestGetFormatSettingsMatrixDataAsBigInteger" time="0.0" />
  <testcase classname="aka.jmetadata.test.JMetaDataVideo_Test" name="subTestGetTimeStampFirstFrameAsBoolean" time="0.0" />
  <testcase classname="aka.jmetadata.test.JMetaDataVideo_Test" name="subTestGetEncodedLibrarySettingsAsBigInteger" time="0.0" />
  <testcase classname="aka.jmetadata.test.JMetaDataVideo_Test" name="subTestGetBitRateNominalStringAsBigInteger" time="0.0" />
  <testcase classname="aka.jmetadata.test.JMetaDataVideo_Test" name="subTestGetStreamSizeEncodedString2AsLong" time="0.0" />
  <testcase classname="aka.jmetadata.test.JMetaDataVideo_Test" name="subTestGetServiceKindAsInteger" time="0.0" />
  <testcase classname="aka.jmetadata.test.JMetaDataVideo_Test" name="subTestGetChromaSubsamplingPositionAsLocalTime" time="0.0" />
  <testcase classname="aka.jmetadata.test.JMetaDataVideo_Test" name="subTestGetSourceDurationLastFrameAsBigInteger" time="0.0" />
  <testcase classname="aka.jmetadata.test.JMetaDataVideo_Test" name="subTestGetDurationLastFrameString1AsBigInteger" time="0.0" />
  <testcase classname="aka.jmetadata.test.JMetaDataVideo_Test" name="subTestGetDurationString1AsURL" time="0.0" />
  <testcase classname="aka.jmetadata.test.JMetaDataVideo_Test" name="subTestGetFormatSettingsBVOPStringAsLong" time="0.0" />
  <testcase classname="aka.jmetadata.test.JMetaDataVideo_Test" name="subTestGetSourceStreamSizeString3AsLocalTime" time="0.0" />
  <testcase classname="aka.jmetadata.test.JMetaDataVideo_Test" name="subTestGetOriginalSourceMediumIDAsBoolean" time="0.0" />
  <testcase classname="aka.jmetadata.test.JMetaDataVideo_Test" name="subTestGetBitRateMaximumStringAsLocalTime" time="0.0" />
  <testcase classname="aka.jmetadata.test.JMetaDataVideo_Test" name="subTestGetInternetMediaTypeAsLocalTime" time="0.0" />
  <testcase classname="aka.jmetadata.test.JMetaDataVideo_Test" name="subTestGetStreamSizeString5AsLong" time="0.0" />
  <testcase classname="aka.jmetadata.test.JMetaDataVideo_Test" name="subTestGetSourceDurationFirstFrameAsInteger" time="0.001" />
  <testcase classname="aka.jmetadata.test.JMetaDataVideo_Test" name="subTestGetBitRateStringAsString" time="0.001">
    <failure message="expected:&lt;null&gt; but was:&lt;&gt;" type="junit.framework.AssertionFailedError">junit.framework.AssertionFailedError: expected:&lt;null&gt; but was:&lt;&gt;
	at aka.jmetadata.test.JMetaDataVideo_Test.subTestGetBitRateStringAsString(JMetaDataVideo_Test.java:750)
</failure>
  </testcase>
  <testcase classname="aka.jmetadata.test.JMetaDataVideo_Test" name="subTestGetBitRateEncodedStringAsInteger" time="0.0" />
  <testcase classname="aka.jmetadata.test.JMetaDataVideo_Test" name="subTestGetDurationLastFrameString3AsLocalTime" time="0.0" />
  <testcase classname="aka.jmetadata.test.JMetaDataVideo_Test" name="subTestGetDurationString2AsURL" time="0.0" />
  <testcase classname="aka.jmetadata.test.JMetaDataVideo_Test" name="subTestGetChromaSubsamplingPositionAsInteger" time="0.0" />
  <testcase classname="aka.jmetadata.test.JMetaDataVideo_Test" name="subTestGetEncodedLibraryStringAsLocalTime" time="0.0" />
  <testcase classname="aka.jmetadata.test.JMetaDataVideo_Test" name="subTestGetBitRateMinimumAsLong" time="0.0" />
  <testcase classname="aka.jmetadata.test.JMetaDataVideo_Test" name="subTestGetFormatVersionAsLocalDateTime" time="0.0" />
  <testcase classname="aka.jmetadata.test.JMetaDataVideo_Test" name="subTestGetLanguageMoreAsLocalTime" time="0.0" />
  <testcase classname="aka.jmetadata.test.JMetaDataVideo_Test" name="subTestGetIDAsLocalTime" time="0.0" />
  <testcase classname="aka.jmetadata.test.JMetaDataVideo_Test" name="subTestGetSourceStreamSizeStringAsBigInteger" time="0.0" />
  <testcase classname="aka.jmetadata.test.JMetaDataVideo_Test" name="subTestGetHeightOriginalAsBigInteger" time="0.0" />
  <testcase classname="aka.jmetadata.test.JMetaDataVideo_Test" name="subTestGetDurationAsInteger" time="0.0">
    <failure message="expected:&lt;null&gt; but was:&lt;898167&gt;" type="junit.framework.AssertionFailedError">junit.framework.AssertionFailedError: expected:&lt;null&gt; but was:&lt;898167&gt;
	at aka.jmetadata.test.JMetaDataVideo_Test.subTestGetDurationAsInteger(JMetaDataVideo_Test.java:4750)
</failure>
  </testcase>
  <testcase classname="aka.jmetadata.test.JMetaDataVideo_Test" name="subTestGetDurationFirstFrameString2AsBoolean" time="0.0" />
  <testcase classname="aka.jmetadata.test.JMetaDataVideo_Test" name="subTestGetScanOrderOriginalAsString" time="0.0">
    <failure message="expected:&lt;null&gt; but was:&lt;&gt;" type="junit.framework.AssertionFailedError">junit.framework.AssertionFailedError: expected:&lt;null&gt; but was:&lt;&gt;
	at aka.jmetadata.test.JMetaDataVideo_Test.subTestGetScanOrderOriginalAsString(JMetaDataVideo_Test.java:13299)
</failure>
  </testcase>
  <testcase classname="aka.jmetadata.test.JMetaDataVideo_Test" name="subTestGetSourceDurationLastFrameString3AsBoolean" time="0.0" />
  <testcase classname="aka.jmetadata.test.JMetaDataVideo_Test" name="subTestGetEncodedApplicationUrlAsBoolean" time="0.0" />
  <testcase classname="aka.jmetadata.test.JMetaDataVideo_Test" name="subTestGetCompressionModeStringAsLong" time="0.0" />
  <testcase classname="aka.jmetadata.test.JMetaDataVideo_Test" name="subTestGetFrameRateOriginalStringAsBoolean" time="0.0" />
  <testcase classname="aka.jmetadata.test.JMetaDataVideo_Test" name="subTestGetDurationString3AsURL" time="0.001" />
  <testcase classname="aka.jmetadata.test.JMetaDataVideo_Test" name="subTestGetStatusAsLocalDateTime" time="0.0" />
  <testcase classname="aka.jmetadata.test.JMetaDataVideo_Test" name="subTestGetStreamOrderAsLocalDateTime" time="0.0" />
  <testcase classname="aka.jmetadata.test.JMetaDataVideo_Test" name="subTestGetBitRateModeStringAsBigInteger" time="0.0" />
  <testcase classname="aka.jmetadata.test.JMetaDataVideo_Test" name="subTestGetDurationLastFrameStringAsBigInteger" time="0.0" />
  <testcase classname="aka.jmetadata.test.JMetaDataVideo_Test" name="subTestGetActiveFormatDescriptionMuxingModeAsLocalDateTime" time="0.0" />
  <testcase classname="aka.jmetadata.test.JMetaDataVideo_Test" name="subTestGetSourceDurationString2AsBoolean" time="0.0" />
  <testcase classname="aka.jmetadata.test.JMetaDataVideo_Test" name="subTestGetLanguageString4AsString" time="0.0">
    <failure message="expected:&lt;null&gt; but was:&lt;en&gt;" type="junit.framework.AssertionFailedError">junit.framework.AssertionFailedError: expected:&lt;null&gt; but was:&lt;en&gt;
	at aka.jmetadata.test.JMetaDataVideo_Test.subTestGetLanguageString4AsString(JMetaDataVideo_Test.java:11763)
</failure>
  </testcase>
  <testcase classname="aka.jmetadata.test.JMetaDataVideo_Test" name="subTestGetFormatCompressionAsBoolean" time="0.001" />
  <testcase classname="aka.jmetadata.test.JMetaDataVideo_Test" name="subTestGetDisplayAspectRatioCleanApertureStringAsLong" time="0.0" />
  <testcase classname="aka.jmetadata.test.JMetaDataVideo_Test" name="subTestGetMultiViewLayoutAsString" time="0.0">
    <failure message="expected:&lt;null&gt; but was:&lt;&gt;" type="junit.framework.AssertionFailedError">junit.framework.AssertionFailedError: expected:&lt;null&gt; but was:&lt;&gt;
	at aka.jmetadata.test.JMetaDataVideo_Test.subTestGetMultiViewLayoutAsString(JMetaDataVideo_Test.java:12275)
</failure>
  </testcase>
  <testcase classname="aka.jmetadata.test.JMetaDataVideo_Test" name="subTestGetSourceStreamSizeString2AsLocalDateTime" time="0.0" />
  <testcase classname="aka.jmetadata.test.JMetaDataVideo_Test" name="subTestGetDurationString5AsLocalDateTime" time="0.001" />
  <testcase classname="aka.jmetadata.test.JMetaDataVideo_Test" name="subTestGetDurationString2AsLocalTime" time="0.0" />
  <testcase classname="aka.jmetadata.test.JMetaDataVideo_Test" name="subTestGetMultiViewLayoutAsBoolean" time="0.0" />
  <testcase classname="aka.jmetadata.test.JMetaDataVideo_Test" name="subTestGetDurationString4AsURL" time="0.0" />
  <testcase classname="aka.jmetadata.test.JMetaDataVideo_Test" name="subTestGetFrameRateAsLocalTime" time="0.0" />
  <testcase classname="aka.jmetadata.test.JMetaDataVideo_Test" name="subTestGetEncodedApplicationStringAsBoolean" time="0.0" />
  <testcase classname="aka.jmetadata.test.JMetaDataVideo_Test" name="subTestGetSourceStreamSizeEncodedString3AsBigInteger" time="0.0" />
  <testcase classname="aka.jmetadata.test.JMetaDataVideo_Test" name="subTestGetLanguageString3AsBoolean" time="0.0" />
  <testcase classname="aka.jmetadata.test.JMetaDataVideo_Test" name="subTestGetDelaySourceAsBoolean" time="0.0" />
  <testcase classname="aka.jmetadata.test.JMetaDataVideo_Test" name="subTestGetLanguageString3AsLocalDateTime" time="0.001" />
  <testcase classname="aka.jmetadata.test.JMetaDataVideo_Test" name="subTestGetHeightStringAsLong" time="0.0">
    <failure message="expected:&lt;null&gt; but was:&lt;872&gt;" type="junit.framework.AssertionFailedError">junit.framework.AssertionFailedError: expected:&lt;null&gt; but was:&lt;872&gt;
	at aka.jmetadata.test.JMetaDataVideo_Test.subTestGetHeightStringAsLong(JMetaDataVideo_Test.java:10715)
</failure>
  </testcase>
  <testcase classname="aka.jmetadata.test.JMetaDataVideo_Test" name="subTestGetActiveFormatDescriptionStringAsString" time="0.0">
    <failure message="expected:&lt;null&gt; but was:&lt;&gt;" type="junit.framework.AssertionFailedError">junit.framework.AssertionFailedError: expected:&lt;null&gt; but was:&lt;&gt;
	at aka.jmetadata.test.JMetaDataVideo_Test.subTestGetActiveFormatDescriptionStringAsString(JMetaDataVideo_Test.java:174)
</failure>
  </testcase>
  <testcase classname="aka.jmetadata.test.JMetaDataVideo_Test" name="subTestGetSourceStreamSizeEncodedString1AsString" time="0.0">
    <failure message="expected:&lt;null&gt; but was:&lt;&gt;" type="junit.framework.AssertionFailedError">junit.framework.AssertionFailedError: expected:&lt;null&gt; but was:&lt;&gt;
	at aka.jmetadata.test.JMetaDataVideo_Test.subTestGetSourceStreamSizeEncodedString1AsString(JMetaDataVideo_Test.java:16179)
</failure>
  </testcase>
  <testcase classname="aka.jmetadata.test.JMetaDataVideo_Test" name="subTestGetSourceStreamSizeString1AsInteger" time="0.0" />
  <testcase classname="aka.jmetadata.test.JMetaDataVideo_Test" name="subTestGetAlignmentStringAsURL" time="0.0" />
  <testcase classname="aka.jmetadata.test.JMetaDataVideo_Test" name="subTestGetDurationString5AsURL" time="0.0" />
  <testcase classname="aka.jmetadata.test.JMetaDataVideo_Test" name="subTestGetScanTypeStoreMethodFieldsPerBlockAsBigInteger" time="0.0" />
  <testcase classname="aka.jmetadata.test.JMetaDataVideo_Test" name="subTestGetEncodedApplicationVersionAsLong" time="0.001" />
  <testcase classname="aka.jmetadata.test.JMetaDataVideo_Test" name="subTestGetBitsPixelFrameAsInteger" time="0.0" />
  <testcase classname="aka.jmetadata.test.JMetaDataVideo_Test" name="subTestGettransfercharacteristicsOriginalAsString" time="0.0">
    <failure message="expected:&lt;null&gt; but was:&lt;&gt;" type="junit.framework.AssertionFailedError">junit.framework.AssertionFailedError: expected:&lt;null&gt; but was:&lt;&gt;
	at aka.jmetadata.test.JMetaDataVideo_Test.subTestGettransfercharacteristicsOriginalAsString(JMetaDataVideo_Test.java:19571)
</failure>
  </testcase>
  <testcase classname="aka.jmetadata.test.JMetaDataVideo_Test" name="subTestGetDurationString1AsString" time="0.0">
    <failure message="expected:&lt;null&gt; but was:&lt;14 min 58 s 167 ms&gt;" type="junit.framework.AssertionFailedError">junit.framework.AssertionFailedError: expected:&lt;null&gt; but was:&lt;14 min 58 s 167 ms&gt;
	at aka.jmetadata.test.JMetaDataVideo_Test.subTestGetDurationString1AsString(JMetaDataVideo_Test.java:4910)
</failure>
  </testcase>
  <testcase classname="aka.jmetadata.test.JMetaDataVideo_Test" name="subTestGetRotationStringAsBigInteger" time="0.0" />
  <testcase classname="aka.jmetadata.test.JMetaDataVideo_Test" name="subTestGetMultiViewBaseProfileAsLocalTime" time="0.0" />
  <testcase classname="aka.jmetadata.test.JMetaDataVideo_Test" name="subTestGetSourceStreamSizeString4AsLocalTime" time="0.0" />
  <testcase classname="aka.jmetadata.test.JMetaDataVideo_Test" name="subTestGetSourceFrameCountAsLong" time="0.0" />
  <testcase classname="aka.jmetadata.test.JMetaDataVideo_Test" name="subTestGetFormatSettingsFrameModeAsURL" time="0.001" />
  <testcase classname="aka.jmetadata.test.JMetaDataVideo_Test" name="subTestGetTimeStampFirstFrameAsLocalTime" time="0.0" />
  <testcase classname="aka.jmetadata.test.JMetaDataVideo_Test" name="subTestGetActiveFormatDescriptionAsURL" time="0.0" />
  <testcase classname="aka.jmetadata.test.JMetaDataVideo_Test" name="subTestGetDelayString3AsLocalDateTime" time="0.001" />
  <testcase classname="aka.jmetadata.test.JMetaDataVideo_Test" name="subTestGetDurationFirstFrameAsLocalTime" time="0.0" />
  <testcase classname="aka.jmetadata.test.JMetaDataVideo_Test" name="subTestGetScanTypeStoreMethodStringAsBoolean" time="0.0" />
  <testcase classname="aka.jmetadata.test.JMetaDataVideo_Test" name="subTestGetSourceStreamSizeEncodedString5AsBoolean" time="0.0" />
  <testcase classname="aka.jmetadata.test.JMetaDataVideo_Test" name="subTestGetStreamSizeAsBoolean" time="0.0" />
  <testcase classname="aka.jmetadata.test.JMetaDataVideo_Test" name="subTestGetEncodedApplicationVersionAsLocalDateTime" time="0.0" />
  <testcase classname="aka.jmetadata.test.JMetaDataVideo_Test" name="subTestGetCompressionModeAsURL" time="0.0" />
  <testcase classname="aka.jmetadata.test.JMetaDataVideo_Test" name="subTestGetFrameRateOriginalAsLocalTime" time="0.0" />
  <testcase classname="aka.jmetadata.test.JMetaDataVideo_Test" name="subTestGetSourceStreamSizeEncodedAsLocalTime" time="0.001" />
  <testcase classname="aka.jmetadata.test.JMetaDataVideo_Test" name="subTestGetTimeStampFirstFrameString5AsInteger" time="0.0" />
  <testcase classname="aka.jmetadata.test.JMetaDataVideo_Test" name="subTestGetFormatSettingsBVOPAsLocalDateTime" time="0.0" />
  <testcase classname="aka.jmetadata.test.JMetaDataVideo_Test" name="subTestGetDurationLastFrameString4AsLocalTime" time="0.0" />
  <testcase classname="aka.jmetadata.test.JMetaDataVideo_Test" name="subTestGettransfercharacteristicsAsBigInteger" time="0.0">
    <failure message="expected:&lt;null&gt; but was:&lt;709&gt;" type="junit.framework.AssertionFailedError">junit.framework.AssertionFailedError: expected:&lt;null&gt; but was:&lt;709&gt;
	at aka.jmetadata.test.JMetaDataVideo_Test.subTestGettransfercharacteristicsAsBigInteger(JMetaDataVideo_Test.java:19523)
</failure>
  </testcase>
  <testcase classname="aka.jmetadata.test.JMetaDataVideo_Test" name="subTestGetEncodedLibrarySettingsAsLocalDateTime" time="0.0" />
  <testcase classname="aka.jmetadata.test.JMetaDataVideo_Test" name="subTestGetDefaultAsString" time="0.0">
    <failure message="expected:&lt;null&gt; but was:&lt;Yes&gt;" type="junit.framework.AssertionFailedError">junit.framework.AssertionFailedError: expected:&lt;null&gt; but was:&lt;Yes&gt;
	at aka.jmetadata.test.JMetaDataVideo_Test.subTestGetDefaultAsString(JMetaDataVideo_Test.java:2798)
</failure>
  </testcase>
  <testcase classname="aka.jmetadata.test.JMetaDataVideo_Test" name="subTestGetPixelAspectRatioCleanApertureStringAsBigInteger" time="0.0" />
  <testcase classname="aka.jmetadata.test.JMetaDataVideo_Test" name="subTestGetInformAsLocalDateTime" time="0.001" />
  <testcase classname="aka.jmetadata.test.JMetaDataVideo_Test" name="subTestGetSourceStreamSizeEncodedProportionAsBoolean" time="0.001" />
  <testcase classname="aka.jmetadata.test.JMetaDataVideo_Test" name="subTestGetBitRateNominalStringAsBoolean" time="0.0" />
  <testcase classname="aka.jmetadata.test.JMetaDataVideo_Test" name="subTestGetScanTypeAsInteger" time="0.0" />
  <testcase classname="aka.jmetadata.test.JMetaDataVideo_Test" name="subTestGetSourceStreamSizeEncodedString2AsLong" time="0.0" />
  <testcase classname="aka.jmetadata.test.JMetaDataVideo_Test" name="subTestGetCodecIDUrlAsLong" time="0.001" />
  <testcase classname="aka.jmetadata.test.JMetaDataVideo_Test" name="subTestGetForcedAsLocalTime" time="0.0" />
  <testcase classname="aka.jmetadata.test.JMetaDataVideo_Test" name="subTestGetDefaultAsInteger" time="0.0" />
  <testcase classname="aka.jmetadata.test.JMetaDataVideo_Test" name="subTestGetDelaySettingsAsBoolean" time="0.0" />
  <testcase classname="aka.jmetadata.test.JMetaDataVideo_Test" name="subTestGetFormatSettingsGMCAsLong" time="0.0" />
  <testcase classname="aka.jmetadata.test.JMetaDataVideo_Test" name="subTestGetStreamKindStringAsString" time="0.0">
    <failure message="expected:&lt;null&gt; but was:&lt;Video&gt;" type="junit.framework.AssertionFailedError">junit.framework.AssertionFailedError: expected:&lt;null&gt; but was:&lt;Video&gt;
	at aka.jmetadata.test.JMetaDataVideo_Test.subTestGetStreamKindStringAsString(JMetaDataVideo_Test.java:17011)
</failure>
  </testcase>
  <testcase classname="aka.jmetadata.test.JMetaDataVideo_Test" name="subTestGetScanTypeStoreMethodFieldsPerBlockAsLocalTime" time="0.0" />
  <testcase classname="aka.jmetadata.test.JMetaDataVideo_Test" name="subTestGetDurationFirstFrameString2AsBigInteger" time="0.0" />
  <testcase classname="aka.jmetadata.test.JMetaDataVideo_Test" name="subTestGetCompressionModeStringAsInteger" time="0.0" />
  <testcase classname="aka.jmetadata.test.JMetaDataVideo_Test" name="subTestGetOriginalSourceMediumIDAsBigInteger" time="0.0" />
  <testcase classname="aka.jmetadata.test.JMetaDataVideo_Test" name="subTestGetStreamSizeEncodedStringAsLong" time="0.0" />
  <testcase classname="aka.jmetadata.test.JMetaDataVideo_Test" name="subTestGetDisplayAspectRatioOriginalStringAsString" time="0.0">
    <failure message="expected:&lt;null&gt; but was:&lt;&gt;" type="junit.framework.AssertionFailedError">junit.framework.AssertionFailedError: expected:&lt;null&gt; but was:&lt;&gt;
	at aka.jmetadata.test.JMetaDataVideo_Test.subTestGetDisplayAspectRatioOriginalStringAsString(JMetaDataVideo_Test.java:4718)
</failure>
  </testcase>
  <testcase classname="aka.jmetadata.test.JMetaDataVideo_Test" name="subTestGetFormatCommercialIfAnyAsLong" time="0.0" />
  <testcase classname="aka.jmetadata.test.JMetaDataVideo_Test" name="subTestGetScanOrderOriginalAsURL" time="0.0" />
  <testcase classname="aka.jmetadata.test.JMetaDataVideo_Test" name="subTestGetFrameRateOriginalNumAsInteger" time="0.0" />
  <testcase classname="aka.jmetadata.test.JMetaDataVideo_Test" name="subTestGetSourceStreamSizeEncodedString1AsLocalTime" time="0.0" />
  <testcase classname="aka.jmetadata.test.JMetaDataVideo_Test" name="subTestGetCodecIDInfoAsInteger" time="0.0" />
  <testcase classname="aka.jmetadata.test.JMetaDataVideo_Test" name="subTestGetDurationString3AsLocalTime" time="0.001">
    <failure message="expected:&lt;null&gt; but was:&lt;00:14:58.167&gt;" type="junit.framework.AssertionFailedError">junit.framework.AssertionFailedError: expected:&lt;null&gt; but was:&lt;00:14:58.167&gt;
	at aka.jmetadata.test.JMetaDataVideo_Test.subTestGetDurationString3AsLocalTime(JMetaDataVideo_Test.java:5030)
</failure>
  </testcase>
  <testcase classname="aka.jmetadata.test.JMetaDataVideo_Test" name="subTestGetDurationFirstFrameString2AsString" time="0.0">
    <failure message="expected:&lt;null&gt; but was:&lt;&gt;" type="junit.framework.AssertionFailedError">junit.framework.AssertionFailedError: expected:&lt;null&gt; but was:&lt;&gt;
	at aka.jmetadata.test.JMetaDataVideo_Test.subTestGetDurationFirstFrameString2AsString(JMetaDataVideo_Test.java:5422)
</failure>
  </testcase>
  <testcase classname="aka.jmetadata.test.JMetaDataVideo_Test" name="subTestGetFormatAsLong" time="0.0" />
  <testcase classname="aka.jmetadata.test.JMetaDataVideo_Test" name="subTestGetOriginalSourceMediumIDStringAsBoolean" time="0.0" />
  <testcase classname="aka.jmetadata.test.JMetaDataVideo_Test" name="subTestGetFormatProfileAsInteger" time="0.0">
    <failure message="expected:&lt;null&gt; but was:&lt;4&gt;" type="junit.framework.AssertionFailedError">junit.framework.AssertionFailedError: expected:&lt;null&gt; but was:&lt;4&gt;
	at aka.jmetadata.test.JMetaDataVideo_Test.subTestGetFormatProfileAsInteger(JMetaDataVideo_Test.java:7763)
</failure>
  </testcase>
  <testcase classname="aka.jmetadata.test.JMetaDataVideo_Test" name="subTestGetFrameRateModeOriginalStringAsBoolean" time="0.0" />
  <testcase classname="aka.jmetadata.test.JMetaDataVideo_Test" name="subTestGetStreamSizeDemuxedString2AsLong" time="0.0" />
  <testcase classname="aka.jmetadata.test.JMetaDataVideo_Test" name="subTestGetStreamOrderAsInteger" time="0.0">
    <failure message="expected:&lt;null&gt; but was:&lt;0&gt;" type="junit.framework.AssertionFailedError">junit.framework.AssertionFailedError: expected:&lt;null&gt; but was:&lt;0&gt;
	at aka.jmetadata.test.JMetaDataVideo_Test.subTestGetStreamOrderAsInteger(JMetaDataVideo_Test.java:17171)
</failure>
  </testcase>
  <testcase classname="aka.jmetadata.test.JMetaDataVideo_Test" name="subTestGetFormatCompressionAsLocalDateTime" time="0.0" />
  <testcase classname="aka.jmetadata.test.JMetaDataVideo_Test" name="subTestGetDelayOriginalString5AsBigInteger" time="0.0" />
  <testcase classname="aka.jmetadata.test.JMetaDataVideo_Test" name="subTestGetCountAsLocalTime" time="0.0" />
  <testcase classname="aka.jmetadata.test.JMetaDataVideo_Test" name="subTestGetInformAsString" time="0.001">
    <failure message="expected:&lt;null&gt; but was:&lt;ID                                       : 1&#xd;&#xa;Format                                   : AVC&#xd;&#xa;Format/Info                              : Advanced Video Codec&#xd;&#xa;Format profile                           : High@L4&#xd;&#xa;Format settings, CABAC                   : Yes&#xd;&#xa;Format settings, ReFrames                : 4 frames&#xd;&#xa;Codec ID                                 : V_MPEG4/ISO/AVC&#xd;&#xa;Duration                                 : 14 min 58 s&#xd;&#xa;Bit rate mode                            : Variable&#xd;&#xa;Maximum bit rate                         : 20.0 Mb/s&#xd;&#xa;Width                                    : 1 920 pixels&#xd;&#xa;Height                                   : 872 pixels&#xd;&#xa;Display aspect ratio                     : 2.2:1&#xd;&#xa;Frame rate mode                          : Constant&#xd;&#xa;Frame rate                               : 24.000 FPS&#xd;&#xa;Color space                              : YUV&#xd;&#xa;Chroma subsampling                       : 4:2:0&#xd;&#xa;Bit depth                                : 8 bits&#xd;&#xa;Scan type                                : Progressive&#xd;&#xa;Title                                    : Sintel&#xd;&#xa;Language                                 : English&#xd;&#xa;Default                                  : Yes&#xd;&#xa;Forced                                   : No&#xd;&#xa;Color range                              : Limited&#xd;&#xa;Color primaries                          : BT.709&#xd;&#xa;Transfer characteristics                 : BT.709&#xd;&#xa;Matrix coefficients                      : BT.709&#xd;&#xa;&gt;" type="junit.framework.AssertionFailedError">junit.framework.AssertionFailedError: expected:&lt;null&gt; but was:&lt;ID                                       : 1
Format                                   : AVC
Format/Info                              : Advanced Video Codec
Format profile                           : High@L4
Format settings, CABAC                   : Yes
Format settings, ReFrames                : 4 frames
Codec ID                                 : V_MPEG4/ISO/AVC
Duration                                 : 14 min 58 s
Bit rate mode                            : Variable
Maximum bit rate                         : 20.0 Mb/s
Width                                    : 1 920 pixels
Height                                   : 872 pixels
Display aspect ratio                     : 2.2:1
Frame rate mode                          : Constant
Frame rate                               : 24.000 FPS
Color space                              : YUV
Chroma subsampling                       : 4:2:0
Bit depth                                : 8 bits
Scan type                                : Progressive
Title                                    : Sintel
Language                                 : English
Default                                  : Yes
Forced                                   : No
Color range                              : Limited
Color primaries                          : BT.709
Transfer characteristics                 : BT.709
Matrix coefficients                      : BT.709
&gt;
	at aka.jmetadata.test.JMetaDataVideo_Test.subTestGetInformAsString(JMetaDataVideo_Test.java:11315)
</failure>
  </testcase>
  <testcase classname="aka.jmetadata.test.JMetaDataVideo_Test" name="subTestGetSourceDurationStringAsLocalTime" time="0.001" />
  <testcase classname="aka.jmetadata.test.JMetaDataVideo_Test" name="subTestGetDurationFirstFrameString1AsBoolean" time="0.0" />
  <testcase classname="aka.jmetadata.test.JMetaDataVideo_Test" name="subTestGetSourceDurationLastFrameString2AsBoolean" time="0.0" />
  <testcase classname="aka.jmetadata.test.JMetaDataVideo_Test" name="subTestGetSourceDurationFirstFrameString2AsLocalDateTime" time="0.0" />
  <testcase classname="aka.jmetadata.test.JMetaDataVideo_Test" name="subTestGetTimeCodeFirstFrameAsBoolean" time="0.0" />
  <testcase classname="aka.jmetadata.test.JMetaDataVideo_Test" name="subTestGetSourceDurationFirstFrameString5AsString" time="0.0">
    <failure message="expected:&lt;null&gt; but was:&lt;&gt;" type="junit.framework.AssertionFailedError">junit.framework.AssertionFailedError: expected:&lt;null&gt; but was:&lt;&gt;
	at aka.jmetadata.test.JMetaDataVideo_Test.subTestGetSourceDurationFirstFrameString5AsString(JMetaDataVideo_Test.java:15027)
</failure>
  </testcase>
  <testcase classname="aka.jmetadata.test.JMetaDataVideo_Test" name="subTestGetGopOpenClosedFirstFrameStringAsLocalDateTime" time="0.0" />
  <testcase classname="aka.jmetadata.test.JMetaDataVideo_Test" name="subTestGetSourceStreamSizeEncodedProportionAsLocalDateTime" time="0.0" />
  <testcase classname="aka.jmetadata.test.JMetaDataVideo_Test" name="subTestGetDurationStringAsBigInteger" time="0.001">
    <failure message="expected:&lt;null&gt; but was:&lt;1458&gt;" type="junit.framework.AssertionFailedError">junit.framework.AssertionFailedError: expected:&lt;null&gt; but was:&lt;1458&gt;
	at aka.jmetadata.test.JMetaDataVideo_Test.subTestGetDurationStringAsBigInteger(JMetaDataVideo_Test.java:4862)
</failure>
  </testcase>
  <testcase classname="aka.jmetadata.test.JMetaDataVideo_Test" name="subTestGetStreamSizeDemuxedAsURL" time="0.001" />
  <testcase classname="aka.jmetadata.test.JMetaDataVideo_Test" name="subTestGetBitRateStringAsInteger" time="0.0" />
  <testcase classname="aka.jmetadata.test.JMetaDataVideo_Test" name="subTestGetFormatCompressionAsBigInteger" time="0.0" />
  <testcase classname="aka.jmetadata.test.JMetaDataVideo_Test" name="subTestGetStreamSizeString5AsBoolean" time="0.0" />
  <testcase classname="aka.jmetadata.test.JMetaDataVideo_Test" name="subTestGetDurationFirstFrameString1AsLong" time="0.0" />
  <testcase classname="aka.jmetadata.test.JMetaDataVideo_Test" name="subTestGetDelayString1AsString" time="0.0">
    <failure message="expected:&lt;null&gt; but was:&lt;&gt;" type="junit.framework.AssertionFailedError">junit.framework.AssertionFailedError: expected:&lt;null&gt; but was:&lt;&gt;
	at aka.jmetadata.test.JMetaDataVideo_Test.subTestGetDelayString1AsString(JMetaDataVideo_Test.java:3054)
</failure>
  </testcase>
  <testcase classname="aka.jmetadata.test.JMetaDataVideo_Test" name="subTestGetBufferSizeAsBoolean" time="0.0" />
  <testcase classname="aka.jmetadata.test.JMetaDataVideo_Test" name="subTestGetTimeStampFirstFrameString1AsLong" time="0.0" />
  <testcase classname="aka.jmetadata.test.JMetaDataVideo_Test" name="subTestGetMenuIDAsString" time="0.0">
    <failure message="expected:&lt;null&gt; but was:&lt;&gt;" type="junit.framework.AssertionFailedError">junit.framework.AssertionFailedError: expected:&lt;null&gt; but was:&lt;&gt;
	at aka.jmetadata.test.JMetaDataVideo_Test.subTestGetMenuIDAsString(JMetaDataVideo_Test.java:12019)
</failure>
  </testcase>
  <testcase classname="aka.jmetadata.test.JMetaDataVideo_Test" name="subTestGetDelayOriginalDropFrameAsLong" time="0.0" />
  <testcase classname="aka.jmetadata.test.JMetaDataVideo_Test" name="subTestGetUniqueIDStringAsLocalTime" time="0.0" />
  <testcase classname="aka.jmetadata.test.JMetaDataVideo_Test" name="subTestGetSourceStreamSizeString5AsLocalTime" time="0.0" />
  <testcase classname="aka.jmetadata.test.JMetaDataVideo_Test" name="subTestGetScanOrderStoredAsLong" time="0.001" />
  <testcase classname="aka.jmetadata.test.JMetaDataVideo_Test" name="subTestGetStreamSizeEncodedAsString" time="0.002">
    <failure message="expected:&lt;null&gt; but was:&lt;&gt;" type="junit.framework.AssertionFailedError">junit.framework.AssertionFailedError: expected:&lt;null&gt; but was:&lt;&gt;
	at aka.jmetadata.test.JMetaDataVideo_Test.subTestGetStreamSizeEncodedAsString(JMetaDataVideo_Test.java:18163)
</failure>
  </testcase>
  <testcase classname="aka.jmetadata.test.JMetaDataVideo_Test" name="subTestGetcolourprimariesAsLong" time="0.0">
    <failure message="expected:&lt;null&gt; but was:&lt;709&gt;" type="junit.framework.AssertionFailedError">junit.framework.AssertionFailedError: expected:&lt;null&gt; but was:&lt;709&gt;
	at aka.jmetadata.test.JMetaDataVideo_Test.subTestGetcolourprimariesAsLong(JMetaDataVideo_Test.java:2326)
</failure>
  </testcase>
  <testcase classname="aka.jmetadata.test.JMetaDataVideo_Test" name="subTestGetDurationString5AsBigInteger" time="0.0">
    <failure message="expected:&lt;null&gt; but was:&lt;145816700145804&gt;" type="junit.framework.AssertionFailedError">junit.framework.AssertionFailedError: expected:&lt;null&gt; but was:&lt;145816700145804&gt;
	at aka.jmetadata.test.JMetaDataVideo_Test.subTestGetDurationString5AsBigInteger(JMetaDataVideo_Test.java:5182)
</failure>
  </testcase>
  <testcase classname="aka.jmetadata.test.JMetaDataVideo_Test" name="subTestGetFrameRateNominalStringAsBigInteger" time="0.0" />
  <testcase classname="aka.jmetadata.test.JMetaDataVideo_Test" name="subTestGetSourceDurationString1AsBoolean" time="0.0" />
  <testcase classname="aka.jmetadata.test.JMetaDataVideo_Test" name="subTestGetSourceDurationFirstFrameString4AsLong" time="0.0" />
  <testcase classname="aka.jmetadata.test.JMetaDataVideo_Test" name="subTestGetEncodedLibraryCompanyNameAsString" time="0.001">
    <failure message="expected:&lt;null&gt; but was:&lt;&gt;" type="junit.framework.AssertionFailedError">junit.framework.AssertionFailedError: expected:&lt;null&gt; but was:&lt;&gt;
	at aka.jmetadata.test.JMetaDataVideo_Test.subTestGetEncodedLibraryCompanyNameAsString(JMetaDataVideo_Test.java:6702)
</failure>
  </testcase>
  <testcase classname="aka.jmetadata.test.JMetaDataVideo_Test" name="subTestGetSourceDurationString5AsLocalDateTime" time="0.0" />
  <testcase classname="aka.jmetadata.test.JMetaDataVideo_Test" name="subTestGetEncodedLibraryVersionAsLocalDateTime" time="0.0" />
  <testcase classname="aka.jmetadata.test.JMetaDataVideo_Test" name="subTestGetScanTypeOriginalStringAsLong" time="0.0" />
  <testcase classname="aka.jmetadata.test.JMetaDataVideo_Test" name="subTestGetStoredWidthAsInteger" time="0.0" />
  <testcase classname="aka.jmetadata.test.JMetaDataVideo_Test" name="subTestGetBitRateMinimumStringAsLocalTime" time="0.0" />
  <testcase classname="aka.jmetadata.test.JMetaDataVideo_Test" name="subTestGetDurationLastFrameString5AsLocalTime" time="0.001" />
  <testcase classname="aka.jmetadata.test.JMetaDataVideo_Test" name="subTestGetBitRateEncodedAsInteger" time="0.0" />
  <testcase classname="aka.jmetadata.test.JMetaDataVideo_Test" name="subTestGetFrameRateStringAsBoolean" time="0.0" />
  <testcase classname="aka.jmetadata.test.JMetaDataVideo_Test" name="subTestGetSourceDurationString1AsURL" time="0.0" />
  <testcase classname="aka.jmetadata.test.JMetaDataVideo_Test" name="subTestGetFrameRateOriginalNumAsLocalDateTime" time="0.001" />
  <testcase classname="aka.jmetadata.test.JMetaDataVideo_Test" name="subTestGetFormatSettingsCABACAsLocalDateTime" time="0.0" />
  <testcase classname="aka.jmetadata.test.JMetaDataVideo_Test" name="subTestGetLanguageString2AsBoolean" time="0.0" />
  <testcase classname="aka.jmetadata.test.JMetaDataVideo_Test" name="subTestGetGopOpenClosedFirstFrameAsURL" time="0.0" />
  <testcase classname="aka.jmetadata.test.JMetaDataVideo_Test" name="subTestGetFrameRateModeAsLong" time="0.0" />
  <testcase classname="aka.jmetadata.test.JMetaDataVideo_Test" name="subTestGetmatrixcoefficientsOriginalAsInteger" time="0.0" />
  <testcase classname="aka.jmetadata.test.JMetaDataVideo_Test" name="subTestGetScanTypeAsString" time="0.0">
    <failure message="expected:&lt;null&gt; but was:&lt;Progressive&gt;" type="junit.framework.AssertionFailedError">junit.framework.AssertionFailedError: expected:&lt;null&gt; but was:&lt;Progressive&gt;
	at aka.jmetadata.test.JMetaDataVideo_Test.subTestGetScanTypeAsString(JMetaDataVideo_Test.java:13619)
</failure>
  </testcase>
  <testcase classname="aka.jmetadata.test.JMetaDataVideo_Test" name="subTestGetStreamSizeString1AsURL" time="0.0" />
  <testcase classname="aka.jmetadata.test.JMetaDataVideo_Test" name="subTestGetLanguageAsBigInteger" time="0.0" />
  <testcase classname="aka.jmetadata.test.JMetaDataVideo_Test" name="subTestGetScanTypeOriginalStringAsInteger" time="0.0" />
  <testcase classname="aka.jmetadata.test.JMetaDataVideo_Test" name="subTestGetSourceStreamSizeString1AsLong" time="0.0" />
  <testcase classname="aka.jmetadata.test.JMetaDataVideo_Test" name="subTestGetFrameRateNominalAsString" time="0.0">
    <failure message="expected:&lt;null&gt; but was:&lt;&gt;" type="junit.framework.AssertionFailedError">junit.framework.AssertionFailedError: expected:&lt;null&gt; but was:&lt;&gt;
	at aka.jmetadata.test.JMetaDataVideo_Test.subTestGetFrameRateNominalAsString(JMetaDataVideo_Test.java:9971)
</failure>
  </testcase>
  <testcase classname="aka.jmetadata.test.JMetaDataVideo_Test" name="subTestGetHeightAsLong" time="0.001">
    <failure message="expected:&lt;null&gt; but was:&lt;872&gt;" type="junit.framework.AssertionFailedError">junit.framework.AssertionFailedError: expected:&lt;null&gt; but was:&lt;872&gt;
	at aka.jmetadata.test.JMetaDataVideo_Test.subTestGetHeightAsLong(JMetaDataVideo_Test.java:10651)
</failure>
  </testcase>
  <testcase classname="aka.jmetadata.test.JMetaDataVideo_Test" name="subTestGetBitRateModeAsString" time="0.001">
    <failure message="expected:&lt;null&gt; but was:&lt;VBR&gt;" type="junit.framework.AssertionFailedError">junit.framework.AssertionFailedError: expected:&lt;null&gt; but was:&lt;VBR&gt;
	at aka.jmetadata.test.JMetaDataVideo_Test.subTestGetBitRateModeAsString(JMetaDataVideo_Test.java:1198)
</failure>
  </testcase>
  <testcase classname="aka.jmetadata.test.JMetaDataVideo_Test" name="subTestGetFormatInfoAsString" time="0.0">
    <failure message="expected:&lt;null&gt; but was:&lt;Advanced Video Codec&gt;" type="junit.framework.AssertionFailedError">junit.framework.AssertionFailedError: expected:&lt;null&gt; but was:&lt;Advanced Video Codec&gt;
	at aka.jmetadata.test.JMetaDataVideo_Test.subTestGetFormatInfoAsString(JMetaDataVideo_Test.java:7406)
</failure>
  </testcase>
  <testcase classname="aka.jmetadata.test.JMetaDataVideo_Test" name="subTestGetDurationFirstFrameString1AsLocalDateTime" time="0.0" />
  <testcase classname="aka.jmetadata.test.JMetaDataVideo_Test" name="subTestGetStreamSizeEncodedStringAsString" time="0.001">
    <failure message="expected:&lt;null&gt; but was:&lt;&gt;" type="junit.framework.AssertionFailedError">junit.framework.AssertionFailedError: expected:&lt;null&gt; but was:&lt;&gt;
	at aka.jmetadata.test.JMetaDataVideo_Test.subTestGetStreamSizeEncodedStringAsString(JMetaDataVideo_Test.java:18227)
</failure>
  </testcase>
  <testcase classname="aka.jmetadata.test.JMetaDataVideo_Test" name="subTestGetTitleAsLocalDateTime" time="0.001" />
  <testcase classname="aka.jmetadata.test.JMetaDataVideo_Test" name="subTestGetSourceDurationString2AsURL" time="0.0" />
  <testcase classname="aka.jmetadata.test.JMetaDataVideo_Test" name="subTestGetHeightOriginalAsLocalTime" time="0.0" />
  <testcase classname="aka.jmetadata.test.JMetaDataVideo_Test" name="subTestGetSourceDurationString1AsLong" time="0.0" />
  <testcase classname="aka.jmetadata.test.JMetaDataVideo_Test" name="subTestGetHeightOffsetStringAsLocalDateTime" time="0.0" />
  <testcase classname="aka.jmetadata.test.JMetaDataVideo_Test" name="subTestGetStreamSizeString2AsURL" time="0.0" />
  <testcase classname="aka.jmetadata.test.JMetaDataVideo_Test" name="subTestGetScanOrderAsInteger" time="0.0" />
  <testcase classname="aka.jmetadata.test.JMetaDataVideo_Test" name="subTestGetCodecIDStringAsLocalTime" time="0.0" />
  <testcase classname="aka.jmetadata.test.JMetaDataVideo_Test" name="subTestGetSourceStreamSizeEncodedString2AsLocalTime" time="0.0" />
  <testcase classname="aka.jmetadata.test.JMetaDataVideo_Test" name="subTestGetFrameRateModeAsLocalDateTime" time="0.0" />
  <testcase classname="aka.jmetadata.test.JMetaDataVideo_Test" name="subTestGetServiceKindStringAsLocalTime" time="0.0" />
  <testcase classname="aka.jmetadata.test.JMetaDataVideo_Test" name="subTestGetSourceStreamSizeEncodedProportionAsURL" time="0.0" />
  <testcase classname="aka.jmetadata.test.JMetaDataVideo_Test" name="subTestGetSourceDurationFirstFrameAsLocalDateTime" time="0.0" />
  <testcase classname="aka.jmetadata.test.JMetaDataVideo_Test" name="subTestGetDurationFirstFrameString1AsLocalTime" time="0.001" />
  <testcase classname="aka.jmetadata.test.JMetaDataVideo_Test" name="subTestGetSourceStreamSizeEncodedString4AsBoolean" time="0.0" />
  <testcase classname="aka.jmetadata.test.JMetaDataVideo_Test" name="subTestGetDurationString4AsLocalTime" time="0.0" />
  <testcase classname="aka.jmetadata.test.JMetaDataVideo_Test" name="subTestGetFrameRateAsURL" time="0.0" />
  <testcase classname="aka.jmetadata.test.JMetaDataVideo_Test" name="subTestGetMenuIDAsLocalDateTime" time="0.0" />
  <testcase classname="aka.jmetadata.test.JMetaDataVideo_Test" name="subTestGetSourceDurationString3AsURL" time="0.001" />
  <testcase classname="aka.jmetadata.test.JMetaDataVideo_Test" name="subTestGetTimeStampFirstFrameAsLong" time="0.0" />
  <testcase classname="aka.jmetadata.test.JMetaDataVideo_Test" name="subTestGetTimeCodeSourceAsURL" time="0.0" />
  <testcase classname="aka.jmetadata.test.JMetaDataVideo_Test" name="subTestGetSourceDurationString3AsString" time="0.001">
    <failure message="expected:&lt;null&gt; but was:&lt;&gt;" type="junit.framework.AssertionFailedError">junit.framework.AssertionFailedError: expected:&lt;null&gt; but was:&lt;&gt;
	at aka.jmetadata.test.JMetaDataVideo_Test.subTestGetSourceDurationString3AsString(JMetaDataVideo_Test.java:14451)
</failure>
  </testcase>
  <testcase classname="aka.jmetadata.test.JMetaDataVideo_Test" name="subTestGetSourceStreamSizeEncodedStringAsInteger" time="0.0" />
  <testcase classname="aka.jmetadata.test.JMetaDataVideo_Test" name="subTestGetTimeStampFirstFrameString4AsInteger" time="0.0" />
  <testcase classname="aka.jmetadata.test.JMetaDataVideo_Test" name="subTestGetCodecIDInfoAsLocalTime" time="0.0" />
  <testcase classname="aka.jmetadata.test.JMetaDataVideo_Test" name="subTestGetBufferSizeAsLocalTime" time="0.0" />
  <testcase classname="aka.jmetadata.test.JMetaDataVideo_Test" name="subTestGetStreamSizeEncodedProportionAsBigInteger" time="0.0" />
  <testcase classname="aka.jmetadata.test.JMetaDataVideo_Test" name="subTestGetDelaySettingsAsString" time="0.0">
    <failure message="expected:&lt;null&gt; but was:&lt;&gt;" type="junit.framework.AssertionFailedError">junit.framework.AssertionFailedError: expected:&lt;null&gt; but was:&lt;&gt;
	at aka.jmetadata.test.JMetaDataVideo_Test.subTestGetDelaySettingsAsString(JMetaDataVideo_Test.java:4078)
</failure>
  </testcase>
  <testcase classname="aka.jmetadata.test.JMetaDataVideo_Test" name="subTestGetStreamSizeString3AsURL" time="0.0" />
  <testcase classname="aka.jmetadata.test.JMetaDataVideo_Test" name="subTestGetFormatSettingsQPelAsLocalDateTime" time="0.0" />
  <testcase classname="aka.jmetadata.test.JMetaDataVideo_Test" name="subTestGetCompressionModeAsLong" time="0.0" />
  <testcase classname="aka.jmetadata.test.JMetaDataVideo_Test" name="subTestGetDisplayAspectRatioAsLocalTime" time="0.0" />
  <testcase classname="aka.jmetadata.test.JMetaDataVideo_Test" name="subTestGetcolourrangeAsBigInteger" time="0.0" />
  <testcase classname="aka.jmetadata.test.JMetaDataVideo_Test" name="subTestGetDurationStringAsInteger" time="0.0">
    <failure message="expected:&lt;null&gt; but was:&lt;1458&gt;" type="junit.framework.AssertionFailedError">junit.framework.AssertionFailedError: expected:&lt;null&gt; but was:&lt;1458&gt;
	at aka.jmetadata.test.JMetaDataVideo_Test.subTestGetDurationStringAsInteger(JMetaDataVideo_Test.java:4814)
</failure>
  </testcase>
  <testcase classname="aka.jmetadata.test.JMetaDataVideo_Test" name="subTestGetFormatSettingsAsBoolean" time="0.0" />
  <testcase classname="aka.jmetadata.test.JMetaDataVideo_Test" name="subTestGetHeightOriginalAsLocalDateTime" time="0.0" />
  <testcase classname="aka.jmetadata.test.JMetaDataVideo_Test" name="subTestGetSourceStreamSizeEncodedProportionAsBigInteger" time="0.0" />
  <testcase classname="aka.jmetadata.test.JMetaDataVideo_Test" name="subTestGetColorSpaceAsLong" time="0.0" />
  <testcase classname="aka.jmetadata.test.JMetaDataVideo_Test" name="subTestGetStreamSizeDemuxedString5AsLocalDateTime" time="0.0" />
  <testcase classname="aka.jmetadata.test.JMetaDataVideo_Test" name="subTestGetSourceDurationString4AsURL" time="0.0" />
  <testcase classname="aka.jmetadata.test.JMetaDataVideo_Test" name="subTestGetDelayString2AsLong" time="0.0" />
  <testcase classname="aka.jmetadata.test.JMetaDataVideo_Test" name="subTestGetStreamKindAsInteger" time="0.0" />
  <testcase classname="aka.jmetadata.test.JMetaDataVideo_Test" name="subTestGetDurationFirstFrameStringAsBoolean" time="0.0" />
  <testcase classname="aka.jmetadata.test.JMetaDataVideo_Test" name="subTestGetFrameRateDenAsURL" time="0.001" />
  <testcase classname="aka.jmetadata.test.JMetaDataVideo_Test" name="subTestGetPixelAspectRatioCleanApertureStringAsString" time="0.001">
    <failure message="expected:&lt;null&gt; but was:&lt;&gt;" type="junit.framework.AssertionFailedError">junit.framework.AssertionFailedError: expected:&lt;null&gt; but was:&lt;&gt;
	at aka.jmetadata.test.JMetaDataVideo_Test.subTestGetPixelAspectRatioCleanApertureStringAsString(JMetaDataVideo_Test.java:12723)
</failure>
  </testcase>
  <testcase classname="aka.jmetadata.test.JMetaDataVideo_Test" name="subTestGetEncodedApplicationAsLong" time="0.0" />
  <testcase classname="aka.jmetadata.test.JMetaDataVideo_Test" name="subTestGetStreamKindPosAsLocalTime" time="0.0" />
  <testcase classname="aka.jmetadata.test.JMetaDataVideo_Test" name="subTestGetRotationStringAsInteger" time="0.0" />
  <testcase classname="aka.jmetadata.test.JMetaDataVideo_Test" name="subTestGetCodecIDStringAsBigInteger" time="0.0" />
  <testcase classname="aka.jmetadata.test.JMetaDataVideo_Test" name="subTestGetMultiViewLayoutAsURL" time="0.0" />
  <testcase classname="aka.jmetadata.test.JMetaDataVideo_Test" name="subTestGetSourceStreamSizeEncodedString2AsBigInteger" time="0.0" />
  <testcase classname="aka.jmetadata.test.JMetaDataVideo_Test" name="subTestGetDelayOriginalAsURL" time="0.0" />
  <testcase classname="aka.jmetadata.test.JMetaDataVideo_Test" name="subTestGetDurationLastFrameString5AsInteger" time="0.0" />
  <testcase classname="aka.jmetadata.test.JMetaDataVideo_Test" name="subTestGetStatusAsLong" time="0.0" />
  <testcase classname="aka.jmetadata.test.JMetaDataVideo_Test" name="subTestGetStreamSizeString4AsURL" time="0.0" />
  <testcase classname="aka.jmetadata.test.JMetaDataVideo_Test" name="subTestGetStandardAsLong" time="0.001" />
  <testcase classname="aka.jmetadata.test.JMetaDataVideo_Test" name="subTestGetGopOpenClosedFirstFrameStringAsBigInteger" time="0.0" />
  <testcase classname="aka.jmetadata.test.JMetaDataVideo_Test" name="subTestGetEncodedApplicationAsString" time="0.0">
    <failure message="expected:&lt;null&gt; but was:&lt;&gt;" type="junit.framework.AssertionFailedError">junit.framework.AssertionFailedError: expected:&lt;null&gt; but was:&lt;&gt;
	at aka.jmetadata.test.JMetaDataVideo_Test.subTestGetEncodedApplicationAsString(JMetaDataVideo_Test.java:6126)
</failure>
  </testcase>
  <testcase classname="aka.jmetadata.test.JMetaDataVideo_Test" name="subTestGetDelayOriginalSettingsAsString" time="0.001">
    <failure message="expected:&lt;null&gt; but was:&lt;&gt;" type="junit.framework.AssertionFailedError">junit.framework.AssertionFailedError: expected:&lt;null&gt; but was:&lt;&gt;
	at aka.jmetadata.test.JMetaDataVideo_Test.subTestGetDelayOriginalSettingsAsString(JMetaDataVideo_Test.java:3950)
</failure>
  </testcase>
  <testcase classname="aka.jmetadata.test.JMetaDataVideo_Test" name="subTestGetTaggedDateAsString" time="0.0">
    <failure message="expected:&lt;null&gt; but was:&lt;&gt;" type="junit.framework.AssertionFailedError">junit.framework.AssertionFailedError: expected:&lt;null&gt; but was:&lt;&gt;
	at aka.jmetadata.test.JMetaDataVideo_Test.subTestGetTaggedDateAsString(JMetaDataVideo_Test.java:18739)
</failure>
  </testcase>
  <testcase classname="aka.jmetadata.test.JMetaDataVideo_Test" name="subTestGetmatrixcoefficientsAsLong" time="0.0">
    <failure message="expected:&lt;null&gt; but was:&lt;709&gt;" type="junit.framework.AssertionFailedError">junit.framework.AssertionFailedError: expected:&lt;null&gt; but was:&lt;709&gt;
	at aka.jmetadata.test.JMetaDataVideo_Test.subTestGetmatrixcoefficientsAsLong(JMetaDataVideo_Test.java:11867)
</failure>
  </testcase>
  <testcase classname="aka.jmetadata.test.JMetaDataVideo_Test" name="subTestGetcolourrangeAsBoolean" time="0.0" />
  <testcase classname="aka.jmetadata.test.JMetaDataVideo_Test" name="subTestGetDelayString5AsBoolean" time="0.0" />
  <testcase classname="aka.jmetadata.test.JMetaDataVideo_Test" name="subTestGetPixelAspectRatioAsLocalDateTime" time="0.0" />
  <testcase classname="aka.jmetadata.test.JMetaDataVideo_Test" name="subTestGetHeightOffsetAsLocalDateTime" time="0.0" />
  <testcase classname="aka.jmetadata.test.JMetaDataVideo_Test" name="subTestGetSourceDurationString5AsURL" time="0.001" />
  <testcase classname="aka.jmetadata.test.JMetaDataVideo_Test" name="subTestGetChromaSubsamplingStringAsLong" time="0.001">
    <failure message="expected:&lt;null&gt; but was:&lt;420&gt;" type="junit.framework.AssertionFailedError">junit.framework.AssertionFailedError: expected:&lt;null&gt; but was:&lt;420&gt;
	at aka.jmetadata.test.JMetaDataVideo_Test.subTestGetChromaSubsamplingStringAsLong(JMetaDataVideo_Test.java:1622)
</failure>
  </testcase>
  <testcase classname="aka.jmetadata.test.JMetaDataVideo_Test" name="subTestGetSourceStreamSizeProportionAsLocalDateTime" time="0.0" />
  <testcase classname="aka.jmetadata.test.JMetaDataVideo_Test" name="subTestGetHeightOffsetStringAsString" time="0.0">
    <failure message="expected:&lt;null&gt; but was:&lt;&gt;" type="junit.framework.AssertionFailedError">junit.framework.AssertionFailedError: expected:&lt;null&gt; but was:&lt;&gt;
	at aka.jmetadata.test.JMetaDataVideo_Test.subTestGetHeightOffsetStringAsString(JMetaDataVideo_Test.java:10995)
</failure>
  </testcase>
  <testcase classname="aka.jmetadata.test.JMetaDataVideo_Test" name="subTestGetTimeStampFirstFrameString1AsLocalTime" time="0.0" />
  <testcase classname="aka.jmetadata.test.JMetaDataVideo_Test" name="subTestGetHeightCleanApertureAsBoolean" time="0.001" />
  <testcase classname="aka.jmetadata.test.JMetaDataVideo_Test" name="subTestGetDisabledAsLocalTime" time="0.0" />
  <testcase classname="aka.jmetadata.test.JMetaDataVideo_Test" name="subTestGetStreamSizeString5AsURL" time="0.0" />
  <testcase classname="aka.jmetadata.test.JMetaDataVideo_Test" name="subTestGetStreamKindPosAsBoolean" time="0.0" />
  <testcase classname="aka.jmetadata.test.JMetaDataVideo_Test" name="subTestGetCodecIDAsString" time="0.0">
    <failure message="expected:&lt;null&gt; but was:&lt;V_MPEG4/ISO/AVC&gt;" type="junit.framework.AssertionFailedError">junit.framework.AssertionFailedError: expected:&lt;null&gt; but was:&lt;V_MPEG4/ISO/AVC&gt;
	at aka.jmetadata.test.JMetaDataVideo_Test.subTestGetCodecIDAsString(JMetaDataVideo_Test.java:1774)
</failure>
  </testcase>
  <testcase classname="aka.jmetadata.test.JMetaDataVideo_Test" name="subTestGetFormatTierAsBoolean" time="0.0" />
  <testcase classname="aka.jmetadata.test.JMetaDataVideo_Test" name="subTestGetServiceKindStringAsBoolean" time="0.0" />
  <testcase classname="aka.jmetadata.test.JMetaDataVideo_Test" name="subTestGetDelayOriginalString5AsBoolean" time="0.001" />
  <testcase classname="aka.jmetadata.test.JMetaDataVideo_Test" name="subTestGetTimeCodeFirstFrameAsLocalDateTime" time="0.0" />
  <testcase classname="aka.jmetadata.test.JMetaDataVideo_Test" name="subTestGetcolourprimariesOriginalAsURL" time="0.0" />
  <testcase classname="aka.jmetadata.test.JMetaDataVideo_Test" name="subTestGetSourceDurationFirstFrameAsLong" time="0.0" />
  <testcase classname="aka.jmetadata.test.JMetaDataVideo_Test" name="subTestGetSourceDurationLastFrameString1AsBoolean" time="0.0" />
  <testcase classname="aka.jmetadata.test.JMetaDataVideo_Test" name="subTestGetServiceKindStringAsBigInteger" time="0.0" />
  <testcase classname="aka.jmetadata.test.JMetaDataVideo_Test" name="subTestGetWidthStringAsURL" time="0.0" />
  <testcase classname="aka.jmetadata.test.JMetaDataVideo_Test" name="subTestGetDurationLastFrameString2AsLong" time="0.0" />
  <testcase classname="aka.jmetadata.test.JMetaDataVideo_Test" name="subTestGetForcedAsString" time="0.0">
    <failure message="expected:&lt;null&gt; but was:&lt;No&gt;" type="junit.framework.AssertionFailedError">junit.framework.AssertionFailedError: expected:&lt;null&gt; but was:&lt;No&gt;
	at aka.jmetadata.test.JMetaDataVideo_Test.subTestGetForcedAsString(JMetaDataVideo_Test.java:7214)
</failure>
  </testcase>
  <testcase classname="aka.jmetadata.test.JMetaDataVideo_Test" name="subTestGetGopOpenClosedFirstFrameAsLong" time="0.0" />
  <testcase classname="aka.jmetadata.test.JMetaDataVideo_Test" name="subTestGetStreamSizeString4AsBoolean" time="0.0" />
  <testcase classname="aka.jmetadata.test.JMetaDataVideo_Test" name="subTestGetFrameRateModeOriginalAsBigInteger" time="0.0" />
  <testcase classname="aka.jmetadata.test.JMetaDataVideo_Test" name="subTestGetFrameRateMaximumAsLocalTime" time="0.0" />
  <testcase classname="aka.jmetadata.test.JMetaDataVideo_Test" name="subTestGetStreamSizeEncodedString5AsLocalDateTime" time="0.0" />
  <testcase classname="aka.jmetadata.test.JMetaDataVideo_Test" name="subTestGetFormatTierAsURL" time="0.0" />
  <testcase classname="aka.jmetadata.test.JMetaDataVideo_Test" name="subTestGetFrameRateOriginalStringAsLocalDateTime" time="0.0" />
  <testcase classname="aka.jmetadata.test.JMetaDataVideo_Test" name="subTestGetcolourdescriptionpresentOriginalAsLocalDateTime" time="0.0" />
  <testcase classname="aka.jmetadata.test.JMetaDataVideo_Test" name="subTestGetDelayOriginalString2AsLong" time="0.001" />
  <testcase classname="aka.jmetadata.test.JMetaDataVideo_Test" name="subTestGetMultiViewBaseProfileAsBoolean" time="0.0" />
  <testcase classname="aka.jmetadata.test.JMetaDataVideo_Test" name="subTestGetStreamSizeString2AsLocalDateTime" time="0.0" />
  <testcase classname="aka.jmetadata.test.JMetaDataVideo_Test" name="subTestGetStreamSizeDemuxedString4AsString" time="0.0">
    <failure message="expected:&lt;null&gt; but was:&lt;&gt;" type="junit.framework.AssertionFailedError">junit.framework.AssertionFailedError: expected:&lt;null&gt; but was:&lt;&gt;
	at aka.jmetadata.test.JMetaDataVideo_Test.subTestGetStreamSizeDemuxedString4AsString(JMetaDataVideo_Test.java:18035)
</failure>
  </testcase>
  <testcase classname="aka.jmetadata.test.JMetaDataVideo_Test" name="subTestGetPixelAspectRatioAsURL" time="0.0" />
  <testcase classname="aka.jmetadata.test.JMetaDataVideo_Test" name="subTestGetSourceStreamSizeEncodedString3AsLocalTime" time="0.0" />
  <testcase classname="aka.jmetadata.test.JMetaDataVideo_Test" name="subTestGetSourceStreamSizeEncodedString5AsLocalDateTime" time="0.0" />
  <testcase classname="aka.jmetadata.test.JMetaDataVideo_Test" name="subTestGetFrameRateNominalAsInteger" time="0.0" />
  <testcase classname="aka.jmetadata.test.JMetaDataVideo_Test" name="subTestGetWidthOffsetStringAsLocalDateTime" time="0.001" />
  <testcase classname="aka.jmetadata.test.JMetaDataVideo_Test" name="subTestGetAlignmentAsBoolean" time="0.0" />
  <testcase classname="aka.jmetadata.test.JMetaDataVideo_Test" name="subTestGetDefaultAsBigInteger" time="0.0" />
  <testcase classname="aka.jmetadata.test.JMetaDataVideo_Test" name="subTestGetDurationFirstFrameString2AsLocalTime" time="0.0" />
  <testcase classname="aka.jmetadata.test.JMetaDataVideo_Test" name="subTestGetDelayOriginalString3AsLocalDateTime" time="0.0" />
  <testcase classname="aka.jmetadata.test.JMetaDataVideo_Test" name="subTestGetDurationString5AsLocalTime" time="0.0" />
  <testcase classname="aka.jmetadata.test.JMetaDataVideo_Test" name="subTestGetStreamSizeStringAsString" time="0.001">
    <failure message="expected:&lt;null&gt; but was:&lt;&gt;" type="junit.framework.AssertionFailedError">junit.framework.AssertionFailedError: expected:&lt;null&gt; but was:&lt;&gt;
	at aka.jmetadata.test.JMetaDataVideo_Test.subTestGetStreamSizeStringAsString(JMetaDataVideo_Test.java:17331)
</failure>
  </testcase>
  <testcase classname="aka.jmetadata.test.JMetaDataVideo_Test" name="subTestGetPixelAspectRatioOriginalAsString" time="0.001">
    <failure message="expected:&lt;null&gt; but was:&lt;&gt;" type="junit.framework.AssertionFailedError">junit.framework.AssertionFailedError: expected:&lt;null&gt; but was:&lt;&gt;
	at aka.jmetadata.test.JMetaDataVideo_Test.subTestGetPixelAspectRatioOriginalAsString(JMetaDataVideo_Test.java:12787)
</failure>
  </testcase>
  <testcase classname="aka.jmetadata.test.JMetaDataVideo_Test" name="subTestGetFormatSettingsBVOPAsInteger" time="0.0" />
  <testcase classname="aka.jmetadata.test.JMetaDataVideo_Test" name="subTestGetTimeCodeFirstFrameAsURL" time="0.0" />
  <testcase classname="aka.jmetadata.test.JMetaDataVideo_Test" name="subTestGetMenuIDStringAsLong" time="0.0" />
  <testcase classname="aka.jmetadata.test.JMetaDataVideo_Test" name="subTestGetStreamKindAsLong" time="0.0" />
  <testcase classname="aka.jmetadata.test.JMetaDataVideo_Test" name="subTestGetFrameRateNominalStringAsURL" time="0.0" />
  <testcase classname="aka.jmetadata.test.JMetaDataVideo_Test" name="subTestGetcolourdescriptionpresentAsInteger" time="0.0" />
  <testcase classname="aka.jmetadata.test.JMetaDataVideo_Test" name="subTestGetFrameRateOriginalAsURL" time="0.001" />
  <testcase classname="aka.jmetadata.test.JMetaDataVideo_Test" name="subTestGetGopOpenClosedAsBigInteger" time="0.0" />
  <testcase classname="aka.jmetadata.test.JMetaDataVideo_Test" name="subTestGetCodecIDUrlAsLocalDateTime" time="0.0" />
  <testcase classname="aka.jmetadata.test.JMetaDataVideo_Test" name="subTestGetStreamSizeEncodedString1AsString" time="0.0">
    <failure message="expected:&lt;null&gt; but was:&lt;&gt;" type="junit.framework.AssertionFailedError">junit.framework.AssertionFailedError: expected:&lt;null&gt; but was:&lt;&gt;
	at aka.jmetadata.test.JMetaDataVideo_Test.subTestGetStreamSizeEncodedString1AsString(JMetaDataVideo_Test.java:18291)
</failure>
  </testcase>
  <testcase classname="aka.jmetadata.test.JMetaDataVideo_Test" name="subTestGetEncodedLibraryNameAsBigInteger" time="0.0" />
  <testcase classname="aka.jmetadata.test.JMetaDataVideo_Test" name="subTestGetLanguageString1AsBoolean" time="0.0" />
  <testcase classname="aka.jmetadata.test.JMetaDataVideo_Test" name="subTestGetHeightOffsetStringAsURL" time="0.0" />
  <testcase classname="aka.jmetadata.test.JMetaDataVideo_Test" name="subTestGetDurationFirstFrameString1AsBigInteger" time="0.0" />
  <testcase classname="aka.jmetadata.test.JMetaDataVideo_Test" name="subTestGetForcedAsInteger" time="0.0" />
  <testcase classname="aka.jmetadata.test.JMetaDataVideo_Test" name="subTestGetInternetMediaTypeAsURL" time="0.0" />
  <testcase classname="aka.jmetadata.test.JMetaDataVideo_Test" name="subTestGetFrameRateMinimumStringAsURL" time="0.0" />
  <testcase classname="aka.jmetadata.test.JMetaDataVideo_Test" name="subTestGetScanTypeStoreMethodStringAsString" time="0.001">
    <failure message="expected:&lt;null&gt; but was:&lt;&gt;" type="junit.framework.AssertionFailedError">junit.framework.AssertionFailedError: expected:&lt;null&gt; but was:&lt;&gt;
	at aka.jmetadata.test.JMetaDataVideo_Test.subTestGetScanTypeStoreMethodStringAsString(JMetaDataVideo_Test.java:13939)
</failure>
  </testcase>
  <testcase classname="aka.jmetadata.test.JMetaDataVideo_Test" name="subTestGetDelayStringAsInteger" time="0.0" />
  <testcase classname="aka.jmetadata.test.JMetaDataVideo_Test" name="subTestGetFirstPacketOrderAsLocalDateTime" time="0.001" />
  <testcase classname="aka.jmetadata.test.JMetaDataVideo_Test" name="subTestGetSourceDurationLastFrameString2AsString" time="0.001">
    <failure message="expected:&lt;null&gt; but was:&lt;&gt;" type="junit.framework.AssertionFailedError">junit.framework.AssertionFailedError: expected:&lt;null&gt; but was:&lt;&gt;
	at aka.jmetadata.test.JMetaDataVideo_Test.subTestGetSourceDurationLastFrameString2AsString(JMetaDataVideo_Test.java:15283)
</failure>
  </testcase>
  <testcase classname="aka.jmetadata.test.JMetaDataVideo_Test" name="subTestGetDurationStringAsLong" time="0.0">
    <failure message="expected:&lt;null&gt; but was:&lt;1458&gt;" type="junit.framework.AssertionFailedError">junit.framework.AssertionFailedError: expected:&lt;null&gt; but was:&lt;1458&gt;
	at aka.jmetadata.test.JMetaDataVideo_Test.subTestGetDurationStringAsLong(JMetaDataVideo_Test.java:4822)
</failure>
  </testcase>
  <testcase classname="aka.jmetadata.test.JMetaDataVideo_Test" name="subTestGetFrameRateNominalAsLocalDateTime" time="0.0" />
  <testcase classname="aka.jmetadata.test.JMetaDataVideo_Test" name="subTestGetSourceStreamSizeEncodedStringAsBigInteger" time="0.0" />
  <testcase classname="aka.jmetadata.test.JMetaDataVideo_Test" name="subTestGetDelayOriginalString5AsString" time="0.001">
    <failure message="expected:&lt;null&gt; but was:&lt;&gt;" type="junit.framework.AssertionFailedError">junit.framework.AssertionFailedError: expected:&lt;null&gt; but was:&lt;&gt;
	at aka.jmetadata.test.JMetaDataVideo_Test.subTestGetDelayOriginalString5AsString(JMetaDataVideo_Test.java:3822)
</failure>
  </testcase>
  <testcase classname="aka.jmetadata.test.JMetaDataVideo_Test" name="subTestGetStoredHeightAsBoolean" time="0.0" />
  <testcase classname="aka.jmetadata.test.JMetaDataVideo_Test" name="subTestGetUniqueIDStringAsInteger" time="0.0" />
  <testcase classname="aka.jmetadata.test.JMetaDataVideo_Test" name="subTestGetIDAsString" time="0.0">
    <failure message="expected:&lt;null&gt; but was:&lt;1&gt;" type="junit.framework.AssertionFailedError">junit.framework.AssertionFailedError: expected:&lt;null&gt; but was:&lt;1&gt;
	at aka.jmetadata.test.JMetaDataVideo_Test.subTestGetIDAsString(JMetaDataVideo_Test.java:11187)
</failure>
  </testcase>
  <testcase classname="aka.jmetadata.test.JMetaDataVideo_Test" name="subTestGetFrameRateMinimumAsBoolean" time="0.0" />
  <testcase classname="aka.jmetadata.test.JMetaDataVideo_Test" name="subTestGetDisplayAspectRatioCleanApertureStringAsBoolean" time="0.0" />
  <testcase classname="aka.jmetadata.test.JMetaDataVideo_Test" name="subTestGetScanTypeOriginalAsLocalTime" time="0.0" />
  <testcase classname="aka.jmetadata.test.JMetaDataVideo_Test" name="subTestGetBitRateModeAsInteger" time="0.0" />
  <testcase classname="aka.jmetadata.test.JMetaDataVideo_Test" name="subTestGetFormatSettingsFrameModeAsLocalTime" time="0.0" />
  <testcase classname="aka.jmetadata.test.JMetaDataVideo_Test" name="subTestGetForcedStringAsBigInteger" time="0.0" />
  <testcase classname="aka.jmetadata.test.JMetaDataVideo_Test" name="subTestGetFormatSettingsFrameModeAsInteger" time="0.0" />
  <testcase classname="aka.jmetadata.test.JMetaDataVideo_Test" name="subTestGetScanOrderAsLocalDateTime" time="0.0" />
  <testcase classname="aka.jmetadata.test.JMetaDataVideo_Test" name="subTestGetDelayOriginalString4AsBigInteger" time="0.0" />
  <testcase classname="aka.jmetadata.test.JMetaDataVideo_Test" name="subTestGetHeightCleanApertureStringAsURL" time="0.0" />
  <testcase classname="aka.jmetadata.test.JMetaDataVideo_Test" name="subTestGetScanTypeStoreMethodFieldsPerBlockAsURL" time="0.0" />
  <testcase classname="aka.jmetadata.test.JMetaDataVideo_Test" name="subTestGetScanTypeStoreMethodAsBoolean" time="0.0" />
  <testcase classname="aka.jmetadata.test.JMetaDataVideo_Test" name="subTestGetStreamSizeDemuxedAsBigInteger" time="0.001" />
  <testcase classname="aka.jmetadata.test.JMetaDataVideo_Test" name="subTestGetActiveFormatDescriptionStringAsLocalTime" time="0.001" />
  <testcase classname="aka.jmetadata.test.JMetaDataVideo_Test" name="subTestGetSourceStreamSizeEncodedString3AsBoolean" time="0.0" />
  <testcase classname="aka.jmetadata.test.JMetaDataVideo_Test" name="subTestGetScanOrderStoredAsLocalTime" time="0.0" />
  <testcase classname="aka.jmetadata.test.JMetaDataVideo_Test" name="subTestGetTimeStampFirstFrameString2AsLocalTime" time="0.0" />
  <testcase classname="aka.jmetadata.test.JMetaDataVideo_Test" name="subTestGetInternetMediaTypeAsString" time="0.0">
    <failure message="expected:&lt;null&gt; but was:&lt;video/H264&gt;" type="junit.framework.AssertionFailedError">junit.framework.AssertionFailedError: expected:&lt;null&gt; but was:&lt;video/H264&gt;
	at aka.jmetadata.test.JMetaDataVideo_Test.subTestGetInternetMediaTypeAsString(JMetaDataVideo_Test.java:11379)
</failure>
  </testcase>
  <testcase classname="aka.jmetadata.test.JMetaDataVideo_Test" name="subTestGetBitDepthStringAsLong" time="0.0">
    <failure message="expected:&lt;null&gt; but was:&lt;8&gt;" type="junit.framework.AssertionFailedError">junit.framework.AssertionFailedError: expected:&lt;null&gt; but was:&lt;8&gt;
	at aka.jmetadata.test.JMetaDataVideo_Test.subTestGetBitDepthStringAsLong(JMetaDataVideo_Test.java:598)
</failure>
  </testcase>
  <testcase classname="aka.jmetadata.test.JMetaDataVideo_Test" name="subTestGetCodecIDDescriptionAsLong" time="0.0" />
  <testcase classname="aka.jmetadata.test.JMetaDataVideo_Test" name="subTestGetCountAsLocalDateTime" time="0.0" />
  <testcase classname="aka.jmetadata.test.JMetaDataVideo_Test" name="subTestGetTimeStampFirstFrameString3AsInteger" time="0.0" />
  <testcase classname="aka.jmetadata.test.JMetaDataVideo_Test" name="subTestGetChromaSubsamplingStringAsString" time="0.001">
    <failure message="expected:&lt;null&gt; but was:&lt;4:2:0&gt;" type="junit.framework.AssertionFailedError">junit.framework.AssertionFailedError: expected:&lt;null&gt; but was:&lt;4:2:0&gt;
	at aka.jmetadata.test.JMetaDataVideo_Test.subTestGetChromaSubsamplingStringAsString(JMetaDataVideo_Test.java:1646)
</failure>
  </testcase>
  <testcase classname="aka.jmetadata.test.JMetaDataVideo_Test" name="subTestGetHeightAsLocalDateTime" time="0.0" />
  <testcase classname="aka.jmetadata.test.JMetaDataVideo_Test" name="subTestGetScanOrderOriginalAsLocalDateTime" time="0.0" />
  <testcase classname="aka.jmetadata.test.JMetaDataVideo_Test" name="subTestGetDisplayAspectRatioCleanApertureStringAsURL" time="0.0" />
  <testcase classname="aka.jmetadata.test.JMetaDataVideo_Test" name="subTestGetStreamKindIDAsLong" time="0.001">
    <failure message="expected:&lt;null&gt; but was:&lt;0&gt;" type="junit.framework.AssertionFailedError">junit.framework.AssertionFailedError: expected:&lt;null&gt; but was:&lt;0&gt;
	at aka.jmetadata.test.JMetaDataVideo_Test.subTestGetStreamKindIDAsLong(JMetaDataVideo_Test.java:17051)
</failure>
  </testcase>
  <testcase classname="aka.jmetadata.test.JMetaDataVideo_Test" name="subTestGetDurationString4AsBigInteger" time="0.0">
    <failure message="expected:&lt;null&gt; but was:&lt;145804&gt;" type="junit.framework.AssertionFailedError">junit.framework.AssertionFailedError: expected:&lt;null&gt; but was:&lt;145804&gt;
	at aka.jmetadata.test.JMetaDataVideo_Test.subTestGetDurationString4AsBigInteger(JMetaDataVideo_Test.java:5118)
</failure>
  </testcase>
  <testcase classname="aka.jmetadata.test.JMetaDataVideo_Test" name="subTestGetColorSpaceAsInteger" time="0.0" />
  <testcase classname="aka.jmetadata.test.JMetaDataVideo_Test" name="subTestGetStreamSizeProportionAsLocalTime" time="0.0" />
  <testcase classname="aka.jmetadata.test.JMetaDataVideo_Test" name="subTestGetSourceStreamSizeAsBigInteger" time="0.0" />
  <testcase classname="aka.jmetadata.test.JMetaDataVideo_Test" name="subTestGetFrameRateModeAsURL" time="0.0" />
  <testcase classname="aka.jmetadata.test.JMetaDataVideo_Test" name="subTestGetFormatSettingsMatrixDataAsBoolean" time="0.0" />
  <testcase classname="aka.jmetadata.test.JMetaDataVideo_Test" name="subTestGetStreamSizeEncodedString5AsBigInteger" time="0.0" />
  <testcase classname="aka.jmetadata.test.JMetaDataVideo_Test" name="subTestGetFormatTierAsLocalDateTime" time="0.0" />
  <testcase classname="aka.jmetadata.test.JMetaDataVideo_Test" name="subTestGetFormatSettingsMatrixStringAsLong" time="0.0" />
  <testcase classname="aka.jmetadata.test.JMetaDataVideo_Test" name="subTestGetGopOpenClosedAsURL" time="0.0" />
  <testcase classname="aka.jmetadata.test.JMetaDataVideo_Test" name="subTestGetFrameRateMaximumAsBoolean" time="0.0" />
  <testcase classname="aka.jmetadata.test.JMetaDataVideo_Test" name="subTestGetCodecIDStringAsBoolean" time="0.0" />
  <testcase classname="aka.jmetadata.test.JMetaDataVideo_Test" name="subTestGetFrameRateNumAsBoolean" time="0.0" />
  <testcase classname="aka.jmetadata.test.JMetaDataVideo_Test" name="subTestGetDurationLastFrameString4AsInteger" time="0.0" />
  <testcase classname="aka.jmetadata.test.JMetaDataVideo_Test" name="subTestGetHeightOffsetAsLong" time="0.0" />
  <testcase classname="aka.jmetadata.test.JMetaDataVideo_Test" name="subTestGetFormatCommercialAsBigInteger" time="0.0" />
  <testcase classname="aka.jmetadata.test.JMetaDataVideo_Test" name="subTestGetScanTypeStoreMethodFieldsPerBlockAsBoolean" time="0.0" />
  <testcase classname="aka.jmetadata.test.JMetaDataVideo_Test" name="subTestGetFrameRateModeAsLocalTime" time="0.0" />
  <testcase classname="aka.jmetadata.test.JMetaDataVideo_Test" name="subTestGetStoredHeightAsURL" time="0.0" />
  <testcase classname="aka.jmetadata.test.JMetaDataVideo_Test" name="subTestGetGopOpenClosedStringAsLocalTime" time="0.0" />
  <testcase classname="aka.jmetadata.test.JMetaDataVideo_Test" name="subTestGetChromaSubsamplingAsLocalDateTime" time="0.0" />
  <testcase classname="aka.jmetadata.test.JMetaDataVideo_Test" name="subTestGetSourceStreamSizeString1AsLocalDateTime" time="0.0" />
  <testcase classname="aka.jmetadata.test.JMetaDataVideo_Test" name="subTestGetPixelAspectRatioCleanApertureStringAsURL" time="0.0" />
  <testcase classname="aka.jmetadata.test.JMetaDataVideo_Test" name="subTestGetDurationString4AsLocalDateTime" time="0.0" />
  <testcase classname="aka.jmetadata.test.JMetaDataVideo_Test" name="subTestGetSourceStreamSizeEncodedString4AsLocalTime" time="0.0" />
  <testcase classname="aka.jmetadata.test.JMetaDataVideo_Test" name="subTestGetActiveFormatDescriptionMuxingModeAsBoolean" time="0.001" />
  <testcase classname="aka.jmetadata.test.JMetaDataVideo_Test" name="subTestGetSampledHeightAsBoolean" time="0.0" />
  <testcase classname="aka.jmetadata.test.JMetaDataVideo_Test" name="subTestGetDelayString4AsBoolean" time="0.0" />
  <testcase classname="aka.jmetadata.test.JMetaDataVideo_Test" name="subTestGetDelayOriginalAsLocalDateTime" time="0.0" />
  <testcase classname="aka.jmetadata.test.JMetaDataVideo_Test" name="subTestGetDurationFirstFrameString3AsLocalTime" time="0.0" />
  <testcase classname="aka.jmetadata.test.JMetaDataVideo_Test" name="subTestGetColorSpaceAsLocalDateTime" time="0.0" />
  <testcase classname="aka.jmetadata.test.JMetaDataVideo_Test" name="subTestGetPixelAspectRatioOriginalStringAsLong" time="0.0" />
  <testcase classname="aka.jmetadata.test.JMetaDataVideo_Test" name="subTestGetOriginalSourceMediumIDAsURL" time="0.0" />
  <testcase classname="aka.jmetadata.test.JMetaDataVideo_Test" name="subTestGetDelaySourceAsBigInteger" time="0.0" />
  <testcase classname="aka.jmetadata.test.JMetaDataVideo_Test" name="subTestGetSourceStreamSizeAsLong" time="0.0" />
  <testcase classname="aka.jmetadata.test.JMetaDataVideo_Test" name="subTestGetSourceStreamSizeEncodedAsInteger" time="0.001" />
  <testcase classname="aka.jmetadata.test.JMetaDataVideo_Test" name="subTestGetLanguageString2AsLocalDateTime" time="0.001" />
  <testcase classname="aka.jmetadata.test.JMetaDataVideo_Test" name="subTestGetSourceStreamSizeProportionAsInteger" time="0.0" />
  <testcase classname="aka.jmetadata.test.JMetaDataVideo_Test" name="subTestGetSourceDurationLastFrameAsString" time="0.0">
    <failure message="expected:&lt;null&gt; but was:&lt;&gt;" type="junit.framework.AssertionFailedError">junit.framework.AssertionFailedError: expected:&lt;null&gt; but was:&lt;&gt;
	at aka.jmetadata.test.JMetaDataVideo_Test.subTestGetSourceDurationLastFrameAsString(JMetaDataVideo_Test.java:15091)
</failure>
  </testcase>
  <testcase classname="aka.jmetadata.test.JMetaDataVideo_Test" name="subTestGetEncodedDateAsLocalDateTime" time="0.0" />
  <testcase classname="aka.jmetadata.test.JMetaDataVideo_Test" name="subTestGetScanTypeAsLocalDateTime" time="0.0" />
  <testcase classname="aka.jmetadata.test.JMetaDataVideo_Test" name="subTestGetAlignmentAsBigInteger" time="0.0" />
  <testcase classname="aka.jmetadata.test.JMetaDataVideo_Test" name="subTestGetScanOrderStringAsLocalDateTime" time="0.0" />
  <testcase classname="aka.jmetadata.test.JMetaDataVideo_Test" name="subTestGetWidthCleanApertureStringAsURL" time="0.001" />
  <testcase classname="aka.jmetadata.test.JMetaDataVideo_Test" name="subTestGetEncodedLibraryVersionAsBoolean" time="0.0" />
  <testcase classname="aka.jmetadata.test.JMetaDataVideo_Test" name="subTestGetWidthOffsetStringAsURL" time="0.0" />
  <testcase classname="aka.jmetadata.test.JMetaDataVideo_Test" name="subTestGetIDAsBoolean" time="0.001" />
  <testcase classname="aka.jmetadata.test.JMetaDataVideo_Test" name="subTestGetDisplayAspectRatioOriginalAsURL" time="0.0" />
  <testcase classname="aka.jmetadata.test.JMetaDataVideo_Test" name="subTestGetDelayOriginalString4AsBoolean" time="0.0" />
  <testcase classname="aka.jmetadata.test.JMetaDataVideo_Test" name="subTestGetSourceDurationLastFrameString2AsLong" time="0.001" />
  <testcase classname="aka.jmetadata.test.JMetaDataVideo_Test" name="subTestGetcolourprimariesOriginalAsLong" time="0.0" />
  <testcase classname="aka.jmetadata.test.JMetaDataVideo_Test" name="subTestGetFormatSettingsRefFramesAsLocalTime" time="0.0" />
  <testcase classname="aka.jmetadata.test.JMetaDataVideo_Test" name="subTestGetDurationFirstFrameStringAsBigInteger" time="0.0" />
  <testcase classname="aka.jmetadata.test.JMetaDataVideo_Test" name="subTestGetFormatSettingsQPelStringAsURL" time="0.0" />
  <testcase classname="aka.jmetadata.test.JMetaDataVideo_Test" name="subTestGetScanOrderStoredDisplayedInvertedAsLocalDateTime" time="0.0" />
  <testcase classname="aka.jmetadata.test.JMetaDataVideo_Test" name="subTestGetStreamSizeEncodedProportionAsLocalDateTime" time="0.0" />
  <testcase classname="aka.jmetadata.test.JMetaDataVideo_Test" name="subTestGetStreamSizeString3AsBoolean" time="0.0" />
  <testcase classname="aka.jmetadata.test.JMetaDataVideo_Test" name="subTestGetDelayOriginalString1AsLocalTime" time="0.0" />
  <testcase classname="aka.jmetadata.test.JMetaDataVideo_Test" name="subTestGetFrameRateNumAsString" time="0.001">
    <failure message="expected:&lt;null&gt; but was:&lt;&gt;" type="junit.framework.AssertionFailedError">junit.framework.AssertionFailedError: expected:&lt;null&gt; but was:&lt;&gt;
	at aka.jmetadata.test.JMetaDataVideo_Test.subTestGetFrameRateNumAsString(JMetaDataVideo_Test.java:10099)
</failure>
  </testcase>
  <testcase classname="aka.jmetadata.test.JMetaDataVideo_Test" name="subTestGetCompressionRatioAsBoolean" time="0.0" />
  <testcase classname="aka.jmetadata.test.JMetaDataVideo_Test" name="subTestGetDelayString2AsLocalDateTime" time="0.001" />
  <testcase classname="aka.jmetadata.test.JMetaDataVideo_Test" name="subTestGetGopOpenClosedStringAsBoolean" time="0.0" />
  <testcase classname="aka.jmetadata.test.JMetaDataVideo_Test" name="subTestGetSourceDurationFirstFrameString5AsBigInteger" time="0.0" />
  <testcase classname="aka.jmetadata.test.JMetaDataVideo_Test" name="subTestGetStreamKindPosAsLocalDateTime" time="0.0" />
  <testcase classname="aka.jmetadata.test.JMetaDataVideo_Test" name="subTestGetSourceDurationLastFrameStringAsBoolean" time="0.0" />
  <testcase classname="aka.jmetadata.test.JMetaDataVideo_Test" name="subTestGetFrameRateDenAsLocalDateTime" time="0.0" />
  <testcase classname="aka.jmetadata.test.JMetaDataVideo_Test" name="subTestGetBitRateModeStringAsBoolean" time="0.0" />
  <testcase classname="aka.jmetadata.test.JMetaDataVideo_Test" name="subTestGetPixelAspectRatioOriginalAsURL" time="0.0" />
  <testcase classname="aka.jmetadata.test.JMetaDataVideo_Test" name="subTestGetSourceDurationStringAsLocalDateTime" time="0.0" />
  <testcase classname="aka.jmetadata.test.JMetaDataVideo_Test" name="subTestGettransfercharacteristicsAsLocalDateTime" time="0.001" />
  <testcase classname="aka.jmetadata.test.JMetaDataVideo_Test" name="subTestGetStreamSizeDemuxedStringAsLocalDateTime" time="0.0" />
  <testcase classname="aka.jmetadata.test.JMetaDataVideo_Test" name="subTestGetTimeStampFirstFrameString3AsLocalTime" time="0.0" />
  <testcase classname="aka.jmetadata.test.JMetaDataVideo_Test" name="subTestGetEncodedLibraryNameAsLong" time="0.0" />
  <testcase classname="aka.jmetadata.test.JMetaDataVideo_Test" name="subTestGetFrameRateMinimumAsLong" time="0.0" />
  <testcase classname="aka.jmetadata.test.JMetaDataVideo_Test" name="subTestGetGopOpenClosedAsLong" time="0.001" />
  <testcase classname="aka.jmetadata.test.JMetaDataVideo_Test" name="subTestGetEncodedApplicationUrlAsURL" time="0.0" />
  <testcase classname="aka.jmetadata.test.JMetaDataVideo_Test" name="subTestGetDelaySourceAsURL" time="0.0" />
  <testcase classname="aka.jmetadata.test.JMetaDataVideo_Test" name="subTestGetScanTypeAsLocalTime" time="0.0" />
  <testcase classname="aka.jmetadata.test.JMetaDataVideo_Test" name="subTestGetDurationLastFrameString1AsURL" time="0.0" />
  <testcase classname="aka.jmetadata.test.JMetaDataVideo_Test" name="subTestGetSourceStreamSizeEncodedString1AsBigInteger" time="0.001" />
  <testcase classname="aka.jmetadata.test.JMetaDataVideo_Test" name="subTestGetHeightCleanApertureAsBigInteger" time="0.0" />
  <testcase classname="aka.jmetadata.test.JMetaDataVideo_Test" name="subTestGetPixelAspectRatioCleanApertureStringAsBoolean" time="0.0" />
  <testcase classname="aka.jmetadata.test.JMetaDataVideo_Test" name="subTestGetDurationString5AsBoolean" time="0.0" />
  <testcase classname="aka.jmetadata.test.JMetaDataVideo_Test" name="subTestGetUniqueIDAsBigInteger" time="0.001">
    <failure message="expected:&lt;null&gt; but was:&lt;1940764431286751011&gt;" type="junit.framework.AssertionFailedError">junit.framework.AssertionFailedError: expected:&lt;null&gt; but was:&lt;1940764431286751011&gt;
	at aka.jmetadata.test.JMetaDataVideo_Test.subTestGetUniqueIDAsBigInteger(JMetaDataVideo_Test.java:19651)
</failure>
  </testcase>
  <testcase classname="aka.jmetadata.test.JMetaDataVideo_Test" name="subTestGetFrameRateNominalAsURL" time="0.0" />
  <testcase classname="aka.jmetadata.test.JMetaDataVideo_Test" name="subTestGetStreamSizeString5AsBigInteger" time="0.0" />
  <testcase classname="aka.jmetadata.test.JMetaDataVideo_Test" name="subTestGetFormatInfoAsInteger" time="0.0" />
  <testcase classname="aka.jmetadata.test.JMetaDataVideo_Test" name="subTestGetHeightOriginalStringAsLocalDateTime" time="0.0" />
  <testcase classname="aka.jmetadata.test.JMetaDataVideo_Test" name="subTestGetStoredWidthAsLocalTime" time="0.0" />
  <testcase classname="aka.jmetadata.test.JMetaDataVideo_Test" name="subTestGetcolourrangeAsLocalDateTime" time="0.0" />
  <testcase classname="aka.jmetadata.test.JMetaDataVideo_Test" name="subTestGetFormatSettingsMatrixAsBoolean" time="0.001" />
  <testcase classname="aka.jmetadata.test.JMetaDataVideo_Test" name="subTestGetCodecIDUrlAsURL" time="0.0">
    <failure message="expected:&lt;null&gt; but was:&lt;http://ffdshow-tryout.sourceforge.net/&gt;" type="junit.framework.AssertionFailedError">junit.framework.AssertionFailedError: expected:&lt;null&gt; but was:&lt;http://ffdshow-tryout.sourceforge.net/&gt;
	at aka.jmetadata.test.JMetaDataVideo_Test.subTestGetCodecIDUrlAsURL(JMetaDataVideo_Test.java:2054)
</failure>
  </testcase>
  <testcase classname="aka.jmetadata.test.JMetaDataVideo_Test" name="subTestGetFormatSettingsPictureStructureAsLocalTime" time="0.0" />
  <testcase classname="aka.jmetadata.test.JMetaDataVideo_Test" name="subTestGetChromaSubsamplingAsString" time="0.001">
    <failure message="expected:&lt;null&gt; but was:&lt;4:2:0&gt;" type="junit.framework.AssertionFailedError">junit.framework.AssertionFailedError: expected:&lt;null&gt; but was:&lt;4:2:0&gt;
	at aka.jmetadata.test.JMetaDataVideo_Test.subTestGetChromaSubsamplingAsString(JMetaDataVideo_Test.java:1582)
</failure>
  </testcase>
  <testcase classname="aka.jmetadata.test.JMetaDataVideo_Test" name="subTestGetScanTypeStoreMethodStringAsLocalTime" time="0.0" />
  <testcase classname="aka.jmetadata.test.JMetaDataVideo_Test" name="subTestGetSourceStreamSizeString2AsString" time="0.0">
    <failure message="expected:&lt;null&gt; but was:&lt;&gt;" type="junit.framework.AssertionFailedError">junit.framework.AssertionFailedError: expected:&lt;null&gt; but was:&lt;&gt;
	at aka.jmetadata.test.JMetaDataVideo_Test.subTestGetSourceStreamSizeString2AsString(JMetaDataVideo_Test.java:15795)
</failure>
  </testcase>
  <testcase classname="aka.jmetadata.test.JMetaDataVideo_Test" name="subTestGetBitRateAsLong" time="0.0" />
  <testcase classname="aka.jmetadata.test.JMetaDataVideo_Test" name="subTestGetTimeStampFirstFrameStringAsBigInteger" time="0.0" />
  <testcase classname="aka.jmetadata.test.JMetaDataVideo_Test" name="subTestGetAlignmentStringAsString" time="0.001">
    <failure message="expected:&lt;null&gt; but was:&lt;&gt;" type="junit.framework.AssertionFailedError">junit.framework.AssertionFailedError: expected:&lt;null&gt; but was:&lt;&gt;
	at aka.jmetadata.test.JMetaDataVideo_Test.subTestGetAlignmentStringAsString(JMetaDataVideo_Test.java:366)
</failure>
  </testcase>
  <testcase classname="aka.jmetadata.test.JMetaDataVideo_Test" name="subTestGetPixelAspectRatioOriginalStringAsBigInteger" time="0.0" />
  <testcase classname="aka.jmetadata.test.JMetaDataVideo_Test" name="subTestGetWidthCleanApertureStringAsBigInteger" time="0.0" />
  <testcase classname="aka.jmetadata.test.JMetaDataVideo_Test" name="subTestGetDurationLastFrameString2AsURL" time="0.001" />
  <testcase classname="aka.jmetadata.test.JMetaDataVideo_Test" name="subTestGetMenuIDStringAsURL" time="0.0" />
  <testcase classname="aka.jmetadata.test.JMetaDataVideo_Test" name="subTestGetBitRateModeStringAsLocalDateTime" time="0.0" />
  <testcase classname="aka.jmetadata.test.JMetaDataVideo_Test" name="subTestGetEncodedDateAsLong" time="0.001" />
  <testcase classname="aka.jmetadata.test.JMetaDataVideo_Test" name="subTestGetScanOrderStoredAsLocalDateTime" time="0.001" />
  <testcase classname="aka.jmetadata.test.JMetaDataVideo_Test" name="subTestGetFrameRateOriginalNumAsString" time="0.0">
    <failure message="expected:&lt;null&gt; but was:&lt;&gt;" type="junit.framework.AssertionFailedError">junit.framework.AssertionFailedError: expected:&lt;null&gt; but was:&lt;&gt;
	at aka.jmetadata.test.JMetaDataVideo_Test.subTestGetFrameRateOriginalNumAsString(JMetaDataVideo_Test.java:10355)
</failure>
  </testcase>
  <testcase classname="aka.jmetadata.test.JMetaDataVideo_Test" name="subTestGetLanguageString4AsBigInteger" time="0.0" />
  <testcase classname="aka.jmetadata.test.JMetaDataVideo_Test" name="subTestGetStreamSizeEncodedProportionAsURL" time="0.0" />
  <testcase classname="aka.jmetadata.test.JMetaDataVideo_Test" name="subTestGetScanTypeOriginalStringAsString" time="0.0">
    <failure message="expected:&lt;null&gt; but was:&lt;&gt;" type="junit.framework.AssertionFailedError">junit.framework.AssertionFailedError: expected:&lt;null&gt; but was:&lt;&gt;
	at aka.jmetadata.test.JMetaDataVideo_Test.subTestGetScanTypeOriginalStringAsString(JMetaDataVideo_Test.java:13811)
</failure>
  </testcase>
  <testcase classname="aka.jmetadata.test.JMetaDataVideo_Test" name="subTestGetIDStringAsInteger" time="0.0">
    <failure message="expected:&lt;null&gt; but was:&lt;1&gt;" type="junit.framework.AssertionFailedError">junit.framework.AssertionFailedError: expected:&lt;null&gt; but was:&lt;1&gt;
	at aka.jmetadata.test.JMetaDataVideo_Test.subTestGetIDStringAsInteger(JMetaDataVideo_Test.java:11219)
</failure>
  </testcase>
  <testcase classname="aka.jmetadata.test.JMetaDataVideo_Test" name="subTestGetStreamSizeEncodedProportionAsLong" time="0.0" />
  <testcase classname="aka.jmetadata.test.JMetaDataVideo_Test" name="subTestGetcolourdescriptionpresentAsString" time="0.0">
    <failure message="expected:&lt;null&gt; but was:&lt;Yes&gt;" type="junit.framework.AssertionFailedError">junit.framework.AssertionFailedError: expected:&lt;null&gt; but was:&lt;Yes&gt;
	at aka.jmetadata.test.JMetaDataVideo_Test.subTestGetcolourdescriptionpresentAsString(JMetaDataVideo_Test.java:2222)
</failure>
  </testcase>
  <testcase classname="aka.jmetadata.test.JMetaDataVideo_Test" name="subTestGetSourceStreamSizeEncodedString5AsLocalTime" time="0.0" />
  <testcase classname="aka.jmetadata.test.JMetaDataVideo_Test" name="subTestGetFirstPacketOrderAsBigInteger" time="0.0" />
  <testcase classname="aka.jmetadata.test.JMetaDataVideo_Test" name="subTestGetDurationFirstFrameString4AsLocalTime" time="0.0" />
  <testcase classname="aka.jmetadata.test.JMetaDataVideo_Test" name="subTestGetStreamSizeEncodedStringAsInteger" time="0.0" />
  <testcase classname="aka.jmetadata.test.JMetaDataVideo_Test" name="subTestGetSourceStreamSizeEncodedString2AsBoolean" time="0.0" />
  <testcase classname="aka.jmetadata.test.JMetaDataVideo_Test" name="subTestGetDurationLastFrameString3AsURL" time="0.0" />
  <testcase classname="aka.jmetadata.test.JMetaDataVideo_Test" name="subTestGetFrameRateOriginalDenAsURL" time="0.0" />
  <testcase classname="aka.jmetadata.test.JMetaDataVideo_Test" name="subTestGetTimeStampFirstFrameString1AsString" time="0.0">
    <failure message="expected:&lt;null&gt; but was:&lt;&gt;" type="junit.framework.AssertionFailedError">junit.framework.AssertionFailedError: expected:&lt;null&gt; but was:&lt;&gt;
	at aka.jmetadata.test.JMetaDataVideo_Test.subTestGetTimeStampFirstFrameString1AsString(JMetaDataVideo_Test.java:19123)
</failure>
  </testcase>
  <testcase classname="aka.jmetadata.test.JMetaDataVideo_Test" name="subTestGetcolourprimariesAsString" time="0.0">
    <failure message="expected:&lt;null&gt; but was:&lt;BT.709&gt;" type="junit.framework.AssertionFailedError">junit.framework.AssertionFailedError: expected:&lt;null&gt; but was:&lt;BT.709&gt;
	at aka.jmetadata.test.JMetaDataVideo_Test.subTestGetcolourprimariesAsString(JMetaDataVideo_Test.java:2350)
</failure>
  </testcase>
  <testcase classname="aka.jmetadata.test.JMetaDataVideo_Test" name="subTestGetFormatSettingsCABACStringAsURL" time="0.0" />
  <testcase classname="aka.jmetadata.test.JMetaDataVideo_Test" name="subTestGetTimeStampFirstFrameString2AsInteger" time="0.0" />
  <testcase classname="aka.jmetadata.test.JMetaDataVideo_Test" name="subTestGetStreamSizeDemuxedString5AsInteger" time="0.0" />
  <testcase classname="aka.jmetadata.test.JMetaDataVideo_Test" name="subTestGetInformAsBoolean" time="0.0" />
  <testcase classname="aka.jmetadata.test.JMetaDataVideo_Test" name="subTestGetDelaySourceStringAsInteger" time="0.001" />
  <testcase classname="aka.jmetadata.test.JMetaDataVideo_Test" name="subTestGetSourceStreamSizeEncodedProportionAsLocalTime" time="0.0" />
  <testcase classname="aka.jmetadata.test.JMetaDataVideo_Test" name="subTestGetAlternateGroupAsBigInteger" time="0.0" />
  <testcase classname="aka.jmetadata.test.JMetaDataVideo_Test" name="subTestGetStreamCountAsString" time="0.0">
    <failure message="expected:&lt;null&gt; but was:&lt;1&gt;" type="junit.framework.AssertionFailedError">junit.framework.AssertionFailedError: expected:&lt;null&gt; but was:&lt;1&gt;
	at aka.jmetadata.test.JMetaDataVideo_Test.subTestGetStreamCountAsString(JMetaDataVideo_Test.java:16883)
</failure>
  </testcase>
  <testcase classname="aka.jmetadata.test.JMetaDataVideo_Test" name="subTestGetSourceDurationFirstFrameString1AsLocalDateTime" time="0.0" />
  <testcase classname="aka.jmetadata.test.JMetaDataVideo_Test" name="subTestGetChromaSubsamplingStringAsLocalDateTime" time="0.001" />
  <testcase classname="aka.jmetadata.test.JMetaDataVideo_Test" name="subTestGetStreamSizeString1AsLong" time="0.0" />
  <testcase classname="aka.jmetadata.test.JMetaDataVideo_Test" name="subTestGetBitsPixelFrameAsBigInteger" time="0.0" />
  <testcase classname="aka.jmetadata.test.JMetaDataVideo_Test" name="subTestGetDelayOriginalAsInteger" time="0.0" />
  <testcase classname="aka.jmetadata.test.JMetaDataVideo_Test" name="subTestGetEncodedOperatingSystemAsString" time="0.001">
    <failure message="expected:&lt;null&gt; but was:&lt;&gt;" type="junit.framework.AssertionFailedError">junit.framework.AssertionFailedError: expected:&lt;null&gt; but was:&lt;&gt;
	at aka.jmetadata.test.JMetaDataVideo_Test.subTestGetEncodedOperatingSystemAsString(JMetaDataVideo_Test.java:7022)
</failure>
  </testcase>
  <testcase classname="aka.jmetadata.test.JMetaDataVideo_Test" name="subTestGettransfercharacteristicsAsInteger" time="0.0">
    <failure message="expected:&lt;null&gt; but was:&lt;709&gt;" type="junit.framework.AssertionFailedError">junit.framework.AssertionFailedError: expected:&lt;null&gt; but was:&lt;709&gt;
	at aka.jmetadata.test.JMetaDataVideo_Test.subTestGettransfercharacteristicsAsInteger(JMetaDataVideo_Test.java:19475)
</failure>
  </testcase>
  <testcase classname="aka.jmetadata.test.JMetaDataVideo_Test" name="subTestGetDurationLastFrameString4AsURL" time="0.001" />
  <testcase classname="aka.jmetadata.test.JMetaDataVideo_Test" name="subTestGetStreamKindPosAsURL" time="0.0" />
  <testcase classname="aka.jmetadata.test.JMetaDataVideo_Test" name="subTestGetDelayOriginalDropFrameAsBigInteger" time="0.0" />
  <testcase classname="aka.jmetadata.test.JMetaDataVideo_Test" name="subTestGetScanOrderOriginalStringAsLocalDateTime" time="0.0" />
  <testcase classname="aka.jmetadata.test.JMetaDataVideo_Test" name="subTestGetDelayOriginalString2AsLocalTime" time="0.0" />
  <testcase classname="aka.jmetadata.test.JMetaDataVideo_Test" name="subTestGetEncodedApplicationCompanyNameAsLocalDateTime" time="0.0" />
  <testcase classname="aka.jmetadata.test.JMetaDataVideo_Test" name="subTestGetDurationLastFrameString3AsInteger" time="0.0" />
  <testcase classname="aka.jmetadata.test.JMetaDataVideo_Test" name="subTestGetEncodedLibraryNameAsInteger" time="0.0" />
  <testcase classname="aka.jmetadata.test.JMetaDataVideo_Test" name="subTestGetSourceDurationString4AsLocalDateTime" time="0.001" />
  <testcase classname="aka.jmetadata.test.JMetaDataVideo_Test" name="subTestGetSourceStreamSizeEncodedString3AsString" time="0.001">
    <failure message="expected:&lt;null&gt; but was:&lt;&gt;" type="junit.framework.AssertionFailedError">junit.framework.AssertionFailedError: expected:&lt;null&gt; but was:&lt;&gt;
	at aka.jmetadata.test.JMetaDataVideo_Test.subTestGetSourceStreamSizeEncodedString3AsString(JMetaDataVideo_Test.java:16307)
</failure>
  </testcase>
  <testcase classname="aka.jmetadata.test.JMetaDataVideo_Test" name="subTestGetEncodedLibraryNameAsLocalDateTime" time="0.0" />
  <testcase classname="aka.jmetadata.test.JMetaDataVideo_Test" name="subTestGetLanguageString1AsLocalTime" time="0.0" />
  <testcase classname="aka.jmetadata.test.JMetaDataVideo_Test" name="subTestGetSourceDurationStringAsLong" time="0.0" />
  <testcase classname="aka.jmetadata.test.JMetaDataVideo_Test" name="subTestGetcolourdescriptionpresentOriginalAsLong" time="0.0" />
  <testcase classname="aka.jmetadata.test.JMetaDataVideo_Test" name="subTestGetDelayString3AsBoolean" time="0.0" />
  <testcase classname="aka.jmetadata.test.JMetaDataVideo_Test" name="subTestGetDurationLastFrameString5AsURL" time="0.0" />
  <testcase classname="aka.jmetadata.test.JMetaDataVideo_Test" name="subTestGetTimeStampFirstFrameString4AsLocalTime" time="0.0" />
  <testcase classname="aka.jmetadata.test.JMetaDataVideo_Test" name="subTestGetFormatSettingsGOPAsBigInteger" time="0.0" />
  <testcase classname="aka.jmetadata.test.JMetaDataVideo_Test" name="subTestGetScanOrderOriginalStringAsLong" time="0.001" />
  <testcase classname="aka.jmetadata.test.JMetaDataVideo_Test" name="subTestGetDurationString3AsString" time="0.001">
    <failure message="expected:&lt;null&gt; but was:&lt;00:14:58.167&gt;" type="junit.framework.AssertionFailedError">junit.framework.AssertionFailedError: expected:&lt;null&gt; but was:&lt;00:14:58.167&gt;
	at aka.jmetadata.test.JMetaDataVideo_Test.subTestGetDurationString3AsString(JMetaDataVideo_Test.java:5038)
</failure>
  </testcase>
  <testcase classname="aka.jmetadata.test.JMetaDataVideo_Test" name="subTestGetStreamSizeStringAsLong" time="0.0" />
  <testcase classname="aka.jmetadata.test.JMetaDataVideo_Test" name="subTestGetScanTypeStringAsLong" time="0.0" />
  <testcase classname="aka.jmetadata.test.JMetaDataVideo_Test" name="subTestGetStreamCountAsURL" time="0.001" />
  <testcase classname="aka.jmetadata.test.JMetaDataVideo_Test" name="subTestGetAlternateGroupStringAsURL" time="0.0" />
  <testcase classname="aka.jmetadata.test.JMetaDataVideo_Test" name="subTestGetBitRateNominalAsInteger" time="0.0" />
  <testcase classname="aka.jmetadata.test.JMetaDataVideo_Test" name="subTestGetcolourprimariesOriginalAsBigInteger" time="0.001" />
  <testcase classname="aka.jmetadata.test.JMetaDataVideo_Test" name="subTestGetAlternateGroupAsLocalDateTime" time="0.0" />
  <testcase classname="aka.jmetadata.test.JMetaDataVideo_Test" name="subTestGetGopOpenClosedStringAsLocalDateTime" time="0.001" />
  <testcase classname="aka.jmetadata.test.JMetaDataVideo_Test" name="subTestGetStreamSizeEncodedAsURL" time="0.0" />
  <testcase classname="aka.jmetadata.test.JMetaDataVideo_Test" name="subTestGetDelayOriginalString3AsBigInteger" time="0.0" />
  <testcase classname="aka.jmetadata.test.JMetaDataVideo_Test" name="subTestGetBitRateMaximumStringAsBoolean" time="0.0" />
  <testcase classname="aka.jmetadata.test.JMetaDataVideo_Test" name="subTestGetDelayOriginalString3AsBoolean" time="0.0" />
  <testcase classname="aka.jmetadata.test.JMetaDataVideo_Test" name="subTestGetWidthStringAsLong" time="0.001">
    <failure message="expected:&lt;null&gt; but was:&lt;1920&gt;" type="junit.framework.AssertionFailedError">junit.framework.AssertionFailedError: expected:&lt;null&gt; but was:&lt;1920&gt;
	at aka.jmetadata.test.JMetaDataVideo_Test.subTestGetWidthStringAsLong(JMetaDataVideo_Test.java:19803)
</failure>
  </testcase>
  <testcase classname="aka.jmetadata.test.JMetaDataVideo_Test" name="subTestGetFrameRateModeOriginalStringAsLocalDateTime" time="0.0" />
  <testcase classname="aka.jmetadata.test.JMetaDataVideo_Test" name="subTestGetFormatUrlAsBoolean" time="0.0" />
  <testcase classname="aka.jmetadata.test.JMetaDataVideo_Test" name="subTestGetAlignmentStringAsBigInteger" time="0.001" />
  <testcase classname="aka.jmetadata.test.JMetaDataVideo_Test" name="subTestGetTimeCodeSettingsAsString" time="0.0">
    <failure message="expected:&lt;null&gt; but was:&lt;&gt;" type="junit.framework.AssertionFailedError">junit.framework.AssertionFailedError: expected:&lt;null&gt; but was:&lt;&gt;
	at aka.jmetadata.test.JMetaDataVideo_Test.subTestGetTimeCodeSettingsAsString(JMetaDataVideo_Test.java:18867)
</failure>
  </testcase>
  <testcase classname="aka.jmetadata.test.JMetaDataVideo_Test" name="subTestGetTaggedDateAsLocalTime" time="0.0" />
  <testcase classname="aka.jmetadata.test.JMetaDataVideo_Test" name="subTestGetForcedAsLocalDateTime" time="0.0" />
  <testcase classname="aka.jmetadata.test.JMetaDataVideo_Test" name="subTestGetTimeStampFirstFrameString1AsURL" time="0.001" />
  <testcase classname="aka.jmetadata.test.JMetaDataVideo_Test" name="subTestGetStreamSizeString2AsBoolean" time="0.0" />
  <testcase classname="aka.jmetadata.test.JMetaDataVideo_Test" name="subTestGetFrameCountAsLocalTime" time="0.0" />
  <testcase classname="aka.jmetadata.test.JMetaDataVideo_Test" name="subTestGetActiveFormatDescriptionAsBigInteger" time="0.0" />
  <testcase classname="aka.jmetadata.test.JMetaDataVideo_Test" name="subTestGetSourceStreamSizeAsURL" time="0.0" />
  <testcase classname="aka.jmetadata.test.JMetaDataVideo_Test" name="subTestGetDurationString3AsBigInteger" time="0.001">
    <failure message="expected:&lt;null&gt; but was:&lt;1458167&gt;" type="junit.framework.AssertionFailedError">junit.framework.AssertionFailedError: expected:&lt;null&gt; but was:&lt;1458167&gt;
	at aka.jmetadata.test.JMetaDataVideo_Test.subTestGetDurationString3AsBigInteger(JMetaDataVideo_Test.java:5054)
</failure>
  </testcase>
  <testcase classname="aka.jmetadata.test.JMetaDataVideo_Test" name="subTestGetDurationString2AsLong" time="0.0">
    <failure message="expected:&lt;null&gt; but was:&lt;1458&gt;" type="junit.framework.AssertionFailedError">junit.framework.AssertionFailedError: expected:&lt;null&gt; but was:&lt;1458&gt;
	at aka.jmetadata.test.JMetaDataVideo_Test.subTestGetDurationString2AsLong(JMetaDataVideo_Test.java:4950)
</failure>
  </testcase>
  <testcase classname="aka.jmetadata.test.JMetaDataVideo_Test" name="subTestGetDisplayAspectRatioOriginalAsLocalTime" time="0.0" />
  <testcase classname="aka.jmetadata.test.JMetaDataVideo_Test" name="subTestGetCodecIDInfoAsString" time="0.001">
    <failure message="expected:&lt;null&gt; but was:&lt;&gt;" type="junit.framework.AssertionFailedError">junit.framework.AssertionFailedError: expected:&lt;null&gt; but was:&lt;&gt;
	at aka.jmetadata.test.JMetaDataVideo_Test.subTestGetCodecIDInfoAsString(JMetaDataVideo_Test.java:1902)
</failure>
  </testcase>
  <testcase classname="aka.jmetadata.test.JMetaDataVideo_Test" name="subTestGetPixelAspectRatioOriginalStringAsLocalDateTime" time="0.0" />
  <testcase classname="aka.jmetadata.test.JMetaDataVideo_Test" name="subTestGetWidthOriginalAsLocalTime" time="0.0" />
  <testcase classname="aka.jmetadata.test.JMetaDataVideo_Test" name="subTestGetDurationFirstFrameString5AsLocalTime" time="0.0" />
  <testcase classname="aka.jmetadata.test.JMetaDataVideo_Test" name="subTestGetBitRateMinimumAsBoolean" time="0.0" />
  <testcase classname="aka.jmetadata.test.JMetaDataVideo_Test" name="subTestGetLanguageString1AsLong" time="0.0" />
  <testcase classname="aka.jmetadata.test.JMetaDataVideo_Test" name="subTestGetCodecIDDescriptionAsBigInteger" time="0.001" />
  <testcase classname="aka.jmetadata.test.JMetaDataVideo_Test" name="subTestGetDelayOriginalSourceAsLocalTime" time="0.0" />
  <testcase classname="aka.jmetadata.test.JMetaDataVideo_Test" name="subTestGetDelayOriginalSourceAsLocalDateTime" time="0.0" />
  <testcase classname="aka.jmetadata.test.JMetaDataVideo_Test" name="subTestGetSourceStreamSizeStringAsBoolean" time="0.0" />
  <testcase classname="aka.jmetadata.test.JMetaDataVideo_Test" name="subTestGetSourceFrameCountAsBoolean" time="0.0" />
  <testcase classname="aka.jmetadata.test.JMetaDataVideo_Test" name="subTestGetSourceDurationFirstFrameStringAsLocalTime" time="0.0" />
  <testcase classname="aka.jmetadata.test.JMetaDataVideo_Test" name="subTestGetStreamSizeEncodedString4AsBigInteger" time="0.0" />
  <testcase classname="aka.jmetadata.test.JMetaDataVideo_Test" name="subTestGetStreamSizeEncodedString3AsLong" time="0.0" />
  <testcase classname="aka.jmetadata.test.JMetaDataVideo_Test" name="subTestGetTimeStampFirstFrameString2AsURL" time="0.0" />
  <testcase classname="aka.jmetadata.test.JMetaDataVideo_Test" name="subTestGetDurationLastFrameStringAsURL" time="0.0" />
  <testcase classname="aka.jmetadata.test.JMetaDataVideo_Test" name="subTestGetStreamKindAsLocalTime" time="0.0" />
  <testcase classname="aka.jmetadata.test.JMetaDataVideo_Test" name="subTestGetFormatSettingsGMCAsLocalDateTime" time="0.001" />
  <testcase classname="aka.jmetadata.test.JMetaDataVideo_Test" name="subTestGetWidthOriginalStringAsBoolean" time="0.0" />
  <testcase classname="aka.jmetadata.test.JMetaDataVideo_Test" name="subTestGetEncodedLibrarySettingsAsLocalTime" time="0.001" />
  <testcase classname="aka.jmetadata.test.JMetaDataVideo_Test" name="subTestGetStreamSizeEncodedString5AsInteger" time="0.0" />
  <testcase classname="aka.jmetadata.test.JMetaDataVideo_Test" name="subTestGetStreamOrderAsBigInteger" time="0.0">
    <failure message="expected:&lt;null&gt; but was:&lt;0&gt;" type="junit.framework.AssertionFailedError">junit.framework.AssertionFailedError: expected:&lt;null&gt; but was:&lt;0&gt;
	at aka.jmetadata.test.JMetaDataVideo_Test.subTestGetStreamOrderAsBigInteger(JMetaDataVideo_Test.java:17219)
</failure>
  </testcase>
  <testcase classname="aka.jmetadata.test.JMetaDataVideo_Test" name="subTestGetDurationLastFrameString2AsString" time="0.0">
    <failure message="expected:&lt;null&gt; but was:&lt;&gt;" type="junit.framework.AssertionFailedError">junit.framework.AssertionFailedError: expected:&lt;null&gt; but was:&lt;&gt;
	at aka.jmetadata.test.JMetaDataVideo_Test.subTestGetDurationLastFrameString2AsString(JMetaDataVideo_Test.java:5870)
</failure>
  </testcase>
  <testcase classname="aka.jmetadata.test.JMetaDataVideo_Test" name="subTestGetDurationString4AsBoolean" time="0.0" />
  <testcase classname="aka.jmetadata.test.JMetaDataVideo_Test" name="subTestGetDelayOriginalSourceAsInteger" time="0.0" />
  <testcase classname="aka.jmetadata.test.JMetaDataVideo_Test" name="subTestGetStreamSizeDemuxedString4AsLocalDateTime" time="0.0" />
  <testcase classname="aka.jmetadata.test.JMetaDataVideo_Test" name="subTestGetStoredHeightAsLocalDateTime" time="0.0" />
  <testcase classname="aka.jmetadata.test.JMetaDataVideo_Test" name="subTestGetFrameRateModeOriginalStringAsBigInteger" time="0.0" />
  <testcase classname="aka.jmetadata.test.JMetaDataVideo_Test" name="subTestGetDisabledStringAsLocalDateTime" time="0.0" />
  <testcase classname="aka.jmetadata.test.JMetaDataVideo_Test" name="subTestGetScanOrderStoredDisplayedInvertedAsString" time="0.0">
    <failure message="expected:&lt;null&gt; but was:&lt;&gt;" type="junit.framework.AssertionFailedError">junit.framework.AssertionFailedError: expected:&lt;null&gt; but was:&lt;&gt;
	at aka.jmetadata.test.JMetaDataVideo_Test.subTestGetScanOrderStoredDisplayedInvertedAsString(JMetaDataVideo_Test.java:13555)
</failure>
  </testcase>
  <testcase classname="aka.jmetadata.test.JMetaDataVideo_Test" name="subTestGetScanOrderStoredStringAsLong" time="0.0" />
  <testcase classname="aka.jmetadata.test.JMetaDataVideo_Test" name="subTestGetDurationFirstFrameString4AsString" time="0.001">
    <failure message="expected:&lt;null&gt; but was:&lt;&gt;" type="junit.framework.AssertionFailedError">junit.framework.AssertionFailedError: expected:&lt;null&gt; but was:&lt;&gt;
	at aka.jmetadata.test.JMetaDataVideo_Test.subTestGetDurationFirstFrameString4AsString(JMetaDataVideo_Test.java:5550)
</failure>
  </testcase>
  <testcase classname="aka.jmetadata.test.JMetaDataVideo_Test" name="subTestGetTimeStampFirstFrameString3AsURL" time="0.0" />
  <testcase classname="aka.jmetadata.test.JMetaDataVideo_Test" name="subTestGetFirstPacketOrderAsLocalTime" time="0.0" />
  <testcase classname="aka.jmetadata.test.JMetaDataVideo_Test" name="subTestGetDelayOriginalSettingsAsLocalDateTime" time="0.0" />
  <testcase classname="aka.jmetadata.test.JMetaDataVideo_Test" name="subTestGetDelayOriginalString3AsLocalTime" time="0.0" />
  <testcase classname="aka.jmetadata.test.JMetaDataVideo_Test" name="subTestGetDelayOriginalSourceAsLong" time="0.0" />
  <testcase classname="aka.jmetadata.test.JMetaDataVideo_Test" name="subTestGetGopOpenClosedFirstFrameStringAsInteger" time="0.0" />
  <testcase classname="aka.jmetadata.test.JMetaDataVideo_Test" name="subTestGetPixelAspectRatioStringAsLong" time="0.0" />
  <testcase classname="aka.jmetadata.test.JMetaDataVideo_Test" name="subTestGetFrameRateModeOriginalStringAsString" time="0.001">
    <failure message="expected:&lt;null&gt; but was:&lt;&gt;" type="junit.framework.AssertionFailedError">junit.framework.AssertionFailedError: expected:&lt;null&gt; but was:&lt;&gt;
	at aka.jmetadata.test.JMetaDataVideo_Test.subTestGetFrameRateModeOriginalStringAsString(JMetaDataVideo_Test.java:9907)
</failure>
  </testcase>
  <testcase classname="aka.jmetadata.test.JMetaDataVideo_Test" name="subTestGetBufferSizeAsString" time="0.0">
    <failure message="expected:&lt;null&gt; but was:&lt;24999936&gt;" type="junit.framework.AssertionFailedError">junit.framework.AssertionFailedError: expected:&lt;null&gt; but was:&lt;24999936&gt;
	at aka.jmetadata.test.JMetaDataVideo_Test.subTestGetBufferSizeAsString(JMetaDataVideo_Test.java:1518)
</failure>
  </testcase>
  <testcase classname="aka.jmetadata.test.JMetaDataVideo_Test" name="subTestGetCompressionRatioAsLong" time="0.001" />
  <testcase classname="aka.jmetadata.test.JMetaDataVideo_Test" name="subTestGetDisplayAspectRatioStringAsBoolean" time="0.0" />
  <testcase classname="aka.jmetadata.test.JMetaDataVideo_Test" name="subTestGetLanguageString2AsLocalTime" time="0.0" />
  <testcase classname="aka.jmetadata.test.JMetaDataVideo_Test" name="subTestGetActiveFormatDescriptionStringAsBoolean" time="0.0" />
  <testcase classname="aka.jmetadata.test.JMetaDataVideo_Test" name="subTestGetBitRateMaximumAsBoolean" time="0.0" />
  <testcase classname="aka.jmetadata.test.JMetaDataVideo_Test" name="subTestGetDelayString5AsBigInteger" time="0.001" />
  <testcase classname="aka.jmetadata.test.JMetaDataVideo_Test" name="subTestGetScanTypeStoreMethodAsString" time="0.001">
    <failure message="expected:&lt;null&gt; but was:&lt;&gt;" type="junit.framework.AssertionFailedError">junit.framework.AssertionFailedError: expected:&lt;null&gt; but was:&lt;&gt;
	at aka.jmetadata.test.JMetaDataVideo_Test.subTestGetScanTypeStoreMethodAsString(JMetaDataVideo_Test.java:13875)
</failure>
  </testcase>
  <testcase classname="aka.jmetadata.test.JMetaDataVideo_Test" name="subTestGetTimeStampFirstFrameString5AsLocalTime" time="0.0" />
  <testcase classname="aka.jmetadata.test.JMetaDataVideo_Test" name="subTestGetTimeStampFirstFrameString4AsURL" time="0.0" />
  <testcase classname="aka.jmetadata.test.JMetaDataVideo_Test" name="subTestGetPixelAspectRatioOriginalAsLocalDateTime" time="0.001" />
  <testcase classname="aka.jmetadata.test.JMetaDataVideo_Test" name="subTestGetSourceStreamSizeEncodedString1AsBoolean" time="0.001" />
  <testcase classname="aka.jmetadata.test.JMetaDataVideo_Test" name="subTestGetFrameRateMaximumAsURL" time="0.0" />
  <testcase classname="aka.jmetadata.test.JMetaDataVideo_Test" name="subTestGetDelayString3AsString" time="0.0">
    <failure message="expected:&lt;null&gt; but was:&lt;00:00:00.000&gt;" type="junit.framework.AssertionFailedError">junit.framework.AssertionFailedError: expected:&lt;null&gt; but was:&lt;00:00:00.000&gt;
	at aka.jmetadata.test.JMetaDataVideo_Test.subTestGetDelayString3AsString(JMetaDataVideo_Test.java:3182)
</failure>
  </testcase>
  <testcase classname="aka.jmetadata.test.JMetaDataVideo_Test" name="subTestGetScanOrderOriginalAsInteger" time="0.001" />
  <testcase classname="aka.jmetadata.test.JMetaDataVideo_Test" name="subTestGetBitDepthStringAsString" time="0.001">
    <failure message="expected:&lt;null&gt; but was:&lt;8 bits&gt;" type="junit.framework.AssertionFailedError">junit.framework.AssertionFailedError: expected:&lt;null&gt; but was:&lt;8 bits&gt;
	at aka.jmetadata.test.JMetaDataVideo_Test.subTestGetBitDepthStringAsString(JMetaDataVideo_Test.java:622)
</failure>
  </testcase>
  <testcase classname="aka.jmetadata.test.JMetaDataVideo_Test" name="subTestGetStreamKindStringAsInteger" time="0.0" />
  <testcase classname="aka.jmetadata.test.JMetaDataVideo_Test" name="subTestGetFormatSettingsPulldownAsLong" time="0.0" />
  <testcase classname="aka.jmetadata.test.JMetaDataVideo_Test" name="subTestGetTimeStampFirstFrameString1AsInteger" time="0.0" />
  <testcase classname="aka.jmetadata.test.JMetaDataVideo_Test" name="subTestGetScanOrderStoredAsInteger" time="0.0" />
  <testcase classname="aka.jmetadata.test.JMetaDataVideo_Test" name="subTestGetWidthCleanApertureAsBoolean" time="0.0" />
  <testcase classname="aka.jmetadata.test.JMetaDataVideo_Test" name="subTestGetStreamSizeDemuxedString4AsInteger" time="0.0" />
  <testcase classname="aka.jmetadata.test.JMetaDataVideo_Test" name="subTestGetDelayOriginalStringAsBigInteger" time="0.0" />
  <testcase classname="aka.jmetadata.test.JMetaDataVideo_Test" name="subTestGetCodecIDInfoAsBigInteger" time="0.0" />
  <testcase classname="aka.jmetadata.test.JMetaDataVideo_Test" name="subTestGetSourceDurationFirstFrameString4AsBigInteger" time="0.0" />
  <testcase classname="aka.jmetadata.test.JMetaDataVideo_Test" name="subTestGetActiveFormatDescriptionAsString" time="0.001">
    <failure message="expected:&lt;null&gt; but was:&lt;&gt;" type="junit.framework.AssertionFailedError">junit.framework.AssertionFailedError: expected:&lt;null&gt; but was:&lt;&gt;
	at aka.jmetadata.test.JMetaDataVideo_Test.subTestGetActiveFormatDescriptionAsString(JMetaDataVideo_Test.java:110)
</failure>
  </testcase>
  <testcase classname="aka.jmetadata.test.JMetaDataVideo_Test" name="subTestGetStreamSizeAsLocalTime" time="0.0" />
  <testcase classname="aka.jmetadata.test.JMetaDataVideo_Test" name="subTestGetHeightCleanApertureStringAsBoolean" time="0.0" />
  <testcase classname="aka.jmetadata.test.JMetaDataVideo_Test" name="subTestGetTimeStampFirstFrameString5AsURL" time="0.0" />
  <testcase classname="aka.jmetadata.test.JMetaDataVideo_Test" name="subTestGetWidthOriginalStringAsLocalTime" time="0.0" />
  <testcase classname="aka.jmetadata.test.JMetaDataVideo_Test" name="subTestGetMuxingModeAsLocalTime" time="0.0" />
  <testcase classname="aka.jmetadata.test.JMetaDataVideo_Test" name="subTestGetBitDepthStringAsLocalTime" time="0.001" />
  <testcase classname="aka.jmetadata.test.JMetaDataVideo_Test" name="subTestGetStreamSizeEncodedString4AsLocalDateTime" time="0.0" />
  <testcase classname="aka.jmetadata.test.JMetaDataVideo_Test" name="subTestGetTimeCodeSourceAsLocalDateTime" time="0.0" />
  <testcase classname="aka.jmetadata.test.JMetaDataVideo_Test" name="subTestGetStreamSizeString1AsLocalDateTime" time="0.001" />
  <testcase classname="aka.jmetadata.test.JMetaDataVideo_Test" name="subTestGetChromaSubsamplingStringAsBigInteger" time="0.0">
    <failure message="expected:&lt;null&gt; but was:&lt;420&gt;" type="junit.framework.AssertionFailedError">junit.framework.AssertionFailedError: expected:&lt;null&gt; but was:&lt;420&gt;
	at aka.jmetadata.test.JMetaDataVideo_Test.subTestGetChromaSubsamplingStringAsBigInteger(JMetaDataVideo_Test.java:1662)
</failure>
  </testcase>
  <testcase classname="aka.jmetadata.test.JMetaDataVideo_Test" name="subTestGetSourceFrameCountAsURL" time="0.0" />
  <testcase classname="aka.jmetadata.test.JMetaDataVideo_Test" name="subTestGetSampledWidthAsInteger" time="0.0">
    <failure message="expected:&lt;null&gt; but was:&lt;1920&gt;" type="junit.framework.AssertionFailedError">junit.framework.AssertionFailedError: expected:&lt;null&gt; but was:&lt;1920&gt;
	at aka.jmetadata.test.JMetaDataVideo_Test.subTestGetSampledWidthAsInteger(JMetaDataVideo_Test.java:13075)
</failure>
  </testcase>
  <testcase classname="aka.jmetadata.test.JMetaDataVideo_Test" name="subTestGetSourceStreamSizeEncodedString4AsLocalDateTime" time="0.0" />
  <testcase classname="aka.jmetadata.test.JMetaDataVideo_Test" name="subTestGetDurationLastFrameString2AsInteger" time="0.0" />
  <testcase classname="aka.jmetadata.test.JMetaDataVideo_Test" name="subTestGetBitRateMaximumAsLocalTime" time="0.0" />
  <testcase classname="aka.jmetadata.test.JMetaDataVideo_Test" name="subTestGetHeightStringAsBigInteger" time="0.0">
    <failure message="expected:&lt;null&gt; but was:&lt;872&gt;" type="junit.framework.AssertionFailedError">junit.framework.AssertionFailedError: expected:&lt;null&gt; but was:&lt;872&gt;
	at aka.jmetadata.test.JMetaDataVideo_Test.subTestGetHeightStringAsBigInteger(JMetaDataVideo_Test.java:10755)
</failure>
  </testcase>
  <testcase classname="aka.jmetadata.test.JMetaDataVideo_Test" name="subTestGetDurationFirstFrameString1AsURL" time="0.0" />
  <testcase classname="aka.jmetadata.test.JMetaDataVideo_Test" name="subTestGetStreamSizeString4AsBigInteger" time="0.0" />
  <testcase classname="aka.jmetadata.test.JMetaDataVideo_Test" name="subTestGetHeightAsURL" time="0.0" />
  <testcase classname="aka.jmetadata.test.JMetaDataVideo_Test" name="subTestGetDelayOriginalString2AsLocalDateTime" time="0.0" />
  <testcase classname="aka.jmetadata.test.JMetaDataVideo_Test" name="subTestGetFrameRateOriginalDenAsLocalDateTime" time="0.0" />
  <testcase classname="aka.jmetadata.test.JMetaDataVideo_Test" name="subTestGetTimeStampFirstFrameStringAsInteger" time="0.001" />
  <testcase classname="aka.jmetadata.test.JMetaDataVideo_Test" name="subTestGetCodecIDDescriptionAsString" time="0.0">
    <failure message="expected:&lt;null&gt; but was:&lt;&gt;" type="junit.framework.AssertionFailedError">junit.framework.AssertionFailedError: expected:&lt;null&gt; but was:&lt;&gt;
	at aka.jmetadata.test.JMetaDataVideo_Test.subTestGetCodecIDDescriptionAsString(JMetaDataVideo_Test.java:2094)
</failure>
  </testcase>
  <testcase classname="aka.jmetadata.test.JMetaDataVideo_Test" name="subTestGetWidthCleanApertureStringAsBoolean" time="0.0" />
  <testcase classname="aka.jmetadata.test.JMetaDataVideo_Test" name="subTestGetBitDepthStringAsURL" time="0.0" />
  <testcase classname="aka.jmetadata.test.JMetaDataVideo_Test" name="subTestGetDelayString2AsBoolean" time="0.0" />
  <testcase classname="aka.jmetadata.test.JMetaDataVideo_Test" name="subTestGetBufferSizeAsBigInteger" time="0.001">
    <failure message="expected:&lt;null&gt; but was:&lt;24999936&gt;" type="junit.framework.AssertionFailedError">junit.framework.AssertionFailedError: expected:&lt;null&gt; but was:&lt;24999936&gt;
	at aka.jmetadata.test.JMetaDataVideo_Test.subTestGetBufferSizeAsBigInteger(JMetaDataVideo_Test.java:1534)
</failure>
  </testcase>
  <testcase classname="aka.jmetadata.test.JMetaDataVideo_Test" name="subTestGetBitDepthStringAsBoolean" time="0.001" />
  <testcase classname="aka.jmetadata.test.JMetaDataVideo_Test" name="subTestGetDisplayAspectRatioStringAsBigInteger" time="0.0">
    <failure message="expected:&lt;null&gt; but was:&lt;221&gt;" type="junit.framework.AssertionFailedError">junit.framework.AssertionFailedError: expected:&lt;null&gt; but was:&lt;221&gt;
	at aka.jmetadata.test.JMetaDataVideo_Test.subTestGetDisplayAspectRatioStringAsBigInteger(JMetaDataVideo_Test.java:4478)
</failure>
  </testcase>
  <testcase classname="aka.jmetadata.test.JMetaDataVideo_Test" name="subTestGetWidthStringAsBigInteger" time="0.001">
    <failure message="expected:&lt;null&gt; but was:&lt;1920&gt;" type="junit.framework.AssertionFailedError">junit.framework.AssertionFailedError: expected:&lt;null&gt; but was:&lt;1920&gt;
	at aka.jmetadata.test.JMetaDataVideo_Test.subTestGetWidthStringAsBigInteger(JMetaDataVideo_Test.java:19843)
</failure>
  </testcase>
  <testcase classname="aka.jmetadata.test.JMetaDataVideo_Test" name="subTestGetRotationStringAsString" time="0.001">
    <failure message="expected:&lt;null&gt; but was:&lt;&gt;" type="junit.framework.AssertionFailedError">junit.framework.AssertionFailedError: expected:&lt;null&gt; but was:&lt;&gt;
	at aka.jmetadata.test.JMetaDataVideo_Test.subTestGetRotationStringAsString(JMetaDataVideo_Test.java:12979)
</failure>
  </testcase>
  <testcase classname="aka.jmetadata.test.JMetaDataVideo_Test" name="subTestGetMultiViewCountAsBigInteger" time="0.0" />
  <testcase classname="aka.jmetadata.test.JMetaDataVideo_Test" name="subTestGetBitRateNominalStringAsURL" time="0.0" />
  <testcase classname="aka.jmetadata.test.JMetaDataVideo_Test" name="subTestGetFrameRateModeStringAsLocalDateTime" time="0.0" />
  <testcase classname="aka.jmetadata.test.JMetaDataVideo_Test" name="subTestGetDurationFirstFrameString2AsURL" time="0.0" />
  <testcase classname="aka.jmetadata.test.JMetaDataVideo_Test" name="subTestGetTaggedDateAsLocalDateTime" time="0.0" />
  <testcase classname="aka.jmetadata.test.JMetaDataVideo_Test" name="subTestGetLanguageString3AsBigInteger" time="0.0" />
  <testcase classname="aka.jmetadata.test.JMetaDataVideo_Test" name="subTestGetSampledWidthAsLocalDateTime" time="0.001" />
  <testcase classname="aka.jmetadata.test.JMetaDataVideo_Test" name="subTestGetFormatSettingsMatrixDataAsLocalTime" time="0.0" />
  <testcase classname="aka.jmetadata.test.JMetaDataVideo_Test" name="subTestGetTimeCodeSourceAsBigInteger" time="0.0" />
  <testcase classname="aka.jmetadata.test.JMetaDataVideo_Test" name="subTestGetSourceStreamSizeStringAsLocalTime" time="0.0" />
  <testcase classname="aka.jmetadata.test.JMetaDataVideo_Test" name="subTestGetDelayDropFrameAsBoolean" time="0.0" />
  <testcase classname="aka.jmetadata.test.JMetaDataVideo_Test" name="subTestGetBitRateMinimumStringAsURL" time="0.0" />
  <testcase classname="aka.jmetadata.test.JMetaDataVideo_Test" name="subTestGetSourceStreamSizeStringAsLocalDateTime" time="0.0" />
  <testcase classname="aka.jmetadata.test.JMetaDataVideo_Test" name="subTestGetFrameRateModeOriginalAsInteger" time="0.0" />
  <testcase classname="aka.jmetadata.test.JMetaDataVideo_Test" name="subTestGetDelayOriginalString2AsBoolean" time="0.0" />
  <testcase classname="aka.jmetadata.test.JMetaDataVideo_Test" name="subTestGetTitleAsBoolean" time="0.0" />
  <testcase classname="aka.jmetadata.test.JMetaDataVideo_Test" name="subTestGetHeightOriginalAsString" time="0.001">
    <failure message="expected:&lt;null&gt; but was:&lt;&gt;" type="junit.framework.AssertionFailedError">junit.framework.AssertionFailedError: expected:&lt;null&gt; but was:&lt;&gt;
	at aka.jmetadata.test.JMetaDataVideo_Test.subTestGetHeightOriginalAsString(JMetaDataVideo_Test.java:11059)
</failure>
  </testcase>
  <testcase classname="aka.jmetadata.test.JMetaDataVideo_Test" name="subTestGetSourceDurationFirstFrameString5AsBoolean" time="0.0" />
  <testcase classname="aka.jmetadata.test.JMetaDataVideo_Test" name="subTestGetFormatSettingsQPelStringAsLocalDateTime" time="0.001" />
  <testcase classname="aka.jmetadata.test.JMetaDataVideo_Test" name="subTestGetSourceDurationString5AsString" time="0.0">
    <failure message="expected:&lt;null&gt; but was:&lt;&gt;" type="junit.framework.AssertionFailedError">junit.framework.AssertionFailedError: expected:&lt;null&gt; but was:&lt;&gt;
	at aka.jmetadata.test.JMetaDataVideo_Test.subTestGetSourceDurationString5AsString(JMetaDataVideo_Test.java:14579)
</failure>
  </testcase>
  <testcase classname="aka.jmetadata.test.JMetaDataVideo_Test" name="subTestGetDelayOriginalString4AsLocalTime" time="0.0" />
  <testcase classname="aka.jmetadata.test.JMetaDataVideo_Test" name="subTestGetcolourprimariesAsInteger" time="0.001">
    <failure message="expected:&lt;null&gt; but was:&lt;709&gt;" type="junit.framework.AssertionFailedError">junit.framework.AssertionFailedError: expected:&lt;null&gt; but was:&lt;709&gt;
	at aka.jmetadata.test.JMetaDataVideo_Test.subTestGetcolourprimariesAsInteger(JMetaDataVideo_Test.java:2318)
</failure>
  </testcase>
  <testcase classname="aka.jmetadata.test.JMetaDataVideo_Test" name="subTestGetStoredHeightAsLong" time="0.001">
    <failure message="expected:&lt;null&gt; but was:&lt;880&gt;" type="junit.framework.AssertionFailedError">junit.framework.AssertionFailedError: expected:&lt;null&gt; but was:&lt;880&gt;
	at aka.jmetadata.test.JMetaDataVideo_Test.subTestGetStoredHeightAsLong(JMetaDataVideo_Test.java:16731)
</failure>
  </testcase>
  <testcase classname="aka.jmetadata.test.JMetaDataVideo_Test" name="subTestGetWidthAsString" time="0.0">
    <failure message="expected:&lt;null&gt; but was:&lt;1920&gt;" type="junit.framework.AssertionFailedError">junit.framework.AssertionFailedError: expected:&lt;null&gt; but was:&lt;1920&gt;
	at aka.jmetadata.test.JMetaDataVideo_Test.subTestGetWidthAsString(JMetaDataVideo_Test.java:19763)
</failure>
  </testcase>
  <testcase classname="aka.jmetadata.test.JMetaDataVideo_Test" name="subTestGetDisplayAspectRatioOriginalAsString" time="0.0">
    <failure message="expected:&lt;null&gt; but was:&lt;&gt;" type="junit.framework.AssertionFailedError">junit.framework.AssertionFailedError: expected:&lt;null&gt; but was:&lt;&gt;
	at aka.jmetadata.test.JMetaDataVideo_Test.subTestGetDisplayAspectRatioOriginalAsString(JMetaDataVideo_Test.java:4654)
</failure>
  </testcase>
  <testcase classname="aka.jmetadata.test.JMetaDataVideo_Test" name="subTestGetFormatCommercialAsLocalTime" time="0.0" />
  <testcase classname="aka.jmetadata.test.JMetaDataVideo_Test" name="subTestGetDurationFirstFrameString3AsURL" time="0.0" />
  <testcase classname="aka.jmetadata.test.JMetaDataVideo_Test" name="subTestGetDurationLastFrameStringAsBoolean" time="0.0" />
  <testcase classname="aka.jmetadata.test.JMetaDataVideo_Test" name="subTestGetcolourdescriptionpresentOriginalAsString" time="0.0">
    <failure message="expected:&lt;null&gt; but was:&lt;&gt;" type="junit.framework.AssertionFailedError">junit.framework.AssertionFailedError: expected:&lt;null&gt; but was:&lt;&gt;
	at aka.jmetadata.test.JMetaDataVideo_Test.subTestGetcolourdescriptionpresentOriginalAsString(JMetaDataVideo_Test.java:2286)
</failure>
  </testcase>
  <testcase classname="aka.jmetadata.test.JMetaDataVideo_Test" name="subTestGetStreamSizeString1AsBoolean" time="0.0" />
  <testcase classname="aka.jmetadata.test.JMetaDataVideo_Test" name="subTestGetTimeStampFirstFrameStringAsLocalTime" time="0.0" />
  <testcase classname="aka.jmetadata.test.JMetaDataVideo_Test" name="subTestGetFormatSettingsRefFramesStringAsBigInteger" time="0.0">
    <failure message="expected:&lt;null&gt; but was:&lt;4&gt;" type="junit.framework.AssertionFailedError">junit.framework.AssertionFailedError: expected:&lt;null&gt; but was:&lt;4&gt;
	at aka.jmetadata.test.JMetaDataVideo_Test.subTestGetFormatSettingsRefFramesStringAsBigInteger(JMetaDataVideo_Test.java:8963)
</failure>
  </testcase>
  <testcase classname="aka.jmetadata.test.JMetaDataVideo_Test" name="subTestGetBitRateNominalStringAsLong" time="0.0" />
  <testcase classname="aka.jmetadata.test.JMetaDataVideo_Test" name="subTestGetMultiViewCountAsLocalTime" time="0.0" />
  <testcase classname="aka.jmetadata.test.JMetaDataVideo_Test" name="subTestGetLanguageString3AsLocalTime" time="0.0" />
  <testcase classname="aka.jmetadata.test.JMetaDataVideo_Test" name="subTestGetCodecIDInfoAsLong" time="0.0" />
  <testcase classname="aka.jmetadata.test.JMetaDataVideo_Test" name="subTestGetAlternateGroupStringAsBigInteger" time="0.0" />
  <testcase classname="aka.jmetadata.test.JMetaDataVideo_Test" name="subTestGetStreamKindPosAsString" time="0.0">
    <failure message="expected:&lt;null&gt; but was:&lt;&gt;" type="junit.framework.AssertionFailedError">junit.framework.AssertionFailedError: expected:&lt;null&gt; but was:&lt;&gt;
	at aka.jmetadata.test.JMetaDataVideo_Test.subTestGetStreamKindPosAsString(JMetaDataVideo_Test.java:17139)
</failure>
  </testcase>
  <testcase classname="aka.jmetadata.test.JMetaDataVideo_Test" name="subTestGetSourceStreamSizeEncodedString3AsLong" time="0.0" />
  <testcase classname="aka.jmetadata.test.JMetaDataVideo_Test" name="subTestGetBitRateEncodedStringAsLocalTime" time="0.001" />
  <testcase classname="aka.jmetadata.test.JMetaDataVideo_Test" name="subTestGetFormatCommercialIfAnyAsLocalTime" time="0.0" />
  <testcase classname="aka.jmetadata.test.JMetaDataVideo_Test" name="subTestGetDurationFirstFrameString4AsURL" time="0.0" />
  <testcase classname="aka.jmetadata.test.JMetaDataVideo_Test" name="subTestGetFormatSettingsMatrixDataAsString" time="0.0">
    <failure message="expected:&lt;null&gt; but was:&lt;&gt;" type="junit.framework.AssertionFailedError">junit.framework.AssertionFailedError: expected:&lt;null&gt; but was:&lt;&gt;
	at aka.jmetadata.test.JMetaDataVideo_Test.subTestGetFormatSettingsMatrixDataAsString(JMetaDataVideo_Test.java:8563)
</failure>
  </testcase>
  <testcase classname="aka.jmetadata.test.JMetaDataVideo_Test" name="subTestGetLanguageAsInteger" time="0.0" />
  <testcase classname="aka.jmetadata.test.JMetaDataVideo_Test" name="subTestGetFormatSettingsBVOPStringAsLocalTime" time="0.0" />
  <testcase classname="aka.jmetadata.test.JMetaDataVideo_Test" name="subTestGetEncodedLibraryStringAsLong" time="0.0" />
  <testcase classname="aka.jmetadata.test.JMetaDataVideo_Test" name="subTestGetChromaSubsamplingPositionAsLong" time="0.0" />
  <testcase classname="aka.jmetadata.test.JMetaDataVideo_Test" name="subTestGetSampledWidthAsLong" time="0.0">
    <failure message="expected:&lt;null&gt; but was:&lt;1920&gt;" type="junit.framework.AssertionFailedError">junit.framework.AssertionFailedError: expected:&lt;null&gt; but was:&lt;1920&gt;
	at aka.jmetadata.test.JMetaDataVideo_Test.subTestGetSampledWidthAsLong(JMetaDataVideo_Test.java:13083)
</failure>
  </testcase>
  <testcase classname="aka.jmetadata.test.JMetaDataVideo_Test" name="subTestGetLanguageStringAsURL" time="0.0" />
  <testcase classname="aka.jmetadata.test.JMetaDataVideo_Test" name="subTestGetStreamSizeEncodedString4AsInteger" time="0.0" />
  <testcase classname="aka.jmetadata.test.JMetaDataVideo_Test" name="subTestGetBitRateMaximumAsString" time="0.001">
    <failure message="expected:&lt;null&gt; but was:&lt;19999744&gt;" type="junit.framework.AssertionFailedError">junit.framework.AssertionFailedError: expected:&lt;null&gt; but was:&lt;19999744&gt;
	at aka.jmetadata.test.JMetaDataVideo_Test.subTestGetBitRateMaximumAsString(JMetaDataVideo_Test.java:942)
</failure>
  </testcase>
  <testcase classname="aka.jmetadata.test.JMetaDataVideo_Test" name="subTestGetDurationString3AsBoolean" time="0.0" />
  <testcase classname="aka.jmetadata.test.JMetaDataVideo_Test" name="subTestGetHeightCleanApertureStringAsString" time="0.0">
    <failure message="expected:&lt;null&gt; but was:&lt;&gt;" type="junit.framework.AssertionFailedError">junit.framework.AssertionFailedError: expected:&lt;null&gt; but was:&lt;&gt;
	at aka.jmetadata.test.JMetaDataVideo_Test.subTestGetHeightCleanApertureStringAsString(JMetaDataVideo_Test.java:10867)
</failure>
  </testcase>
  <testcase classname="aka.jmetadata.test.JMetaDataVideo_Test" name="subTestGetGopOpenClosedStringAsURL" time="0.0" />
  <testcase classname="aka.jmetadata.test.JMetaDataVideo_Test" name="subTestGetStreamSizeString1AsString" time="0.001">
    <failure message="expected:&lt;null&gt; but was:&lt;&gt;" type="junit.framework.AssertionFailedError">junit.framework.AssertionFailedError: expected:&lt;null&gt; but was:&lt;&gt;
	at aka.jmetadata.test.JMetaDataVideo_Test.subTestGetStreamSizeString1AsString(JMetaDataVideo_Test.java:17395)
</failure>
  </testcase>
  <testcase classname="aka.jmetadata.test.JMetaDataVideo_Test" name="subTestGetmatrixcoefficientsOriginalAsBigInteger" time="0.0" />
  <testcase classname="aka.jmetadata.test.JMetaDataVideo_Test" name="subTestGetStandardAsLocalDateTime" time="0.0" />
  <testcase classname="aka.jmetadata.test.JMetaDataVideo_Test" name="subTestGetcolourprimariesOriginalAsString" time="0.0">
    <failure message="expected:&lt;null&gt; but was:&lt;&gt;" type="junit.framework.AssertionFailedError">junit.framework.AssertionFailedError: expected:&lt;null&gt; but was:&lt;&gt;
	at aka.jmetadata.test.JMetaDataVideo_Test.subTestGetcolourprimariesOriginalAsString(JMetaDataVideo_Test.java:2414)
</failure>
  </testcase>
  <testcase classname="aka.jmetadata.test.JMetaDataVideo_Test" name="subTestGetDelaySourceStringAsURL" time="0.0" />
  <testcase classname="aka.jmetadata.test.JMetaDataVideo_Test" name="subTestGetPixelAspectRatioCleanApertureAsString" time="0.0">
    <failure message="expected:&lt;null&gt; but was:&lt;&gt;" type="junit.framework.AssertionFailedError">junit.framework.AssertionFailedError: expected:&lt;null&gt; but was:&lt;&gt;
	at aka.jmetadata.test.JMetaDataVideo_Test.subTestGetPixelAspectRatioCleanApertureAsString(JMetaDataVideo_Test.java:12659)
</failure>
  </testcase>
  <testcase classname="aka.jmetadata.test.JMetaDataVideo_Test" name="subTestGetCompressionModeStringAsLocalDateTime" time="0.001" />
  <testcase classname="aka.jmetadata.test.JMetaDataVideo_Test" name="subTestGetStreamSizeEncodedStringAsLocalDateTime" time="0.001" />
  <testcase classname="aka.jmetadata.test.JMetaDataVideo_Test" name="subTestGetLanguageStringAsBigInteger" time="0.0" />
  <testcase classname="aka.jmetadata.test.JMetaDataVideo_Test" name="subTestGetBitsPixelFrameAsLong" time="0.0" />
  <testcase classname="aka.jmetadata.test.JMetaDataVideo_Test" name="subTestGetStreamSizeProportionAsString" time="0.0">
    <failure message="expected:&lt;null&gt; but was:&lt;&gt;" type="junit.framework.AssertionFailedError">junit.framework.AssertionFailedError: expected:&lt;null&gt; but was:&lt;&gt;
	at aka.jmetadata.test.JMetaDataVideo_Test.subTestGetStreamSizeProportionAsString(JMetaDataVideo_Test.java:18675)
</failure>
  </testcase>
  <testcase classname="aka.jmetadata.test.JMetaDataVideo_Test" name="subTestGetFormatSettingsRefFramesAsBigInteger" time="0.0">
    <failure message="expected:&lt;null&gt; but was:&lt;4&gt;" type="junit.framework.AssertionFailedError">junit.framework.AssertionFailedError: expected:&lt;null&gt; but was:&lt;4&gt;
	at aka.jmetadata.test.JMetaDataVideo_Test.subTestGetFormatSettingsRefFramesAsBigInteger(JMetaDataVideo_Test.java:8899)
</failure>
  </testcase>
  <testcase classname="aka.jmetadata.test.JMetaDataVideo_Test" name="subTestGetDurationFirstFrameString5AsURL" time="0.0" />
  <testcase classname="aka.jmetadata.test.JMetaDataVideo_Test" name="subTestGetDelayOriginalAsBigInteger" time="0.0" />
  <testcase classname="aka.jmetadata.test.JMetaDataVideo_Test" name="subTestGetFormatTierAsLong" time="0.0" />
  <testcase classname="aka.jmetadata.test.JMetaDataVideo_Test" name="subTestGetDisplayAspectRatioAsBoolean" time="0.0" />
  <testcase classname="aka.jmetadata.test.JMetaDataVideo_Test" name="subTestGetFormatSettingsAsLocalTime" time="0.0" />
  <testcase classname="aka.jmetadata.test.JMetaDataVideo_Test" name="subTestGetDurationString3AsLocalDateTime" time="0.0" />
  <testcase classname="aka.jmetadata.test.JMetaDataVideo_Test" name="subTestGetScanOrderStringAsURL" time="0.0" />
  <testcase classname="aka.jmetadata.test.JMetaDataVideo_Test" name="subTestGetEncodedLibraryStringAsLocalDateTime" time="0.0" />
  <testcase classname="aka.jmetadata.test.JMetaDataVideo_Test" name="subTestGetcolourprimariesOriginalAsBoolean" time="0.0" />
  <testcase classname="aka.jmetadata.test.JMetaDataVideo_Test" name="subTestGetStreamSizeDemuxedString3AsLong" time="0.0" />
  <testcase classname="aka.jmetadata.test.JMetaDataVideo_Test" name="subTestGetFormatSettingsGOPAsString" time="0.001">
    <failure message="expected:&lt;null&gt; but was:&lt;&gt;" type="junit.framework.AssertionFailedError">junit.framework.AssertionFailedError: expected:&lt;null&gt; but was:&lt;&gt;
	at aka.jmetadata.test.JMetaDataVideo_Test.subTestGetFormatSettingsGOPAsString(JMetaDataVideo_Test.java:8371)
</failure>
  </testcase>
  <testcase classname="aka.jmetadata.test.JMetaDataVideo_Test" name="subTestGetDelayOriginalString2AsBigInteger" time="0.0" />
  <testcase classname="aka.jmetadata.test.JMetaDataVideo_Test" name="subTestGetEncodedDateAsString" time="0.0">
    <failure message="expected:&lt;null&gt; but was:&lt;&gt;" type="junit.framework.AssertionFailedError">junit.framework.AssertionFailedError: expected:&lt;null&gt; but was:&lt;&gt;
	at aka.jmetadata.test.JMetaDataVideo_Test.subTestGetEncodedDateAsString(JMetaDataVideo_Test.java:6510)
</failure>
  </testcase>
  <testcase classname="aka.jmetadata.test.JMetaDataVideo_Test" name="subTestGetFormatProfileAsLong" time="0.0">
    <failure message="expected:&lt;null&gt; but was:&lt;4&gt;" type="junit.framework.AssertionFailedError">junit.framework.AssertionFailedError: expected:&lt;null&gt; but was:&lt;4&gt;
	at aka.jmetadata.test.JMetaDataVideo_Test.subTestGetFormatProfileAsLong(JMetaDataVideo_Test.java:7771)
</failure>
  </testcase>
  <testcase classname="aka.jmetadata.test.JMetaDataVideo_Test" name="subTestGetBitRateMinimumAsLocalDateTime" time="0.0" />
  <testcase classname="aka.jmetadata.test.JMetaDataVideo_Test" name="subTestGetcolourprimariesAsURL" time="0.0" />
  <testcase classname="aka.jmetadata.test.JMetaDataVideo_Test" name="subTestGetDisplayAspectRatioStringAsLocalDateTime" time="0.0" />
  <testcase classname="aka.jmetadata.test.JMetaDataVideo_Test" name="subTestGetPixelAspectRatioCleanApertureAsBoolean" time="0.0" />
  <testcase classname="aka.jmetadata.test.JMetaDataVideo_Test" name="subTestGetSourceDurationAsLocalDateTime" time="0.0" />
  <testcase classname="aka.jmetadata.test.JMetaDataVideo_Test" name="subTestGetStatusAsURL" time="0.0" />
  <testcase classname="aka.jmetadata.test.JMetaDataVideo_Test" name="subTestGetLanguageString1AsLocalDateTime" time="0.0" />
  <testcase classname="aka.jmetadata.test.JMetaDataVideo_Test" name="subTestGetPixelAspectRatioCleanApertureStringAsLong" time="0.0" />
  <testcase classname="aka.jmetadata.test.JMetaDataVideo_Test" name="subTestGetLanguageMoreAsLong" time="0.001" />
  <testcase classname="aka.jmetadata.test.JMetaDataVideo_Test" name="subTestGetmatrixcoefficientsOriginalAsString" time="0.0">
    <failure message="expected:&lt;null&gt; but was:&lt;&gt;" type="junit.framework.AssertionFailedError">junit.framework.AssertionFailedError: expected:&lt;null&gt; but was:&lt;&gt;
	at aka.jmetadata.test.JMetaDataVideo_Test.subTestGetmatrixcoefficientsOriginalAsString(JMetaDataVideo_Test.java:11955)
</failure>
  </testcase>
  <testcase classname="aka.jmetadata.test.JMetaDataVideo_Test" name="subTestGetFormatCommercialAsBoolean" time="0.0" />
  <testcase classname="aka.jmetadata.test.JMetaDataVideo_Test" name="subTestGetStreamSizeDemuxedString3AsInteger" time="0.0" />
  <testcase classname="aka.jmetadata.test.JMetaDataVideo_Test" name="subTestGetDurationFirstFrameString2AsLong" time="0.001" />
  <testcase classname="aka.jmetadata.test.JMetaDataVideo_Test" name="subTestGetScanTypeStoreMethodAsLocalTime" time="0.0" />
  <testcase classname="aka.jmetadata.test.JMetaDataVideo_Test" name="subTestGetBitDepthAsLong" time="0.0">
    <failure message="expected:&lt;null&gt; but was:&lt;8&gt;" type="junit.framework.AssertionFailedError">junit.framework.AssertionFailedError: expected:&lt;null&gt; but was:&lt;8&gt;
	at aka.jmetadata.test.JMetaDataVideo_Test.subTestGetBitDepthAsLong(JMetaDataVideo_Test.java:534)
</failure>
  </testcase>
  <testcase classname="aka.jmetadata.test.JMetaDataVideo_Test" name="subTestGetTimeStampFirstFrameString2AsLong" time="0.0" />
  <testcase classname="aka.jmetadata.test.JMetaDataVideo_Test" name="subTestGetEncodedLibraryCompanyNameAsLocalDateTime" time="0.0" />
  <testcase classname="aka.jmetadata.test.JMetaDataVideo_Test" name="subTestGetDurationString2AsBigInteger" time="0.001">
    <failure message="expected:&lt;null&gt; but was:&lt;1458&gt;" type="junit.framework.AssertionFailedError">junit.framework.AssertionFailedError: expected:&lt;null&gt; but was:&lt;1458&gt;
	at aka.jmetadata.test.JMetaDataVideo_Test.subTestGetDurationString2AsBigInteger(JMetaDataVideo_Test.java:4990)
</failure>
  </testcase>
  <testcase classname="aka.jmetadata.test.JMetaDataVideo_Test" name="subTestGetLanguageMoreAsBoolean" time="0.001" />
  <testcase classname="aka.jmetadata.test.JMetaDataVideo_Test" name="subTestGetDisabledStringAsBoolean" time="0.0" />
  <testcase classname="aka.jmetadata.test.JMetaDataVideo_Test" name="subTestGetAlignmentAsLocalDateTime" time="0.0" />
  <testcase classname="aka.jmetadata.test.JMetaDataVideo_Test" name="subTestGetFrameRateModeAsInteger" time="0.001" />
  <testcase classname="aka.jmetadata.test.JMetaDataVideo_Test" name="subTestGetSourceDurationFirstFrameString5AsLong" time="0.0" />
  <testcase classname="aka.jmetadata.test.JMetaDataVideo_Test" name="subTestGetStreamSizeEncodedString3AsBigInteger" time="0.0" />
  <testcase classname="aka.jmetadata.test.JMetaDataVideo_Test" name="subTestGetDelayString1AsLocalDateTime" time="0.0" />
  <testcase classname="aka.jmetadata.test.JMetaDataVideo_Test" name="subTestGetDelayOriginalString5AsLocalTime" time="0.001" />
  <testcase classname="aka.jmetadata.test.JMetaDataVideo_Test" name="subTestGetFrameRateMaximumAsLocalDateTime" time="0.0" />
  <testcase classname="aka.jmetadata.test.JMetaDataVideo_Test" name="subTestGetStreamSizeEncodedString3AsString" time="0.001">
    <failure message="expected:&lt;null&gt; but was:&lt;&gt;" type="junit.framework.AssertionFailedError">junit.framework.AssertionFailedError: expected:&lt;null&gt; but was:&lt;&gt;
	at aka.jmetadata.test.JMetaDataVideo_Test.subTestGetStreamSizeEncodedString3AsString(JMetaDataVideo_Test.java:18419)
</failure>
  </testcase>
  <testcase classname="aka.jmetadata.test.JMetaDataVideo_Test" name="subTestGetSourceDurationFirstFrameString1AsURL" time="0.0" />
  <testcase classname="aka.jmetadata.test.JMetaDataVideo_Test" name="subTestGetCompressionModeAsBoolean" time="0.0" />
  <testcase classname="aka.jmetadata.test.JMetaDataVideo_Test" name="subTestGetDefaultStringAsString" time="0.0">
    <failure message="expected:&lt;null&gt; but was:&lt;Yes&gt;" type="junit.framework.AssertionFailedError">junit.framework.AssertionFailedError: expected:&lt;null&gt; but was:&lt;Yes&gt;
	at aka.jmetadata.test.JMetaDataVideo_Test.subTestGetDefaultStringAsString(JMetaDataVideo_Test.java:2862)
</failure>
  </testcase>
  <testcase classname="aka.jmetadata.test.JMetaDataVideo_Test" name="subTestGetScanTypeStoreMethodAsLong" time="0.0" />
  <testcase classname="aka.jmetadata.test.JMetaDataVideo_Test" name="subTestGetDurationLastFrameString1AsInteger" time="0.0" />
  <testcase classname="aka.jmetadata.test.JMetaDataVideo_Test" name="subTestGetFormatSettingsWrappingAsURL" time="0.0" />
  <testcase classname="aka.jmetadata.test.JMetaDataVideo_Test" name="subTestGetCodecIDInfoAsLocalDateTime" time="0.0" />
  <testcase classname="aka.jmetadata.test.JMetaDataVideo_Test" name="subTestGetEncodedLibraryAsString" time="0.0">
    <failure message="expected:&lt;null&gt; but was:&lt;&gt;" type="junit.framework.AssertionFailedError">junit.framework.AssertionFailedError: expected:&lt;null&gt; but was:&lt;&gt;
	at aka.jmetadata.test.JMetaDataVideo_Test.subTestGetEncodedLibraryAsString(JMetaDataVideo_Test.java:6574)
</failure>
  </testcase>
  <testcase classname="aka.jmetadata.test.JMetaDataVideo_Test" name="subTestGetLanguageString4AsLocalTime" time="0.0" />
  <testcase classname="aka.jmetadata.test.JMetaDataVideo_Test" name="subTestGetSourceDurationLastFrameString4AsString" time="0.002">
    <failure message="expected:&lt;null&gt; but was:&lt;&gt;" type="junit.framework.AssertionFailedError">junit.framework.AssertionFailedError: expected:&lt;null&gt; but was:&lt;&gt;
	at aka.jmetadata.test.JMetaDataVideo_Test.subTestGetSourceDurationLastFrameString4AsString(JMetaDataVideo_Test.java:15411)
</failure>
  </testcase>
  <testcase classname="aka.jmetadata.test.JMetaDataVideo_Test" name="subTestGetDurationLastFrameStringAsLong" time="0.001" />
  <testcase classname="aka.jmetadata.test.JMetaDataVideo_Test" name="subTestGetDelayString1AsBoolean" time="0.0" />
  <testcase classname="aka.jmetadata.test.JMetaDataVideo_Test" name="subTestGetEncodedApplicationAsBoolean" time="0.0" />
  <testcase classname="aka.jmetadata.test.JMetaDataVideo_Test" name="subTestGetMultiViewCountAsBoolean" time="0.0" />
  <testcase classname="aka.jmetadata.test.JMetaDataVideo_Test" name="subTestGetSourceStreamSizeString2AsLong" time="0.0" />
  <testcase classname="aka.jmetadata.test.JMetaDataVideo_Test" name="subTestGetFormatTierAsString" time="0.0">
    <failure message="expected:&lt;null&gt; but was:&lt;&gt;" type="junit.framework.AssertionFailedError">junit.framework.AssertionFailedError: expected:&lt;null&gt; but was:&lt;&gt;
	at aka.jmetadata.test.JMetaDataVideo_Test.subTestGetFormatTierAsString(JMetaDataVideo_Test.java:9075)
</failure>
  </testcase>
  <testcase classname="aka.jmetadata.test.JMetaDataVideo_Test" name="subTestGetScanTypeAsLong" time="0.0" />
  <testcase classname="aka.jmetadata.test.JMetaDataVideo_Test" name="subTestGetSourceDurationFirstFrameString2AsURL" time="0.0" />
  <testcase classname="aka.jmetadata.test.JMetaDataVideo_Test" name="subTestGetPixelAspectRatioCleanApertureAsLong" time="0.0" />
  <testcase classname="aka.jmetadata.test.JMetaDataVideo_Test" name="subTestGetLanguageString1AsString" time="0.0">
    <failure message="expected:&lt;null&gt; but was:&lt;English&gt;" type="junit.framework.AssertionFailedError">junit.framework.AssertionFailedError: expected:&lt;null&gt; but was:&lt;English&gt;
	at aka.jmetadata.test.JMetaDataVideo_Test.subTestGetLanguageString1AsString(JMetaDataVideo_Test.java:11571)
</failure>
  </testcase>
  <testcase classname="aka.jmetadata.test.JMetaDataVideo_Test" name="subTestGetScanTypeStoreMethodFieldsPerBlockAsString" time="0.001">
    <failure message="expected:&lt;null&gt; but was:&lt;&gt;" type="junit.framework.AssertionFailedError">junit.framework.AssertionFailedError: expected:&lt;null&gt; but was:&lt;&gt;
	at aka.jmetadata.test.JMetaDataVideo_Test.subTestGetScanTypeStoreMethodFieldsPerBlockAsString(JMetaDataVideo_Test.java:14003)
</failure>
  </testcase>
  <testcase classname="aka.jmetadata.test.JMetaDataVideo_Test" name="subTestGetDefaultStringAsLocalTime" time="0.0" />
  <testcase classname="aka.jmetadata.test.JMetaDataVideo_Test" name="subTestGetSourceFrameCountAsLocalTime" time="0.001" />
  <testcase classname="aka.jmetadata.test.JMetaDataVideo_Test" name="subTestGetSourceDurationLastFrameStringAsLocalTime" time="0.0" />
  <testcase classname="aka.jmetadata.test.JMetaDataVideo_Test" name="subTestGetBitRateEncodedAsBigInteger" time="0.0" />
  <testcase classname="aka.jmetadata.test.JMetaDataVideo_Test" name="subTestGetHeightCleanApertureAsURL" time="0.0" />
  <testcase classname="aka.jmetadata.test.JMetaDataVideo_Test" name="subTestGetSourceDurationString2AsLong" time="0.0" />
  <testcase classname="aka.jmetadata.test.JMetaDataVideo_Test" name="subTestGetDelayAsInteger" time="0.001">
    <failure message="expected:&lt;null&gt; but was:&lt;0&gt;" type="junit.framework.AssertionFailedError">junit.framework.AssertionFailedError: expected:&lt;null&gt; but was:&lt;0&gt;
	at aka.jmetadata.test.JMetaDataVideo_Test.subTestGetDelayAsInteger(JMetaDataVideo_Test.java:2894)
</failure>
  </testcase>
  <testcase classname="aka.jmetadata.test.JMetaDataVideo_Test" name="subTestGetDelayString4AsBigInteger" time="0.0" />
  <testcase classname="aka.jmetadata.test.JMetaDataVideo_Test" name="subTestGetWidthCleanApertureStringAsString" time="0.001">
    <failure message="expected:&lt;null&gt; but was:&lt;&gt;" type="junit.framework.AssertionFailedError">junit.framework.AssertionFailedError: expected:&lt;null&gt; but was:&lt;&gt;
	at aka.jmetadata.test.JMetaDataVideo_Test.subTestGetWidthCleanApertureStringAsString(JMetaDataVideo_Test.java:19955)
</failure>
  </testcase>
  <testcase classname="aka.jmetadata.test.JMetaDataVideo_Test" name="subTestGetDelayDropFrameAsString" time="0.0">
    <failure message="expected:&lt;null&gt; but was:&lt;&gt;" type="junit.framework.AssertionFailedError">junit.framework.AssertionFailedError: expected:&lt;null&gt; but was:&lt;&gt;
	at aka.jmetadata.test.JMetaDataVideo_Test.subTestGetDelayDropFrameAsString(JMetaDataVideo_Test.java:3374)
</failure>
  </testcase>
  <testcase classname="aka.jmetadata.test.JMetaDataVideo_Test" name="subTestGetDurationAsLocalTime" time="0.001" />
  <testcase classname="aka.jmetadata.test.JMetaDataVideo_Test" name="subTestGetFormatSettingsMatrixAsLocalTime" time="0.0" />
  <testcase classname="aka.jmetadata.test.JMetaDataVideo_Test" name="subTestGetDisplayAspectRatioAsString" time="0.0">
    <failure message="expected:&lt;null&gt; but was:&lt;2.202&gt;" type="junit.framework.AssertionFailedError">junit.framework.AssertionFailedError: expected:&lt;null&gt; but was:&lt;2.202&gt;
	at aka.jmetadata.test.JMetaDataVideo_Test.subTestGetDisplayAspectRatioAsString(JMetaDataVideo_Test.java:4398)
</failure>
  </testcase>
  <testcase classname="aka.jmetadata.test.JMetaDataVideo_Test" name="subTestGetDelayOriginalString1AsBoolean" time="0.0" />
  <testcase classname="aka.jmetadata.test.JMetaDataVideo_Test" name="subTestGetTimeCodeFirstFrameAsBigInteger" time="0.0" />
  <testcase classname="aka.jmetadata.test.JMetaDataVideo_Test" name="subTestGetUniqueIDStringAsURL" time="0.0" />
  <testcase classname="aka.jmetadata.test.JMetaDataVideo_Test" name="subTestGetSourceDurationFirstFrameString4AsBoolean" time="0.0" />
  <testcase classname="aka.jmetadata.test.JMetaDataVideo_Test" name="subTestGetDisplayAspectRatioCleanApertureAsURL" time="0.001" />
  <testcase classname="aka.jmetadata.test.JMetaDataVideo_Test" name="subTestGetWidthCleanApertureAsURL" time="0.0" />
  <testcase classname="aka.jmetadata.test.JMetaDataVideo_Test" name="subTestGetSourceDurationFirstFrameString3AsURL" time="0.0" />
  <testcase classname="aka.jmetadata.test.JMetaDataVideo_Test" name="subTestGetPixelAspectRatioAsLocalTime" time="0.001" />
  <testcase classname="aka.jmetadata.test.JMetaDataVideo_Test" name="subTestGetStreamSizeEncodedProportionAsBoolean" time="0.0" />
  <testcase classname="aka.jmetadata.test.JMetaDataVideo_Test" name="subTestGetFrameRateAsBigInteger" time="0.001">
    <failure message="expected:&lt;null&gt; but was:&lt;24000&gt;" type="junit.framework.AssertionFailedError">junit.framework.AssertionFailedError: expected:&lt;null&gt; but was:&lt;24000&gt;
	at aka.jmetadata.test.JMetaDataVideo_Test.subTestGetFrameRateAsBigInteger(JMetaDataVideo_Test.java:9283)
</failure>
  </testcase>
  <testcase classname="aka.jmetadata.test.JMetaDataVideo_Test" name="subTestGetBitRateEncodedAsLocalDateTime" time="0.0" />
  <testcase classname="aka.jmetadata.test.JMetaDataVideo_Test" name="subTestGetFormatSettingsQPelStringAsString" time="0.0">
    <failure message="expected:&lt;null&gt; but was:&lt;&gt;" type="junit.framework.AssertionFailedError">junit.framework.AssertionFailedError: expected:&lt;null&gt; but was:&lt;&gt;
	at aka.jmetadata.test.JMetaDataVideo_Test.subTestGetFormatSettingsQPelStringAsString(JMetaDataVideo_Test.java:8819)
</failure>
  </testcase>
  <testcase classname="aka.jmetadata.test.JMetaDataVideo_Test" name="subTestGetHeightOriginalStringAsString" time="0.0">
    <failure message="expected:&lt;null&gt; but was:&lt;&gt;" type="junit.framework.AssertionFailedError">junit.framework.AssertionFailedError: expected:&lt;null&gt; but was:&lt;&gt;
	at aka.jmetadata.test.JMetaDataVideo_Test.subTestGetHeightOriginalStringAsString(JMetaDataVideo_Test.java:11123)
</failure>
  </testcase>
  <testcase classname="aka.jmetadata.test.JMetaDataVideo_Test" name="subTestGetEncodedLibraryAsLocalTime" time="0.0" />
  <testcase classname="aka.jmetadata.test.JMetaDataVideo_Test" name="subTestGetDelayOriginalStringAsURL" time="0.0" />
  <testcase classname="aka.jmetadata.test.JMetaDataVideo_Test" name="subTestGetFormatSettingsGOPAsLocalDateTime" time="0.0" />
  <testcase classname="aka.jmetadata.test.JMetaDataVideo_Test" name="subTestGetDisplayAspectRatioAsBigInteger" time="0.001">
    <failure message="expected:&lt;null&gt; but was:&lt;2202&gt;" type="junit.framework.AssertionFailedError">junit.framework.AssertionFailedError: expected:&lt;null&gt; but was:&lt;2202&gt;
	at aka.jmetadata.test.JMetaDataVideo_Test.subTestGetDisplayAspectRatioAsBigInteger(JMetaDataVideo_Test.java:4414)
</failure>
  </testcase>
  <testcase classname="aka.jmetadata.test.JMetaDataVideo_Test" name="subTestGetSourceDurationFirstFrameString3AsBigInteger" time="0.0" />
  <testcase classname="aka.jmetadata.test.JMetaDataVideo_Test" name="subTestGetFormatSettingsPulldownAsLocalTime" time="0.0" />
  <testcase classname="aka.jmetadata.test.JMetaDataVideo_Test" name="subTestGetFrameRateNumAsLocalTime" time="0.0" />
  <testcase classname="aka.jmetadata.test.JMetaDataVideo_Test" name="subTestGetTimeStampFirstFrameString5AsLocalDateTime" time="0.0" />
  <testcase classname="aka.jmetadata.test.JMetaDataVideo_Test" name="subTestGetFormatSettingsGMCAsURL" time="0.0" />
  <testcase classname="aka.jmetadata.test.JMetaDataVideo_Test" name="subTestGetSourceDurationAsString" time="0.0">
    <failure message="expected:&lt;null&gt; but was:&lt;&gt;" type="junit.framework.AssertionFailedError">junit.framework.AssertionFailedError: expected:&lt;null&gt; but was:&lt;&gt;
	at aka.jmetadata.test.JMetaDataVideo_Test.subTestGetSourceDurationAsString(JMetaDataVideo_Test.java:14195)
</failure>
  </testcase>
  <testcase classname="aka.jmetadata.test.JMetaDataVideo_Test" name="subTestGetDelayOriginalSettingsAsBoolean" time="0.0" />
  <testcase classname="aka.jmetadata.test.JMetaDataVideo_Test" name="subTestGetScanOrderStoredAsURL" time="0.0" />
  <testcase classname="aka.jmetadata.test.JMetaDataVideo_Test" name="subTestGetSourceDurationFirstFrameString4AsURL" time="0.0" />
  <testcase classname="aka.jmetadata.test.JMetaDataVideo_Test" name="subTestGetActiveFormatDescriptionAsBoolean" time="0.0" />
  <testcase classname="aka.jmetadata.test.JMetaDataVideo_Test" name="subTestGetSourceDurationLastFrameString1AsLocalTime" time="0.0" />
  <testcase classname="aka.jmetadata.test.JMetaDataVideo_Test" name="subTestGetTimeCodeSourceAsString" time="0.001">
    <failure message="expected:&lt;null&gt; but was:&lt;&gt;" type="junit.framework.AssertionFailedError">junit.framework.AssertionFailedError: expected:&lt;null&gt; but was:&lt;&gt;
	at aka.jmetadata.test.JMetaDataVideo_Test.subTestGetTimeCodeSourceAsString(JMetaDataVideo_Test.java:18931)
</failure>
  </testcase>
  <testcase classname="aka.jmetadata.test.JMetaDataVideo_Test" name="subTestGetChromaSubsamplingStringAsURL" time="0.0" />
  <testcase classname="aka.jmetadata.test.JMetaDataVideo_Test" name="subTestGetDelayString3AsLong" time="0.001">
    <failure message="expected:&lt;null&gt; but was:&lt;0&gt;" type="junit.framework.AssertionFailedError">junit.framework.AssertionFailedError: expected:&lt;null&gt; but was:&lt;0&gt;
	at aka.jmetadata.test.JMetaDataVideo_Test.subTestGetDelayString3AsLong(JMetaDataVideo_Test.java:3158)
</failure>
  </testcase>
  <testcase classname="aka.jmetadata.test.JMetaDataVideo_Test" name="subTestGetFormatCompressionAsLong" time="0.0" />
  <testcase classname="aka.jmetadata.test.JMetaDataVideo_Test" name="subTestGetDisplayAspectRatioCleanApertureAsInteger" time="0.0" />
  <testcase classname="aka.jmetadata.test.JMetaDataVideo_Test" name="subTestGetStreamSizeEncodedString3AsInteger" time="0.001" />
  <testcase classname="aka.jmetadata.test.JMetaDataVideo_Test" name="subTestGetFrameRateAsInteger" time="0.0">
    <failure message="expected:&lt;null&gt; but was:&lt;24000&gt;" type="junit.framework.AssertionFailedError">junit.framework.AssertionFailedError: expected:&lt;null&gt; but was:&lt;24000&gt;
	at aka.jmetadata.test.JMetaDataVideo_Test.subTestGetFrameRateAsInteger(JMetaDataVideo_Test.java:9235)
</failure>
  </testcase>
  <testcase classname="aka.jmetadata.test.JMetaDataVideo_Test" name="subTestGetStreamSizeString3AsBigInteger" time="0.001" />
  <testcase classname="aka.jmetadata.test.JMetaDataVideo_Test" name="subTestGetDurationString2AsBoolean" time="0.0" />
  <testcase classname="aka.jmetadata.test.JMetaDataVideo_Test" name="subTestGetDisabledStringAsLong" time="0.0" />
  <testcase classname="aka.jmetadata.test.JMetaDataVideo_Test" name="subTestGetEncodedApplicationNameAsInteger" time="0.0" />
  <testcase classname="aka.jmetadata.test.JMetaDataVideo_Test" name="subTestGetHeightOriginalAsInteger" time="0.001" />
  <testcase classname="aka.jmetadata.test.JMetaDataVideo_Test" name="subTestGetChromaSubsamplingPositionAsURL" time="0.0" />
  <testcase classname="aka.jmetadata.test.JMetaDataVideo_Test" name="subTestGetEncodedApplicationVersionAsLocalTime" time="0.001" />
  <testcase classname="aka.jmetadata.test.JMetaDataVideo_Test" name="subTestGetSourceDurationFirstFrameString5AsURL" time="0.0" />
  <testcase classname="aka.jmetadata.test.JMetaDataVideo_Test" name="subTestGetEncodedLibraryNameAsString" time="0.0">
    <failure message="expected:&lt;null&gt; but was:&lt;&gt;" type="junit.framework.AssertionFailedError">junit.framework.AssertionFailedError: expected:&lt;null&gt; but was:&lt;&gt;
	at aka.jmetadata.test.JMetaDataVideo_Test.subTestGetEncodedLibraryNameAsString(JMetaDataVideo_Test.java:6830)
</failure>
  </testcase>
  <testcase classname="aka.jmetadata.test.JMetaDataVideo_Test" name="subTestGetWidthOffsetStringAsInteger" time="0.0" />
  <testcase classname="aka.jmetadata.test.JMetaDataVideo_Test" name="subTestGetCodecIDHintAsBigInteger" time="0.0" />
  <testcase classname="aka.jmetadata.test.JMetaDataVideo_Test" name="subTestGetFormatSettingsWrappingAsBoolean" time="0.001" />
  <testcase classname="aka.jmetadata.test.JMetaDataVideo_Test" name="subTestGetHeightStringAsLocalDateTime" time="0.0" />
  <testcase classname="aka.jmetadata.test.JMetaDataVideo_Test" name="subTestGetHeightAsBoolean" time="0.001" />
  <testcase classname="aka.jmetadata.test.JMetaDataVideo_Test" name="subTestGetSourceDurationLastFrameAsLocalTime" time="0.0" />
  <testcase classname="aka.jmetadata.test.JMetaDataVideo_Test" name="subTestGetSourceDurationString3AsLocalDateTime" time="0.0" />
  <testcase classname="aka.jmetadata.test.JMetaDataVideo_Test" name="subTestGetMenuIDAsBoolean" time="0.0" />
  <testcase classname="aka.jmetadata.test.JMetaDataVideo_Test" name="subTestGetTaggedDateAsBoolean" time="0.0" />
  <testcase classname="aka.jmetadata.test.JMetaDataVideo_Test" name="subTestGetLanguageString2AsBigInteger" time="0.001" />
  <testcase classname="aka.jmetadata.test.JMetaDataVideo_Test" name="subTestGetDelayOriginalDropFrameAsLocalDateTime" time="0.0" />
  <testcase classname="aka.jmetadata.test.JMetaDataVideo_Test" name="subTestGetFormatSettingsAsLocalDateTime" time="0.0" />
  <testcase classname="aka.jmetadata.test.JMetaDataVideo_Test" name="subTestGetWidthOffsetAsLong" time="0.0" />
  <testcase classname="aka.jmetadata.test.JMetaDataVideo_Test" name="subTestGetStreamSizeProportionAsURL" time="0.0" />
  <testcase classname="aka.jmetadata.test.JMetaDataVideo_Test" name="subTestGetSourceStreamSizeAsLocalTime" time="0.0" />
  <testcase classname="aka.jmetadata.test.JMetaDataVideo_Test" name="subTestGetLanguageAsURL" time="0.0" />
  <testcase classname="aka.jmetadata.test.JMetaDataVideo_Test" name="subTestGetFormatLevelAsInteger" time="0.0" />
  <testcase classname="aka.jmetadata.test.JMetaDataVideo_Test" name="subTestGetDisabledAsBoolean" time="0.0" />
  <testcase classname="aka.jmetadata.test.JMetaDataVideo_Test" name="subTestGetStreamSizeStringAsInteger" time="0.0" />
  <testcase classname="aka.jmetadata.test.JMetaDataVideo_Test" name="subTestGetEncodedLibraryAsLong" time="0.0" />
  <testcase classname="aka.jmetadata.test.JMetaDataVideo_Test" name="subTestGetEncodedApplicationUrlAsString" time="0.0">
    <failure message="expected:&lt;null&gt; but was:&lt;&gt;" type="junit.framework.AssertionFailedError">junit.framework.AssertionFailedError: expected:&lt;null&gt; but was:&lt;&gt;
	at aka.jmetadata.test.JMetaDataVideo_Test.subTestGetEncodedApplicationUrlAsString(JMetaDataVideo_Test.java:6382)
</failure>
  </testcase>
  <testcase classname="aka.jmetadata.test.JMetaDataVideo_Test" name="subTestGetmatrixcoefficientsOriginalAsLocalTime" time="0.0" />
  <testcase classname="aka.jmetadata.test.JMetaDataVideo_Test" name="subTestGetFormatSettingsGMCAsBigInteger" time="0.0" />
  <testcase classname="aka.jmetadata.test.JMetaDataVideo_Test" name="subTestGetDurationLastFrameString3AsLong" time="0.0" />
  <testcase classname="aka.jmetadata.test.JMetaDataVideo_Test" name="subTestGetIDStringAsURL" time="0.0" />
  <testcase classname="aka.jmetadata.test.JMetaDataVideo_Test" name="subTestGetRotationAsLong" time="0.001" />
  <testcase classname="aka.jmetadata.test.JMetaDataVideo_Test" name="subTestGetPixelAspectRatioOriginalAsInteger" time="0.0" />
  <testcase classname="aka.jmetadata.test.JMetaDataVideo_Test" name="subTestGetEncodedApplicationNameAsURL" time="0.0" />
  <testcase classname="aka.jmetadata.test.JMetaDataVideo_Test" name="subTestGetFormatSettingsBVOPStringAsLocalDateTime" time="0.0" />
  <testcase classname="aka.jmetadata.test.JMetaDataVideo_Test" name="subTestGetStreamSizeDemuxedString2AsInteger" time="0.0" />
  <testcase classname="aka.jmetadata.test.JMetaDataVideo_Test" name="subTestGetSourceDurationLastFrameAsInteger" time="0.0" />
  <testcase classname="aka.jmetadata.test.JMetaDataVideo_Test" name="subTestGetDelayOriginalString3AsLong" time="0.0" />
  <testcase classname="aka.jmetadata.test.JMetaDataVideo_Test" name="subTestGetCompressionModeAsLocalTime" time="0.0" />
  <testcase classname="aka.jmetadata.test.JMetaDataVideo_Test" name="subTestGetTimeStampFirstFrameStringAsLong" time="0.0" />
  <testcase classname="aka.jmetadata.test.JMetaDataVideo_Test" name="subTestGetStreamSizeProportionAsBoolean" time="0.0" />
  <testcase classname="aka.jmetadata.test.JMetaDataVideo_Test" name="subTestGetDurationFirstFrameString5AsInteger" time="0.0" />
  <testcase classname="aka.jmetadata.test.JMetaDataVideo_Test" name="subTestGetFormatSettingsBVOPStringAsBoolean" time="0.0" />
  <testcase classname="aka.jmetadata.test.JMetaDataVideo_Test" name="subTestGetWidthCleanApertureAsString" time="0.0">
    <failure message="expected:&lt;null&gt; but was:&lt;&gt;" type="junit.framework.AssertionFailedError">junit.framework.AssertionFailedError: expected:&lt;null&gt; but was:&lt;&gt;
	at aka.jmetadata.test.JMetaDataVideo_Test.subTestGetWidthCleanApertureAsString(JMetaDataVideo_Test.java:19891)
</failure>
  </testcase>
  <testcase classname="aka.jmetadata.test.JMetaDataVideo_Test" name="subTestGetDisabledAsURL" time="0.0" />
  <testcase classname="aka.jmetadata.test.JMetaDataVideo_Test" name="subTestGetDisabledStringAsLocalTime" time="0.0" />
  <testcase classname="aka.jmetadata.test.JMetaDataVideo_Test" name="subTestGetHeightOriginalAsURL" time="0.0" />
  <testcase classname="aka.jmetadata.test.JMetaDataVideo_Test" name="subTestGetEncodedApplicationStringAsLong" time="0.0" />
  <testcase classname="aka.jmetadata.test.JMetaDataVideo_Test" name="subTestGetFrameCountAsInteger" time="0.0">
    <failure message="expected:&lt;null&gt; but was:&lt;21556&gt;" type="junit.framework.AssertionFailedError">junit.framework.AssertionFailedError: expected:&lt;null&gt; but was:&lt;21556&gt;
	at aka.jmetadata.test.JMetaDataVideo_Test.subTestGetFrameCountAsInteger(JMetaDataVideo_Test.java:9171)
</failure>
  </testcase>
  <testcase classname="aka.jmetadata.test.JMetaDataVideo_Test" name="subTestGetSourceStreamSizeEncodedString1AsURL" time="0.0" />
  <testcase classname="aka.jmetadata.test.JMetaDataVideo_Test" name="subTestGetScanOrderAsBigInteger" time="0.0" />
  <testcase classname="aka.jmetadata.test.JMetaDataVideo_Test" name="subTestGetBitRateEncodedStringAsBigInteger" time="0.0" />
  <testcase classname="aka.jmetadata.test.JMetaDataVideo_Test" name="subTestGetDelayDropFrameAsLong" time="0.0" />
  <testcase classname="aka.jmetadata.test.JMetaDataVideo_Test" name="subTestGetFormatSettingsMatrixStringAsLocalDateTime" time="0.0" />
  <testcase classname="aka.jmetadata.test.JMetaDataVideo_Test" name="subTestGetCodecIDUrlAsBoolean" time="0.0" />
  <testcase classname="aka.jmetadata.test.JMetaDataVideo_Test" name="subTestGetEncodedLibraryVersionAsURL" time="0.0" />
  <testcase classname="aka.jmetadata.test.JMetaDataVideo_Test" name="subTestGetSourceDurationFirstFrameString2AsString" time="0.001">
    <failure message="expected:&lt;null&gt; but was:&lt;&gt;" type="junit.framework.AssertionFailedError">junit.framework.AssertionFailedError: expected:&lt;null&gt; but was:&lt;&gt;
	at aka.jmetadata.test.JMetaDataVideo_Test.subTestGetSourceDurationFirstFrameString2AsString(JMetaDataVideo_Test.java:14835)
</failure>
  </testcase>
  <testcase classname="aka.jmetadata.test.JMetaDataVideo_Test" name="subTestGetSourceDurationString5AsInteger" time="0.001" />
  <testcase classname="aka.jmetadata.test.JMetaDataVideo_Test" name="subTestGetFrameRateOriginalNumAsLocalTime" time="0.0" />
  <testcase classname="aka.jmetadata.test.JMetaDataVideo_Test" name="subTestGetFrameRateStringAsURL" time="0.0" />
  <testcase classname="aka.jmetadata.test.JMetaDataVideo_Test" name="subTestGetDisplayAspectRatioOriginalStringAsInteger" time="0.0" />
  <testcase classname="aka.jmetadata.test.JMetaDataVideo_Test" name="subTestGetFrameRateOriginalDenAsLong" time="0.0" />
  <testcase classname="aka.jmetadata.test.JMetaDataVideo_Test" name="subTestGetSourceStreamSizeString4AsString" time="0.0">
    <failure message="expected:&lt;null&gt; but was:&lt;&gt;" type="junit.framework.AssertionFailedError">junit.framework.AssertionFailedError: expected:&lt;null&gt; but was:&lt;&gt;
	at aka.jmetadata.test.JMetaDataVideo_Test.subTestGetSourceStreamSizeString4AsString(JMetaDataVideo_Test.java:15923)
</failure>
  </testcase>
  <testcase classname="aka.jmetadata.test.JMetaDataVideo_Test" name="subTestGettransfercharacteristicsOriginalAsLocalDateTime" time="0.0" />
  <testcase classname="aka.jmetadata.test.JMetaDataVideo_Test" name="subTestGetSourceDurationLastFrameString2AsLocalTime" time="0.0" />
  <testcase classname="aka.jmetadata.test.JMetaDataVideo_Test" name="subTestGetFrameRateModeOriginalAsLong" time="0.0" />
  <testcase classname="aka.jmetadata.test.JMetaDataVideo_Test" name="subTestGetWidthOffsetAsString" time="0.001">
    <failure message="expected:&lt;null&gt; but was:&lt;&gt;" type="junit.framework.AssertionFailedError">junit.framework.AssertionFailedError: expected:&lt;null&gt; but was:&lt;&gt;
	at aka.jmetadata.test.JMetaDataVideo_Test.subTestGetWidthOffsetAsString(JMetaDataVideo_Test.java:20019)
</failure>
  </testcase>
  <testcase classname="aka.jmetadata.test.JMetaDataVideo_Test" name="subTestGetStreamCountAsInteger" time="0.0">
    <failure message="expected:&lt;null&gt; but was:&lt;1&gt;" type="junit.framework.AssertionFailedError">junit.framework.AssertionFailedError: expected:&lt;null&gt; but was:&lt;1&gt;
	at aka.jmetadata.test.JMetaDataVideo_Test.subTestGetStreamCountAsInteger(JMetaDataVideo_Test.java:16851)
</failure>
  </testcase>
  <testcase classname="aka.jmetadata.test.JMetaDataVideo_Test" name="subTestGetSourceStreamSizeEncodedString2AsURL" time="0.0" />
  <testcase classname="aka.jmetadata.test.JMetaDataVideo_Test" name="subTestGetEncodedLibraryStringAsInteger" time="0.0" />
  <testcase classname="aka.jmetadata.test.JMetaDataVideo_Test" name="subTestGetGopOpenClosedFirstFrameAsString" time="0.0">
    <failure message="expected:&lt;null&gt; but was:&lt;&gt;" type="junit.framework.AssertionFailedError">junit.framework.AssertionFailedError: expected:&lt;null&gt; but was:&lt;&gt;
	at aka.jmetadata.test.JMetaDataVideo_Test.subTestGetGopOpenClosedFirstFrameAsString(JMetaDataVideo_Test.java:10547)
</failure>
  </testcase>
  <testcase classname="aka.jmetadata.test.JMetaDataVideo_Test" name="subTestGetStreamSizeDemuxedString3AsLocalDateTime" time="0.0" />
  <testcase classname="aka.jmetadata.test.JMetaDataVideo_Test" name="subTestGetLanguageMoreAsLocalDateTime" time="0.0" />
  <testcase classname="aka.jmetadata.test.JMetaDataVideo_Test" name="subTestGetScanOrderStoredDisplayedInvertedAsInteger" time="0.0" />
  <testcase classname="aka.jmetadata.test.JMetaDataVideo_Test" name="subTestGetAlternateGroupAsBoolean" time="0.0" />
  <testcase classname="aka.jmetadata.test.JMetaDataVideo_Test" name="subTestGetCompressionModeAsLocalDateTime" time="0.0" />
  <testcase classname="aka.jmetadata.test.JMetaDataVideo_Test" name="subTestGetDelayOriginalString1AsBigInteger" time="0.0" />
  <testcase classname="aka.jmetadata.test.JMetaDataVideo_Test" name="subTestGetCompressionModeStringAsString" time="0.0">
    <failure message="expected:&lt;null&gt; but was:&lt;&gt;" type="junit.framework.AssertionFailedError">junit.framework.AssertionFailedError: expected:&lt;null&gt; but was:&lt;&gt;
	at aka.jmetadata.test.JMetaDataVideo_Test.subTestGetCompressionModeStringAsString(JMetaDataVideo_Test.java:2606)
</failure>
  </testcase>
  <testcase classname="aka.jmetadata.test.JMetaDataVideo_Test" name="subTestGetFrameRateMinimumAsURL" time="0.001" />
  <testcase classname="aka.jmetadata.test.JMetaDataVideo_Test" name="subTestGetScanTypeStringAsLocalDateTime" time="0.0" />
  <testcase classname="aka.jmetadata.test.JMetaDataVideo_Test" name="subTestGetTimeStampFirstFrameString3AsString" time="0.001">
    <failure message="expected:&lt;null&gt; but was:&lt;&gt;" type="junit.framework.AssertionFailedError">junit.framework.AssertionFailedError: expected:&lt;null&gt; but was:&lt;&gt;
	at aka.jmetadata.test.JMetaDataVideo_Test.subTestGetTimeStampFirstFrameString3AsString(JMetaDataVideo_Test.java:19251)
</failure>
  </testcase>
  <testcase classname="aka.jmetadata.test.JMetaDataVideo_Test" name="subTestGetWidthOriginalAsInteger" time="0.0" />
  <testcase classname="aka.jmetadata.test.JMetaDataVideo_Test" name="subTestGetSourceDurationFirstFrameString3AsBoolean" time="0.0" />
  <testcase classname="aka.jmetadata.test.JMetaDataVideo_Test" name="subTestGetSourceStreamSizeEncodedString3AsURL" time="0.0" />
  <testcase classname="aka.jmetadata.test.JMetaDataVideo_Test" name="subTestGetScanOrderStoredDisplayedInvertedAsBigInteger" time="0.001" />
  <testcase classname="aka.jmetadata.test.JMetaDataVideo_Test" name="subTestGetFormatSettingsMatrixStringAsInteger" time="0.0" />
  <testcase classname="aka.jmetadata.test.JMetaDataVideo_Test" name="subTestGetSourceDurationString1AsLocalTime" time="0.001" />
  <testcase classname="aka.jmetadata.test.JMetaDataVideo_Test" name="subTestGetStreamSizeDemuxedAsBoolean" time="0.0" />
  <testcase classname="aka.jmetadata.test.JMetaDataVideo_Test" name="subTestGetPixelAspectRatioAsLong" time="0.0">
    <failure message="expected:&lt;null&gt; but was:&lt;1000&gt;" type="junit.framework.AssertionFailedError">junit.framework.AssertionFailedError: expected:&lt;null&gt; but was:&lt;1000&gt;
	at aka.jmetadata.test.JMetaDataVideo_Test.subTestGetPixelAspectRatioAsLong(JMetaDataVideo_Test.java:12507)
</failure>
  </testcase>
  <testcase classname="aka.jmetadata.test.JMetaDataVideo_Test" name="subTestGetTimeStampFirstFrameStringAsURL" time="0.001" />
  <testcase classname="aka.jmetadata.test.JMetaDataVideo_Test" name="subTestGetInternetMediaTypeAsBoolean" time="0.0" />
  <testcase classname="aka.jmetadata.test.JMetaDataVideo_Test" name="subTestGetBitRateNominalStringAsLocalTime" time="0.0" />
  <testcase classname="aka.jmetadata.test.JMetaDataVideo_Test" name="subTestGetDurationFirstFrameStringAsURL" time="0.0" />
  <testcase classname="aka.jmetadata.test.JMetaDataVideo_Test" name="subTestGetFormatSettingsBVOPAsBigInteger" time="0.0" />
  <testcase classname="aka.jmetadata.test.JMetaDataVideo_Test" name="subTestGetDurationString1AsBigInteger" time="0.001">
    <failure message="expected:&lt;null&gt; but was:&lt;1458167&gt;" type="junit.framework.AssertionFailedError">junit.framework.AssertionFailedError: expected:&lt;null&gt; but was:&lt;1458167&gt;
	at aka.jmetadata.test.JMetaDataVideo_Test.subTestGetDurationString1AsBigInteger(JMetaDataVideo_Test.java:4926)
</failure>
  </testcase>
  <testcase classname="aka.jmetadata.test.JMetaDataVideo_Test" name="subTestGetFrameRateMinimumStringAsInteger" time="0.0" />
  <testcase classname="aka.jmetadata.test.JMetaDataVideo_Test" name="subTestGettransfercharacteristicsOriginalAsBoolean" time="0.0" />
  <testcase classname="aka.jmetadata.test.JMetaDataVideo_Test" name="subTestGetFormatCommercialIfAnyAsBigInteger" time="0.0" />
  <testcase classname="aka.jmetadata.test.JMetaDataVideo_Test" name="subTestGetLanguageStringAsInteger" time="0.0" />
  <testcase classname="aka.jmetadata.test.JMetaDataVideo_Test" name="subTestGetFrameRateOriginalStringAsURL" time="0.0" />
  <testcase classname="aka.jmetadata.test.JMetaDataVideo_Test" name="subTestGetSourceStreamSizeEncodedStringAsURL" time="0.0" />
  <testcase classname="aka.jmetadata.test.JMetaDataVideo_Test" name="subTestGetScanOrderOriginalStringAsBigInteger" time="0.0" />
  <testcase classname="aka.jmetadata.test.JMetaDataVideo_Test" name="subTestGetCountAsBoolean" time="0.0" />
  <testcase classname="aka.jmetadata.test.JMetaDataVideo_Test" name="subTestGetEncodedLibraryNameAsLocalTime" time="0.0" />
  <testcase classname="aka.jmetadata.test.JMetaDataVideo_Test" name="subTestGetSourceStreamSizeEncodedString4AsURL" time="0.0" />
  <testcase classname="aka.jmetadata.test.JMetaDataVideo_Test" name="subTestGetStreamSizeEncodedString2AsBigInteger" time="0.0" />
  <testcase classname="aka.jmetadata.test.JMetaDataVideo_Test" name="subTestGetServiceKindStringAsLong" time="0.0" />
  <testcase classname="aka.jmetadata.test.JMetaDataVideo_Test" name="subTestGetTimeStampFirstFrameString5AsBigInteger" time="0.0" />
  <testcase classname="aka.jmetadata.test.JMetaDataVideo_Test" name="subTestGetBitDepthAsInteger" time="0.001">
    <failure message="expected:&lt;null&gt; but was:&lt;8&gt;" type="junit.framework.AssertionFailedError">junit.framework.AssertionFailedError: expected:&lt;null&gt; but was:&lt;8&gt;
	at aka.jmetadata.test.JMetaDataVideo_Test.subTestGetBitDepthAsInteger(JMetaDataVideo_Test.java:526)
</failure>
  </testcase>
  <testcase classname="aka.jmetadata.test.JMetaDataVideo_Test" name="subTestGetBitRateAsLocalDateTime" time="0.0" />
  <testcase classname="aka.jmetadata.test.JMetaDataVideo_Test" name="subTestGetSourceStreamSizeEncodedString5AsString" time="0.001">
    <failure message="expected:&lt;null&gt; but was:&lt;&gt;" type="junit.framework.AssertionFailedError">junit.framework.AssertionFailedError: expected:&lt;null&gt; but was:&lt;&gt;
	at aka.jmetadata.test.JMetaDataVideo_Test.subTestGetSourceStreamSizeEncodedString5AsString(JMetaDataVideo_Test.java:16435)
</failure>
  </testcase>
  <testcase classname="aka.jmetadata.test.JMetaDataVideo_Test" name="subTestGettransfercharacteristicsOriginalAsURL" time="0.0" />
  <testcase classname="aka.jmetadata.test.JMetaDataVideo_Test" name="subTestGetStreamSizeEncodedString2AsInteger" time="0.0" />
  <testcase classname="aka.jmetadata.test.JMetaDataVideo_Test" name="subTestGetDurationString1AsBoolean" time="0.001" />
  <testcase classname="aka.jmetadata.test.JMetaDataVideo_Test" name="subTestGetForcedStringAsURL" time="0.0" />
  <testcase classname="aka.jmetadata.test.JMetaDataVideo_Test" name="subTestGetFirstPacketOrderAsBoolean" time="0.0" />
  <testcase classname="aka.jmetadata.test.JMetaDataVideo_Test" name="subTestGetStreamSizeEncodedString3AsLocalDateTime" time="0.0" />
  <testcase classname="aka.jmetadata.test.JMetaDataVideo_Test" name="subTestGetSourceStreamSizeEncodedString5AsURL" time="0.0" />
  <testcase classname="aka.jmetadata.test.JMetaDataVideo_Test" name="subTestGetTitleAsBigInteger" time="0.0" />
  <testcase classname="aka.jmetadata.test.JMetaDataVideo_Test" name="subTestGetDurationFirstFrameStringAsLong" time="0.0" />
  <testcase classname="aka.jmetadata.test.JMetaDataVideo_Test" name="subTestGetFormatSettingsCABACStringAsBoolean" time="0.001">
    <failure message="expected:&lt;null&gt; but was:&lt;true&gt;" type="junit.framework.AssertionFailedError">junit.framework.AssertionFailedError: expected:&lt;null&gt; but was:&lt;true&gt;
	at aka.jmetadata.test.JMetaDataVideo_Test.subTestGetFormatSettingsCABACStringAsBoolean(JMetaDataVideo_Test.java:8123)
</failure>
  </testcase>
  <testcase classname="aka.jmetadata.test.JMetaDataVideo_Test" name="subTestGetDurationString5AsString" time="0.0">
    <failure message="expected:&lt;null&gt; but was:&lt;00:14:58.167 (00:14:58:04)&gt;" type="junit.framework.AssertionFailedError">junit.framework.AssertionFailedError: expected:&lt;null&gt; but was:&lt;00:14:58.167 (00:14:58:04)&gt;
	at aka.jmetadata.test.JMetaDataVideo_Test.subTestGetDurationString5AsString(JMetaDataVideo_Test.java:5166)
</failure>
  </testcase>
  <testcase classname="aka.jmetadata.test.JMetaDataVideo_Test" name="subTestGetCompressionRatioAsLocalDateTime" time="0.0" />
  <testcase classname="aka.jmetadata.test.JMetaDataVideo_Test" name="subTestGetSourceStreamSizeEncodedString3AsLocalDateTime" time="0.0" />
  <testcase classname="aka.jmetadata.test.JMetaDataVideo_Test" name="subTestGetCompressionModeAsBigInteger" time="0.0" />
  <testcase classname="aka.jmetadata.test.JMetaDataVideo_Test" name="subTestGetEncodedApplicationCompanyNameAsInteger" time="0.0" />
  <testcase classname="aka.jmetadata.test.JMetaDataVideo_Test" name="subTestGetTimeCodeSettingsAsLong" time="0.0" />
  <testcase classname="aka.jmetadata.test.JMetaDataVideo_Test" name="subTestGetDelayOriginalString1AsLocalDateTime" time="0.0" />
  <testcase classname="aka.jmetadata.test.JMetaDataVideo_Test" name="subTestGetUniqueIDAsBoolean" time="0.0" />
  <testcase classname="aka.jmetadata.test.JMetaDataVideo_Test" name="subTestGetFormatSettingsGMCAsInteger" time="0.0" />
  <testcase classname="aka.jmetadata.test.JMetaDataVideo_Test" name="subTestGetEncodedLibraryDateAsLocalTime" time="0.0" />
  <testcase classname="aka.jmetadata.test.JMetaDataVideo_Test" name="subTestGetDefaultStringAsInteger" time="0.0" />
  <testcase classname="aka.jmetadata.test.JMetaDataVideo_Test" name="subTestGetFormatSettingsQPelStringAsBigInteger" time="0.0" />
  <testcase classname="aka.jmetadata.test.JMetaDataVideo_Test" name="subTestGetFormatCommercialIfAnyAsInteger" time="0.0" />
  <testcase classname="aka.jmetadata.test.JMetaDataVideo_Test" name="subTestGetCodecIDUrlAsString" time="0.0">
    <failure message="expected:&lt;null&gt; but was:&lt;http://ffdshow-tryout.sourceforge.net/&gt;" type="junit.framework.AssertionFailedError">junit.framework.AssertionFailedError: expected:&lt;null&gt; but was:&lt;http://ffdshow-tryout.sourceforge.net/&gt;
	at aka.jmetadata.test.JMetaDataVideo_Test.subTestGetCodecIDUrlAsString(JMetaDataVideo_Test.java:2030)
</failure>
  </testcase>
  <testcase classname="aka.jmetadata.test.JMetaDataVideo_Test" name="subTestGetFormatSettingsCABACStringAsLong" time="0.0" />
  <testcase classname="aka.jmetadata.test.JMetaDataVideo_Test" name="subTestGetFormatSettingsWrappingAsLocalDateTime" time="0.0" />
  <testcase classname="aka.jmetadata.test.JMetaDataVideo_Test" name="subTestGetDelayString3AsBigInteger" time="0.0">
    <failure message="expected:&lt;null&gt; but was:&lt;0&gt;" type="junit.framework.AssertionFailedError">junit.framework.AssertionFailedError: expected:&lt;null&gt; but was:&lt;0&gt;
	at aka.jmetadata.test.JMetaDataVideo_Test.subTestGetDelayString3AsBigInteger(JMetaDataVideo_Test.java:3198)
</failure>
  </testcase>
  <testcase classname="aka.jmetadata.test.JMetaDataVideo_Test" name="subTestGetDisplayAspectRatioCleanApertureAsBigInteger" time="0.0" />
  <testcase classname="aka.jmetadata.test.JMetaDataVideo_Test" name="subTestGetSourceDurationFirstFrameStringAsString" time="0.0">
    <failure message="expected:&lt;null&gt; but was:&lt;&gt;" type="junit.framework.AssertionFailedError">junit.framework.AssertionFailedError: expected:&lt;null&gt; but was:&lt;&gt;
	at aka.jmetadata.test.JMetaDataVideo_Test.subTestGetSourceDurationFirstFrameStringAsString(JMetaDataVideo_Test.java:14707)
</failure>
  </testcase>
  <testcase classname="aka.jmetadata.test.JMetaDataVideo_Test" name="subTestGetScanTypeOriginalAsLocalDateTime" time="0.001" />
  <testcase classname="aka.jmetadata.test.JMetaDataVideo_Test" name="subTestGetAlternateGroupStringAsLocalDateTime" time="0.0" />
  <testcase classname="aka.jmetadata.test.JMetaDataVideo_Test" name="subTestGetSourceDurationLastFrameString3AsLocalTime" time="0.0" />
  <testcase classname="aka.jmetadata.test.JMetaDataVideo_Test" name="subTestGetFormatSettingsQPelAsURL" time="0.0" />
  <testcase classname="aka.jmetadata.test.JMetaDataVideo_Test" name="subTestGetSourceDurationLastFrameString3AsLong" time="0.001" />
  <testcase classname="aka.jmetadata.test.JMetaDataVideo_Test" name="subTestGetEncryptionAsInteger" time="0.0" />
  <testcase classname="aka.jmetadata.test.JMetaDataVideo_Test" name="subTestGetDefaultStringAsBigInteger" time="0.0" />
  <testcase classname="aka.jmetadata.test.JMetaDataVideo_Test" name="subTestGetEncodedLibraryDateAsLocalDateTime" time="0.001" />
  <testcase classname="aka.jmetadata.test.JMetaDataVideo_Test" name="subTestGetSourceFrameCountAsBigInteger" time="0.0" />
  <testcase classname="aka.jmetadata.test.JMetaDataVideo_Test" name="subTestGetFrameRateModeStringAsBoolean" time="0.0" />
  <testcase classname="aka.jmetadata.test.JMetaDataVideo_Test" name="subTestGetStreamSizeDemuxedString1AsInteger" time="0.0" />
  <testcase classname="aka.jmetadata.test.JMetaDataVideo_Test" name="subTestGetSourceDurationFirstFrameString2AsBigInteger" time="0.0" />
  <testcase classname="aka.jmetadata.test.JMetaDataVideo_Test" name="subTestGetSourceDurationFirstFrameStringAsBoolean" time="0.0" />
  <testcase classname="aka.jmetadata.test.JMetaDataVideo_Test" name="subTestGetFormatAsInteger" time="0.0" />
  <testcase classname="aka.jmetadata.test.JMetaDataVideo_Test" name="subTestGetBitRateAsBoolean" time="0.0" />
  <testcase classname="aka.jmetadata.test.JMetaDataVideo_Test" name="subTestGetForcedStringAsLocalDateTime" time="0.0" />
  <testcase classname="aka.jmetadata.test.JMetaDataVideo_Test" name="subTestGetSourceStreamSizeAsBoolean" time="0.0" />
  <testcase classname="aka.jmetadata.test.JMetaDataVideo_Test" name="subTestGetMenuIDStringAsBoolean" time="0.0" />
  <testcase classname="aka.jmetadata.test.JMetaDataVideo_Test" name="subTestGetHeightAsBigInteger" time="0.001">
    <failure message="expected:&lt;null&gt; but was:&lt;872&gt;" type="junit.framework.AssertionFailedError">junit.framework.AssertionFailedError: expected:&lt;null&gt; but was:&lt;872&gt;
	at aka.jmetadata.test.JMetaDataVideo_Test.subTestGetHeightAsBigInteger(JMetaDataVideo_Test.java:10691)
</failure>
  </testcase>
  <testcase classname="aka.jmetadata.test.JMetaDataVideo_Test" name="subTestGetStreamSizeEncodedAsBoolean" time="0.0" />
  <testcase classname="aka.jmetadata.test.JMetaDataVideo_Test" name="subTestGetMultiViewLayoutAsLocalDateTime" time="0.0" />
  <testcase classname="aka.jmetadata.test.JMetaDataVideo_Test" name="subTestGetDurationFirstFrameString4AsInteger" time="0.0" />
  <testcase classname="aka.jmetadata.test.JMetaDataVideo_Test" name="subTestGetActiveFormatDescriptionMuxingModeAsLocalTime" time="0.0" />
  <testcase classname="aka.jmetadata.test.JMetaDataVideo_Test" name="subTestGetSourceDurationLastFrameString5AsInteger" time="0.0" />
  <testcase classname="aka.jmetadata.test.JMetaDataVideo_Test" name="subTestGetFormatSettingsGMCStringAsLocalTime" time="0.0" />
  <testcase classname="aka.jmetadata.test.JMetaDataVideo_Test" name="subTestGetStreamSizeDemuxedString1AsLocalTime" time="0.0" />
  <testcase classname="aka.jmetadata.test.JMetaDataVideo_Test" name="subTestGetDurationStringAsString" time="0.0">
    <failure message="expected:&lt;null&gt; but was:&lt;14 min 58 s&gt;" type="junit.framework.AssertionFailedError">junit.framework.AssertionFailedError: expected:&lt;null&gt; but was:&lt;14 min 58 s&gt;
	at aka.jmetadata.test.JMetaDataVideo_Test.subTestGetDurationStringAsString(JMetaDataVideo_Test.java:4846)
</failure>
  </testcase>
  <testcase classname="aka.jmetadata.test.JMetaDataVideo_Test" name="subTestGetWidthAsInteger" time="0.0">
    <failure message="expected:&lt;null&gt; but was:&lt;1920&gt;" type="junit.framework.AssertionFailedError">junit.framework.AssertionFailedError: expected:&lt;null&gt; but was:&lt;1920&gt;
	at aka.jmetadata.test.JMetaDataVideo_Test.subTestGetWidthAsInteger(JMetaDataVideo_Test.java:19731)
</failure>
  </testcase>
  <testcase classname="aka.jmetadata.test.JMetaDataVideo_Test" name="subTestGetFormatSettingsQPelStringAsBoolean" time="0.001" />
  <testcase classname="aka.jmetadata.test.JMetaDataVideo_Test" name="subTestGetCompressionRatioAsURL" time="0.0" />
  <testcase classname="aka.jmetadata.test.JMetaDataVideo_Test" name="subTestGetFormatSettingsCABACStringAsLocalDateTime" time="0.0" />
  <testcase classname="aka.jmetadata.test.JMetaDataVideo_Test" name="subTestGetFormatSettingsBVOPStringAsBigInteger" time="0.0" />
  <testcase classname="aka.jmetadata.test.JMetaDataVideo_Test" name="subTestGetSourceDurationString2AsLocalTime" time="0.0" />
  <testcase classname="aka.jmetadata.test.JMetaDataVideo_Test" name="subTestGetSourceDurationLastFrameStringAsBigInteger" time="0.0" />
  <testcase classname="aka.jmetadata.test.JMetaDataVideo_Test" name="subTestGetSourceStreamSizeEncodedAsLocalDateTime" time="0.0" />
  <testcase classname="aka.jmetadata.test.JMetaDataVideo_Test" name="subTestGetDurationLastFrameString4AsString" time="0.0">
    <failure message="expected:&lt;null&gt; but was:&lt;&gt;" type="junit.framework.AssertionFailedError">junit.framework.AssertionFailedError: expected:&lt;null&gt; but was:&lt;&gt;
	at aka.jmetadata.test.JMetaDataVideo_Test.subTestGetDurationLastFrameString4AsString(JMetaDataVideo_Test.java:5998)
</failure>
  </testcase>
  <testcase classname="aka.jmetadata.test.JMetaDataVideo_Test" name="subTestGetFormatSettingsPictureStructureAsInteger" time="0.001" />
  <testcase classname="aka.jmetadata.test.JMetaDataVideo_Test" name="subTestGetDisplayAspectRatioOriginalAsInteger" time="0.0" />
  <testcase classname="aka.jmetadata.test.JMetaDataVideo_Test" name="subTestGetmatrixcoefficientsAsLocalTime" time="0.0" />
  <testcase classname="aka.jmetadata.test.JMetaDataVideo_Test" name="subTestGetDelaySourceStringAsString" time="0.001">
    <failure message="expected:&lt;null&gt; but was:&lt;Container&gt;" type="junit.framework.AssertionFailedError">junit.framework.AssertionFailedError: expected:&lt;null&gt; but was:&lt;Container&gt;
	at aka.jmetadata.test.JMetaDataVideo_Test.subTestGetDelaySourceStringAsString(JMetaDataVideo_Test.java:4206)
</failure>
  </testcase>
  <testcase classname="aka.jmetadata.test.JMetaDataVideo_Test" name="subTestGetEncodedOperatingSystemAsBigInteger" time="0.0" />
  <testcase classname="aka.jmetadata.test.JMetaDataVideo_Test" name="subTestGetStreamSizeString2AsBigInteger" time="0.0" />
  <testcase classname="aka.jmetadata.test.JMetaDataVideo_Test" name="subTestGetHeightOriginalStringAsBoolean" time="0.0" />
  <testcase classname="aka.jmetadata.test.JMetaDataVideo_Test" name="subTestGetCountAsBigInteger" time="0.001">
    <failure message="expected:&lt;null&gt; but was:&lt;338&gt;" type="junit.framework.AssertionFailedError">junit.framework.AssertionFailedError: expected:&lt;null&gt; but was:&lt;338&gt;
	at aka.jmetadata.test.JMetaDataVideo_Test.subTestGetCountAsBigInteger(JMetaDataVideo_Test.java:2750)
</failure>
  </testcase>
  <testcase classname="aka.jmetadata.test.JMetaDataVideo_Test" name="subTestGetSourceDurationString4AsInteger" time="0.0" />
  <testcase classname="aka.jmetadata.test.JMetaDataVideo_Test" name="subTestGetDurationAsLocalDateTime" time="0.001" />
  <testcase classname="aka.jmetadata.test.JMetaDataVideo_Test" name="subTestGetOriginalSourceMediumIDAsLocalTime" time="0.0" />
  <testcase classname="aka.jmetadata.test.JMetaDataVideo_Test" name="subTestGetFormatSettingsBVOPAsURL" time="0.0" />
  <testcase classname="aka.jmetadata.test.JMetaDataVideo_Test" name="subTestGetEncodedApplicationNameAsString" time="0.0" />
  <testcase classname="aka.jmetadata.test.JMetaDataVideo_Test" name="subTestGetcolourdescriptionpresentOriginalAsInteger" time="0.001" />
  <testcase classname="aka.jmetadata.test.JMetaDataVideo_Test" name="subTestGetRotationAsLocalDateTime" time="0.0" />
  <testcase classname="aka.jmetadata.test.JMetaDataVideo_Test" name="subTestGetEncryptionAsString" time="0.0" />
  <testcase classname="aka.jmetadata.test.JMetaDataVideo_Test" name="subTestGetStreamSizeDemuxedString1AsString" time="0.0" />
  <testcase classname="aka.jmetadata.test.JMetaDataVideo_Test" name="subTestGetFormatAsString" time="0.0" />
  <testcase classname="aka.jmetadata.test.JMetaDataVideo_Test" name="subTestGetSourceDurationAsLong" time="0.0" />
  <testcase classname="aka.jmetadata.test.JMetaDataVideo_Test" name="subTestGetPixelAspectRatioStringAsBoolean" time="0.0" />
  <testcase classname="aka.jmetadata.test.JMetaDataVideo_Test" name="subTestGetHeightOffsetStringAsBoolean" time="0.0" />
  <testcase classname="aka.jmetadata.test.JMetaDataVideo_Test" name="subTestGetFrameRateModeStringAsBigInteger" time="0.0" />
  <testcase classname="aka.jmetadata.test.JMetaDataVideo_Test" name="subTestGetOriginalSourceMediumIDAsLong" time="0.0" />
  <testcase classname="aka.jmetadata.test.JMetaDataVideo_Test" name="subTestGetFormatSettingsRefFramesStringAsInteger" time="0.0" />
  <testcase classname="aka.jmetadata.test.JMetaDataVideo_Test" name="subTestGetLanguageString1AsBigInteger" time="0.0" />
  <testcase classname="aka.jmetadata.test.JMetaDataVideo_Test" name="subTestGetEncodedApplicationStringAsString" time="0.0" />
  <testcase classname="aka.jmetadata.test.JMetaDataVideo_Test" name="subTestGetTimeCodeSourceAsLocalTime" time="0.0" />
  <testcase classname="aka.jmetadata.test.JMetaDataVideo_Test" name="subTestGetEncodedLibraryCompanyNameAsBigInteger" time="0.0" />
  <testcase classname="aka.jmetadata.test.JMetaDataVideo_Test" name="subTestGetWidthOriginalAsLong" time="0.0" />
  <testcase classname="aka.jmetadata.test.JMetaDataVideo_Test" name="subTestGetBitRateMinimumStringAsLong" time="0.0" />
  <testcase classname="aka.jmetadata.test.JMetaDataVideo_Test" name="subTestGetFormatProfileAsBigInteger" time="0.0" />
  <testcase classname="aka.jmetadata.test.JMetaDataVideo_Test" name="subTestGetDurationString2AsLocalDateTime" time="0.0" />
  <testcase classname="aka.jmetadata.test.JMetaDataVideo_Test" name="subTestGetDefaultStringAsLocalDateTime" time="0.0" />
  <testcase classname="aka.jmetadata.test.JMetaDataVideo_Test" name="subTestGetDelayString5AsString" time="0.0" />
  <testcase classname="aka.jmetadata.test.JMetaDataVideo_Test" name="subTestGetSourceDurationFirstFrameString2AsBoolean" time="0.0" />
  <testcase classname="aka.jmetadata.test.JMetaDataVideo_Test" name="subTestGetHeightOriginalStringAsURL" time="0.0" />
  <testcase classname="aka.jmetadata.test.JMetaDataVideo_Test" name="subTestGetCodecIDStringAsString" time="0.0" />
  <testcase classname="aka.jmetadata.test.JMetaDataVideo_Test" name="subTestGettransfercharacteristicsAsURL" time="0.0" />
  <testcase classname="aka.jmetadata.test.JMetaDataVideo_Test" name="subTestGetFormatLevelAsLocalDateTime" time="0.0" />
  <testcase classname="aka.jmetadata.test.JMetaDataVideo_Test" name="subTestGetEncodedLibrarySettingsAsBoolean" time="0.001" />
  <testcase classname="aka.jmetadata.test.JMetaDataVideo_Test" name="subTestGetFormatUrlAsString" time="0.0" />
  <testcase classname="aka.jmetadata.test.JMetaDataVideo_Test" name="subTestGetDurationFirstFrameAsInteger" time="0.0" />
  <testcase classname="aka.jmetadata.test.JMetaDataVideo_Test" name="subTestGetEncodedLibraryAsInteger" time="0.001" />
  <testcase classname="aka.jmetadata.test.JMetaDataVideo_Test" name="subTestGetDelayOriginalString2AsString" time="0.0" />
  <testcase classname="aka.jmetadata.test.JMetaDataVideo_Test" name="subTestGetStreamSizeEncodedAsBigInteger" time="0.0" />
  <testcase classname="aka.jmetadata.test.JMetaDataVideo_Test" name="subTestGetTitleAsString" time="0.0" />
  <testcase classname="aka.jmetadata.test.JMetaDataVideo_Test" name="subTestGetmatrixcoefficientsAsBoolean" time="0.0" />
  <testcase classname="aka.jmetadata.test.JMetaDataVideo_Test" name="subTestGetStatusAsInteger" time="0.001" />
  <testcase classname="aka.jmetadata.test.JMetaDataVideo_Test" name="subTestGetDurationFirstFrameAsLong" time="0.0" />
  <testcase classname="aka.jmetadata.test.JMetaDataVideo_Test" name="subTestGetMuxingModeAsLocalDateTime" time="0.0" />
  <testcase classname="aka.jmetadata.test.JMetaDataVideo_Test" name="subTestGetStreamKindPosAsBigInteger" time="0.0" />
  <testcase classname="aka.jmetadata.test.JMetaDataVideo_Test" name="subTestGetFormatSettingsPictureStructureAsLong" time="0.0" />
  <testcase classname="aka.jmetadata.test.JMetaDataVideo_Test" name="subTestGetBitRateMaximumStringAsLong" time="0.0">
    <failure message="expected:&lt;220&gt; but was:&lt;200&gt;" type="junit.framework.AssertionFailedError">junit.framework.AssertionFailedError: expected:&lt;220&gt; but was:&lt;200&gt;
	at aka.jmetadata.test.JMetaDataVideo_Test.subTestGetBitRateMaximumStringAsLong(JMetaDataVideo_Test.java:982)
</failure>
  </testcase>
  <testcase classname="aka.jmetadata.test.JMetaDataVideo_Test" name="subTestGetHeightOffsetAsInteger" time="0.0" />
  <testcase classname="aka.jmetadata.test.JMetaDataVideo_Test" name="subTestGetSourceDurationLastFrameString4AsLocalTime" time="0.0" />
  <testcase classname="aka.jmetadata.test.JMetaDataVideo_Test" name="subTestGetScanTypeStoreMethodStringAsLocalDateTime" time="0.0" />
  <testcase classname="aka.jmetadata.test.JMetaDataVideo_Test" name="subTestGetStreamSizeString2AsLong" time="0.0" />
  <testcase classname="aka.jmetadata.test.JMetaDataVideo_Test" name="subTestGetSampledHeightAsLong" time="0.0" />
  <testcase classname="aka.jmetadata.test.JMetaDataVideo_Test" name="subTestGetFrameRateOriginalStringAsLocalTime" time="0.0" />
  <testcase classname="aka.jmetadata.test.JMetaDataVideo_Test" name="subTestGetWidthStringAsInteger" time="0.0" />
  <testcase classname="aka.jmetadata.test.JMetaDataVideo_Test" name="subTestGetDisplayAspectRatioStringAsURL" time="0.0" />
  <testcase classname="aka.jmetadata.test.JMetaDataVideo_Test" name="subTestGetWidthOriginalStringAsLocalDateTime" time="0.001" />
  <testcase classname="aka.jmetadata.test.JMetaDataVideo_Test" name="subTestGetStreamSizeEncodedString1AsInteger" time="0.0" />
  <testcase classname="aka.jmetadata.test.JMetaDataVideo_Test" name="subTestGetFormatSettingsWrappingAsBigInteger" time="0.0" />
  <testcase classname="aka.jmetadata.test.JMetaDataVideo_Test" name="subTestGetDelayAsLong" time="0.0" />
  <testcase classname="aka.jmetadata.test.JMetaDataVideo_Test" name="subTestGetEncodedApplicationVersionAsURL" time="0.0" />
  <testcase classname="aka.jmetadata.test.JMetaDataVideo_Test" name="subTestGetInternetMediaTypeAsLocalDateTime" time="0.0" />
  <testcase classname="aka.jmetadata.test.JMetaDataVideo_Test" name="subTestGetSourceDurationFirstFrameStringAsLong" time="0.0" />
  <testcase classname="aka.jmetadata.test.JMetaDataVideo_Test" name="subTestGetColorSpaceAsURL" time="0.001" />
  <testcase classname="aka.jmetadata.test.JMetaDataVideo_Test" name="subTestGetStreamSizeDemuxedString2AsLocalTime" time="0.0" />
  <testcase classname="aka.jmetadata.test.JMetaDataVideo_Test" name="subTestGetCodecIDHintAsInteger" time="0.0" />
  <testcase classname="aka.jmetadata.test.JMetaDataVideo_Test" name="subTestGetSourceDurationString3AsLocalTime" time="0.0" />
  <testcase classname="aka.jmetadata.test.JMetaDataVideo_Test" name="subTestGetMenuIDStringAsLocalTime" time="0.0" />
  <testcase classname="aka.jmetadata.test.JMetaDataVideo_Test" name="subTestGetColorSpaceAsString" time="0.0" />
  <testcase classname="aka.jmetadata.test.JMetaDataVideo_Test" name="subTestGetSourceStreamSizeEncodedAsString" time="0.0" />
  <testcase classname="aka.jmetadata.test.JMetaDataVideo_Test" name="subTestGetFrameRateNominalStringAsBoolean" time="0.0" />
  <testcase classname="aka.jmetadata.test.JMetaDataVideo_Test" name="subTestGetFrameRateOriginalDenAsInteger" time="0.0" />
  <testcase classname="aka.jmetadata.test.JMetaDataVideo_Test" name="subTestGetRotationAsBoolean" time="0.0" />
  <testcase classname="aka.jmetadata.test.JMetaDataVideo_Test" name="subTestGetFormatCompressionAsURL" time="0.001" />
  <testcase classname="aka.jmetadata.test.JMetaDataVideo_Test" name="subTestGetDisabledStringAsURL" time="0.0" />
  <testcase classname="aka.jmetadata.test.JMetaDataVideo_Test" name="subTestGetDelayAsLocalDateTime" time="0.0" />
  <testcase classname="aka.jmetadata.test.JMetaDataVideo_Test" name="subTestGetScanOrderStoredAsString" time="0.0" />
  <testcase classname="aka.jmetadata.test.JMetaDataVideo_Test" name="subTestGetStreamCountAsLocalDateTime" time="0.001" />
  <testcase classname="aka.jmetadata.test.JMetaDataVideo_Test" name="subTestGetScanTypeOriginalAsBigInteger" time="0.0" />
  <testcase classname="aka.jmetadata.test.JMetaDataVideo_Test" name="subTestGetEncodedApplicationNameAsBigInteger" time="0.0" />
  <testcase classname="aka.jmetadata.test.JMetaDataVideo_Test" name="subTestGetFrameRateOriginalNumAsLong" time="0.0" />
  <testcase classname="aka.jmetadata.test.JMetaDataVideo_Test" name="subTestGetScanOrderStringAsBoolean" time="0.0" />
  <testcase classname="aka.jmetadata.test.JMetaDataVideo_Test" name="subTestGetUniqueIDAsLocalDateTime" time="0.001" />
  <testcase classname="aka.jmetadata.test.JMetaDataVideo_Test" name="subTestGetFormatSettingsBVOPAsLong" time="0.0" />
  <testcase classname="aka.jmetadata.test.JMetaDataVideo_Test" name="subTestGetMultiViewBaseProfileAsURL" time="0.0" />
  <testcase classname="aka.jmetadata.test.JMetaDataVideo_Test" name="subTestGetSourceDurationStringAsBigInteger" time="0.0" />
  <testcase classname="aka.jmetadata.test.JMetaDataVideo_Test" name="subTestGetSourceStreamSizeString5AsBoolean" time="0.0" />
  <testcase classname="aka.jmetadata.test.JMetaDataVideo_Test" name="subTestGetCompressionRatioAsBigInteger" time="0.0" />
  <testcase classname="aka.jmetadata.test.JMetaDataVideo_Test" name="subTestGetEncodedApplicationCompanyNameAsString" time="0.0" />
  <testcase classname="aka.jmetadata.test.JMetaDataVideo_Test" name="subTestGetTitleAsURL" time="0.0" />
  <testcase classname="aka.jmetadata.test.JMetaDataVideo_Test" name="subTestGetScanTypeOriginalAsURL" time="0.0" />
  <testcase classname="aka.jmetadata.test.JMetaDataVideo_Test" name="subTestGetcolourprimariesOriginalAsLocalTime" time="0.0" />
  <testcase classname="aka.jmetadata.test.JMetaDataVideo_Test" name="subTestGetEncodedOperatingSystemAsInteger" time="0.0" />
  <testcase classname="aka.jmetadata.test.JMetaDataVideo_Test" name="subTestGetDurationString3AsLong" time="0.0" />
  <testcase classname="aka.jmetadata.test.JMetaDataVideo_Test" name="subTestGetChromaSubsamplingStringAsLocalTime" time="0.0" />
  <testcase classname="aka.jmetadata.test.JMetaDataVideo_Test" name="subTestGetDurationFirstFrameString3AsInteger" time="0.0" />
  <testcase classname="aka.jmetadata.test.JMetaDataVideo_Test" name="subTestGetEncodedApplicationStringAsBigInteger" time="0.0" />
  <testcase classname="aka.jmetadata.test.JMetaDataVideo_Test" name="subTestGetSourceDurationLastFrameString4AsInteger" time="0.0" />
  <testcase classname="aka.jmetadata.test.JMetaDataVideo_Test" name="subTestGetFrameRateMaximumStringAsURL" time="0.0" />
  <testcase classname="aka.jmetadata.test.JMetaDataVideo_Test" name="subTestGetStreamSizeEncodedString1AsBigInteger" time="0.0" />
  <testcase classname="aka.jmetadata.test.JMetaDataVideo_Test" name="subTestGetLanguageString2AsLong" time="0.0" />
  <testcase classname="aka.jmetadata.test.JMetaDataVideo_Test" name="subTestGetGopOpenClosedAsInteger" time="0.0" />
  <testcase classname="aka.jmetadata.test.JMetaDataVideo_Test" name="subTestGetEncodedLibraryCompanyNameAsBoolean" time="0.001" />
  <testcase classname="aka.jmetadata.test.JMetaDataVideo_Test" name="subTestGetHeightStringAsBoolean" time="0.001" />
  <testcase classname="aka.jmetadata.test.JMetaDataVideo_Test" name="subTestGetScanOrderOriginalStringAsBoolean" time="0.0" />
  <testcase classname="aka.jmetadata.test.JMetaDataVideo_Test" name="subTestGetTimeStampFirstFrameString4AsBigInteger" time="0.0" />
  <testcase classname="aka.jmetadata.test.JMetaDataVideo_Test" name="subTestGetStreamSizeEncodedString4AsLong" time="0.0" />
  <testcase classname="aka.jmetadata.test.JMetaDataVideo_Test" name="subTestGetStreamSizeString3AsString" time="0.0" />
  <testcase classname="aka.jmetadata.test.JMetaDataVideo_Test" name="subTestGetEncodedOperatingSystemAsLocalTime" time="0.0" />
  <testcase classname="aka.jmetadata.test.JMetaDataVideo_Test" name="subTestGetTimeStampFirstFrameString4AsLocalDateTime" time="0.0" />
  <testcase classname="aka.jmetadata.test.JMetaDataVideo_Test" name="subTestGetStoredWidthAsURL" time="0.0" />
  <testcase classname="aka.jmetadata.test.JMetaDataVideo_Test" name="subTestGetStoredWidthAsLocalDateTime" time="0.0" />
  <testcase classname="aka.jmetadata.test.JMetaDataVideo_Test" name="subTestGetBitsPixelFrameAsLocalDateTime" time="0.0" />
  <testcase classname="aka.jmetadata.test.JMetaDataVideo_Test" name="subTestGetWidthOriginalStringAsString" time="0.0" />
  <testcase classname="aka.jmetadata.test.JMetaDataVideo_Test" name="subTestGetSourceDurationString3AsInteger" time="0.0" />
  <testcase classname="aka.jmetadata.test.JMetaDataVideo_Test" name="subTestGetMultiViewBaseProfileAsLong" time="0.0" />
  <testcase classname="aka.jmetadata.test.JMetaDataVideo_Test" name="subTestGetFormatSettingsFrameModeAsBigInteger" time="0.0" />
  <testcase classname="aka.jmetadata.test.JMetaDataVideo_Test" name="subTestGetDurationLastFrameStringAsString" time="0.0" />
  <testcase classname="aka.jmetadata.test.JMetaDataVideo_Test" name="subTestGetStandardAsInteger" time="0.0" />
  <testcase classname="aka.jmetadata.test.JMetaDataVideo_Test" name="subTestGetSourceDurationLastFrameString5AsLocalTime" time="0.0" />
  <testcase classname="aka.jmetadata.test.JMetaDataVideo_Test" name="subTestGetDelayString1AsLocalTime" time="0.0" />
  <testcase classname="aka.jmetadata.test.JMetaDataVideo_Test" name="subTestGetStreamSizeEncodedProportionAsString" time="0.0" />
  <testcase classname="aka.jmetadata.test.JMetaDataVideo_Test" name="subTestGetCompressionModeStringAsBigInteger" time="0.0" />
  <testcase classname="aka.jmetadata.test.JMetaDataVideo_Test" name="subTestGetEncodedApplicationUrlAsLocalTime" time="0.0" />
  <testcase classname="aka.jmetadata.test.JMetaDataVideo_Test" name="subTestGetFrameRateStringAsLocalTime" time="0.0" />
  <testcase classname="aka.jmetadata.test.JMetaDataVideo_Test" name="subTestGetDelayOriginalDropFrameAsInteger" time="0.0" />
  <testcase classname="aka.jmetadata.test.JMetaDataVideo_Test" name="subTestGetChromaSubsamplingStringAsBoolean" time="0.0" />
  <testcase classname="aka.jmetadata.test.JMetaDataVideo_Test" name="subTestGetEncodedLibraryCompanyNameAsURL" time="0.0" />
  <testcase classname="aka.jmetadata.test.JMetaDataVideo_Test" name="subTestGetLanguageString4AsInteger" time="0.001" />
  <testcase classname="aka.jmetadata.test.JMetaDataVideo_Test" name="subTestGetDelayOriginalStringAsBoolean" time="0.0" />
  <testcase classname="aka.jmetadata.test.JMetaDataVideo_Test" name="subTestGetCodecIDUrlAsLocalTime" time="0.0" />
  <testcase classname="aka.jmetadata.test.JMetaDataVideo_Test" name="subTestGetcolourrangeAsURL" time="0.0" />
  <testcase classname="aka.jmetadata.test.JMetaDataVideo_Test" name="subTestGetOriginalSourceMediumIDStringAsBigInteger" time="0.0" />
  <testcase classname="aka.jmetadata.test.JMetaDataVideo_Test" name="subTestGetFormatSettingsQPelAsInteger" time="0.0" />
  <testcase classname="aka.jmetadata.test.JMetaDataVideo_Test" name="subTestGetDelayString2AsBigInteger" time="0.0" />
  <testcase classname="aka.jmetadata.test.JMetaDataVideo_Test" name="subTestGetcolourdescriptionpresentOriginalAsLocalTime" time="0.001" />
  <testcase classname="aka.jmetadata.test.JMetaDataVideo_Test" name="subTestGetSourceDurationString2AsLocalDateTime" time="0.0" />
  <testcase classname="aka.jmetadata.test.JMetaDataVideo_Test" name="subTestGetMultiViewLayoutAsBigInteger" time="0.0" />
  <testcase classname="aka.jmetadata.test.JMetaDataVideo_Test" name="subTestGetmatrixcoefficientsAsLocalDateTime" time="0.001" />
  <testcase classname="aka.jmetadata.test.JMetaDataVideo_Test" name="subTestGetStreamSizeDemuxedString3AsLocalTime" time="0.0" />
  <testcase classname="aka.jmetadata.test.JMetaDataVideo_Test" name="subTestGetMultiViewBaseProfileAsLocalDateTime" time="0.0" />
  <testcase classname="aka.jmetadata.test.JMetaDataVideo_Test" name="subTestGetSourceDurationFirstFrameAsLocalTime" time="0.0" />
  <testcase classname="aka.jmetadata.test.JMetaDataVideo_Test" name="subTestGetDelayOriginalDropFrameAsURL" time="0.0" />
  <testcase classname="aka.jmetadata.test.JMetaDataVideo_Test" name="subTestGetScanTypeOriginalStringAsURL" time="0.0" />
  <testcase classname="aka.jmetadata.test.JMetaDataVideo_Test" name="subTestGetScanTypeStringAsBoolean" time="0.0" />
  <testcase classname="aka.jmetadata.test.JMetaDataVideo_Test" name="subTestGetSourceDurationFirstFrameString1AsBoolean" time="0.0" />
  <testcase classname="aka.jmetadata.test.JMetaDataVideo_Test" name="subTestGetSourceDurationString4AsLocalTime" time="0.0" />
  <testcase classname="aka.jmetadata.test.JMetaDataVideo_Test" name="subTestGetFrameRateOriginalStringAsLong" time="0.0" />
  <testcase classname="aka.jmetadata.test.JMetaDataVideo_Test" name="subTestGetSourceDurationFirstFrameString1AsBigInteger" time="0.001" />
  <testcase classname="aka.jmetadata.test.JMetaDataVideo_Test" name="subTestGetFormatSettingsPulldownAsInteger" time="0.0" />
  <testcase classname="aka.jmetadata.test.JMetaDataVideo_Test" name="subTestGetFormatSettingsCABACAsLong" time="0.0" />
  <testcase classname="aka.jmetadata.test.JMetaDataVideo_Test" name="subTestGetTimeCodeFirstFrameAsLong" time="0.0" />
  <testcase classname="aka.jmetadata.test.JMetaDataVideo_Test" name="subTestGetScanOrderStoredStringAsURL" time="0.0" />
  <testcase classname="aka.jmetadata.test.JMetaDataVideo_Test" name="subTestGetFormatVersionAsBoolean" time="0.0" />
  <testcase classname="aka.jmetadata.test.JMetaDataVideo_Test" name="subTestGetStreamSizeDemuxedStringAsInteger" time="0.0" />
  <testcase classname="aka.jmetadata.test.JMetaDataVideo_Test" name="subTestGetFormatSettingsFrameModeAsString" time="0.001" />
  <testcase classname="aka.jmetadata.test.JMetaDataVideo_Test" name="subTestGetInformAsBigInteger" time="0.001" />
  <testcase classname="aka.jmetadata.test.JMetaDataVideo_Test" name="subTestGetChromaSubsamplingAsBigInteger" time="0.0" />
  <testcase classname="aka.jmetadata.test.JMetaDataVideo_Test" name="subTestGetEncodedApplicationUrlAsLocalDateTime" time="0.0" />
  <testcase classname="aka.jmetadata.test.JMetaDataVideo_Test" name="subTestGetStreamSizeEncodedString5AsString" time="0.0" />
  <testcase classname="aka.jmetadata.test.JMetaDataVideo_Test" name="subTestGetGopOpenClosedFirstFrameStringAsString" time="0.0" />
  <testcase classname="aka.jmetadata.test.JMetaDataVideo_Test" name="subTestGetDurationFirstFrameStringAsLocalDateTime" time="0.0" />
  <testcase classname="aka.jmetadata.test.JMetaDataVideo_Test" name="subTestGetStreamSizeDemuxedStringAsBigInteger" time="0.0" />
  <testcase classname="aka.jmetadata.test.JMetaDataVideo_Test" name="subTestGetEncodedApplicationVersionAsBoolean" time="0.0" />
  <testcase classname="aka.jmetadata.test.JMetaDataVideo_Test" name="subTestGetFormatSettingsPictureStructureAsURL" time="0.0" />
  <testcase classname="aka.jmetadata.test.JMetaDataVideo_Test" name="subTestGetDelayAsURL" time="0.0" />
  <testcase classname="aka.jmetadata.test.JMetaDataVideo_Test" name="subTestGetStreamSizeString1AsBigInteger" time="0.0" />
  <testcase classname="aka.jmetadata.test.JMetaDataVideo_Test" name="subTestGetSourceDurationFirstFrameStringAsLocalDateTime" time="0.0" />
  <testcase classname="aka.jmetadata.test.JMetaDataVideo_Test" name="subTestGetSourceStreamSizeEncodedStringAsLong" time="0.0" />
  <testcase classname="aka.jmetadata.test.JMetaDataVideo_Test" name="subTestGetTimeStampFirstFrameAsInteger" time="0.0" />
  <testcase classname="aka.jmetadata.test.JMetaDataVideo_Test" name="subTestGetFormatUrlAsURL" time="0.026" />
  <testcase classname="aka.jmetadata.test.JMetaDataVideo_Test" name="subTestGetFormatSettingsPictureStructureAsString" time="0.0" />
  <testcase classname="aka.jmetadata.test.JMetaDataVideo_Test" name="subTestGetDelayDropFrameAsBigInteger" time="0.0" />
  <testcase classname="aka.jmetadata.test.JMetaDataVideo_Test" name="subTestGetDurationAsURL" time="0.0" />
  <testcase classname="aka.jmetadata.test.JMetaDataVideo_Test" name="subTestGetFrameRateModeStringAsURL" time="0.0" />
  <testcase classname="aka.jmetadata.test.JMetaDataVideo_Test" name="subTestGetFormatCompressionAsString" time="0.001" />
  <testcase classname="aka.jmetadata.test.JMetaDataVideo_Test" name="subTestGetDurationLastFrameString5AsLocalDateTime" time="0.0" />
  <testcase classname="aka.jmetadata.test.JMetaDataVideo_Test" name="subTestGetLanguageString3AsString" time="0.0" />
  <testcase classname="aka.jmetadata.test.JMetaDataVideo_Test" name="subTestGetScanTypeOriginalStringAsLocalDateTime" time="0.0" />
  <testcase classname="aka.jmetadata.test.JMetaDataVideo_Test" name="subTestGetSourceStreamSizeEncodedProportionAsLong" time="0.0" />
  <testcase classname="aka.jmetadata.test.JMetaDataVideo_Test" name="subTestGetDurationFirstFrameStringAsString" time="0.0" />
  <testcase classname="aka.jmetadata.test.JMetaDataVideo_Test" name="subTestGetBitRateNominalStringAsLocalDateTime" time="0.001" />
  <testcase classname="aka.jmetadata.test.JMetaDataVideo_Test" name="subTestGetFormatInfoAsLong" time="0.0" />
  <testcase classname="aka.jmetadata.test.JMetaDataVideo_Test" name="subTestGetStoredHeightAsString" time="0.0" />
  <testcase classname="aka.jmetadata.test.JMetaDataVideo_Test" name="subTestGetFrameRateMinimumAsString" time="0.0" />
  <testcase classname="aka.jmetadata.test.JMetaDataVideo_Test" name="subTestGetSourceDurationLastFrameString5AsLocalDateTime" time="0.001" />
  <testcase classname="aka.jmetadata.test.JMetaDataVideo_Test" name="subTestGetEncodedLibraryVersionAsString" time="0.0" />
  <testcase classname="aka.jmetadata.test.JMetaDataVideo_Test" name="subTestGetOriginalSourceMediumIDAsInteger" time="0.001" />
  <testcase classname="aka.jmetadata.test.JMetaDataVideo_Test" name="subTestGetSourceDurationFirstFrameString1AsLong" time="0.0" />
  <testcase classname="aka.jmetadata.test.JMetaDataVideo_Test" name="subTestGetStreamSizeDemuxedString2AsLocalDateTime" time="0.0" />
  <testcase classname="aka.jmetadata.test.JMetaDataVideo_Test" name="subTestGetDelayString2AsLocalTime" time="0.0" />
  <testcase classname="aka.jmetadata.test.JMetaDataVideo_Test" name="subTestGetScanOrderStoredStringAsBoolean" time="0.001" />
  <testcase classname="aka.jmetadata.test.JMetaDataVideo_Test" name="subTestGetFrameRateNumAsURL" time="0.0" />
  <testcase classname="aka.jmetadata.test.JMetaDataVideo_Test" name="subTestGetSampledHeightAsLocalTime" time="0.0" />
  <testcase classname="aka.jmetadata.test.JMetaDataVideo_Test" name="subTestGetMenuIDAsBigInteger" time="0.0" />
  <testcase classname="aka.jmetadata.test.JMetaDataVideo_Test" name="subTestGetWidthAsURL" time="0.0" />
  <testcase classname="aka.jmetadata.test.JMetaDataVideo_Test" name="subTestGetFrameRateNominalStringAsLong" time="0.0" />
  <testcase classname="aka.jmetadata.test.JMetaDataVideo_Test" name="subTestGetFormatSettingsBVOPStringAsString" time="0.001" />
  <testcase classname="aka.jmetadata.test.JMetaDataVideo_Test" name="subTestGetSourceStreamSizeString4AsBoolean" time="0.0" />
  <testcase classname="aka.jmetadata.test.JMetaDataVideo_Test" name="subTestGetDelayString1AsURL" time="0.0" />
  <testcase classname="aka.jmetadata.test.JMetaDataVideo_Test" name="subTestGetStreamCountAsLocalTime" time="0.001" />
  <testcase classname="aka.jmetadata.test.JMetaDataVideo_Test" name="subTestGetScanTypeStringAsLocalTime" time="0.0" />
  <testcase classname="aka.jmetadata.test.JMetaDataVideo_Test" name="subTestGetcolourprimariesAsBigInteger" time="0.001" />
  <testcase classname="aka.jmetadata.test.JMetaDataVideo_Test" name="subTestGetFrameRateModeStringAsString" time="0.001" />
  <testcase classname="aka.jmetadata.test.JMetaDataVideo_Test" name="subTestGetIDAsLocalDateTime" time="0.0" />
  <testcase classname="aka.jmetadata.test.JMetaDataVideo_Test" name="subTestGetFormatSettingsRefFramesStringAsURL" time="0.0" />
  <testcase classname="aka.jmetadata.test.JMetaDataVideo_Test" name="subTestGetScanOrderOriginalStringAsString" time="0.0" />
  <testcase classname="aka.jmetadata.test.JMetaDataVideo_Test" name="subTestGetStreamSizeEncodedAsLocalDateTime" time="0.0" />
  <testcase classname="aka.jmetadata.test.JMetaDataVideo_Test" name="subTestGetStreamSizeDemuxedString4AsLocalTime" time="0.0" />
  <testcase classname="aka.jmetadata.test.JMetaDataVideo_Test" name="subTestGetDurationFirstFrameString2AsInteger" time="0.0" />
  <testcase classname="aka.jmetadata.test.JMetaDataVideo_Test" name="subTestGetDurationAsBigInteger" time="0.0" />
  <testcase classname="aka.jmetadata.test.JMetaDataVideo_Test" name="subTestGetFormatSettingsRefFramesAsURL" time="0.0" />
  <testcase classname="aka.jmetadata.test.JMetaDataVideo_Test" name="subTestGetScanOrderStoredStringAsString" time="0.001" />
  <testcase classname="aka.jmetadata.test.JMetaDataVideo_Test" name="subTestGetSourceDurationLastFrameString3AsInteger" time="0.0" />
  <testcase classname="aka.jmetadata.test.JMetaDataVideo_Test" name="subTestGetEncodedApplicationUrlAsInteger" time="0.0" />
  <testcase classname="aka.jmetadata.test.JMetaDataVideo_Test" name="subTestGetSourceDurationString5AsLocalTime" time="0.001" />
  <testcase classname="aka.jmetadata.test.JMetaDataVideo_Test" name="subTestGetPixelAspectRatioOriginalStringAsString" time="0.0" />
  <testcase classname="aka.jmetadata.test.JMetaDataVideo_Test" name="subTestGetEncodedLibraryDateAsLong" time="0.0" />
  <testcase classname="aka.jmetadata.test.JMetaDataVideo_Test" name="subTestGetSourceStreamSizeEncodedString4AsLong" time="0.0" />
  <testcase classname="aka.jmetadata.test.JMetaDataVideo_Test" name="subTestGetFrameRateOriginalStringAsInteger" time="0.001" />
  <testcase classname="aka.jmetadata.test.JMetaDataVideo_Test" name="subTestGetDisabledStringAsBigInteger" time="0.0" />
  <testcase classname="aka.jmetadata.test.JMetaDataVideo_Test" name="subTestGetScanOrderOriginalAsLong" time="0.0" />
  <testcase classname="aka.jmetadata.test.JMetaDataVideo_Test" name="subTestGetDelayString2AsURL" time="0.0" />
  <testcase classname="aka.jmetadata.test.JMetaDataVideo_Test" name="subTestGetSourceDurationFirstFrameAsURL" time="0.0" />
  <testcase classname="aka.jmetadata.test.JMetaDataVideo_Test" name="subTestGetStreamSizeEncodedStringAsLocalTime" time="0.001" />
  <testcase classname="aka.jmetadata.test.JMetaDataVideo_Test" name="subTestGetHeightOffsetAsURL" time="0.0" />
  <testcase classname="aka.jmetadata.test.JMetaDataVideo_Test" name="subTestGetDelaySourceAsLocalDateTime" time="0.0" />
  <testcase classname="aka.jmetadata.test.JMetaDataVideo_Test" name="subTestGetGopOpenClosedFirstFrameAsLocalTime" time="0.0" />
  <testcase classname="aka.jmetadata.test.JMetaDataVideo_Test" name="subTestGetSampledHeightAsBigInteger" time="0.0" />
  <testcase classname="aka.jmetadata.test.JMetaDataVideo_Test" name="subTestGetSourceDurationString2AsInteger" time="0.001" />
  <testcase classname="aka.jmetadata.test.JMetaDataVideo_Test" name="subTestGetSourceStreamSizeEncodedStringAsString" time="0.0" />
  <testcase classname="aka.jmetadata.test.JMetaDataVideo_Test" name="subTestGetScanTypeStringAsURL" time="0.0" />
  <testcase classname="aka.jmetadata.test.JMetaDataVideo_Test" name="subTestGetFormatCompressionAsInteger" time="0.0" />
  <testcase classname="aka.jmetadata.test.JMetaDataVideo_Test" name="subTestGetEncodedOperatingSystemAsLong" time="0.0" />
  <testcase classname="aka.jmetadata.test.JMetaDataVideo_Test" name="subTestGetMuxingModeAsBoolean" time="0.0" />
  <testcase classname="aka.jmetadata.test.JMetaDataVideo_Test" name="subTestGetMultiViewLayoutAsInteger" time="0.0" />
  <testcase classname="aka.jmetadata.test.JMetaDataVideo_Test" name="subTestGetIDStringAsString" time="0.001" />
  <testcase classname="aka.jmetadata.test.JMetaDataVideo_Test" name="subTestGetBitDepthAsBigInteger" time="0.0" />
  <testcase classname="aka.jmetadata.test.JMetaDataVideo_Test" name="subTestGetFormatProfileAsLocalDateTime" time="0.0" />
  <testcase classname="aka.jmetadata.test.JMetaDataVideo_Test" name="subTestGetDelayString3AsURL" time="0.0" />
  <testcase classname="aka.jmetadata.test.JMetaDataVideo_Test" name="subTestGetFormatCommercialIfAnyAsLocalDateTime" time="0.0" />
  <testcase classname="aka.jmetadata.test.JMetaDataVideo_Test" name="subTestGetStreamSizeEncodedString2AsLocalDateTime" time="0.0" />
  <testcase classname="aka.jmetadata.test.JMetaDataVideo_Test" name="subTestGetRotationAsURL" time="0.0" />
  <testcase classname="aka.jmetadata.test.JMetaDataVideo_Test" name="subTestGetEncodedApplicationStringAsInteger" time="0.0" />
  <testcase classname="aka.jmetadata.test.JMetaDataVideo_Test" name="subTestGetTimeStampFirstFrameStringAsString" time="0.0" />
  <testcase classname="aka.jmetadata.test.JMetaDataVideo_Test" name="subTestGetLanguageString3AsInteger" time="0.0" />
  <testcase classname="aka.jmetadata.test.JMetaDataVideo_Test" name="subTestGetStreamSizeProportionAsLong" time="0.0" />
  <testcase classname="aka.jmetadata.test.JMetaDataVideo_Test" name="subTestGetmatrixcoefficientsOriginalAsLong" time="0.0" />
  <testcase classname="aka.jmetadata.test.JMetaDataVideo_Test" name="subTestGetDelaySourceAsInteger" time="0.0" />
  <testcase classname="aka.jmetadata.test.JMetaDataVideo_Test" name="subTestGettransfercharacteristicsAsLocalTime" time="0.001" />
  <testcase classname="aka.jmetadata.test.JMetaDataVideo_Test" name="subTestGetTimeCodeSettingsAsBoolean" time="0.001" />
  <testcase classname="aka.jmetadata.test.JMetaDataVideo_Test" name="subTestGetSourceStreamSizeEncodedString2AsLocalDateTime" time="0.001" />
  <testcase classname="aka.jmetadata.test.JMetaDataVideo_Test" name="subTestGetPixelAspectRatioAsBoolean" time="0.0" />
  <testcase classname="aka.jmetadata.test.JMetaDataVideo_Test" name="subTestGetStreamSizeDemuxedString4AsLong" time="0.001" />
  <testcase classname="aka.jmetadata.test.JMetaDataVideo_Test" name="subTestGetDisplayAspectRatioCleanApertureStringAsLocalDateTime" time="0.0" />
  <testcase classname="aka.jmetadata.test.JMetaDataVideo_Test" name="subTestGetSampledWidthAsBigInteger" time="0.001" />
  <testcase classname="aka.jmetadata.test.JMetaDataVideo_Test" name="subTestGetFormatCommercialIfAnyAsString" time="0.0" />
  <testcase classname="aka.jmetadata.test.JMetaDataVideo_Test" name="subTestGetFormatUrlAsLong" time="0.0" />
  <testcase classname="aka.jmetadata.test.JMetaDataVideo_Test" name="subTestGetmatrixcoefficientsOriginalAsURL" time="0.0" />
  <testcase classname="aka.jmetadata.test.JMetaDataVideo_Test" name="subTestGetAlternateGroupStringAsBoolean" time="0.0" />
  <testcase classname="aka.jmetadata.test.JMetaDataVideo_Test" name="subTestGetBitRateEncodedAsLong" time="0.001" />
  <testcase classname="aka.jmetadata.test.JMetaDataVideo_Test" name="subTestGetDurationFirstFrameAsString" time="0.0" />
  <testcase classname="aka.jmetadata.test.JMetaDataVideo_Test" name="subTestGetDelayString4AsURL" time="0.0" />
  <testcase classname="aka.jmetadata.test.JMetaDataVideo_Test" name="subTestGetFormatSettingsMatrixAsBigInteger" time="0.0" />
  <testcase classname="aka.jmetadata.test.JMetaDataVideo_Test" name="subTestGetTimeStampFirstFrameAsString" time="0.0" />
  <testcase classname="aka.jmetadata.test.JMetaDataVideo_Test" name="subTestGetForcedAsURL" time="0.001" />
  <testcase classname="aka.jmetadata.test.JMetaDataVideo_Test" name="subTestGetDurationFirstFrameString1AsString" time="0.0" />
  <testcase classname="aka.jmetadata.test.JMetaDataVideo_Test" name="subTestGetFrameRateAsLong" time="0.0" />
  <testcase classname="aka.jmetadata.test.JMetaDataVideo_Test" name="subTestGetDurationFirstFrameString3AsLong" time="0.0" />
  <testcase classname="aka.jmetadata.test.JMetaDataVideo_Test" name="subTestGetcolourrangeAsString" time="0.0" />
  <testcase classname="aka.jmetadata.test.JMetaDataVideo_Test" name="subTestGetEncodedApplicationCompanyNameAsBigInteger" time="0.0" />
  <testcase classname="aka.jmetadata.test.JMetaDataVideo_Test" name="subTestGetTimeStampFirstFrameString3AsLong" time="0.0" />
  <testcase classname="aka.jmetadata.test.JMetaDataVideo_Test" name="subTestGetForcedStringAsBoolean" time="0.0" />
  <testcase classname="aka.jmetadata.test.JMetaDataVideo_Test" name="subTestGetFormatSettingsWrappingAsLong" time="0.0" />
  <testcase classname="aka.jmetadata.test.JMetaDataVideo_Test" name="subTestGetFormatUrlAsBigInteger" time="0.0" />
  <testcase classname="aka.jmetadata.test.JMetaDataVideo_Test" name="subTestGetDelayString3AsLocalTime" time="0.0" />
  <testcase classname="aka.jmetadata.test.JMetaDataVideo_Test" name="subTestGetScanTypeStoreMethodStringAsInteger" time="0.0" />
  <testcase classname="aka.jmetadata.test.JMetaDataVideo_Test" name="subTestGetSourceStreamSizeEncodedString5AsInteger" time="0.0" />
  <testcase classname="aka.jmetadata.test.JMetaDataVideo_Test" name="subTestGetStreamSizeAsInteger" time="0.001" />
  <testcase classname="aka.jmetadata.test.JMetaDataVideo_Test" name="subTestGetDelayString5AsURL" time="0.0" />
  <testcase classname="aka.jmetadata.test.JMetaDataVideo_Test" name="subTestGetTitleAsLong" time="0.0" />
  <testcase classname="aka.jmetadata.test.JMetaDataVideo_Test" name="subTestGetFrameRateOriginalAsLong" time="0.0" />
  <testcase classname="aka.jmetadata.test.JMetaDataVideo_Test" name="subTestGetEncodedApplicationNameAsLocalTime" time="0.0" />
  <testcase classname="aka.jmetadata.test.JMetaDataVideo_Test" name="subTestGetPixelAspectRatioOriginalAsBigInteger" time="0.0" />
  <testcase classname="aka.jmetadata.test.JMetaDataVideo_Test" name="subTestGetCompressionRatioAsLocalTime" time="0.0" />
  <testcase classname="aka.jmetadata.test.JMetaDataVideo_Test" name="subTestGetTimeStampFirstFrameString3AsBigInteger" time="0.0" />
  <testcase classname="aka.jmetadata.test.JMetaDataVideo_Test" name="subTestGetGopOpenClosedFirstFrameStringAsLong" time="0.0" />
  <testcase classname="aka.jmetadata.test.JMetaDataVideo_Test" name="subTestGetFormatSettingsGOPAsBoolean" time="0.0" />
  <testcase classname="aka.jmetadata.test.JMetaDataVideo_Test" name="subTestGetEncodedLibraryDateAsBigInteger" time="0.0" />
  <testcase classname="aka.jmetadata.test.JMetaDataVideo_Test" name="subTestGetSourceDurationLastFrameString5AsBigInteger" time="0.001" />
  <testcase classname="aka.jmetadata.test.JMetaDataVideo_Test" name="subTestGetDisabledStringAsString" time="0.001" />
  <testcase classname="aka.jmetadata.test.JMetaDataVideo_Test" name="subTestGetCompressionModeAsString" time="0.001" />
  <testcase classname="aka.jmetadata.test.JMetaDataVideo_Test" name="subTestGetSourceDurationFirstFrameString4AsString" time="0.001" />
  <testcase classname="aka.jmetadata.test.JMetaDataVideo_Test" name="subTestGetFormatSettingsAsURL" time="0.0" />
  <testcase classname="aka.jmetadata.test.JMetaDataVideo_Test" name="subTestGetSourceStreamSizeEncodedProportionAsInteger" time="0.0" />
  <testcase classname="aka.jmetadata.test.JMetaDataVideo_Test" name="subTestGetWidthOffsetAsBoolean" time="0.0" />
  <testcase classname="aka.jmetadata.test.JMetaDataVideo_Test" name="subTestGetBitRateNominalStringAsInteger" time="0.0" />
  <testcase classname="aka.jmetadata.test.JMetaDataVideo_Test" name="subTestGetFrameRateOriginalAsBoolean" time="0.0" />
  <testcase classname="aka.jmetadata.test.JMetaDataVideo_Test" name="subTestGetDisplayAspectRatioOriginalStringAsLong" time="0.0" />
  <testcase classname="aka.jmetadata.test.JMetaDataVideo_Test" name="subTestGetStreamSizeDemuxedString5AsLocalTime" time="0.0" />
  <testcase classname="aka.jmetadata.test.JMetaDataVideo_Test" name="subTestGetFormatSettingsGMCStringAsBoolean" time="0.0" />
  <testcase classname="aka.jmetadata.test.JMetaDataVideo_Test" name="subTestGetDelayOriginalStringAsString" time="0.0" />
  <testcase classname="aka.jmetadata.test.JMetaDataVideo_Test" name="subTestGetDelayStringAsBigInteger" time="0.001" />
  <testcase classname="aka.jmetadata.test.JMetaDataVideo_Test" name="subTestGetDelaySettingsAsInteger" time="0.0" />
  <testcase classname="aka.jmetadata.test.JMetaDataVideo_Test" name="subTestGetFrameRateDenAsBoolean" time="0.0" />
  <testcase classname="aka.jmetadata.test.JMetaDataVideo_Test" name="subTestGetPixelAspectRatioAsString" time="0.0" />
  <testcase classname="aka.jmetadata.test.JMetaDataVideo_Test" name="subTestGetStandardAsLocalTime" time="0.0" />
  <testcase classname="aka.jmetadata.test.JMetaDataVideo_Test" name="subTestGetSourceStreamSizeString3AsLong" time="0.001" />
  <testcase classname="aka.jmetadata.test.JMetaDataVideo_Test" name="subTestGetScanTypeOriginalAsLong" time="0.0" />
  <testcase classname="aka.jmetadata.test.JMetaDataVideo_Test" name="subTestGetDurationAsLong" time="0.0" />
  <testcase classname="aka.jmetadata.test.JMetaDataVideo_Test" name="subTestGetDelayString1AsBigInteger" time="0.0" />
  <testcase classname="aka.jmetadata.test.JMetaDataVideo_Test" name="subTestGetTimeStampFirstFrameString5AsString" time="0.0" />
  <testcase classname="aka.jmetadata.test.JMetaDataVideo_Test" name="subTestGetFormatSettingsCABACAsBoolean" time="0.0" />
  <testcase classname="aka.jmetadata.test.JMetaDataVideo_Test" name="subTestGetSourceDurationString3AsLong" time="0.0" />
  <testcase classname="aka.jmetadata.test.JMetaDataVideo_Test" name="subTestGetStoredWidthAsString" time="0.0" />
  <testcase classname="aka.jmetadata.test.JMetaDataVideo_Test" name="subTestGetCodecIDAsBoolean" time="0.0" />
  <testcase classname="aka.jmetadata.test.JMetaDataVideo_Test" name="subTestGetEncodedDateAsBoolean" time="0.0" />
  <testcase classname="aka.jmetadata.test.JMetaDataVideo_Test" name="subTestGetOriginalSourceMediumIDStringAsInteger" time="0.0" />
  <testcase classname="aka.jmetadata.test.JMetaDataVideo_Test" name="subTestGetFrameRateModeOriginalStringAsInteger" time="0.0" />
  <testcase classname="aka.jmetadata.test.JMetaDataVideo_Test" name="subTestGetGopOpenClosedFirstFrameAsLocalDateTime" time="0.0" />
  <testcase classname="aka.jmetadata.test.JMetaDataVideo_Test" name="subTestGetScanTypeAsURL" time="0.0" />
  <testcase classname="aka.jmetadata.test.JMetaDataVideo_Test" name="subTestGetSourceStreamSizeString3AsBoolean" time="0.0" />
  <testcase classname="aka.jmetadata.test.JMetaDataVideo_Test" name="subTestGetBitRateStringAsLocalDateTime" time="0.001" />
  <testcase classname="aka.jmetadata.test.JMetaDataVideo_Test" name="subTestGetDelayOriginalSourceAsString" time="0.0" />
  <testcase classname="aka.jmetadata.test.JMetaDataVideo_Test" name="subTestGetPixelAspectRatioOriginalStringAsBoolean" time="0.0" />
  <testcase classname="aka.jmetadata.test.JMetaDataVideo_Test" name="subTestGetDurationString1AsLocalDateTime" time="0.0" />
  <testcase classname="aka.jmetadata.test.JMetaDataVideo_Test" name="subTestGetEncodedLibraryDateAsBoolean" time="0.0" />
  <testcase classname="aka.jmetadata.test.JMetaDataVideo_Test" name="subTestGetBitRateStringAsLong" time="0.0" />
  <testcase classname="aka.jmetadata.test.JMetaDataVideo_Test" name="subTestGetDurationFirstFrameString1AsInteger" time="0.0" />
  <testcase classname="aka.jmetadata.test.JMetaDataVideo_Test" name="subTestGetLanguageAsLong" time="0.0" />
  <testcase classname="aka.jmetadata.test.JMetaDataVideo_Test" name="subTestGetSourceDurationLastFrameString2AsInteger" time="0.0" />
  <testcase classname="aka.jmetadata.test.JMetaDataVideo_Test" name="subTestGetcolourrangeAsLocalTime" time="0.001" />
  <testcase classname="aka.jmetadata.test.JMetaDataVideo_Test" name="subTestGetTimeCodeFirstFrameAsInteger" time="0.001" />
  <testcase classname="aka.jmetadata.test.JMetaDataVideo_Test" name="subTestGetWidthOriginalStringAsLong" time="0.0" />
  <testcase classname="aka.jmetadata.test.JMetaDataVideo_Test" name="subTestGetDefaultAsLocalTime" time="0.0" />
  <testcase classname="aka.jmetadata.test.JMetaDataVideo_Test" name="subTestGetEncodedOperatingSystemAsURL" time="0.0" />
  <testcase classname="aka.jmetadata.test.JMetaDataVideo_Test" name="subTestGetBitRateEncodedAsURL" time="0.0" />
  <testcase classname="aka.jmetadata.test.JMetaDataVideo_Test" name="subTestGetDisplayAspectRatioOriginalStringAsURL" time="0.0" />
  <testcase classname="aka.jmetadata.test.JMetaDataVideo_Test" name="subTestGetFormatSettingsRefFramesAsBoolean" time="0.0" />
  <testcase classname="aka.jmetadata.test.JMetaDataVideo_Test" name="subTestGetStreamSizeString5AsInteger" time="0.0" />
  <testcase classname="aka.jmetadata.test.JMetaDataVideo_Test" name="subTestGetRotationStringAsLong" time="0.0" />
  <testcase classname="aka.jmetadata.test.JMetaDataVideo_Test" name="subTestGetWidthStringAsString" time="0.0" />
  <testcase classname="aka.jmetadata.test.JMetaDataVideo_Test" name="subTestGetWidthOriginalStringAsURL" time="0.0" />
  <testcase classname="aka.jmetadata.test.JMetaDataVideo_Test" name="subTestGetStreamKindAsLocalDateTime" time="0.0" />
  <testcase classname="aka.jmetadata.test.JMetaDataVideo_Test" name="subTestGetBufferSizeAsInteger" time="0.0" />
  <testcase classname="aka.jmetadata.test.JMetaDataVideo_Test" name="subTestGetDelayString4AsLong" time="0.0" />
  <testcase classname="aka.jmetadata.test.JMetaDataVideo_Test" name="subTestGetWidthCleanApertureStringAsLong" time="0.0" />
  <testcase classname="aka.jmetadata.test.JMetaDataVideo_Test" name="subTestGetBitRateMinimumStringAsLocalDateTime" time="0.0" />
  <testcase classname="aka.jmetadata.test.JMetaDataVideo_Test" name="subTestGetSourceDurationAsBoolean" time="0.0" />
  <testcase classname="aka.jmetadata.test.JMetaDataVideo_Test" name="subTestGetFormatSettingsPulldownAsString" time="0.0" />
  <testcase classname="aka.jmetadata.test.JMetaDataVideo_Test" name="subTestGetCodecIDDescriptionAsLocalTime" time="0.0" />
  <testcase classname="aka.jmetadata.test.JMetaDataVideo_Test" name="subTestGetcolourdescriptionpresentAsURL" time="0.0" />
  <testcase classname="aka.jmetadata.test.JMetaDataVideo_Test" name="subTestGetSourceDurationString2AsString" time="0.001" />
  <testcase classname="aka.jmetadata.test.JMetaDataVideo_Test" name="subTestGetSourceDurationString1AsInteger" time="0.0" />
  <testcase classname="aka.jmetadata.test.JMetaDataVideo_Test" name="subTestGetDelayString4AsLocalTime" time="0.0" />
  <testcase classname="aka.jmetadata.test.JMetaDataVideo_Test" name="subTestGetStreamKindStringAsURL" time="0.0" />
  <testcase classname="aka.jmetadata.test.JMetaDataVideo_Test" name="subTestGetFormatSettingsGMCAsLocalTime" time="0.0" />
  <testcase classname="aka.jmetadata.test.JMetaDataVideo_Test" name="subTestGetGopOpenClosedFirstFrameAsBoolean" time="0.0" />
  <testcase classname="aka.jmetadata.test.JMetaDataVideo_Test" name="subTestGetTimeCodeSourceAsLong" time="0.001" />
  <testcase classname="aka.jmetadata.test.JMetaDataVideo_Test" name="subTestGetFrameRateStringAsLocalDateTime" time="0.0" />
  <testcase classname="aka.jmetadata.test.JMetaDataVideo_Test" name="subTestGetEncodedApplicationUrlAsBigInteger" time="0.0" />
  <testcase classname="aka.jmetadata.test.JMetaDataVideo_Test" name="subTestGetScanOrderStoredStringAsLocalDateTime" time="0.0" />
  <testcase classname="aka.jmetadata.test.JMetaDataVideo_Test" name="subTestGetHeightAsLocalTime" time="0.0" />
  <testcase classname="aka.jmetadata.test.JMetaDataVideo_Test" name="subTestGetFormatSettingsRefFramesStringAsLocalDateTime" time="0.0" />
  <testcase classname="aka.jmetadata.test.JMetaDataVideo_Test" name="subTestGetFrameRateStringAsInteger" time="0.0" />
  <testcase classname="aka.jmetadata.test.JMetaDataVideo_Test" name="subTestGetFrameRateNominalStringAsLocalDateTime" time="0.0" />
  <testcase classname="aka.jmetadata.test.JMetaDataVideo_Test" name="subTestGetOriginalSourceMediumIDStringAsLocalTime" time="0.001" />
  <testcase classname="aka.jmetadata.test.JMetaDataVideo_Test" name="subTestGetLanguageString2AsInteger" time="0.0" />
  <testcase classname="aka.jmetadata.test.JMetaDataVideo_Test" name="subTestGetStreamSizeDemuxedStringAsLocalTime" time="0.0" />
  <testcase classname="aka.jmetadata.test.JMetaDataVideo_Test" name="subTestGetTimeStampFirstFrameAsLocalDateTime" time="0.001" />
  <testcase classname="aka.jmetadata.test.JMetaDataVideo_Test" name="subTestGetDelayDropFrameAsLocalDateTime" time="0.001" />
  <testcase classname="aka.jmetadata.test.JMetaDataVideo_Test" name="subTestGetDisabledAsString" time="0.0" />
  <testcase classname="aka.jmetadata.test.JMetaDataVideo_Test" name="subTestGetAlternateGroupAsString" time="0.0" />
  <testcase classname="aka.jmetadata.test.JMetaDataVideo_Test" name="subTestGetFormatSettingsCABACStringAsString" time="0.0" />
  <testcase classname="aka.jmetadata.test.JMetaDataVideo_Test" name="subTestGetScanTypeOriginalAsBoolean" time="0.0" />
  <testcase classname="aka.jmetadata.test.JMetaDataVideo_Test" name="subTestGetDefaultAsLong" time="0.0" />
  <testcase classname="aka.jmetadata.test.JMetaDataVideo_Test" name="subTestGetSourceStreamSizeProportionAsLocalTime" time="0.0" />
  <testcase classname="aka.jmetadata.test.JMetaDataVideo_Test" name="subTestGetDelaySettingsAsURL" time="0.0" />
  <testcase classname="aka.jmetadata.test.JMetaDataVideo_Test" name="subTestGetDurationLastFrameString4AsLong" time="0.0" />
  <testcase classname="aka.jmetadata.test.JMetaDataVideo_Test" name="subTestGetFrameRateStringAsBigInteger" time="0.0" />
  <testcase classname="aka.jmetadata.test.JMetaDataVideo_Test" name="subTestGetEncodedDateAsLocalTime" time="0.0" />
  <testcase classname="aka.jmetadata.test.JMetaDataVideo_Test" name="subTestGetHeightOffsetStringAsLong" time="0.0" />
  <testcase classname="aka.jmetadata.test.JMetaDataVideo_Test" name="subTestGetSourceDurationAsBigInteger" time="0.0" />
  <testcase classname="aka.jmetadata.test.JMetaDataVideo_Test" name="subTestGetDelayOriginalString4AsLong" time="0.0" />
  <testcase classname="aka.jmetadata.test.JMetaDataVideo_Test" name="subTestGetSourceStreamSizeEncodedString4AsInteger" time="0.0" />
  <testcase classname="aka.jmetadata.test.JMetaDataVideo_Test" name="subTestGetCodecIDDescriptionAsURL" time="0.0" />
  <testcase classname="aka.jmetadata.test.JMetaDataVideo_Test" name="subTestGetUniqueIDStringAsLocalDateTime" time="0.0" />
  <testcase classname="aka.jmetadata.test.JMetaDataVideo_Test" name="subTestGetScanOrderOriginalAsBigInteger" time="0.001" />
  <testcase classname="aka.jmetadata.test.JMetaDataVideo_Test" name="subTestGetStreamSizeAsBigInteger" time="0.0" />
  <testcase classname="aka.jmetadata.test.JMetaDataVideo_Test" name="subTestGetStreamSizeStringAsURL" time="0.0" />
  <testcase classname="aka.jmetadata.test.JMetaDataVideo_Test" name="subTestGetWidthOffsetStringAsLong" time="0.0" />
  <testcase classname="aka.jmetadata.test.JMetaDataVideo_Test" name="subTestGetScanTypeAsBigInteger" time="0.001" />
  <testcase classname="aka.jmetadata.test.JMetaDataVideo_Test" name="subTestGetEncodedApplicationNameAsLocalDateTime" time="0.0" />
  <testcase classname="aka.jmetadata.test.JMetaDataVideo_Test" name="subTestGetDelayAsLocalTime" time="0.0" />
  <testcase classname="aka.jmetadata.test.JMetaDataVideo_Test" name="subTestGetFormatSettingsMatrixStringAsLocalTime" time="0.0" />
  <testcase classname="aka.jmetadata.test.JMetaDataVideo_Test" name="subTestGetCodecIDInfoAsURL" time="0.001" />
  <testcase classname="aka.jmetadata.test.JMetaDataVideo_Test" name="subTestGetFrameCountAsLocalDateTime" time="0.001" />
  <testcase classname="aka.jmetadata.test.JMetaDataVideo_Test" name="subTestGetDelayOriginalAsString" time="0.0" />
  <testcase classname="aka.jmetadata.test.JMetaDataVideo_Test" name="subTestGetEncodedLibraryAsURL" time="0.0" />
  <testcase classname="aka.jmetadata.test.JMetaDataVideo_Test" name="subTestGetChromaSubsamplingAsBoolean" time="0.0" />
  <testcase classname="aka.jmetadata.test.JMetaDataVideo_Test" name="subTestGetFormatSettingsAsInteger" time="0.001" />
  <testcase classname="aka.jmetadata.test.JMetaDataVideo_Test" name="subTestGetWidthAsBigInteger" time="0.0" />
  <testcase classname="aka.jmetadata.test.JMetaDataVideo_Test" name="subTestGetDurationFirstFrameStringAsInteger" time="0.0" />
  <testcase classname="aka.jmetadata.test.JMetaDataVideo_Test" name="subTestGetStreamSizeDemuxedString3AsString" time="0.0" />
  <testcase classname="aka.jmetadata.test.JMetaDataVideo_Test" name="subTestGetActiveFormatDescriptionStringAsBigInteger" time="0.0" />
  <testcase classname="aka.jmetadata.test.JMetaDataVideo_Test" name="subTestGetFrameRateModeAsString" time="0.0" />
  <testcase classname="aka.jmetadata.test.JMetaDataVideo_Test" name="subTestGetDurationLastFrameAsBoolean" time="0.0" />
  <testcase classname="aka.jmetadata.test.JMetaDataVideo_Test" name="subTestGetBitRateMaximumStringAsURL" time="0.0" />
  <testcase classname="aka.jmetadata.test.JMetaDataVideo_Test" name="subTestGetTimeStampFirstFrameString3AsLocalDateTime" time="0.0" />
  <testcase classname="aka.jmetadata.test.JMetaDataVideo_Test" name="subTestGetFrameRateOriginalNumAsURL" time="0.0" />
  <testcase classname="aka.jmetadata.test.JMetaDataVideo_Test" name="subTestGetStreamSizeEncodedProportionAsLocalTime" time="0.0" />
  <testcase classname="aka.jmetadata.test.JMetaDataVideo_Test" name="subTestGetStreamKindPosAsLong" time="0.0" />
  <testcase classname="aka.jmetadata.test.JMetaDataVideo_Test" name="subTestGetFormatSettingsMatrixDataAsLong" time="0.0" />
  <testcase classname="aka.jmetadata.test.JMetaDataVideo_Test" name="subTestGetFrameRateModeOriginalAsLocalTime" time="0.0" />
  <testcase classname="aka.jmetadata.test.JMetaDataVideo_Test" name="subTestGetDelayOriginalDropFrameAsString" time="0.0" />
  <testcase classname="aka.jmetadata.test.JMetaDataVideo_Test" name="subTestGetStreamKindIDAsBoolean" time="0.0" />
  <testcase classname="aka.jmetadata.test.JMetaDataVideo_Test" name="subTestGetcolourrangeAsInteger" time="0.001" />
  <testcase classname="aka.jmetadata.test.JMetaDataVideo_Test" name="subTestGetDelayString5AsInteger" time="0.0" />
  <testcase classname="aka.jmetadata.test.JMetaDataVideo_Test" name="subTestGetDelayOriginalSettingsAsURL" time="0.0" />
  <testcase classname="aka.jmetadata.test.JMetaDataVideo_Test" name="subTestGetDelayString5AsLocalTime" time="0.0" />
  <testcase classname="aka.jmetadata.test.JMetaDataVideo_Test" name="subTestGetTimeCodeSettingsAsLocalDateTime" time="0.0" />
  <testcase classname="aka.jmetadata.test.JMetaDataVideo_Test" name="subTestGetHeightCleanApertureAsInteger" time="0.0" />
  <testcase classname="aka.jmetadata.test.JMetaDataVideo_Test" name="subTestGetSourceDurationLastFrameString1AsString" time="0.0" />
  <testcase classname="aka.jmetadata.test.JMetaDataVideo_Test" name="subTestGetFormatSettingsBVOPAsLocalTime" time="0.001" />
  <testcase classname="aka.jmetadata.test.JMetaDataVideo_Test" name="subTestGetBitRateMinimumStringAsBoolean" time="0.0" />
  <testcase classname="aka.jmetadata.test.JMetaDataVideo_Test" name="subTestGetAlignmentAsURL" time="0.0" />
  <testcase classname="aka.jmetadata.test.JMetaDataVideo_Test" name="subTestGetStreamKindPosAsInteger" time="0.001" />
  <testcase classname="aka.jmetadata.test.JMetaDataVideo_Test" name="subTestGetDelayOriginalString4AsString" time="0.0" />
  <testcase classname="aka.jmetadata.test.JMetaDataVideo_Test" name="subTestGetSourceStreamSizeString2AsBoolean" time="0.0" />
  <testcase classname="aka.jmetadata.test.JMetaDataVideo_Test" name="subTestGetSourceDurationString1AsLocalDateTime" time="0.0" />
  <testcase classname="aka.jmetadata.test.JMetaDataVideo_Test" name="subTestGetSourceDurationStringAsBoolean" time="0.0" />
  <testcase classname="aka.jmetadata.test.JMetaDataVideo_Test" name="subTestGetFormatTierAsInteger" time="0.001" />
  <testcase classname="aka.jmetadata.test.JMetaDataVideo_Test" name="subTestGetServiceKindStringAsInteger" time="0.0" />
  <testcase classname="aka.jmetadata.test.JMetaDataVideo_Test" name="subTestGetUniqueIDAsLong" time="0.0" />
  <testcase classname="aka.jmetadata.test.JMetaDataVideo_Test" name="subTestGetSourceFrameCountAsString" time="0.0" />
  <testcase classname="aka.jmetadata.test.JMetaDataVideo_Test" name="subTestGetFormatSettingsGOPAsLong" time="0.0" />
  <testcase classname="aka.jmetadata.test.JMetaDataVideo_Test" name="subTestGetStreamSizeString1AsLocalTime" time="0.0" />
  <testcase classname="aka.jmetadata.test.JMetaDataVideo_Test" name="subTestGetDelayOriginalString5AsInteger" time="0.0" />
  <testcase classname="aka.jmetadata.test.JMetaDataVideo_Test" name="subTestGetScanOrderStoredAsBigInteger" time="0.0" />
  <testcase classname="aka.jmetadata.test.JMetaDataVideo_Test" name="subTestGetStoredHeightAsBigInteger" time="0.001" />
  <testcase classname="aka.jmetadata.test.JMetaDataVideo_Test" name="subTestGetFormatTierAsBigInteger" time="0.0" />
  <testcase classname="aka.jmetadata.test.JMetaDataVideo_Test" name="subTestGetTimeCodeSourceAsBoolean" time="0.001" />
  <testcase classname="aka.jmetadata.test.JMetaDataVideo_Test" name="subTestGetSourceDurationLastFrameString1AsInteger" time="0.0" />
  <testcase classname="aka.jmetadata.test.JMetaDataVideo_Test" name="subTestGetTimeStampFirstFrameString2AsBigInteger" time="0.001" />
  <testcase classname="aka.jmetadata.test.JMetaDataVideo_Test" name="subTestGetFormatTierAsLocalTime" time="0.0" />
  <testcase classname="aka.jmetadata.test.JMetaDataVideo_Test" name="subTestGetDisplayAspectRatioOriginalAsLong" time="0.0" />
  <testcase classname="aka.jmetadata.test.JMetaDataVideo_Test" name="subTestGetStreamSizeString4AsInteger" time="0.0" />
  <testcase classname="aka.jmetadata.test.JMetaDataVideo_Test" name="subTestGetMenuIDStringAsString" time="0.0" />
  <testcase classname="aka.jmetadata.test.JMetaDataVideo_Test" name="subTestGetCodecIDDescriptionAsBoolean" time="0.001" />
  <testcase classname="aka.jmetadata.test.JMetaDataVideo_Test" name="subTestGetHeightOriginalStringAsLocalTime" time="0.001" />
  <testcase classname="aka.jmetadata.test.JMetaDataVideo_Test" name="subTestGetEncodedLibrarySettingsAsString" time="0.0" />
  <testcase classname="aka.jmetadata.test.JMetaDataVideo_Test" name="subTestGetSourceDurationLastFrameString4AsBigInteger" time="0.0" />
  <testcase classname="aka.jmetadata.test.JMetaDataVideo_Test" name="subTestGetPixelAspectRatioAsBigInteger" time="0.001" />
  <testcase classname="aka.jmetadata.test.JMetaDataVideo_Test" name="subTestGetSourceDurationLastFrameString1AsURL" time="0.0" />
  <testcase classname="aka.jmetadata.test.JMetaDataVideo_Test" name="subTestGetMultiViewBaseProfileAsInteger" time="0.0" />
  <testcase classname="aka.jmetadata.test.JMetaDataVideo_Test" name="subTestGetAlignmentStringAsBoolean" time="0.0" />
  <testcase classname="aka.jmetadata.test.JMetaDataVideo_Test" name="subTestGetDelayOriginalSettingsAsLong" time="0.0" />
  <testcase classname="aka.jmetadata.test.JMetaDataVideo_Test" name="subTestGetFormatVersionAsString" time="0.0" />
  <testcase classname="aka.jmetadata.test.JMetaDataVideo_Test" name="subTestGetEncodedApplicationAsLocalTime" time="0.001" />
  <testcase classname="aka.jmetadata.test.JMetaDataVideo_Test" name="subTestGetUniqueIDStringAsBigInteger" time="0.0" />
  <testcase classname="aka.jmetadata.test.JMetaDataVideo_Test" name="subTestGetSourceStreamSizeString5AsBigInteger" time="0.0" />
  <testcase classname="aka.jmetadata.test.JMetaDataVideo_Test" name="subTestGetTimeStampFirstFrameStringAsLocalDateTime" time="0.0" />
  <testcase classname="aka.jmetadata.test.JMetaDataVideo_Test" name="subTestGetFrameRateMaximumStringAsBoolean" time="0.0" />
  <testcase classname="aka.jmetadata.test.JMetaDataVideo_Test" name="subTestGetForcedStringAsString" time="0.0" />
  <testcase classname="aka.jmetadata.test.JMetaDataVideo_Test" name="subTestGetAlignmentAsInteger" time="0.0" />
  <testcase classname="aka.jmetadata.test.JMetaDataVideo_Test" name="subTestGetStreamCountAsBigInteger" time="0.0" />
  <testcase classname="aka.jmetadata.test.JMetaDataVideo_Test" name="subTestGetScanTypeStringAsBigInteger" time="0.001" />
  <testcase classname="aka.jmetadata.test.JMetaDataVideo_Test" name="subTestGetHeightCleanApertureStringAsBigInteger" time="0.0" />
  <testcase classname="aka.jmetadata.test.JMetaDataVideo_Test" name="subTestGetcolourdescriptionpresentAsLong" time="0.0" />
  <testcase classname="aka.jmetadata.test.JMetaDataVideo_Test" name="subTestGetBitsPixelFrameAsString" time="0.001" />
  <testcase classname="aka.jmetadata.test.JMetaDataVideo_Test" name="subTestGetSourceDurationLastFrameString2AsURL" time="0.001" />
  <testcase classname="aka.jmetadata.test.JMetaDataVideo_Test" name="subTestGetRotationAsLocalTime" time="0.0" />
  <testcase classname="aka.jmetadata.test.JMetaDataVideo_Test" name="subTestGetLanguageString1AsInteger" time="0.0" />
  <testcase classname="aka.jmetadata.test.JMetaDataVideo_Test" name="subTestGetServiceKindAsBoolean" time="0.0" />
  <testcase classname="aka.jmetadata.test.JMetaDataVideo_Test" name="subTestGetDurationLastFrameString4AsLocalDateTime" time="0.0" />
  <testcase classname="aka.jmetadata.test.JMetaDataVideo_Test" name="subTestGetFormatCommercialAsLong" time="0.001" />
  <testcase classname="aka.jmetadata.test.JMetaDataVideo_Test" name="subTestGetCodecIDHintAsLocalDateTime" time="0.0" />
  <testcase classname="aka.jmetadata.test.JMetaDataVideo_Test" name="subTestGetWidthOriginalStringAsBigInteger" time="0.0" />
  <testcase classname="aka.jmetadata.test.JMetaDataVideo_Test" name="subTestGetActiveFormatDescriptionMuxingModeAsLong" time="0.0" />
  <testcase classname="aka.jmetadata.test.JMetaDataVideo_Test" name="subTestGetSourceDurationLastFrameString4AsLocalDateTime" time="0.0" />
  <testcase classname="aka.jmetadata.test.JMetaDataVideo_Test" name="subTestGetSourceDurationLastFrameString3AsURL" time="0.0" />
  <testcase classname="aka.jmetadata.test.JMetaDataVideo_Test" name="subTestGetStoredHeightAsInteger" time="0.0" />
  <testcase classname="aka.jmetadata.test.JMetaDataVideo_Test" name="subTestGetFrameRateMinimumAsInteger" time="0.001" />
  <testcase classname="aka.jmetadata.test.JMetaDataVideo_Test" name="subTestGetDisplayAspectRatioCleanApertureStringAsInteger" time="0.0" />
  <testcase classname="aka.jmetadata.test.JMetaDataVideo_Test" name="subTestGetWidthOriginalAsURL" time="0.0" />
  <testcase classname="aka.jmetadata.test.JMetaDataVideo_Test" name="subTestGetDurationFirstFrameAsURL" time="0.0" />
  <testcase classname="aka.jmetadata.test.JMetaDataVideo_Test" name="subTestGetMuxingModeAsBigInteger" time="0.0" />
  <testcase classname="aka.jmetadata.test.JMetaDataVideo_Test" name="subTestGetSourceDurationLastFrameString4AsLong" time="0.0" />
  <testcase classname="aka.jmetadata.test.JMetaDataVideo_Test" name="subTestGetFrameRateModeStringAsLong" time="0.0" />
  <testcase classname="aka.jmetadata.test.JMetaDataVideo_Test" name="subTestGetFormatLevelAsString" time="0.0" />
  <testcase classname="aka.jmetadata.test.JMetaDataVideo_Test" name="subTestGetStreamSizeDemuxedString1AsLocalDateTime" time="0.0" />
  <testcase classname="aka.jmetadata.test.JMetaDataVideo_Test" name="subTestGetBufferSizeAsLocalDateTime" time="0.0" />
  <testcase classname="aka.jmetadata.test.JMetaDataVideo_Test" name="subTestGetScanTypeStoreMethodStringAsLong" time="0.0" />
  <testcase classname="aka.jmetadata.test.JMetaDataVideo_Test" name="subTestGetStatusAsString" time="0.001" />
  <testcase classname="aka.jmetadata.test.JMetaDataVideo_Test" name="subTestGetSourceDurationFirstFrameAsBoolean" time="0.0" />
  <testcase classname="aka.jmetadata.test.JMetaDataVideo_Test" name="subTestGetmatrixcoefficientsOriginalAsLocalDateTime" time="0.0" />
  <testcase classname="aka.jmetadata.test.JMetaDataVideo_Test" name="subTestGetScanTypeStoreMethodAsInteger" time="0.0" />
  <testcase classname="aka.jmetadata.test.JMetaDataVideo_Test" name="subTestGetDelayStringAsLong" time="0.0" />
  <testcase classname="aka.jmetadata.test.JMetaDataVideo_Test" name="subTestGetDefaultAsURL" time="0.001" />
  <testcase classname="aka.jmetadata.test.JMetaDataVideo_Test" name="subTestGetBitRateEncodedStringAsBoolean" time="0.0" />
  <testcase classname="aka.jmetadata.test.JMetaDataVideo_Test" name="subTestGetBufferSizeAsLong" time="0.0" />
  <testcase classname="aka.jmetadata.test.JMetaDataVideo_Test" name="subTestGetSourceStreamSizeEncodedString3AsInteger" time="0.0" />
  <testcase classname="aka.jmetadata.test.JMetaDataVideo_Test" name="subTestGetChromaSubsamplingPositionAsBoolean" time="0.0" />
  <testcase classname="aka.jmetadata.test.JMetaDataVideo_Test" name="subTestGetSourceDurationLastFrameString4AsURL" time="0.0" />
  <testcase classname="aka.jmetadata.test.JMetaDataVideo_Test" name="subTestGetScanTypeStoreMethodStringAsURL" time="0.0" />
  <testcase classname="aka.jmetadata.test.JMetaDataVideo_Test" name="subTestGetStreamSizeString5AsString" time="0.0" />
  <testcase classname="aka.jmetadata.test.JMetaDataVideo_Test" name="subTestGetDisplayAspectRatioOriginalStringAsBigInteger" time="0.001" />
  <testcase classname="aka.jmetadata.test.JMetaDataVideo_Test" name="subTestGetInternetMediaTypeAsLong" time="0.0" />
  <testcase classname="aka.jmetadata.test.JMetaDataVideo_Test" name="subTestGetFrameRateMinimumStringAsLocalDateTime" time="0.0" />
  <testcase classname="aka.jmetadata.test.JMetaDataVideo_Test" name="subTestGetMuxingModeAsURL" time="0.0" />
  <testcase classname="aka.jmetadata.test.JMetaDataVideo_Test" name="subTestGetDurationAsBoolean" time="0.0" />
  <testcase classname="aka.jmetadata.test.JMetaDataVideo_Test" name="subTestGetFormatVersionAsURL" time="0.0" />
  <testcase classname="aka.jmetadata.test.JMetaDataVideo_Test" name="subTestGetStreamSizeDemuxedString5AsBigInteger" time="0.0" />
  <testcase classname="aka.jmetadata.test.JMetaDataVideo_Test" name="subTestGetStreamSizeString2AsLocalTime" time="0.0" />
  <testcase classname="aka.jmetadata.test.JMetaDataVideo_Test" name="subTestGetBitRateModeStringAsString" time="0.0" />
  <testcase classname="aka.jmetadata.test.JMetaDataVideo_Test" name="subTestGetFormatLevelAsLong" time="0.0" />
  <testcase classname="aka.jmetadata.test.JMetaDataVideo_Test" name="subTestGetFormatSettingsMatrixDataAsInteger" time="0.0" />
  <testcase classname="aka.jmetadata.test.JMetaDataVideo_Test" name="subTestGetSourceDurationLastFrameString5AsURL" time="0.0" />
  <testcase classname="aka.jmetadata.test.JMetaDataVideo_Test" name="subTestGetCountAsURL" time="0.001" />
  <testcase classname="aka.jmetadata.test.JMetaDataVideo_Test" name="subTestGetEncodedApplicationCompanyNameAsLocalTime" time="0.0" />
  <testcase classname="aka.jmetadata.test.JMetaDataVideo_Test" name="subTestGetFrameRateMaximumAsInteger" time="0.0" />
  <testcase classname="aka.jmetadata.test.JMetaDataVideo_Test" name="subTestGetMultiViewCountAsString" time="0.0" />
  <testcase classname="aka.jmetadata.test.JMetaDataVideo_Test" name="subTestGetChromaSubsamplingPositionAsBigInteger" time="0.0" />
  <testcase classname="aka.jmetadata.test.JMetaDataVideo_Test" name="subTestGetSourceDurationLastFrameAsURL" time="0.0" />
  <testcase classname="aka.jmetadata.test.JMetaDataVideo_Test" name="subTestGetForcedAsLong" time="0.0" />
  <testcase classname="aka.jmetadata.test.JMetaDataVideo_Test" name="subTestGetChromaSubsamplingAsURL" time="0.0" />
  <testcase classname="aka.jmetadata.test.JMetaDataVideo_Test" name="subTestGetCodecIDStringAsInteger" time="0.0" />
  <testcase classname="aka.jmetadata.test.JMetaDataVideo_Test" name="subTestGetMenuIDStringAsLocalDateTime" time="0.001" />
  <testcase classname="aka.jmetadata.test.JMetaDataVideo_Test" name="subTestGetFrameRateNumAsInteger" time="0.0" />
  <testcase classname="aka.jmetadata.test.JMetaDataVideo_Test" name="subTestGetScanTypeStoreMethodFieldsPerBlockAsInteger" time="0.0" />
  <testcase classname="aka.jmetadata.test.JMetaDataVideo_Test" name="subTestGetUniqueIDAsString" time="0.0" />
  <testcase classname="aka.jmetadata.test.JMetaDataVideo_Test" name="subTestGetFrameRateMinimumStringAsLong" time="0.0" />
  <testcase classname="aka.jmetadata.test.JMetaDataVideo_Test" name="subTestGetBitRateNominalAsBigInteger" time="0.0" />
  <testcase classname="aka.jmetadata.test.JMetaDataVideo_Test" name="subTestGetBitDepthStringAsBigInteger" time="0.0" />
  <testcase classname="aka.jmetadata.test.JMetaDataVideo_Test" name="subTestGetmatrixcoefficientsAsString" time="0.0" />
  <testcase classname="aka.jmetadata.test.JMetaDataVideo_Test" name="subTestGetScanOrderStringAsString" time="0.0" />
  <testcase classname="aka.jmetadata.test.JMetaDataVideo_Test" name="subTestGetMultiViewCountAsURL" time="0.0" />
  <testcase classname="aka.jmetadata.test.JMetaDataVideo_Test" name="subTestGetActiveFormatDescriptionMuxingModeAsInteger" time="0.0" />
  <testcase classname="aka.jmetadata.test.JMetaDataVideo_Test" name="subTestGetSampledHeightAsInteger" time="0.0" />
  <testcase classname="aka.jmetadata.test.JMetaDataVideo_Test" name="subTestGetDelayString4AsInteger" time="0.0" />
  <testcase classname="aka.jmetadata.test.JMetaDataVideo_Test" name="subTestGetEncodedApplicationVersionAsString" time="0.0" />
  <testcase classname="aka.jmetadata.test.JMetaDataVideo_Test" name="subTestGetStreamSizeEncodedString1AsLocalDateTime" time="0.0" />
  <testcase classname="aka.jmetadata.test.JMetaDataVideo_Test" name="subTestGetMuxingModeAsString" time="0.001" />
  <testcase classname="aka.jmetadata.test.JMetaDataVideo_Test" name="subTestGetWidthOffsetAsLocalDateTime" time="0.0" />
  <testcase classname="aka.jmetadata.test.JMetaDataVideo_Test" name="subTestGetActiveFormatDescriptionStringAsLocalDateTime" time="0.0" />
  <testcase classname="aka.jmetadata.test.JMetaDataVideo_Test" name="subTestGetEncodedLibraryAsBigInteger" time="0.0" />
  <testcase classname="aka.jmetadata.test.JMetaDataVideo_Test" name="subTestGetBitRateMaximumAsLong" time="0.0" />
  <testcase classname="aka.jmetadata.test.JMetaDataVideo_Test" name="subTestGetStatusAsBigInteger" time="0.0" />
  <testcase classname="aka.jmetadata.test.JMetaDataVideo_Test" name="subTestGetTimeStampFirstFrameAsURL" time="0.0" />
  <testcase classname="aka.jmetadata.test.JMetaDataVideo_Test" name="subTestGetSourceStreamSizeEncodedString1AsLocalDateTime" time="0.0" />
  <testcase classname="aka.jmetadata.test.JMetaDataVideo_Test" name="subTestGettransfercharacteristicsOriginalAsLong" time="0.0" />
  <testcase classname="aka.jmetadata.test.JMetaDataVideo_Test" name="subTestGetDurationStringAsURL" time="0.0" />
  <testcase classname="aka.jmetadata.test.JMetaDataVideo_Test" name="subTestGetSourceStreamSizeString1AsBoolean" time="0.0" />
  <testcase classname="aka.jmetadata.test.JMetaDataVideo_Test" name="subTestGetSourceStreamSizeString1AsString" time="0.0" />
  <testcase classname="aka.jmetadata.test.JMetaDataVideo_Test" name="subTestGetFormatSettingsMatrixStringAsURL" time="0.0" />
  <testcase classname="aka.jmetadata.test.JMetaDataVideo_Test" name="subTestGetFrameRateMaximumStringAsLong" time="0.0" />
  <testcase classname="aka.jmetadata.test.JMetaDataVideo_Test" name="subTestGetEncodedLibraryVersionAsInteger" time="0.0" />
  <testcase classname="aka.jmetadata.test.JMetaDataVideo_Test" name="subTestGetIDAsInteger" time="0.0" />
  <testcase classname="aka.jmetadata.test.JMetaDataVideo_Test" name="subTestGetBitsPixelFrameAsBoolean" time="0.0" />
  <testcase classname="aka.jmetadata.test.JMetaDataVideo_Test" name="subTestGetPixelAspectRatioStringAsURL" time="0.0" />
  <testcase classname="aka.jmetadata.test.JMetaDataVideo_Test" name="subTestGetDelayOriginalString4AsInteger" time="0.0" />
  <testcase classname="aka.jmetadata.test.JMetaDataVideo_Test" name="subTestGetFormatSettingsPictureStructureAsLocalDateTime" time="0.0" />
  <testcase classname="aka.jmetadata.test.JMetaDataVideo_Test" name="subTestGetEncodedLibraryStringAsURL" time="0.0" />
  <testcase classname="aka.jmetadata.test.JMetaDataVideo_Test" name="subTestGetSampledWidthAsURL" time="0.0" />
  <testcase classname="aka.jmetadata.test.JMetaDataVideo_Test" name="subTestGetHeightOriginalStringAsBigInteger" time="0.0" />
  <testcase classname="aka.jmetadata.test.JMetaDataVideo_Test" name="subTestGetStreamSizeAsLocalDateTime" time="0.0" />
  <testcase classname="aka.jmetadata.test.JMetaDataVideo_Test" name="subTestGetCodecIDAsLocalTime" time="0.0" />
  <testcase classname="aka.jmetadata.test.JMetaDataVideo_Test" name="subTestGetDelaySourceStringAsLocalTime" time="0.0" />
  <testcase classname="aka.jmetadata.test.JMetaDataVideo_Test" name="subTestGetStreamSizeString3AsLong" time="0.0" />
  <testcase classname="aka.jmetadata.test.JMetaDataVideo_Test" name="subTestGetFrameRateDenAsLocalTime" time="0.0" />
  <testcase classname="aka.jmetadata.test.JMetaDataVideo_Test" name="subTestGetStreamSizeString3AsInteger" time="0.0" />
  <testcase classname="aka.jmetadata.test.JMetaDataVideo_Test" name="subTestGetFrameRateOriginalStringAsBigInteger" time="0.001" />
  <testcase classname="aka.jmetadata.test.JMetaDataVideo_Test" name="subTestGetCompressionRatioAsInteger" time="0.0" />
  <testcase classname="aka.jmetadata.test.JMetaDataVideo_Test" name="subTestGetLanguageAsString" time="0.0" />
  <testcase classname="aka.jmetadata.test.JMetaDataVideo_Test" name="subTestGetEncodedLibraryVersionAsBigInteger" time="0.0" />
  <testcase classname="aka.jmetadata.test.JMetaDataVideo_Test" name="subTestGetGopOpenClosedStringAsInteger" time="0.0" />
  <testcase classname="aka.jmetadata.test.JMetaDataVideo_Test" name="subTestGetFrameRateAsString" time="0.0" />
  <testcase classname="aka.jmetadata.test.JMetaDataVideo_Test" name="subTestGetSourceDurationLastFrameStringAsInteger" time="0.001" />
  <testcase classname="aka.jmetadata.test.JMetaDataVideo_Test" name="subTestGetBitRateModeStringAsInteger" time="0.0" />
  <testcase classname="aka.jmetadata.test.JMetaDataVideo_Test" name="subTestGetTimeStampFirstFrameString5AsBoolean" time="0.0" />
  <testcase classname="aka.jmetadata.test.JMetaDataVideo_Test" name="subTestGetForcedStringAsLocalTime" time="0.001" />
  <testcase classname="aka.jmetadata.test.JMetaDataVideo_Test" name="subTestGetStreamSizeDemuxedAsLocalTime" time="0.0" />
  <testcase classname="aka.jmetadata.test.JMetaDataVideo_Test" name="subTestGetPixelAspectRatioCleanApertureAsBigInteger" time="0.0" />
  <testcase classname="aka.jmetadata.test.JMetaDataVideo_Test" name="subTestGetDurationFirstFrameString5AsLocalDateTime" time="0.0" />
  <testcase classname="aka.jmetadata.test.JMetaDataVideo_Test" name="subTestGetScanTypeAsBoolean" time="0.0" />
  <testcase classname="aka.jmetadata.test.JMetaDataVideo_Test" name="subTestGetFormatSettingsRefFramesStringAsLocalTime" time="0.0" />
  <testcase classname="aka.jmetadata.test.JMetaDataVideo_Test" name="subTestGetPixelAspectRatioCleanApertureStringAsInteger" time="0.0" />
  <testcase classname="aka.jmetadata.test.JMetaDataVideo_Test" name="subTestGetDurationString5AsInteger" time="0.0" />
  <testcase classname="aka.jmetadata.test.JMetaDataVideo_Test" name="subTestGetFrameRateStringAsString" time="0.0" />
  <testcase classname="aka.jmetadata.test.JMetaDataVideo_Test" name="subTestGetPixelAspectRatioStringAsBigInteger" time="0.0" />
  <testcase classname="aka.jmetadata.test.JMetaDataVideo_Test" name="subTestGetDefaultAsBoolean" time="0.001" />
  <testcase classname="aka.jmetadata.test.JMetaDataVideo_Test" name="subTestGetStreamSizeString3AsLocalTime" time="0.0" />
  <testcase classname="aka.jmetadata.test.JMetaDataVideo_Test" name="subTestGetSourceDurationLastFrameStringAsURL" time="0.0" />
  <testcase classname="aka.jmetadata.test.JMetaDataVideo_Test" name="subTestGetDisplayAspectRatioCleanApertureStringAsString" time="0.0" />
  <testcase classname="aka.jmetadata.test.JMetaDataVideo_Test" name="subTestGetFormatSettingsMatrixAsInteger" time="0.0" />
  <testcase classname="aka.jmetadata.test.JMetaDataVideo_Test" name="subTestGetCodecIDHintAsURL" time="0.0" />
  <testcase classname="aka.jmetadata.test.JMetaDataVideo_Test" name="subTestGetSampledHeightAsString" time="0.0" />
  <testcase classname="aka.jmetadata.test.JMetaDataVideo_Test" name="subTestGetDisplayAspectRatioOriginalAsLocalDateTime" time="0.0" />
  <testcase classname="aka.jmetadata.test.JMetaDataVideo_Test" name="subTestGetEncodedLibraryCompanyNameAsLocalTime" time="0.0" />
  <testcase classname="aka.jmetadata.test.JMetaDataVideo_Test" name="subTestGetMenuIDAsLong" time="0.0" />
  <testcase classname="aka.jmetadata.test.JMetaDataVideo_Test" name="subTestGetSourceStreamSizeEncodedString2AsString" time="0.0" />
  <testcase classname="aka.jmetadata.test.JMetaDataVideo_Test" name="subTestGetCompressionModeStringAsLocalTime" time="0.0" />
  <testcase classname="aka.jmetadata.test.JMetaDataVideo_Test" name="subTestGetCompressionModeStringAsBoolean" time="0.0" />
  <testcase classname="aka.jmetadata.test.JMetaDataVideo_Test" name="subTestGetHeightCleanApertureStringAsLocalDateTime" time="0.0" />
  <testcase classname="aka.jmetadata.test.JMetaDataVideo_Test" name="subTestGetIDStringAsLong" time="0.0" />
  <testcase classname="aka.jmetadata.test.JMetaDataVideo_Test" name="subTestGetEncodedLibraryAsLocalDateTime" time="0.0" />
  <testcase classname="aka.jmetadata.test.JMetaDataVideo_Test" name="subTestGetStreamOrderAsURL" time="0.0" />
  <testcase classname="aka.jmetadata.test.JMetaDataVideo_Test" name="subTestGettransfercharacteristicsOriginalAsBigInteger" time="0.0" />
  <testcase classname="aka.jmetadata.test.JMetaDataVideo_Test" name="subTestGetSourceStreamSizeStringAsURL" time="0.0" />
  <testcase classname="aka.jmetadata.test.JMetaDataVideo_Test" name="subTestGetFrameRateOriginalNumAsBoolean" time="0.0" />
  <testcase classname="aka.jmetadata.test.JMetaDataVideo_Test" name="subTestGetDurationString2AsString" time="0.0" />
  <testcase classname="aka.jmetadata.test.JMetaDataVideo_Test" name="subTestGetSourceDurationAsLocalTime" time="0.001" />
  <testcase classname="aka.jmetadata.test.JMetaDataVideo_Test" name="subTestGetCodecIDInfoAsBoolean" time="0.0" />
  <testcase classname="aka.jmetadata.test.JMetaDataVideo_Test" name="subTestGetStoredHeightAsLocalTime" time="0.001" />
  <testcase classname="aka.jmetadata.test.JMetaDataVideo_Test" name="subTestGetFormatSettingsQPelStringAsLong" time="0.001" />
  <testcase classname="aka.jmetadata.test.JMetaDataVideo_Test" name="subTestGetEncryptionAsLong" time="0.0" />
  <testcase classname="aka.jmetadata.test.JMetaDataVideo_Test" name="subTestGetHeightCleanApertureStringAsLocalTime" time="0.0" />
  <testcase classname="aka.jmetadata.test.JMetaDataVideo_Test" name="subTestGetDurationLastFrameAsBigInteger" time="0.0" />
  <testcase classname="aka.jmetadata.test.JMetaDataVideo_Test" name="subTestGetStreamSizeStringAsBigInteger" time="0.001" />
  <testcase classname="aka.jmetadata.test.JMetaDataVideo_Test" name="subTestGetFormatProfileAsBoolean" time="0.0" />
  <testcase classname="aka.jmetadata.test.JMetaDataVideo_Test" name="subTestGettransfercharacteristicsOriginalAsLocalTime" time="0.0" />
  <testcase classname="aka.jmetadata.test.JMetaDataVideo_Test" name="subTestGetStreamSizeStringAsLocalTime" time="0.0" />
  <testcase classname="aka.jmetadata.test.JMetaDataVideo_Test" name="subTestGetStreamOrderAsBoolean" time="0.0" />
  <testcase classname="aka.jmetadata.test.JMetaDataVideo_Test" name="subTestGetSourceStreamSizeEncodedString2AsInteger" time="0.0" />
  <testcase classname="aka.jmetadata.test.JMetaDataVideo_Test" name="subTestGetForcedStringAsLong" time="0.0" />
  <testcase classname="aka.jmetadata.test.JMetaDataVideo_Test" name="subTestGetDurationString4AsLong" time="0.0" />
  <testcase classname="aka.jmetadata.test.JMetaDataVideo_Test" name="subTestGetScanTypeStringAsString" time="0.0" />
  <testcase classname="aka.jmetadata.test.JMetaDataVideo_Test" name="subTestGetMultiViewBaseProfileAsBigInteger" time="0.0" />
  <testcase classname="aka.jmetadata.test.JMetaDataVideo_Test" name="subTestGetTimeStampFirstFrameString1AsBigInteger" time="0.001" />
  <testcase classname="aka.jmetadata.test.JMetaDataVideo_Test" name="subTestGetFormatSettingsAsBigInteger" time="0.0" />
  <testcase classname="aka.jmetadata.test.JMetaDataVideo_Test" name="subTestGetFormatSettingsMatrixAsLocalDateTime" time="0.0" />
  <testcase classname="aka.jmetadata.test.JMetaDataVideo_Test" name="subTestGetServiceKindAsLocalTime" time="0.0" />
  <testcase classname="aka.jmetadata.test.JMetaDataVideo_Test" name="subTestGetCompressionModeStringAsURL" time="0.0" />
  <testcase classname="aka.jmetadata.test.JMetaDataVideo_Test" name="subTestGetLanguageString3AsLong" time="0.0" />
  <testcase classname="aka.jmetadata.test.JMetaDataVideo_Test" name="subTestGetSourceDurationLastFrameString3AsBigInteger" time="0.0" />
  <testcase classname="aka.jmetadata.test.JMetaDataVideo_Test" name="subTestGetInformAsInteger" time="0.001" />
  <testcase classname="aka.jmetadata.test.JMetaDataVideo_Test" name="subTestGetEncodedApplicationNameAsLong" time="0.0" />
  <testcase classname="aka.jmetadata.test.JMetaDataVideo_Test" name="subTestGetStreamSizeEncodedString5AsLong" time="0.001" />
  <testcase classname="aka.jmetadata.test.JMetaDataVideo_Test" name="subTestGetFormatSettingsMatrixDataAsLocalDateTime" time="0.0" />
  <testcase classname="aka.jmetadata.test.JMetaDataVideo_Test" name="subTestGetSourceStreamSizeString4AsBigInteger" time="0.0" />
  <testcase classname="aka.jmetadata.test.JMetaDataVideo_Test" name="subTestGetFrameRateMinimumAsLocalDateTime" time="0.0" />
  <testcase classname="aka.jmetadata.test.JMetaDataVideo_Test" name="subTestGetLanguageAsLocalDateTime" time="0.0" />
  <testcase classname="aka.jmetadata.test.JMetaDataVideo_Test" name="subTestGetBitRateStringAsBoolean" time="0.001" />
  <testcase classname="aka.jmetadata.test.JMetaDataVideo_Test" name="subTestGetSourceDurationLastFrameStringAsLocalDateTime" time="0.001" />
  <testcase classname="aka.jmetadata.test.JMetaDataVideo_Test" name="subTestGetFormatAsLocalTime" time="0.001" />
  <testcase classname="aka.jmetadata.test.JMetaDataVideo_Test" name="subTestGetFrameRateOriginalNumAsBigInteger" time="0.0" />
  <testcase classname="aka.jmetadata.test.JMetaDataVideo_Test" name="subTestGetStreamKindStringAsLong" time="0.0" />
  <testcase classname="aka.jmetadata.test.JMetaDataVideo_Test" name="subTestGetLanguageString1AsURL" time="0.0" />
  <testcase classname="aka.jmetadata.test.JMetaDataVideo_Test" name="subTestGetCodecIDUrlAsBigInteger" time="0.0" />
  <testcase classname="aka.jmetadata.test.JMetaDataVideo_Test" name="subTestGetDelayOriginalSourceAsURL" time="0.0" />
  <testcase classname="aka.jmetadata.test.JMetaDataVideo_Test" name="subTestGetFrameRateOriginalDenAsLocalTime" time="0.0" />
  <testcase classname="aka.jmetadata.test.JMetaDataVideo_Test" name="subTestGetBitRateNominalAsString" time="0.0" />
  <testcase classname="aka.jmetadata.test.JMetaDataVideo_Test" name="subTestGetStoredWidthAsBoolean" time="0.0" />
  <testcase classname="aka.jmetadata.test.JMetaDataVideo_Test" name="subTestGetRotationStringAsLocalTime" time="0.001" />
  <testcase classname="aka.jmetadata.test.JMetaDataVideo_Test" name="subTestGetCodecIDStringAsLong" time="0.0" />
  <testcase classname="aka.jmetadata.test.JMetaDataVideo_Test" name="subTestGetDurationLastFrameString1AsString" time="0.001" />
  <testcase classname="aka.jmetadata.test.JMetaDataVideo_Test" name="subTestGetDelayString3AsInteger" time="0.001" />
  <testcase classname="aka.jmetadata.test.JMetaDataVideo_Test" name="subTestGetBitRateEncodedAsBoolean" time="0.0" />
  <testcase classname="aka.jmetadata.test.JMetaDataVideo_Test" name="subTestGetLanguageString2AsURL" time="0.0" />
  <testcase classname="aka.jmetadata.test.JMetaDataVideo_Test" name="subTestGetIDStringAsBigInteger" time="0.0" />
  <testcase classname="aka.jmetadata.test.JMetaDataVideo_Test" name="subTestGetEncodedLibraryDateAsURL" time="0.0" />
  <testcase classname="aka.jmetadata.test.JMetaDataVideo_Test" name="subTestGetmatrixcoefficientsOriginalAsBoolean" time="0.0" />
  <testcase classname="aka.jmetadata.test.JMetaDataVideo_Test" name="subTestGetWidthCleanApertureStringAsLocalTime" time="0.0" />
  <testcase classname="aka.jmetadata.test.JMetaDataVideo_Test" name="subTestGetMuxingModeAsLong" time="0.0" />
  <testcase classname="aka.jmetadata.test.JMetaDataVideo_Test" name="subTestGetDurationFirstFrameString3AsString" time="0.0" />
  <testcase classname="aka.jmetadata.test.JMetaDataVideo_Test" name="subTestGetStoredWidthAsBigInteger" time="0.0" />
  <testcase classname="aka.jmetadata.test.JMetaDataVideo_Test" name="subTestGetActiveFormatDescriptionAsLocalTime" time="0.0" />
  <testcase classname="aka.jmetadata.test.JMetaDataVideo_Test" name="subTestGetScanTypeOriginalStringAsBoolean" time="0.0" />
  <testcase classname="aka.jmetadata.test.JMetaDataVideo_Test" name="subTestGetStreamOrderAsLocalTime" time="0.0" />
  <testcase classname="aka.jmetadata.test.JMetaDataVideo_Test" name="subTestGetDefaultAsLocalDateTime" time="0.0" />
  <testcase classname="aka.jmetadata.test.JMetaDataVideo_Test" name="subTestGetFrameRateOriginalStringAsString" time="0.0" />
  <testcase classname="aka.jmetadata.test.JMetaDataVideo_Test" name="subTestGetStreamSizeString4AsLocalTime" time="0.0" />
  <testcase classname="aka.jmetadata.test.JMetaDataVideo_Test" name="subTestGetDisabledAsBigInteger" time="0.001" />
  <testcase classname="aka.jmetadata.test.JMetaDataVideo_Test" name="subTestGetLanguageStringAsLocalTime" time="0.0" />
  <testcase classname="aka.jmetadata.test.JMetaDataVideo_Test" name="subTestGetDelayOriginalStringAsLocalDateTime" time="0.0" />
  <testcase classname="aka.jmetadata.test.JMetaDataVideo_Test" name="subTestGetLanguageString3AsURL" time="0.001" />
  <testcase classname="aka.jmetadata.test.JMetaDataVideo_Test" name="subTestGetBitRateMaximumStringAsInteger" time="0.0" />
  <testcase classname="aka.jmetadata.test.JMetaDataVideo_Test" name="subTestGetDelayOriginalString3AsInteger" time="0.0" />
  <testcase classname="aka.jmetadata.test.JMetaDataVideo_Test" name="subTestGetBitRateModeAsURL" time="0.0" />
  <testcase classname="aka.jmetadata.test.JMetaDataVideo_Test" name="subTestGetFormatUrlAsInteger" time="0.0" />
  <testcase classname="aka.jmetadata.test.JMetaDataVideo_Test" name="subTestGetcolourdescriptionpresentAsBigInteger" time="0.0" />
  <testcase classname="aka.jmetadata.test.JMetaDataVideo_Test" name="subTestGetStreamSizeEncodedAsLocalTime" time="0.0" />
  <testcase classname="aka.jmetadata.test.JMetaDataVideo_Test" name="subTestGetScanOrderAsBoolean" time="0.0" />
  <testcase classname="aka.jmetadata.test.JMetaDataVideo_Test" name="subTestGetStreamSizeString2AsInteger" time="0.0" />
  <testcase classname="aka.jmetadata.test.JMetaDataVideo_Test" name="subTestGetBitRateModeAsLong" time="0.0" />
  <testcase classname="aka.jmetadata.test.JMetaDataVideo_Test" name="subTestGetDelayString2AsString" time="0.0" />
  <testcase classname="aka.jmetadata.test.JMetaDataVideo_Test" name="subTestGetSourceStreamSizeProportionAsURL" time="0.0" />
  <testcase classname="aka.jmetadata.test.JMetaDataVideo_Test" name="subTestGetCodecIDStringAsLocalDateTime" time="0.0" />
  <testcase classname="aka.jmetadata.test.JMetaDataVideo_Test" name="subTestGetPixelAspectRatioOriginalAsLocalTime" time="0.0" />
  <testcase classname="aka.jmetadata.test.JMetaDataVideo_Test" name="subTestGetBitRateStringAsBigInteger" time="0.001" />
  <testcase classname="aka.jmetadata.test.JMetaDataVideo_Test" name="subTestGetStreamSizeDemuxedString4AsBigInteger" time="0.001" />
  <testcase classname="aka.jmetadata.test.JMetaDataVideo_Test" name="subTestGetLanguageString4AsURL" time="0.0" />
  <testcase classname="aka.jmetadata.test.JMetaDataVideo_Test" name="subTestGetBitRateMinimumAsInteger" time="0.001" />
  <testcase classname="aka.jmetadata.test.JMetaDataVideo_Test" name="subTestGetSourceStreamSizeProportionAsBigInteger" time="0.001" />
  <testcase classname="aka.jmetadata.test.JMetaDataVideo_Test" name="subTestGetScanOrderOriginalAsLocalTime" time="0.0" />
  <testcase classname="aka.jmetadata.test.JMetaDataVideo_Test" name="subTestGetSourceStreamSizeEncodedStringAsBoolean" time="0.0" />
  <testcase classname="aka.jmetadata.test.JMetaDataVideo_Test" name="subTestGetTimeStampFirstFrameString4AsBoolean" time="0.001" />
  <testcase classname="aka.jmetadata.test.JMetaDataVideo_Test" name="subTestGetBitRateModeStringAsLong" time="0.0" />
  <testcase classname="aka.jmetadata.test.JMetaDataVideo_Test" name="subTestGetSourceStreamSizeStringAsInteger" time="0.0" />
  <testcase classname="aka.jmetadata.test.JMetaDataVideo_Test" name="subTestGetSourceFrameCountAsInteger" time="0.0" />
  <testcase classname="aka.jmetadata.test.JMetaDataVideo_Test" name="subTestGetIDStringAsLocalDateTime" time="0.0" />
  <testcase classname="aka.jmetadata.test.JMetaDataVideo_Test" name="subTestGetDurationStringAsBoolean" time="0.0" />
  <testcase classname="aka.jmetadata.test.JMetaDataVideo_Test" name="subTestGetWidthOriginalStringAsInteger" time="0.0" />
  <testcase classname="aka.jmetadata.test.JMetaDataVideo_Test" name="subTestGetFormatVersionAsBigInteger" time="0.0" />
  <testcase classname="aka.jmetadata.test.JMetaDataVideo_Test" name="subTestGetFormatSettingsPulldownAsBigInteger" time="0.0" />
  <testcase classname="aka.jmetadata.test.JMetaDataVideo_Test" name="subTestGetDurationString4AsInteger" time="0.001" />
  <testcase classname="aka.jmetadata.test.JMetaDataVideo_Test" name="subTestGetcolourprimariesAsLocalDateTime" time="0.001" />
  <testcase classname="aka.jmetadata.test.JMetaDataVideo_Test" name="subTestGetFrameRateDenAsString" time="0.0" />
  <testcase classname="aka.jmetadata.test.JMetaDataVideo_Test" name="subTestGetStreamKindAsBoolean" time="0.001" />
  <testcase classname="aka.jmetadata.test.JMetaDataVideo_Test" name="subTestGetTimeStampFirstFrameAsBigInteger" time="0.001" />
  <testcase classname="aka.jmetadata.test.JMetaDataVideo_Test" name="subTestGetTimeStampFirstFrameString2AsLocalDateTime" time="0.0" />
  <testcase classname="aka.jmetadata.test.JMetaDataVideo_Test" name="subTestGetRotationStringAsBoolean" time="0.0" />
  <testcase classname="aka.jmetadata.test.JMetaDataVideo_Test" name="subTestGetDurationLastFrameString5AsBoolean" time="0.0" />
  <testcase classname="aka.jmetadata.test.JMetaDataVideo_Test" name="subTestGetFrameRateMaximumStringAsLocalTime" time="0.0" />
  <testcase classname="aka.jmetadata.test.JMetaDataVideo_Test" name="subTestGetSourceDurationFirstFrameString2AsLong" time="0.0" />
  <testcase classname="aka.jmetadata.test.JMetaDataVideo_Test" name="subTestGetFormatProfileAsString" time="0.0" />
  <testcase classname="aka.jmetadata.test.JMetaDataVideo_Test" name="subTestGetBitRateAsLocalTime" time="0.0" />
  <testcase classname="aka.jmetadata.test.JMetaDataVideo_Test" name="subTestGetEncodedApplicationAsBigInteger" time="0.0" />
  <testcase classname="aka.jmetadata.test.JMetaDataVideo_Test" name="subTestGetFormatSettingsMatrixAsLong" time="0.001" />
  <testcase classname="aka.jmetadata.test.JMetaDataVideo_Test" name="subTestGetFormatSettingsRefFramesAsLocalDateTime" time="0.001" />
  <testcase classname="aka.jmetadata.test.JMetaDataVideo_Test" name="subTestGetSourceStreamSizeProportionAsString" time="0.0" />
  <testcase classname="aka.jmetadata.test.JMetaDataVideo_Test" name="subTestGetPixelAspectRatioCleanApertureStringAsLocalDateTime" time="0.0" />
  <testcase classname="aka.jmetadata.test.JMetaDataVideo_Test" name="subTestGetPixelAspectRatioCleanApertureAsURL" time="0.0" />
  <testcase classname="aka.jmetadata.test.JMetaDataVideo_Test" name="subTestGettransfercharacteristicsAsString" time="0.0" />
  <testcase classname="aka.jmetadata.test.JMetaDataVideo_Test" name="subTestGetDisplayAspectRatioStringAsInteger" time="0.0" />
  <testcase classname="aka.jmetadata.test.JMetaDataVideo_Test" name="subTestGetActiveFormatDescriptionStringAsInteger" time="0.0" />
  <testcase classname="aka.jmetadata.test.JMetaDataVideo_Test" name="subTestGetBitRateMaximumAsInteger" time="0.0" />
  <testcase classname="aka.jmetadata.test.JMetaDataVideo_Test" name="subTestGetFrameRateModeOriginalAsString" time="0.0" />
  <testcase classname="aka.jmetadata.test.JMetaDataVideo_Test" name="subTestGetTimeCodeSettingsAsURL" time="0.0" />
  <testcase classname="aka.jmetadata.test.JMetaDataVideo_Test" name="subTestGetSourceStreamSizeEncodedString1AsInteger" time="0.0" />
  <testcase classname="aka.jmetadata.test.JMetaDataVideo_Test" name="subTestGetSampledHeightAsURL" time="0.0" />
  <testcase classname="aka.jmetadata.test.JMetaDataVideo_Test" name="subTestGetFormatCompressionAsLocalTime" time="0.0" />
  <testcase classname="aka.jmetadata.test.JMetaDataVideo_Test" name="subTestGetFrameCountAsString" time="0.0" />
  <testcase classname="aka.jmetadata.test.JMetaDataVideo_Test" name="subTestGetBitDepthAsString" time="0.001" />
  <testcase classname="aka.jmetadata.test.JMetaDataVideo_Test" name="subTestGetWidthCleanApertureAsInteger" time="0.0" />
  <testcase classname="aka.jmetadata.test.JMetaDataVideo_Test" name="subTestGetScanTypeOriginalStringAsBigInteger" time="0.001" />
  <testcase classname="aka.jmetadata.test.JMetaDataVideo_Test" name="subTestGetSourceStreamSizeEncodedString5AsLong" time="0.0" />
  <testcase classname="aka.jmetadata.test.JMetaDataVideo_Test" name="subTestGetSourceDurationString4AsString" time="0.0" />
  <testcase classname="aka.jmetadata.test.JMetaDataVideo_Test" name="subTestGetFormatSettingsRefFramesStringAsString" time="0.0" />
  <testcase classname="aka.jmetadata.test.JMetaDataVideo_Test" name="subTestGetStreamSizeString5AsLocalTime" time="0.0" />
  <testcase classname="aka.jmetadata.test.JMetaDataVideo_Test" name="subTestGetFrameRateOriginalDenAsString" time="0.0" />
  <testcase classname="aka.jmetadata.test.JMetaDataVideo_Test" name="subTestGetGopOpenClosedAsString" time="0.001" />
  <testcase classname="aka.jmetadata.test.JMetaDataVideo_Test" name="subTestGetSourceStreamSizeString5AsLocalDateTime" time="0.0" />
  <testcase classname="aka.jmetadata.test.JMetaDataVideo_Test" name="subTestGetHeightCleanApertureStringAsInteger" time="0.0" />
  <testcase classname="aka.jmetadata.test.JMetaDataVideo_Test" name="subTestGetSourceDurationLastFrameStringAsLong" time="0.0" />
  <testcase classname="aka.jmetadata.test.JMetaDataVideo_Test" name="subTestGetBitRateEncodedAsLocalTime" time="0.0" />
  <testcase classname="aka.jmetadata.test.JMetaDataVideo_Test" name="subTestGetWidthAsLocalDateTime" time="0.0" />
  <testcase classname="aka.jmetadata.test.JMetaDataVideo_Test" name="subTestGetFrameRateNominalAsBoolean" time="0.0" />
  <testcase classname="aka.jmetadata.test.JMetaDataVideo_Test" name="subTestGetOriginalSourceMediumIDStringAsURL" time="0.0" />
  <testcase classname="aka.jmetadata.test.JMetaDataVideo_Test" name="subTestGetScanOrderStoredDisplayedInvertedAsURL" time="0.0" />
  <testcase classname="aka.jmetadata.test.JMetaDataVideo_Test" name="subTestGetFormatSettingsBVOPAsBoolean" time="0.0" />
  <testcase classname="aka.jmetadata.test.JMetaDataVideo_Test" name="subTestGetDisplayAspectRatioStringAsString" time="0.0" />
  <testcase classname="aka.jmetadata.test.JMetaDataVideo_Test" name="subTestGetWidthCleanApertureStringAsInteger" time="0.0" />
  <testcase classname="aka.jmetadata.test.JMetaDataVideo_Test" name="subTestGetcolourdescriptionpresentAsBoolean" time="0.0" />
  <testcase classname="aka.jmetadata.test.JMetaDataVideo_Test" name="subTestGetDelayString2AsInteger" time="0.0" />
  <testcase classname="aka.jmetadata.test.JMetaDataVideo_Test" name="subTestGetLanguageMoreAsString" time="0.0" />
  <testcase classname="aka.jmetadata.test.JMetaDataVideo_Test" name="subTestGetDelayStringAsLocalTime" time="0.0" />
  <testcase classname="aka.jmetadata.test.JMetaDataVideo_Test" name="subTestGetBitDepthStringAsInteger" time="0.0" />
  <testcase classname="aka.jmetadata.test.JMetaDataVideo_Test" name="subTestGetStreamSizeDemuxedString5AsLong" time="0.0" />
  <testcase classname="aka.jmetadata.test.JMetaDataVideo_Test" name="subTestGetServiceKindAsBigInteger" time="0.0" />
  <testcase classname="aka.jmetadata.test.JMetaDataVideo_Test" name="subTestGetStreamSizeDemuxedString1AsURL" time="0.0" />
  <testcase classname="aka.jmetadata.test.JMetaDataVideo_Test" name="subTestGetFrameRateNumAsBigInteger" time="0.0" />
  <testcase classname="aka.jmetadata.test.JMetaDataVideo_Test" name="subTestGetForcedAsBoolean" time="0.0" />
  <testcase classname="aka.jmetadata.test.JMetaDataVideo_Test" name="subTestGetDelayStringAsBoolean" time="0.0" />
  <testcase classname="aka.jmetadata.test.JMetaDataVideo_Test" name="subTestGetCodecIDHintAsLong" time="0.0" />
  <testcase classname="aka.jmetadata.test.JMetaDataVideo_Test" name="subTestGetDurationLastFrameString3AsLocalDateTime" time="0.0" />
  <testcase classname="aka.jmetadata.test.JMetaDataVideo_Test" name="subTestGetHeightOriginalStringAsLong" time="0.001" />
  <testcase classname="aka.jmetadata.test.JMetaDataVideo_Test" name="subTestGetcolourdescriptionpresentAsLocalTime" time="0.001" />
  <testcase classname="aka.jmetadata.test.JMetaDataVideo_Test" name="subTestGetcolourdescriptionpresentOriginalAsBigInteger" time="0.0" />
  <testcase classname="aka.jmetadata.test.JMetaDataVideo_Test" name="subTestGetAlignmentAsLong" time="0.001" />
  <testcase classname="aka.jmetadata.test.JMetaDataVideo_Test" name="subTestGetFrameRateOriginalAsString" time="0.0" />
  <testcase classname="aka.jmetadata.test.JMetaDataVideo_Test" name="subTestGetUniqueIDStringAsBoolean" time="0.0" />
  <testcase classname="aka.jmetadata.test.JMetaDataVideo_Test" name="subTestGetDelayDropFrameAsInteger" time="0.0" />
  <testcase classname="aka.jmetadata.test.JMetaDataVideo_Test" name="subTestGetDurationFirstFrameString4AsLong" time="0.0" />
  <testcase classname="aka.jmetadata.test.JMetaDataVideo_Test" name="subTestGetSourceDurationLastFrameString3AsLocalDateTime" time="0.0" />
  <testcase classname="aka.jmetadata.test.JMetaDataVideo_Test" name="subTestGetEncodedLibraryDateAsString" time="0.001" />
  <testcase classname="aka.jmetadata.test.JMetaDataVideo_Test" name="subTestGetDelayOriginalString2AsInteger" time="0.0" />
  <testcase classname="aka.jmetadata.test.JMetaDataVideo_Test" name="subTestGetStreamSizeDemuxedString2AsURL" time="0.0" />
  <testcase classname="aka.jmetadata.test.JMetaDataVideo_Test" name="subTestGetDurationFirstFrameAsBigInteger" time="0.0" />
  <testcase classname="aka.jmetadata.test.JMetaDataVideo_Test" name="subTestGetScanTypeOriginalAsString" time="0.0" />
  <testcase classname="aka.jmetadata.test.JMetaDataVideo_Test" name="subTestGetTimeStampFirstFrameString4AsLong" time="0.001" />
  <testcase classname="aka.jmetadata.test.JMetaDataVideo_Test" name="subTestGetTitleAsInteger" time="0.0" />
  <testcase classname="aka.jmetadata.test.JMetaDataVideo_Test" name="subTestGetSourceStreamSizeString1AsURL" time="0.0" />
  <testcase classname="aka.jmetadata.test.JMetaDataVideo_Test" name="subTestGetSourceDurationFirstFrameString5AsInteger" time="0.0" />
  <testcase classname="aka.jmetadata.test.JMetaDataVideo_Test" name="subTestGetBitRateModeAsBoolean" time="0.0" />
  <testcase classname="aka.jmetadata.test.JMetaDataVideo_Test" name="subTestGetStreamKindIDAsString" time="0.0" />
  <testcase classname="aka.jmetadata.test.JMetaDataVideo_Test" name="subTestGetFormatLevelAsLocalTime" time="0.0" />
  <testcase classname="aka.jmetadata.test.JMetaDataVideo_Test" name="subTestGetFormatSettingsFrameModeAsBoolean" time="0.0" />
  <testcase classname="aka.jmetadata.test.JMetaDataVideo_Test" name="subTestGetDurationLastFrameStringAsInteger" time="0.0" />
  <testcase classname="aka.jmetadata.test.JMetaDataVideo_Test" name="subTestGetStreamSizeString1AsInteger" time="0.0" />
  <testcase classname="aka.jmetadata.test.JMetaDataVideo_Test" name="subTestGetSourceDurationLastFrameString2AsBigInteger" time="0.0" />
  <testcase classname="aka.jmetadata.test.JMetaDataVideo_Test" name="subTestGetTaggedDateAsBigInteger" time="0.0" />
  <testcase classname="aka.jmetadata.test.JMetaDataVideo_Test" name="subTestGetSourceStreamSizeString3AsBigInteger" time="0.0" />
  <testcase classname="aka.jmetadata.test.JMetaDataVideo_Test" name="subTestGetFormatSettingsCABACAsBigInteger" time="0.0" />
  <testcase classname="aka.jmetadata.test.JMetaDataVideo_Test" name="subTestGetStreamSizeDemuxedString3AsURL" time="0.0" />
  <testcase classname="aka.jmetadata.test.JMetaDataVideo_Test" name="subTestGetScanTypeStoreMethodAsURL" time="0.0" />
  <testcase classname="aka.jmetadata.test.JMetaDataVideo_Test" name="subTestGetFormatVersionAsLong" time="0.0" />
  <testcase classname="aka.jmetadata.test.JMetaDataVideo_Test" name="subTestGetSourceStreamSizeString2AsURL" time="0.0" />
  <testcase classname="aka.jmetadata.test.JMetaDataVideo_Test" name="subTestGetStreamSizeDemuxedString5AsString" time="0.0" />
  <testcase classname="aka.jmetadata.test.JMetaDataVideo_Test" name="subTestGetStandardAsBigInteger" time="0.0" />
  <testcase classname="aka.jmetadata.test.JMetaDataVideo_Test" name="subTestGetTimeStampFirstFrameString3AsBoolean" time="0.0" />
  <testcase classname="aka.jmetadata.test.JMetaDataVideo_Test" name="subTestGetBitRateModeAsLocalTime" time="0.0" />
  <testcase classname="aka.jmetadata.test.JMetaDataVideo_Test" name="subTestGetSourceDurationString5AsBigInteger" time="0.001" />
  <testcase classname="aka.jmetadata.test.JMetaDataVideo_Test" name="subTestGetColorSpaceAsBoolean" time="0.0" />
  <testcase classname="aka.jmetadata.test.JMetaDataVideo_Test" name="subTestGetSourceStreamSizeString4AsLong" time="0.0" />
  <testcase classname="aka.jmetadata.test.JMetaDataVideo_Test" name="subTestGetDurationString3AsInteger" time="0.0" />
  <testcase classname="aka.jmetadata.test.JMetaDataVideo_Test" name="subTestGetStreamSizeEncodedString2AsString" time="0.0" />
  <testcase classname="aka.jmetadata.test.JMetaDataVideo_Test" name="subTestGetFormatInfoAsBigInteger" time="0.0" />
  <testcase classname="aka.jmetadata.test.JMetaDataVideo_Test" name="subTestGetStreamSizeDemuxedString4AsURL" time="0.0" />
  <testcase classname="aka.jmetadata.test.JMetaDataVideo_Test" name="subTestGetSourceStreamSizeString3AsURL" time="0.0" />
  <testcase classname="aka.jmetadata.test.JMetaDataVideo_Test" name="subTestGetFrameRateModeOriginalStringAsLocalTime" time="0.001" />
  <testcase classname="aka.jmetadata.test.JMetaDataVideo_Test" name="subTestGetDurationLastFrameString4AsBoolean" time="0.0" />
  <testcase classname="aka.jmetadata.test.JMetaDataVideo_Test" name="subTestGetTaggedDateAsLong" time="0.0" />
  <testcase classname="aka.jmetadata.test.JMetaDataVideo_Test" name="subTestGetFormatCommercialAsURL" time="0.0" />
  <testcase classname="aka.jmetadata.test.JMetaDataVideo_Test" name="subTestGetSourceDurationLastFrameString3AsString" time="0.0" />
  <testcase classname="aka.jmetadata.test.JMetaDataVideo_Test" name="subTestGetBufferSizeAsURL" time="0.0" />
  <testcase classname="aka.jmetadata.test.JMetaDataVideo_Test" name="subTestGetSourceDurationString4AsLong" time="0.0" />
  <testcase classname="aka.jmetadata.test.JMetaDataVideo_Test" name="subTestGetDisplayAspectRatioAsInteger" time="0.0" />
  <testcase classname="aka.jmetadata.test.JMetaDataVideo_Test" name="subTestGetFrameRateDenAsLong" time="0.0" />
  <testcase classname="aka.jmetadata.test.JMetaDataVideo_Test" name="subTestGetcolourprimariesOriginalAsInteger" time="0.001" />
  <testcase classname="aka.jmetadata.test.JMetaDataVideo_Test" name="subTestGetStreamSizeDemuxedString5AsURL" time="0.0" />
  <testcase classname="aka.jmetadata.test.JMetaDataVideo_Test" name="subTestGetFrameRateMaximumAsString" time="0.0" />
  <testcase classname="aka.jmetadata.test.JMetaDataVideo_Test" name="subTestGetSourceDurationFirstFrameString5AsLocalDateTime" time="0.0" />
  <testcase classname="aka.jmetadata.test.JMetaDataVideo_Test" name="subTestGetSourceStreamSizeString4AsURL" time="0.0" />
  <testcase classname="aka.jmetadata.test.JMetaDataVideo_Test" name="subTestGetSourceStreamSizeEncodedAsBoolean" time="0.0" />
  <testcase classname="aka.jmetadata.test.JMetaDataVideo_Test" name="subTestGetBitRateMaximumStringAsString" time="0.0" />
  <testcase classname="aka.jmetadata.test.JMetaDataVideo_Test" name="subTestGetStreamSizeEncodedString1AsLocalTime" time="0.0" />
  <testcase classname="aka.jmetadata.test.JMetaDataVideo_Test" name="subTestGetPixelAspectRatioCleanApertureAsInteger" time="0.0" />
  <testcase classname="aka.jmetadata.test.JMetaDataVideo_Test" name="subTestGetEncodedApplicationCompanyNameAsURL" time="0.0" />
  <testcase classname="aka.jmetadata.test.JMetaDataVideo_Test" name="subTestGetSourceStreamSizeProportionAsBoolean" time="0.0" />
  <testcase classname="aka.jmetadata.test.JMetaDataVideo_Test" name="subTestGetBitRateNominalAsURL" time="0.0" />
  <testcase classname="aka.jmetadata.test.JMetaDataVideo_Test" name="subTestGetEncodedLibrarySettingsAsURL" time="0.0" />
  <testcase classname="aka.jmetadata.test.JMetaDataVideo_Test" name="subTestGetFormatCommercialAsInteger" time="0.001" />
  <testcase classname="aka.jmetadata.test.JMetaDataVideo_Test" name="subTestGetFirstPacketOrderAsLong" time="0.0" />
  <testcase classname="aka.jmetadata.test.JMetaDataVideo_Test" name="subTestGetSourceStreamSizeString5AsURL" time="0.0" />
  <testcase classname="aka.jmetadata.test.JMetaDataVideo_Test" name="subTestGetDelayString5AsLong" time="0.0" />
  <testcase classname="aka.jmetadata.test.JMetaDataVideo_Test" name="subTestGettransfercharacteristicsAsLong" time="0.0" />
  <testcase classname="aka.jmetadata.test.JMetaDataVideo_Test" name="subTestGetStreamSizeDemuxedString3AsBigInteger" time="0.0" />
  <testcase classname="aka.jmetadata.test.JMetaDataVideo_Test" name="subTestGetStreamSizeDemuxedAsLocalDateTime" time="0.0" />
  <testcase classname="aka.jmetadata.test.JMetaDataVideo_Test" name="subTestGetBitRateMinimumAsBigInteger" time="0.0" />
  <testcase classname="aka.jmetadata.test.JMetaDataVideo_Test" name="subTestGetEncodedApplicationStringAsLocalDateTime" time="0.0" />
  <testcase classname="aka.jmetadata.test.JMetaDataVideo_Test" name="subTestGetLanguageMoreAsInteger" time="0.0" />
  <testcase classname="aka.jmetadata.test.JMetaDataVideo_Test" name="subTestGetDisabledStringAsInteger" time="0.0" />
  <testcase classname="aka.jmetadata.test.JMetaDataVideo_Test" name="subTestGetFrameCountAsLong" time="0.0" />
  <testcase classname="aka.jmetadata.test.JMetaDataVideo_Test" name="subTestGetFormatAsLocalDateTime" time="0.0" />
  <testcase classname="aka.jmetadata.test.JMetaDataVideo_Test" name="subTestGetFormatSettingsRefFramesAsString" time="0.0" />
  <testcase classname="aka.jmetadata.test.JMetaDataVideo_Test" name="subTestGetOriginalSourceMediumIDStringAsLong" time="0.0" />
  <testcase classname="aka.jmetadata.test.JMetaDataVideo_Test" name="subTestGetFormatSettingsPictureStructureAsBigInteger" time="0.0" />
  <testcase classname="aka.jmetadata.test.JMetaDataVideo_Test" name="subTestGetBitRateMinimumStringAsBigInteger" time="0.0" />
  <testcase classname="aka.jmetadata.test.JMetaDataVideo_Test" name="subTestGetScanOrderStringAsLocalTime" time="0.0" />
  <testcase classname="aka.jmetadata.test.JMetaDataVideo_Test" name="subTestGetFrameRateMaximumStringAsString" time="0.001" />
  <testcase classname="aka.jmetadata.test.JMetaDataVideo_Test" name="subTestGetStreamKindAsURL" time="0.0" />
  <testcase classname="aka.jmetadata.test.JMetaDataVideo_Test" name="subTestGetBitRateEncodedStringAsString" time="0.001" />
  <testcase classname="aka.jmetadata.test.JMetaDataVideo_Test" name="subTestGetFrameRateMinimumStringAsLocalTime" time="0.001" />
  <testcase classname="aka.jmetadata.test.JMetaDataVideo_Test" name="subTestGetCompressionModeAsInteger" time="0.001" />
  <testcase classname="aka.jmetadata.test.JMetaDataVideo_Test" name="subTestGetHeightCleanApertureAsLong" time="0.0" />
  <testcase classname="aka.jmetadata.test.JMetaDataVideo_Test" name="subTestGetStreamKindAsString" time="0.0" />
  <testcase classname="aka.jmetadata.test.JMetaDataVideo_Test" name="subTestGetTimeCodeSettingsAsBigInteger" time="0.0" />
  <testcase classname="aka.jmetadata.test.JMetaDataVideo_Test" name="subTestGetDurationFirstFrameString4AsLocalDateTime" time="0.0" />
  <testcase classname="aka.jmetadata.test.JMetaDataVideo_Test" name="subTestGetDelayString1AsInteger" time="0.0" />
  <testcase classname="aka.jmetadata.test.JMetaDataVideo_Test" name="subTestGetEncodedApplicationAsInteger" time="0.0" />
  <testcase classname="aka.jmetadata.test.JMetaDataVideo_Test" name="subTestGetBitRateMaximumAsBigInteger" time="0.001" />
  <testcase classname="aka.jmetadata.test.JMetaDataVideo_Test" name="subTestGetMultiViewCountAsInteger" time="0.001" />
  <testcase classname="aka.jmetadata.test.JMetaDataVideo_Test" name="subTestGetInformAsLong" time="0.0" />
  <testcase classname="aka.jmetadata.test.JMetaDataVideo_Test" name="subTestGetFormatInfoAsBoolean" time="0.0" />
  <testcase classname="aka.jmetadata.test.JMetaDataVideo_Test" name="subTestGetStreamKindStringAsLocalDateTime" time="0.001" />
  <testcase classname="aka.jmetadata.test.JMetaDataVideo_Test" name="subTestGetBitRateModeStringAsLocalTime" time="0.0" />
  <testcase classname="aka.jmetadata.test.JMetaDataVideo_Test" name="subTestGetSourceDurationFirstFrameStringAsURL" time="0.0" />
  <testcase classname="aka.jmetadata.test.JMetaDataVideo_Test" name="subTestGetDurationStringAsLocalTime" time="0.0" />
  <testcase classname="aka.jmetadata.test.JMetaDataVideo_Test" name="subTestGetDurationLastFrameString5AsLong" time="0.0" />
  <testcase classname="aka.jmetadata.test.JMetaDataVideo_Test" name="subTestGetSourceDurationFirstFrameAsBigInteger" time="0.0" />
  <testcase classname="aka.jmetadata.test.JMetaDataVideo_Test" name="subTestGetDelayOriginalString1AsInteger" time="0.0" />
  <testcase classname="aka.jmetadata.test.JMetaDataVideo_Test" name="subTestGetAlignmentAsLocalTime" time="0.0" />
  <testcase classname="aka.jmetadata.test.JMetaDataVideo_Test" name="subTestGetPixelAspectRatioStringAsLocalDateTime" time="0.001" />
  <testcase classname="aka.jmetadata.test.JMetaDataVideo_Test" name="subTestGetDelayOriginalString5AsLong" time="0.0" />
  <testcase classname="aka.jmetadata.test.JMetaDataVideo_Test" name="subTestGetEncodedDateAsBigInteger" time="0.0" />
  <testcase classname="aka.jmetadata.test.JMetaDataVideo_Test" name="subTestGetSourceDurationFirstFrameString4AsInteger" time="0.0" />
  <testcase classname="aka.jmetadata.test.JMetaDataVideo_Test" name="subTestGetDurationLastFrameString5AsBigInteger" time="0.0" />
  <testcase classname="aka.jmetadata.test.JMetaDataVideo_Test" name="subTestGetIDStringAsBoolean" time="0.001" />
  <testcase classname="aka.jmetadata.test.JMetaDataVideo_Test" name="subTestGetStreamSizeEncodedProportionAsInteger" time="0.0" />
  <testcase classname="aka.jmetadata.test.JMetaDataVideo_Test" name="subTestGetStoredWidthAsLong" time="0.0" />
  <testcase classname="aka.jmetadata.test.JMetaDataVideo_Test" name="subTestGetStreamSizeProportionAsBigInteger" time="0.0" />
  <testcase classname="aka.jmetadata.test.JMetaDataVideo_Test" name="subTestGetStreamSizeEncodedStringAsBoolean" time="0.0" />
  <testcase classname="aka.jmetadata.test.JMetaDataVideo_Test" name="subTestGetOriginalSourceMediumIDStringAsString" time="0.0" />
  <testcase classname="aka.jmetadata.test.JMetaDataVideo_Test" name="subTestGetAlignmentAsString" time="0.0" />
  <testcase classname="aka.jmetadata.test.JMetaDataVideo_Test" name="subTestGetFrameRateMaximumAsLong" time="0.0" />
  <testcase classname="aka.jmetadata.test.JMetaDataVideo_Test" name="subTestGetStreamSizeEncodedString2AsLocalTime" time="0.001" />
  <testcase classname="aka.jmetadata.test.JMetaDataVideo_Test" name="subTestGetTitleAsLocalTime" time="0.0" />
  <testcase classname="aka.jmetadata.test.JMetaDataVideo_Test" name="subTestGetFormatSettingsQPelStringAsLocalTime" time="0.0" />
  <testcase classname="aka.jmetadata.test.JMetaDataVideo_Test" name="subTestGetFrameRateModeStringAsLocalTime" time="0.0" />
  <testcase classname="aka.jmetadata.test.JMetaDataVideo_Test" name="subTestGetTimeStampFirstFrameString2AsBoolean" time="0.0" />
  <testcase classname="aka.jmetadata.test.JMetaDataVideo_Test" name="subTestGetDelayOriginalSettingsAsInteger" time="0.0" />
  <testcase classname="aka.jmetadata.test.JMetaDataVideo_Test" name="subTestGetStreamSizeDemuxedString5AsBoolean" time="0.0" />
  <system-out><![CDATA[]]></system-out>
  <system-err><![CDATA[]]></system-err>
</testsuite>
