<?xml version="1.0" encoding="UTF-8" ?>
<testsuite errors="1" failures="0" hostname="BÃ©lial" name="aka.jmetadata.test.JMetaDataAudio_Test" skipped="0" tests="1" time="0.0" timestamp="2017-07-07T19:39:43">
  <properties>
    <property name="file.encoding.pkg" value="sun.io" />
    <property name="org.osgi.framework.executionenvironment" value="OSGi/Minimum-1.0,OSGi/Minimum-1.1,OSGi/Minimum-1.2,JavaSE/compact1-1.8,JavaSE/compact2-1.8,JavaSE/compact3-1.8,JRE-1.1,J2SE-1.2,J2SE-1.3,J2SE-1.4,J2SE-1.5,JavaSE-1.6,JavaSE-1.7,JavaSE-1.8" />
    <property name="osgi.framework" value="file:/c:/eclipse/plugins/org.eclipse.osgi_3.11.0.v20160603-1336.jar" />
    <property name="java.home" value="C:\Program Files\Java\jre1.8.0_111" />
    <property name="eclipse.application" value="org.eclipse.ui.ide.workbench" />
    <property name="sonar.projectKey" value="JMetaData" />
    <property name="test.src.dir" value="Test/javasource" />
    <property name="org.eclipse.debug.ui.breakpoints.toggleFactoriesUsed" value="true" />
    <property name="java.endorsed.dirs" value="C:\Program Files\Java\jre1.8.0_111\lib\endorsed" />
    <property name="sun.os.patch.level" value="" />
    <property name="java.vendor.url" value="http://java.oracle.com/" />
    <property name="java.version" value="1.8.0_111" />
    <property name="eclipse.pdebuild.home" value="/C:/eclipse/plugins/org.eclipse.pde.build_3.9.200.v20160204-0642/./" />
    <property name="osgi.requiredJavaVersion" value="1.8" />
    <property name="osgi.compatibility.bootdelegation.default" value="true" />
    <property name="osgi.os" value="win32" />
    <property name="osgi.compatibility.bootdelegation" value="true" />
    <property name="org.eclipse.equinox.simpleconfigurator.configUrl" value="file:org.eclipse.equinox.simpleconfigurator/bundles.info" />
    <property name="classes" value="JMetadata/classes" />
    <property name="org.osgi.framework.uuid" value="10b9aa94-d060-0017-13d8-828a6be53893" />
    <property name="osgi.splashPath" value="platform:/base/plugins/org.eclipse.platform" />
    <property name="java.vendor.url.bug" value="http://bugreport.sun.com/bugreport/" />
    <property name="org.eclipse.debug.ui.debugViewToolbarVisible" value="false" />
    <property name="ant.project.invoked-targets" value="run" />
    <property name="ant.file.type.Sonar" value="file" />
    <property name="sonar.tests" value="Test/javasource" />
    <property name="user.name" value="Cha" />
    <property name="org.osgi.framework.version" value="1.8.0" />
    <property name="sun.io.unicode.encoding" value="UnicodeLittle" />
    <property name="org.osgi.framework.system.packages" value="javax.accessibility,javax.activation,javax.activity,javax.annotation,javax.annotation.processing,javax.crypto,javax.crypto.interfaces,javax.crypto.spec,javax.imageio,javax.imageio.event,javax.imageio.metadata,javax.imageio.plugins.bmp,javax.imageio.plugins.jpeg,javax.imageio.spi,javax.imageio.stream,javax.jws,javax.jws.soap,javax.lang.model,javax.lang.model.element,javax.lang.model.type,javax.lang.model.util,javax.management,javax.management.loading,javax.management.modelmbean,javax.management.monitor,javax.management.openmbean,javax.management.relation,javax.management.remote,javax.management.remote.rmi,javax.management.timer,javax.naming,javax.naming.directory,javax.naming.event,javax.naming.ldap,javax.naming.spi,javax.net,javax.net.ssl,javax.print,javax.print.attribute,javax.print.attribute.standard,javax.print.event,javax.rmi,javax.rmi.CORBA,javax.rmi.ssl,javax.script,javax.security.auth,javax.security.auth.callback,javax.security.auth.kerberos,javax.security.auth.login,javax.security.auth.spi,javax.security.auth.x500,javax.security.cert,javax.security.sasl,javax.sound.midi,javax.sound.midi.spi,javax.sound.sampled,javax.sound.sampled.spi,javax.sql,javax.sql.rowset,javax.sql.rowset.serial,javax.sql.rowset.spi,javax.swing,javax.swing.border,javax.swing.colorchooser,javax.swing.event,javax.swing.filechooser,javax.swing.plaf,javax.swing.plaf.basic,javax.swing.plaf.metal,javax.swing.plaf.multi,javax.swing.plaf.nimbus,javax.swing.plaf.synth,javax.swing.table,javax.swing.text,javax.swing.text.html,javax.swing.text.html.parser,javax.swing.text.rtf,javax.swing.tree,javax.swing.undo,javax.tools,javax.transaction,javax.transaction.xa,javax.xml,javax.xml.bind,javax.xml.bind.annotation,javax.xml.bind.annotation.adapters,javax.xml.bind.attachment,javax.xml.bind.helpers,javax.xml.bind.util,javax.xml.crypto,javax.xml.crypto.dom,javax.xml.crypto.dsig,javax.xml.crypto.dsig.dom,javax.xml.crypto.dsig.keyinfo,javax.xml.crypto.dsig.spec,javax.xml.datatype,javax.xml.namespace,javax.xml.parsers,javax.xml.soap,javax.xml.stream,javax.xml.stream.events,javax.xml.stream.util,javax.xml.transform,javax.xml.transform.dom,javax.xml.transform.sax,javax.xml.transform.stax,javax.xml.transform.stream,javax.xml.validation,javax.xml.ws,javax.xml.ws.handler,javax.xml.ws.handler.soap,javax.xml.ws.http,javax.xml.ws.soap,javax.xml.ws.spi,javax.xml.ws.spi.http,javax.xml.ws.wsaddressing,javax.xml.xpath,org.ietf.jgss,org.omg.CORBA,org.omg.CORBA_2_3,org.omg.CORBA_2_3.portable,org.omg.CORBA.DynAnyPackage,org.omg.CORBA.ORBPackage,org.omg.CORBA.portable,org.omg.CORBA.TypeCodePackage,org.omg.CosNaming,org.omg.CosNaming.NamingContextExtPackage,org.omg.CosNaming.NamingContextPackage,org.omg.Dynamic,org.omg.DynamicAny,org.omg.DynamicAny.DynAnyFactoryPackage,org.omg.DynamicAny.DynAnyPackage,org.omg.IOP,org.omg.IOP.CodecFactoryPackage,org.omg.IOP.CodecPackage,org.omg.Messaging,org.omg.PortableInterceptor,org.omg.PortableInterceptor.ORBInitInfoPackage,org.omg.PortableServer,org.omg.PortableServer.CurrentPackage,org.omg.PortableServer.POAManagerPackage,org.omg.PortableServer.POAPackage,org.omg.PortableServer.portable,org.omg.PortableServer.ServantLocatorPackage,org.omg.SendingContext,org.omg.stub.java.rmi,org.w3c.dom,org.w3c.dom.bootstrap,org.w3c.dom.css,org.w3c.dom.events,org.w3c.dom.html,org.w3c.dom.ls,org.w3c.dom.ranges,org.w3c.dom.stylesheets,org.w3c.dom.traversal,org.w3c.dom.views,org.w3c.dom.xpath,org.xml.sax,org.xml.sax.ext,org.xml.sax.helpers" />
    <property name="sun.jnu.encoding" value="Cp1252" />
    <property name="java.runtime.name" value="Java(TM) SE Runtime Environment" />
    <property name="sonar.projectName" value="quick &amp; dirty&quot; java project to generate java class from MediaInfo constants." />
    <property name="applicationXMI" value="org.eclipse.ui.workbench/LegacyIDE.e4xmi" />
    <property name="osgi.instance.area.default" value="file:/C:/Users/Cha/workspace/" />
    <property name="eclipse.launcher.name" value="Eclipse" />
    <property name="eclipse.product" value="org.eclipse.epp.package.jee.product" />
    <property name="java.specification.name" value="Java Platform API Specification" />
    <property name="sonar.links.ci" value="https://github.com/welle/JMediaInfo" />
    <property name="org.osgi.supports.framework.fragment" value="true" />
    <property name="osgi.framework.useSystemProperties" value="true" />
    <property name="user.timezone" value="" />
    <property name="org.osgi.framework.system.capabilities" value="osgi.ee; osgi.ee=&quot;OSGi/Minimum&quot;; version:List&lt;Version&gt;=&quot;1.0, 1.1, 1.2&quot;,osgi.ee; osgi.ee=&quot;JRE&quot;; version:List&lt;Version&gt;=&quot;1.0, 1.1&quot;,osgi.ee; osgi.ee=&quot;JavaSE&quot;; version:List&lt;Version&gt;=&quot;1.0, 1.1, 1.2, 1.3, 1.4, 1.5, 1.6, 1.7, 1.8&quot;,osgi.ee; osgi.ee=&quot;JavaSE/compact1&quot;; version:List&lt;Version&gt;=&quot;1.8&quot;,osgi.ee; osgi.ee=&quot;JavaSE/compact2&quot;; version:List&lt;Version&gt;=&quot;1.8&quot;,osgi.ee; osgi.ee=&quot;JavaSE/compact3&quot;; version:List&lt;Version&gt;=&quot;1.8&quot;" />
    <property name="osgi.nl" value="fr_BE" />
    <property name="user.script" value="" />
    <property name="path.separator" value=";" />
    <property name="file.encoding" value="Cp1252" />
    <property name="osgi.arch" value="x86_64" />
    <property name="ant.project.default-target" value="jars" />
    <property name="sun.java.command" value="org.apache.tools.ant.taskdefs.optional.junit.JUnitTestRunner aka.jmetadata.test.JMetaDataAudio_Test skipNonTests=false filtertrace=true haltOnError=false haltOnFailure=true formatter=org.apache.tools.ant.taskdefs.optional.junit.SummaryJUnitResultFormatter showoutput=false outputtoformatters=true logfailedtests=true threadid=0 logtestlistenerevents=false formatter=org.apache.tools.ant.taskdefs.optional.junit.XMLJUnitResultFormatter,D:\Projets Java\jmetadata\reports\junit\TEST-aka.jmetadata.test.JMetaDataAudio_Test.xml crashfile=D:\Projets Java\jmetadata\junitvmwatcher314257446034634827.properties propsfile=D:\Projets Java\jmetadata\junit1478765743148336675.properties" />
    <property name="ant.file" value="D:\Projets Java\jmetadata\build.xml" />
    <property name="org.osgi.supports.framework.requirebundle" value="true" />
    <property name="sonar.links.scm" value="https://github.com/welle/JMediaInfo" />
    <property name="osgi.bundles.defaultStartLevel" value="4" />
    <property name="sonar.jacoco.itReportPath" value="reports/jacoco/jacoco-it.exec" />
    <property name="osgi.bundles" value="reference:file:org.eclipse.osgi.compatibility.state_1.0.200.v20160504-1419.jar,reference:file:org.eclipse.wst.jsdt.nashorn.extension_1.0.0.v201605131737.jar,reference:file:org.eclipse.equinox.weaving.hook_1.1.200.v20150730-1648.jar,reference:file:org.eclipse.fx.osgi_2.4.0.201605100504.jar,reference:file:org.eclipse.equinox.simpleconfigurator_1.1.200.v20160504-1450.jar@1:start" />
    <property name="java.io.tmpdir" value="c:\temp\" />
    <property name="org.osgi.framework.os.name" value="Windows10" />
    <property name="equinox.use.ds" value="true" />
    <property name="sonar.links.issue" value="https://github.com/welle/JMediaInfo/issues" />
    <property name="sonar.jacoco.reportPath" value="reports/jacoco/jacoco.exec" />
    <property name="user.language" value="fr" />
    <property name="line.separator" value="&#xd;&#xa;" />
    <property name="sonar.host.url" value="https://sonarcloud.io" />
    <property name="org.eclipse.swt.internal.deviceZoom" value="200" />
    <property name="org.osgi.framework.processor" value="x86-64" />
    <property name="java.vm.info" value="mixed mode" />
    <property name="osgi.splashLocation" value="C:\eclipse\\plugins\org.eclipse.platform_4.6.0.v20160606-1100\splash.bmp" />
    <property name="sun.desktop" value="windows" />
    <property name="java.vm.specification.name" value="Java Virtual Machine Specification" />
    <property name="version" value="1.2" />
    <property name="sonar.junit.reportsPath" value="reports/junit" />
    <property name="guice.disable.misplaced.annotation.check" value="true" />
    <property name="sonar.projectVersion" value="1.2" />
    <property name="eclipse.vm" value="C:\Program Files\Java\jre1.8.0_111\bin\server\jvm.dll" />
    <property name="sonar.links.homepage" value="https://github.com/welle/JMediaInfo" />
    <property name="eclipse.pdebuild.templates" value="/C:/eclipse/plugins/org.eclipse.pde.build_3.9.200.v20160204-0642/templates/" />
    <property name="osgi.configuration.area" value="file:/C:/eclipse/configuration/" />
    <property name="java.awt.printerjob" value="sun.awt.windows.WPrinterJob" />
    <property name="ant.version" value="Apache Ant(TM) version 1.9.6 compiled on June 29 2015" />
    <property name="ant.file.type.JMetadata" value="file" />
    <property name="osgi.ws" value="win32" />
    <property name="test.build.dir" value="JMetadata/classes" />
    <property name="equinox.init.uuid" value="true" />
    <property name="org.osgi.supports.framework.extension" value="true" />
    <property name="eclipse.p2.data.area" value="@config.dir/../p2/" />
    <property name="osgi.framework.extensions" value="reference:file:org.eclipse.osgi.compatibility.state_1.0.200.v20160504-1419.jar,reference:file:org.eclipse.wst.jsdt.nashorn.extension_1.0.0.v201605131737.jar,reference:file:org.eclipse.equinox.weaving.hook_1.1.200.v20150730-1648.jar,reference:file:org.eclipse.fx.osgi_2.4.0.201605100504.jar" />
    <property name="gosh.args" value="--nointeractive" />
    <property name="org.osgi.framework.language" value="fr" />
    <property name="os.name" value="Windows 10" />
    <property name="eclipse.home.location" value="file:/C:/eclipse/" />
    <property name="java.specification.vendor" value="Oracle Corporation" />
    <property name="eclipse.vmargs" value="-Dosgi.requiredJavaVersion=1.8&#xa;-XX:+UseG1GC&#xa;-XX:+UseStringDeduplication&#xa;-Dosgi.requiredJavaVersion=1.8&#xa;-Xms1024m&#xa;-Xmx4096m&#xa;-Djava.class.path=C:\eclipse\\plugins/org.eclipse.equinox.launcher_1.3.200.v20160318-1642.jar&#xa;" />
    <property name="java.vm.name" value="Java HotSpot(TM) 64-Bit Server VM" />
    <property name="eclipse.buildId" value="4.6.0.I20160606-1100" />
    <property name="java.library.path" value="C:\Program Files\Java\jre1.8.0_111\bin;C:\WINDOWS\Sun\Java\bin;C:\WINDOWS\system32;C:\WINDOWS;C:/Program Files/Java/jre1.8.0_111/bin/server;C:/Program Files/Java/jre1.8.0_111/bin;C:/Program Files/Java/jre1.8.0_111/lib/amd64;C:\ProgramData\Oracle\Java\javapath;C:\Program Files\Dell\DW WLAN Card;c:\Program Files (x86)\Intel\iCLS Client\;c:\Program Files\Intel\iCLS Client\;C:\Windows\system32;C:\Windows;C:\Windows\System32\Wbem;C:\Windows\System32\WindowsPowerShell\v1.0\;C:\Program Files\Intel\Intel(R) Management Engine Components\DAL;C:\Program Files\Intel\Intel(R) Management Engine Components\IPT;C:\Program Files (x86)\Intel\Intel(R) Management Engine Components\DAL;C:\Program Files (x86)\Intel\Intel(R) Management Engine Components\IPT;C:\Program Files\WIDCOMM\Bluetooth Software\;C:\Program Files\WIDCOMM\Bluetooth Software\syswow64;C:\Program Files\Php;C:\Program Files (x86)\nodejs\;C:\Program Files (x86)\NVIDIA Corporation\PhysX\Common;C:\WINDOWS\system32;C:\WINDOWS;C:\WINDOWS\System32\Wbem;C:\WINDOWS\System32\WindowsPowerShell\v1.0\;C:\Program Files\OpenVPN\bin;C:\Program Files\PuTTY\;C:\Program Files (x86)\Skype\Phone\;C:\Program Files (x86)\Calibre2\;C:\Users\Cha\AppData\Roaming\npm;C:\Users\Cha\AppData\Local\Microsoft\WindowsApps;C:\eclipse;;." />
    <property name="eclipse.pdebuild.scripts" value="/C:/eclipse/plugins/org.eclipse.pde.build_3.9.200.v20160204-0642/scripts/" />
    <property name="ant.java.version" value="1.8" />
    <property name="eclipse.commands" value="-os&#xa;win32&#xa;-ws&#xa;win32&#xa;-arch&#xa;x86_64&#xa;-showsplash&#xa;C:\eclipse\\plugins\org.eclipse.platform_4.6.0.v20160606-1100\splash.bmp&#xa;-launcher&#xa;C:\eclipse\eclipse.exe&#xa;-name&#xa;Eclipse&#xa;--launcher.library&#xa;C:\eclipse\\plugins/org.eclipse.equinox.launcher.win32.win32.x86_64_1.1.400.v20160518-1444\eclipse_1617.dll&#xa;-startup&#xa;C:\eclipse\\plugins/org.eclipse.equinox.launcher_1.3.200.v20160318-1642.jar&#xa;--launcher.appendVmargs&#xa;-product&#xa;org.eclipse.epp.package.jee.product&#xa;-vm&#xa;C:\Program Files\Java\jre1.8.0_111\bin\server\jvm.dll&#xa;" />
    <property name="basedir" value="D:\Projets Java\jmetadata" />
    <property name="java.class.version" value="52.0" />
    <property name="osgi.syspath" value="c:\eclipse\plugins" />
    <property name="ant.home" value="C:\eclipse\plugins\org.apache.ant_1.9.6.v201510161327" />
    <property name="jars_dest" value="d:/Projets Java/JMediainfo" />
    <property name="org.eclipse.equinox.launcher.splash.location" value="C:\eclipse\\plugins\org.eclipse.platform_4.6.0.v20160606-1100\splash.bmp" />
    <property name="osgi.instance.area" value="file:/D:/Eclipse Workspace/" />
    <property name="osgi.install.area" value="file:/C:/eclipse/" />
    <property name="sun.boot.library.path" value="C:\Program Files\Java\jre1.8.0_111\bin" />
    <property name="sun.management.compiler" value="HotSpot 64-Bit Tiered Compilers" />
    <property name="java.awt.graphicsenv" value="sun.awt.Win32GraphicsEnvironment" />
    <property name="user.variant" value="" />
    <property name="sonar.language" value="java" />
    <property name="build.properties.present" value="true" />
    <property name="eclipse.stateSaveDelayInterval" value="30000" />
    <property name="osgi.user.area" value="file:/C:/Users/Cha/user/" />
    <property name="ant.project.name" value="JMetadata" />
    <property name="java.vm.specification.version" value="1.8" />
    <property name="org.eclipse.php.debug.ui.activeDebugging" value="true" />
    <property name="eclipse.running" value="true" />
    <property name="awt.toolkit" value="sun.awt.windows.WToolkit" />
    <property name="sonar.java.test.binaries" value="JMetadata/classes" />
    <property name="sun.cpu.isalist" value="amd64" />
    <property name="org.eclipse.update.reconcile" value="false" />
    <property name="java.ext.dirs" value="C:\Program Files\Java\jre1.8.0_111\lib\ext;C:\WINDOWS\Sun\Java\lib\ext" />
    <property name="os.version" value="10.0" />
    <property name="eclipse.launcher" value="C:\eclipse\eclipse.exe" />
    <property name="user.home" value="C:\Users\Cha" />
    <property name="ant.file.Sonar" value="D:\Projets Java\jmetadata\buildSonar.xml" />
    <property name="java.vm.vendor" value="Oracle Corporation" />
    <property name="org.apache.commons.logging.Log" value="org.apache.commons.logging.impl.NoOpLog" />
    <property name="user.dir" value="C:\eclipse" />
    <property name="org.osgi.framework.os.version" value="10.0.0" />
    <property name="osgi.framework.shape" value="jar" />
    <property name="eclipse.home" value="C:\eclipse" />
    <property name="main.build.dir" value="JMetadata/classes" />
    <property name="sonar.sourceEncoding" value="UTF-8" />
    <property name="javadoc_dest" value="d:/Projets Java/JMediainfo/javadoc" />
    <property name="sun.cpu.endian" value="little" />
    <property name="eclipse.startTime" value="1499183461633" />
    <property name="java.vm.version" value="25.111-b14" />
    <property name="java.class.path" value="D:\Projets Java\jmetadata\libTest\junit-4.11.jar;D:\Projets Java\jmetadata\libTest\hamcrest-core-1.3.jar;D:\Projets Java\jmetadata\JMetadata\classes;D:\Projets Java\jmetadata\reports\junit;D:\Projets Java\jmetadata\Test\videosamples;C:\eclipse\plugins\org.apache.ant_1.9.6.v201510161327\lib\ant-launcher.jar;C:\eclipse\plugins\org.apache.ant_1.9.6.v201510161327\lib\ant.jar;C:\eclipse\plugins\org.apache.ant_1.9.6.v201510161327\lib\ant-junit.jar;C:\eclipse\plugins\org.apache.ant_1.9.6.v201510161327\lib\ant-junit4.jar" />
    <property name="ant.library.dir" value="C:\eclipse\plugins\org.apache.ant_1.9.6.v201510161327\lib" />
    <property name="os.arch" value="amd64" />
    <property name="eclipse.p2.profile" value="epp.package.jee" />
    <property name="sun.java.launcher" value="SUN_STANDARD" />
    <property name="org.eclipse.m2e.log.dir" value="D:\Eclipse Workspace\.metadata\.plugins\org.eclipse.m2e.logback.configuration" />
    <property name="ant.file.JMetadata" value="D:\Projets Java\jmetadata\build.xml" />
    <property name="org.osgi.framework.vendor" value="Eclipse" />
    <property name="osgi.tracefile" value="D:\Eclipse Workspace\.metadata\trace.log" />
    <property name="ant.core.lib" value="C:\eclipse\plugins\org.apache.ant_1.9.6.v201510161327\lib\ant.jar" />
    <property name="java.vm.specification.vendor" value="Oracle Corporation" />
    <property name="file.separator" value="\" />
    <property name="java.runtime.version" value="1.8.0_111-b14" />
    <property name="sun.boot.class.path" value="C:\Program Files\Java\jre1.8.0_111\lib\resources.jar;C:\Program Files\Java\jre1.8.0_111\lib\rt.jar;C:\Program Files\Java\jre1.8.0_111\lib\sunrsasign.jar;C:\Program Files\Java\jre1.8.0_111\lib\jsse.jar;C:\Program Files\Java\jre1.8.0_111\lib\jce.jar;C:\Program Files\Java\jre1.8.0_111\lib\charsets.jar;C:\Program Files\Java\jre1.8.0_111\lib\jfr.jar;C:\Program Files\Java\jre1.8.0_111\classes" />
    <property name="osgi.frameworkClassPath" value="., file:c:/eclipse/plugins/org.eclipse.osgi.compatibility.state_1.0.200.v20160504-1419.jar, file:c:/eclipse/plugins/org.eclipse.wst.jsdt.nashorn.extension_1.0.0.v201605131737.jar, file:c:/eclipse/plugins/org.eclipse.equinox.weaving.hook_1.1.200.v20150730-1648.jar, file:c:/eclipse/plugins/org.eclipse.fx.osgi_2.4.0.201605100504.jar" />
    <property name="user.country" value="BE" />
    <property name="test.sample.dir" value="Test/videosamples" />
    <property name="sonar.java.binaries" value="JMetadata/classes" />
    <property name="osgi.logfile" value="D:\Eclipse Workspace\.metadata\.log" />
    <property name="dir.report.unittests.xml" value="reports/junit" />
    <property name="java.vendor" value="Oracle Corporation" />
    <property name="sonar.java.test.libraries" value="libTest/**/*.jar,libs/**/*.jar" />
    <property name="sonar.sources" value="JMetadata/javasource" />
    <property name="main.src.dir" value="JMetadata/javasource" />
    <property name="java.specification.version" value="1.8" />
    <property name="sun.arch.data.model" value="64" />
  </properties>
  <error message="aka.jmetadata.test.JMetaDataAudio_Test" type="java.lang.ClassNotFoundException">java.lang.ClassNotFoundException: aka.jmetadata.test.JMetaDataAudio_Test
	at java.net.URLClassLoader.findClass(Unknown Source)
	at java.lang.ClassLoader.loadClass(Unknown Source)
	at sun.misc.Launcher$AppClassLoader.loadClass(Unknown Source)
	at java.lang.ClassLoader.loadClass(Unknown Source)
	at java.lang.Class.forName0(Native Method)
	at java.lang.Class.forName(Unknown Source)
</error>
  <system-out><![CDATA[]]></system-out>
  <system-err><![CDATA[]]></system-err>
</testsuite>
