<?xml version="1.0" encoding="UTF-8" ?>
<testsuite errors="0" failures="9" hostname="ABSI-Charlottew" name="aka.jmetadata.test.JMetaDataGeneral_Test" skipped="0" tests="2481" time="9.621" timestamp="2017-07-24T05:43:47">
  <properties>
    <property name="java.vendor" value="Oracle Corporation" />
    <property name="src.test.dir" value="C:\Projects\Own\jmetadata\Test\javasource" />
    <property name="ant.file.type.JMetadata Classpath" value="file" />
    <property name="result.exec.file" value="C:\Projects\Own\jmetadata\reports\jacoco\jacoco.exec" />
    <property name="sun.java.launcher" value="SUN_STANDARD" />
    <property name="sonar.projectName" value="JMetaData" />
    <property name="sonar.links.scm" value="https://github.com/welle/JMediaInfo" />
    <property name="sonar.java.binaries" value="reports/classes" />
    <property name="sun.management.compiler" value="HotSpot 64-Bit Tiered Compilers" />
    <property name="ant.file.type.Ant Build with JaCoCo" value="file" />
    <property name="javadoc_dest" value="C:/Projects/Own/jmetadata/javadoc" />
    <property name="os.name" value="Windows 10" />
    <property name="sonar.jacoco.reportPath" value="reports/jacoco/jacoco.exec" />
    <property name="sun.boot.class.path" value="C:\Program Files\Java\jdk1.8.0_121\jre\lib\resources.jar;C:\Program Files\Java\jdk1.8.0_121\jre\lib\rt.jar;C:\Program Files\Java\jdk1.8.0_121\jre\lib\sunrsasign.jar;C:\Program Files\Java\jdk1.8.0_121\jre\lib\jsse.jar;C:\Program Files\Java\jdk1.8.0_121\jre\lib\jce.jar;C:\Program Files\Java\jdk1.8.0_121\jre\lib\charsets.jar;C:\Program Files\Java\jdk1.8.0_121\jre\lib\jfr.jar;C:\Program Files\Java\jdk1.8.0_121\jre\classes" />
    <property name="sun.desktop" value="windows" />
    <property name="java.vm.specification.vendor" value="Oracle Corporation" />
    <property name="ant.home" value="C:\eclipse\eclipse-oxygen\plugins\org.apache.ant_1.10.1.v20170504-0840" />
    <property name="sonar.projectVersion" value="1.2" />
    <property name="sonar.links.issue" value="https://github.com/welle/JMediaInfo/issues" />
    <property name="java.runtime.version" value="1.8.0_121-b13" />
    <property name="ant.file.type.JMetadata" value="file" />
    <property name="ant.file.JMetadata Classpath" value="C:\Projects\Own\jmetadata\classpath.xml" />
    <property name="user.name" value="charlottew" />
    <property name="sonar.jacoco.reportPaths" value="reports/jacoco/jacoco.exec" />
    <property name="build.properties.present" value="true" />
    <property name="user.language" value="en" />
    <property name="sun.boot.library.path" value="C:\Program Files\Java\jdk1.8.0_121\jre\bin" />
    <property name="ant.project.default-target" value="jars" />
    <property name="ant.project.name" value="JMetadata" />
    <property name="java.version" value="1.8.0_121" />
    <property name="classes" value="JMetadata/classes" />
    <property name="version" value="1.2" />
    <property name="user.timezone" value="" />
    <property name="sun.arch.data.model" value="64" />
    <property name="sonar.host.url" value="https://sonarcloud.io" />
    <property name="java.endorsed.dirs" value="C:\Program Files\Java\jdk1.8.0_121\jre\lib\endorsed" />
    <property name="sonar.java.test.libraries" value="libTest/**/*.jar,libs/**/*.jar" />
    <property name="sun.cpu.isalist" value="amd64" />
    <property name="sun.jnu.encoding" value="Cp1252" />
    <property name="file.encoding.pkg" value="sun.io" />
    <property name="file.separator" value="\" />
    <property name="java.specification.name" value="Java Platform API Specification" />
    <property name="sonar.sources" value="JMetadata/javasource" />
    <property name="java.class.version" value="52.0" />
    <property name="user.country" value="US" />
    <property name="java.home" value="C:\Program Files\Java\jdk1.8.0_121\jre" />
    <property name="java.vm.info" value="mixed mode" />
    <property name="ant.file" value="C:\Projects\Own\jmetadata\build.xml" />
    <property name="os.version" value="10.0" />
    <property name="result.report.dir" value="C:\Projects\Own\jmetadata\reports\site\jacoco" />
    <property name="ant.file.type.Sonar" value="file" />
    <property name="path.separator" value=";" />
    <property name="java.vm.version" value="25.121-b13" />
    <property name="user.variant" value="" />
    <property name="ant.library.dir" value="C:\eclipse\eclipse-oxygen\plugins\org.apache.ant_1.10.1.v20170504-0840\lib" />
    <property name="ant.file.Sonar" value="C:\Projects\Own\jmetadata\buildSonar.xml" />
    <property name="result.classes.dir" value="C:\Projects\Own\jmetadata\reports\classes" />
    <property name="java.awt.printerjob" value="sun.awt.windows.WPrinterJob" />
    <property name="sun.io.unicode.encoding" value="UnicodeLittle" />
    <property name="awt.toolkit" value="sun.awt.windows.WToolkit" />
    <property name="_jacoco.agentFile" value="C:\Users\CHARLO~1\AppData\Local\Temp\jacocoagent5895186238494580080.jar" />
    <property name="sonar.tests" value="Test/javasource" />
    <property name="user.script" value="" />
    <property name="sonar.java.test.binaries" value="JMetadata/classes" />
    <property name="user.home" value="C:\Users\charlottew" />
    <property name="sonar.language" value="java" />
    <property name="java.specification.vendor" value="Oracle Corporation" />
    <property name="java.library.path" value="C:\Program Files\Java\jdk1.8.0_121\jre\bin;C:\Windows\Sun\Java\bin;C:\Windows\system32;C:\Windows;C:/Program Files/Java/jre1.8.0_131/bin/server;C:/Program Files/Java/jre1.8.0_131/bin;C:/Program Files/Java/jre1.8.0_131/lib/amd64;C:\ProgramData\Oracle\Java\javapath;C:\Program Files (x86)\Intel\iCLS Client\;C:\Program Files\Intel\iCLS Client\;C:\Windows\system32;C:\Windows;C:\Windows\System32\Wbem;C:\Windows\System32\WindowsPowerShell\v1.0\;C:\Program Files (x86)\Intel\Intel(R) Management Engine Components\DAL;C:\Program Files\Intel\Intel(R) Management Engine Components\DAL;C:\Program Files (x86)\Intel\Intel(R) Management Engine Components\IPT;C:\Program Files\Intel\Intel(R) Management Engine Components\IPT;C:\Program Files\Intel\WiFi\bin\;C:\Program Files\Common Files\Intel\WirelessCommon\;C:\Program Files\OpenVPN\bin;C:\Program Files (x86)\PuTTY\;C:\Program Files (x86)\Skype\Phone\;C:\Program Files (x86)\GitExtensions\;C:\Program Files\ant\bin;C:\Program Files\Git\cmd;C:\Program Files (x86)\Python\Python36-32\Scripts\;C:\Program Files (x86)\Python\Python36-32\;C:\Users\charlottew\AppData\Local\Microsoft\WindowsApps;C:\Program Files\sfdx\bin;C:\eclipse\eclipse-oxygen;;." />
    <property name="java.vendor.url" value="http://java.oracle.com/" />
    <property name="sonar.links.ci" value="https://travis-ci.org/welle/JMediaInfo" />
    <property name="java.vm.vendor" value="Oracle Corporation" />
    <property name="java.runtime.name" value="Java(TM) SE Runtime Environment" />
    <property name="ant.version" value="Apache Ant(TM) version 1.10.1 compiled on February 2 2017" />
    <property name="sun.java.command" value="org.apache.tools.ant.taskdefs.optional.junit.JUnitTestRunner testsfile=C:\Projects\Own\jmetadata\junittestcases5564682718809169916.properties skipNonTests=false filtertrace=true haltOnError=false haltOnFailure=false formatter=org.apache.tools.ant.taskdefs.optional.junit.SummaryJUnitResultFormatter showoutput=true outputtoformatters=true logfailedtests=true threadid=0 logtestlistenerevents=false formatter=org.apache.tools.ant.taskdefs.optional.junit.XMLJUnitResultFormatter,C:\Projects\Own\jmetadata\reports\junit\IGNORETHIS.xml crashfile=C:\Projects\Own\jmetadata\junitvmwatcher8741049994980203882.properties propsfile=C:\Projects\Own\jmetadata\junit971004911751890070.properties" />
    <property name="java.class.path" value="C:\Projects\Own\jmetadata\reports\classes;C:\Projects\Own\jmetadata\Test\videosamples;C:\Projects\Own\jmetadata\libs\SwissKnife-1.0.jar;C:\Projects\Own\jmetadata\libs\commons-lang3-3.1.jar;C:\Projects\Own\jmetadata\libs\jna-3.0.9.jar;C:\Projects\Own\jmetadata\libs\org.eclipse.jdt.annotation_2.0.0.v20140415-1436.jar;C:\Projects\Own\jmetadata\libs\tomcat-juli.jar;C:\Projects\Own\jmetadata\build\JMetadata-1.2.jar;C:\Projects\Own\jmetadata\libTest\hamcrest-core-1.3.jar;C:\Projects\Own\jmetadata\libTest\junit-4.11.jar;C:\Projects\Own\jmetadata\libTest\org.jacoco.ant-0.7.9-nodeps.jar;C:\Projects\Own\jmetadata\libTest\sonarqube-ant-task-2.4.jar;C:\eclipse\eclipse-oxygen\plugins\org.apache.ant_1.10.1.v20170504-0840\lib\ant-launcher.jar;C:\eclipse\eclipse-oxygen\plugins\org.apache.ant_1.10.1.v20170504-0840\lib\ant.jar;C:\eclipse\eclipse-oxygen\plugins\org.apache.ant_1.10.1.v20170504-0840\lib\ant-junit.jar;C:\eclipse\eclipse-oxygen\plugins\org.apache.ant_1.10.1.v20170504-0840\lib\ant-junit4.jar;C:\Users\CHARLO~1\AppData\Local\Temp\jacocoagent5895186238494580080.jar" />
    <property name="java.vm.specification.name" value="Java Virtual Machine Specification" />
    <property name="java.vm.specification.version" value="1.8" />
    <property name="sonar.sourceEncoding" value="UTF-8" />
    <property name="sun.cpu.endian" value="little" />
    <property name="sun.os.patch.level" value="" />
    <property name="debuglevel" value="source,lines,vars" />
    <property name="java.io.tmpdir" value="C:\Users\CHARLO~1\AppData\Local\Temp\" />
    <property name="java.vendor.url.bug" value="http://bugreport.sun.com/bugreport/" />
    <property name="ant.file.Ant Build with JaCoCo" value="C:\Projects\Own\jmetadata\buildJaCoCo.xml" />
    <property name="result.test-classes.dir" value="C:\Projects\Own\jmetadata\reports\classes" />
    <property name="jars_dest" value="C:/Projects/Own/jmetadata/" />
    <property name="java.awt.graphicsenv" value="sun.awt.Win32GraphicsEnvironment" />
    <property name="os.arch" value="amd64" />
    <property name="java.ext.dirs" value="C:\Program Files\Java\jdk1.8.0_121\jre\lib\ext;C:\Windows\Sun\Java\lib\ext" />
    <property name="user.dir" value="C:\Projects\Own\jmetadata" />
    <property name="sonar.java.coveragePlugin" value="jacoco" />
    <property name="line.separator" value="&#xd;&#xa;" />
    <property name="result.dir" value="C:\Projects\Own\jmetadata\reports" />
    <property name="java.vm.name" value="Java HotSpot(TM) 64-Bit Server VM" />
    <property name="basedir" value="C:\Projects\Own\jmetadata" />
    <property name="ant.java.version" value="1.8" />
    <property name="ant.core.lib" value="C:\eclipse\eclipse-oxygen\plugins\org.apache.ant_1.10.1.v20170504-0840\lib\ant.jar" />
    <property name="file.encoding" value="Cp1252" />
    <property name="ant.file.JMetadata" value="C:\Projects\Own\jmetadata\build.xml" />
    <property name="sonar.junit.reportPaths" value="reports/junit" />
    <property name="sonar.java.libraries" value="libs/*.jar" />
    <property name="java.specification.version" value="1.8" />
    <property name="src.dir" value="C:\Projects\Own\jmetadata\JMetadata\javasource" />
    <property name="ant.project.invoked-targets" value="run" />
    <property name="sonar.projectKey" value="JMetaData" />
    <property name="sonar.links.homepage" value="https://github.com/welle/JMediaInfo" />
  </properties>
  <testcase classname="aka.jmetadata.test.JMetaDataGeneral_Test" name="subTestGetDelaySourceStringAsBoolean" time="0.0" />
  <testcase classname="aka.jmetadata.test.JMetaDataGeneral_Test" name="subTestGetFolderNameAsLong" time="0.0" />
  <testcase classname="aka.jmetadata.test.JMetaDataGeneral_Test" name="subTestGetDelayDropFrameAsLocalTime" time="0.0" />
  <testcase classname="aka.jmetadata.test.JMetaDataGeneral_Test" name="subTestGetCoverAsString" time="0.0" />
  <testcase classname="aka.jmetadata.test.JMetaDataGeneral_Test" name="subTestGetCoverMimeAsLocalTime" time="0.0" />
  <testcase classname="aka.jmetadata.test.JMetaDataGeneral_Test" name="subTestGetPerformerAsBigInteger" time="0.0" />
  <testcase classname="aka.jmetadata.test.JMetaDataGeneral_Test" name="subTestGetServiceUrlAsBigInteger" time="0.0" />
  <testcase classname="aka.jmetadata.test.JMetaDataGeneral_Test" name="subTestGetDurationString2AsInteger" time="0.0" />
  <testcase classname="aka.jmetadata.test.JMetaDataGeneral_Test" name="subTestGetOverallBitRateMinimumAsBigInteger" time="0.0" />
  <testcase classname="aka.jmetadata.test.JMetaDataGeneral_Test" name="subTestGetWrittenLocationAsString" time="0.0" />
  <testcase classname="aka.jmetadata.test.JMetaDataGeneral_Test" name="subTestGetDirectorOfPhotographyAsURL" time="0.0" />
  <testcase classname="aka.jmetadata.test.JMetaDataGeneral_Test" name="subTestGetOverallBitRateMinimumStringAsInteger" time="0.0" />
  <testcase classname="aka.jmetadata.test.JMetaDataGeneral_Test" name="subTestGetEncryptionMethodAsInteger" time="0.001" />
  <testcase classname="aka.jmetadata.test.JMetaDataGeneral_Test" name="subTestGetCommissionedByAsURL" time="0.001" />
  <testcase classname="aka.jmetadata.test.JMetaDataGeneral_Test" name="subTestGetInterleavedAsURL" time="0.0" />
  <testcase classname="aka.jmetadata.test.JMetaDataGeneral_Test" name="subTestGetCollectionAsBigInteger" time="0.0" />
  <testcase classname="aka.jmetadata.test.JMetaDataGeneral_Test" name="subTestGetEncodedLibraryNameAsBoolean" time="0.0" />
  <testcase classname="aka.jmetadata.test.JMetaDataGeneral_Test" name="subTestGetFormatVersionAsLocalTime" time="0.0" />
  <testcase classname="aka.jmetadata.test.JMetaDataGeneral_Test" name="subTestGetThanksToAsURL" time="0.0" />
  <testcase classname="aka.jmetadata.test.JMetaDataGeneral_Test" name="subTestGetContentTypeAsLong" time="0.0" />
  <testcase classname="aka.jmetadata.test.JMetaDataGeneral_Test" name="subTestGetMenuIDAsInteger" time="0.001" />
  <testcase classname="aka.jmetadata.test.JMetaDataGeneral_Test" name="subTestGetTaggedDateAsInteger" time="0.0" />
  <testcase classname="aka.jmetadata.test.JMetaDataGeneral_Test" name="subTestGetRemixedByAsURL" time="0.0" />
  <testcase classname="aka.jmetadata.test.JMetaDataGeneral_Test" name="subTestGetLabelCodeAsString" time="0.0" />
  <testcase classname="aka.jmetadata.test.JMetaDataGeneral_Test" name="subTestGetCoProducerAsBoolean" time="0.001" />
  <testcase classname="aka.jmetadata.test.JMetaDataGeneral_Test" name="subTestGetPlayedLastDateAsLong" time="0.0" />
  <testcase classname="aka.jmetadata.test.JMetaDataGeneral_Test" name="subTestGetEncryptionLengthAsLocalTime" time="0.0" />
  <testcase classname="aka.jmetadata.test.JMetaDataGeneral_Test" name="subTestGetFormatCommercialIfAnyAsURL" time="0.0" />
  <testcase classname="aka.jmetadata.test.JMetaDataGeneral_Test" name="subTestGetEncodedApplicationAsLocalDateTime" time="0.0" />
  <testcase classname="aka.jmetadata.test.JMetaDataGeneral_Test" name="subTestGetStreamKindStringAsBigInteger" time="0.001" />
  <testcase classname="aka.jmetadata.test.JMetaDataGeneral_Test" name="subTestGetEncryptionFormatAsLocalDateTime" time="0.0" />
  <testcase classname="aka.jmetadata.test.JMetaDataGeneral_Test" name="subTestGetOverallBitRateMaximumAsBigInteger" time="0.0" />
  <testcase classname="aka.jmetadata.test.JMetaDataGeneral_Test" name="subTestGetWrittenByAsBoolean" time="0.001" />
  <testcase classname="aka.jmetadata.test.JMetaDataGeneral_Test" name="subTestGetFrameCountAsBigInteger" time="0.0" />
  <testcase classname="aka.jmetadata.test.JMetaDataGeneral_Test" name="subTestGetAlbumMoreAsLocalTime" time="0.0" />
  <testcase classname="aka.jmetadata.test.JMetaDataGeneral_Test" name="subTestGetStreamSizeProportionAsLocalDateTime" time="0.0" />
  <testcase classname="aka.jmetadata.test.JMetaDataGeneral_Test" name="subTestGetCopyrightUrlAsLocalDateTime" time="0.0" />
  <testcase classname="aka.jmetadata.test.JMetaDataGeneral_Test" name="subTestGetProducerAsURL" time="0.0" />
  <testcase classname="aka.jmetadata.test.JMetaDataGeneral_Test" name="subTestGetPerformerUrlAsLocalDateTime" time="0.0" />
  <testcase classname="aka.jmetadata.test.JMetaDataGeneral_Test" name="subTestGetEncryptionMethodAsLong" time="0.001" />
  <testcase classname="aka.jmetadata.test.JMetaDataGeneral_Test" name="subTestGetAlbumPerformerAsLong" time="0.001" />
  <testcase classname="aka.jmetadata.test.JMetaDataGeneral_Test" name="subTestGetStreamSizeString5AsLocalDateTime" time="0.001" />
  <testcase classname="aka.jmetadata.test.JMetaDataGeneral_Test" name="subTestGetVideoLanguageListAsString" time="0.0" />
  <testcase classname="aka.jmetadata.test.JMetaDataGeneral_Test" name="subTestGetFormatLevelAsBigInteger" time="0.0" />
  <testcase classname="aka.jmetadata.test.JMetaDataGeneral_Test" name="subTestGetEncodedApplicationCompanyNameAsLong" time="0.0" />
  <testcase classname="aka.jmetadata.test.JMetaDataGeneral_Test" name="subTestGetMovieMoreAsLocalDateTime" time="0.0" />
  <testcase classname="aka.jmetadata.test.JMetaDataGeneral_Test" name="subTestGetBPMAsLocalDateTime" time="0.0" />
  <testcase classname="aka.jmetadata.test.JMetaDataGeneral_Test" name="subTestGetOriginalAlbumAsInteger" time="0.0" />
  <testcase classname="aka.jmetadata.test.JMetaDataGeneral_Test" name="subTestGetStreamSizeProportionAsInteger" time="0.0" />
  <testcase classname="aka.jmetadata.test.JMetaDataGeneral_Test" name="subTestGetMenuCountAsString" time="0.0" />
  <testcase classname="aka.jmetadata.test.JMetaDataGeneral_Test" name="subTestGetOriginalSourceFormSharpnessAsLocalDateTime" time="0.001" />
  <testcase classname="aka.jmetadata.test.JMetaDataGeneral_Test" name="subTestGetGeneralCountAsLocalDateTime" time="0.0" />
  <testcase classname="aka.jmetadata.test.JMetaDataGeneral_Test" name="subTestGetFileCreatedDateAsLocalTime" time="0.0" />
  <testcase classname="aka.jmetadata.test.JMetaDataGeneral_Test" name="subTestGetISBNAsBigInteger" time="0.0" />
  <testcase classname="aka.jmetadata.test.JMetaDataGeneral_Test" name="subTestGetArchivalLocationAsLong" time="0.0" />
  <testcase classname="aka.jmetadata.test.JMetaDataGeneral_Test" name="subTestGetWrittenByAsLocalDateTime" time="0.001" />
  <testcase classname="aka.jmetadata.test.JMetaDataGeneral_Test" name="subTestGetTitleMoreAsBoolean" time="0.0" />
  <testcase classname="aka.jmetadata.test.JMetaDataGeneral_Test" name="subTestGetDotsPerInchAsLong" time="0.0" />
  <testcase classname="aka.jmetadata.test.JMetaDataGeneral_Test" name="subTestGetCodecIDUrlAsInteger" time="0.001" />
  <testcase classname="aka.jmetadata.test.JMetaDataGeneral_Test" name="subTestGetEncodedByAsBigInteger" time="0.0" />
  <testcase classname="aka.jmetadata.test.JMetaDataGeneral_Test" name="subTestGetEncryptionAsURL" time="0.0" />
  <testcase classname="aka.jmetadata.test.JMetaDataGeneral_Test" name="subTestGetGeneralCountAsBoolean" time="0.0" />
  <testcase classname="aka.jmetadata.test.JMetaDataGeneral_Test" name="subTestGetEncodedByAsURL" time="0.0" />
  <testcase classname="aka.jmetadata.test.JMetaDataGeneral_Test" name="subTestGetImageFormatListAsLocalDateTime" time="0.0" />
  <testcase classname="aka.jmetadata.test.JMetaDataGeneral_Test" name="subTestGetLCCNAsString" time="0.0" />
  <testcase classname="aka.jmetadata.test.JMetaDataGeneral_Test" name="subTestGetDurationStringAsLocalDateTime" time="0.0" />
  <testcase classname="aka.jmetadata.test.JMetaDataGeneral_Test" name="subTestGetDurationString4AsString" time="0.0" />
  <testcase classname="aka.jmetadata.test.JMetaDataGeneral_Test" name="subTestGetCountryAsBigInteger" time="0.001" />
  <testcase classname="aka.jmetadata.test.JMetaDataGeneral_Test" name="subTestGetVideoCountAsString" time="0.0" />
  <testcase classname="aka.jmetadata.test.JMetaDataGeneral_Test" name="subTestGetAlbumMoreAsURL" time="0.0" />
  <testcase classname="aka.jmetadata.test.JMetaDataGeneral_Test" name="subTestGetTaggedApplicationAsLong" time="0.0" />
  <testcase classname="aka.jmetadata.test.JMetaDataGeneral_Test" name="subTestGetSoundEngineerAsLocalTime" time="0.001" />
  <testcase classname="aka.jmetadata.test.JMetaDataGeneral_Test" name="subTestGetOriginalLyricistAsBoolean" time="0.0" />
  <testcase classname="aka.jmetadata.test.JMetaDataGeneral_Test" name="subTestGetChapterAsInteger" time="0.001" />
  <testcase classname="aka.jmetadata.test.JMetaDataGeneral_Test" name="subTestGetInternetMediaTypeAsBigInteger" time="0.0" />
  <testcase classname="aka.jmetadata.test.JMetaDataGeneral_Test" name="subTestGetStreamOrderAsLong" time="0.0" />
  <testcase classname="aka.jmetadata.test.JMetaDataGeneral_Test" name="subTestGetPublisherURLAsLocalDateTime" time="0.0" />
  <testcase classname="aka.jmetadata.test.JMetaDataGeneral_Test" name="subTestGetFolderNameAsString" time="0.015">
    <failure message="expected:&lt;...jects\Own\jmetadata\[JMetadata\class]es&gt; but was:&lt;...jects\Own\jmetadata\[Test\videosampl]es&gt;" type="junit.framework.AssertionFailedError">junit.framework.AssertionFailedError: expected:&lt;...jects\Own\jmetadata\[JMetadata\class]es&gt; but was:&lt;...jects\Own\jmetadata\[Test\videosampl]es&gt;
	at aka.jmetadata.test.JMetaDataGeneral_Test.subTestGetFolderNameAsString(JMetaDataGeneral_Test.java:8528)
</failure>
  </testcase>
  <testcase classname="aka.jmetadata.test.JMetaDataGeneral_Test" name="subTestGetFormatCommercialAsLocalDateTime" time="0.0" />
  <testcase classname="aka.jmetadata.test.JMetaDataGeneral_Test" name="subTestGetLyricistAsLocalTime" time="0.0" />
  <testcase classname="aka.jmetadata.test.JMetaDataGeneral_Test" name="subTestGetEncodedLibraryVersionAsLocalTime" time="0.0" />
  <testcase classname="aka.jmetadata.test.JMetaDataGeneral_Test" name="subTestGetArrangerAsInteger" time="0.0" />
  <testcase classname="aka.jmetadata.test.JMetaDataGeneral_Test" name="subTestGetStreamSizeDemuxedAsInteger" time="0.0" />
  <testcase classname="aka.jmetadata.test.JMetaDataGeneral_Test" name="subTestGetOriginalSourceMediumIDAsLocalDateTime" time="0.0" />
  <testcase classname="aka.jmetadata.test.JMetaDataGeneral_Test" name="subTestGetInternetMediaTypeAsInteger" time="0.0" />
  <testcase classname="aka.jmetadata.test.JMetaDataGeneral_Test" name="subTestGetICRAAsURL" time="0.0" />
  <testcase classname="aka.jmetadata.test.JMetaDataGeneral_Test" name="subTestGetAlbumMoreAsLong" time="0.001" />
  <testcase classname="aka.jmetadata.test.JMetaDataGeneral_Test" name="subTestGetKeywordsAsLong" time="0.001" />
  <testcase classname="aka.jmetadata.test.JMetaDataGeneral_Test" name="subTestGetFolderNameAsInteger" time="0.0" />
  <testcase classname="aka.jmetadata.test.JMetaDataGeneral_Test" name="subTestGetOverallBitRateModeStringAsBigInteger" time="0.0" />
  <testcase classname="aka.jmetadata.test.JMetaDataGeneral_Test" name="subTestGetFrameRateNumAsLong" time="0.0" />
  <testcase classname="aka.jmetadata.test.JMetaDataGeneral_Test" name="subTestGetFileCreatedDateAsBoolean" time="0.001" />
  <testcase classname="aka.jmetadata.test.JMetaDataGeneral_Test" name="subTestGetStreamSizeDemuxedString2AsBigInteger" time="0.0" />
  <testcase classname="aka.jmetadata.test.JMetaDataGeneral_Test" name="subTestGetCompleteNameLastAsLong" time="0.0" />
  <testcase classname="aka.jmetadata.test.JMetaDataGeneral_Test" name="subTestGetImageFormatWithHintListAsBoolean" time="0.0" />
  <testcase classname="aka.jmetadata.test.JMetaDataGeneral_Test" name="subTestGetSeasonPositionTotalAsLocalDateTime" time="0.0" />
  <testcase classname="aka.jmetadata.test.JMetaDataGeneral_Test" name="subTestGetCompilationAsInteger" time="0.0" />
  <testcase classname="aka.jmetadata.test.JMetaDataGeneral_Test" name="subTestGetAlbumPerformerUrlAsBoolean" time="0.0" />
  <testcase classname="aka.jmetadata.test.JMetaDataGeneral_Test" name="subTestGetCountAsInteger" time="0.0" />
  <testcase classname="aka.jmetadata.test.JMetaDataGeneral_Test" name="subTestGetStreamKindStringAsBoolean" time="0.0" />
  <testcase classname="aka.jmetadata.test.JMetaDataGeneral_Test" name="subTestGetStreamKindIDAsURL" time="0.0" />
  <testcase classname="aka.jmetadata.test.JMetaDataGeneral_Test" name="subTestGetStreamSizeDemuxedString4AsBoolean" time="0.0" />
  <testcase classname="aka.jmetadata.test.JMetaDataGeneral_Test" name="subTestGetEncodedOperatingSystemAsLocalDateTime" time="0.0" />
  <testcase classname="aka.jmetadata.test.JMetaDataGeneral_Test" name="subTestGetFileNameAsLocalTime" time="0.0" />
  <testcase classname="aka.jmetadata.test.JMetaDataGeneral_Test" name="subTestGetOriginalSourceFormNameAsBoolean" time="0.001" />
  <testcase classname="aka.jmetadata.test.JMetaDataGeneral_Test" name="subTestGetServiceTypeAsLocalTime" time="0.0" />
  <testcase classname="aka.jmetadata.test.JMetaDataGeneral_Test" name="subTestGetDurationString1AsInteger" time="0.0" />
  <testcase classname="aka.jmetadata.test.JMetaDataGeneral_Test" name="subTestGetFirstPacketOrderAsInteger" time="0.001" />
  <testcase classname="aka.jmetadata.test.JMetaDataGeneral_Test" name="subTestGetTrackPositionAsBoolean" time="0.001" />
  <testcase classname="aka.jmetadata.test.JMetaDataGeneral_Test" name="subTestGetWrittenByAsURL" time="0.0" />
  <testcase classname="aka.jmetadata.test.JMetaDataGeneral_Test" name="subTestGetOverallBitRateMaximumStringAsLocalTime" time="0.001" />
  <testcase classname="aka.jmetadata.test.JMetaDataGeneral_Test" name="subTestGetLawRatingAsString" time="0.0" />
  <testcase classname="aka.jmetadata.test.JMetaDataGeneral_Test" name="subTestGetOriginalPartAsLong" time="0.0" />
  <testcase classname="aka.jmetadata.test.JMetaDataGeneral_Test" name="subTestGetDelayAsString" time="0.0" />
  <testcase classname="aka.jmetadata.test.JMetaDataGeneral_Test" name="subTestGetAlbumAsLocalTime" time="0.0" />
  <testcase classname="aka.jmetadata.test.JMetaDataGeneral_Test" name="subTestGetPerformerSortAsBoolean" time="0.0" />
  <testcase classname="aka.jmetadata.test.JMetaDataGeneral_Test" name="subTestGetOriginalSourceFormCroppedAsLocalDateTime" time="0.0" />
  <testcase classname="aka.jmetadata.test.JMetaDataGeneral_Test" name="subTestGetEncodedLibraryStringAsString" time="0.001" />
  <testcase classname="aka.jmetadata.test.JMetaDataGeneral_Test" name="subTestGetDelaySettingsAsBigInteger" time="0.0" />
  <testcase classname="aka.jmetadata.test.JMetaDataGeneral_Test" name="subTestGetUniqueIDAsInteger" time="0.0" />
  <testcase classname="aka.jmetadata.test.JMetaDataGeneral_Test" name="subTestGetFrameRateAsLocalDateTime" time="0.001" />
  <testcase classname="aka.jmetadata.test.JMetaDataGeneral_Test" name="subTestGetOverallBitRateStringAsLocalTime" time="0.0" />
  <testcase classname="aka.jmetadata.test.JMetaDataGeneral_Test" name="subTestGetEncryptionInitializationVectorAsLong" time="0.001" />
  <testcase classname="aka.jmetadata.test.JMetaDataGeneral_Test" name="subTestGetTitleUrlAsLong" time="0.0" />
  <testcase classname="aka.jmetadata.test.JMetaDataGeneral_Test" name="subTestGetPlayedLastDateAsLocalTime" time="0.0" />
  <testcase classname="aka.jmetadata.test.JMetaDataGeneral_Test" name="subTestGetStreamSizeDemuxedStringAsLong" time="0.0" />
  <testcase classname="aka.jmetadata.test.JMetaDataGeneral_Test" name="subTestGetCroppedAsURL" time="0.0" />
  <testcase classname="aka.jmetadata.test.JMetaDataGeneral_Test" name="subTestGetSubjectAsLocalDateTime" time="0.0" />
  <testcase classname="aka.jmetadata.test.JMetaDataGeneral_Test" name="subTestGetPerformerSortAsBigInteger" time="0.0" />
  <testcase classname="aka.jmetadata.test.JMetaDataGeneral_Test" name="subTestGetCodecIDHintAsString" time="0.0" />
  <testcase classname="aka.jmetadata.test.JMetaDataGeneral_Test" name="subTestGetVideoFormatListAsBoolean" time="0.0" />
  <testcase classname="aka.jmetadata.test.JMetaDataGeneral_Test" name="subTestGetThanksToAsLocalTime" time="0.0" />
  <testcase classname="aka.jmetadata.test.JMetaDataGeneral_Test" name="subTestGetComicPositionTotalAsInteger" time="0.001" />
  <testcase classname="aka.jmetadata.test.JMetaDataGeneral_Test" name="subTestGetGenreAsInteger" time="0.0" />
  <testcase classname="aka.jmetadata.test.JMetaDataGeneral_Test" name="subTestGetFormatLevelAsURL" time="0.0" />
  <testcase classname="aka.jmetadata.test.JMetaDataGeneral_Test" name="subTestGetAudioFormatListAsBoolean" time="0.0" />
  <testcase classname="aka.jmetadata.test.JMetaDataGeneral_Test" name="subTestGetWrittenLocationAsInteger" time="0.001" />
  <testcase classname="aka.jmetadata.test.JMetaDataGeneral_Test" name="subTestGetCompleteNameLastAsLocalDateTime" time="0.001" />
  <testcase classname="aka.jmetadata.test.JMetaDataGeneral_Test" name="subTestGetBarCodeAsLocalDateTime" time="0.0" />
  <testcase classname="aka.jmetadata.test.JMetaDataGeneral_Test" name="subTestGetLabelAsBoolean" time="0.0" />
  <testcase classname="aka.jmetadata.test.JMetaDataGeneral_Test" name="subTestGetDelayString5AsLocalDateTime" time="0.0" />
  <testcase classname="aka.jmetadata.test.JMetaDataGeneral_Test" name="subTestGetSubTrackAsURL" time="0.0" />
  <testcase classname="aka.jmetadata.test.JMetaDataGeneral_Test" name="subTestGetCroppedAsLocalDateTime" time="0.0" />
  <testcase classname="aka.jmetadata.test.JMetaDataGeneral_Test" name="subTestGetPlayedCountAsInteger" time="0.0" />
  <testcase classname="aka.jmetadata.test.JMetaDataGeneral_Test" name="subTestGetFileSizeString1AsLocalDateTime" time="0.0" />
  <testcase classname="aka.jmetadata.test.JMetaDataGeneral_Test" name="subTestGetDelayString4AsString" time="0.001" />
  <testcase classname="aka.jmetadata.test.JMetaDataGeneral_Test" name="subTestGetCoDirectorAsLocalTime" time="0.0" />
  <testcase classname="aka.jmetadata.test.JMetaDataGeneral_Test" name="subTestGetTaggedDateAsURL" time="0.0" />
  <testcase classname="aka.jmetadata.test.JMetaDataGeneral_Test" name="subTestGetStreamSizeString4AsLong" time="0.0" />
  <testcase classname="aka.jmetadata.test.JMetaDataGeneral_Test" name="subTestGetPeriodAsInteger" time="0.0" />
  <testcase classname="aka.jmetadata.test.JMetaDataGeneral_Test" name="subTestGetImageFormatWithHintListAsBigInteger" time="0.0" />
  <testcase classname="aka.jmetadata.test.JMetaDataGeneral_Test" name="subTestGetTaggedApplicationAsURL" time="0.0" />
  <testcase classname="aka.jmetadata.test.JMetaDataGeneral_Test" name="subTestGetMenuIDStringAsInteger" time="0.0" />
  <testcase classname="aka.jmetadata.test.JMetaDataGeneral_Test" name="subTestGetOverallBitRateNominalStringAsBoolean" time="0.001" />
  <testcase classname="aka.jmetadata.test.JMetaDataGeneral_Test" name="subTestGetDistributedByAsLong" time="0.0" />
  <testcase classname="aka.jmetadata.test.JMetaDataGeneral_Test" name="subTestGetOriginalSourceMediumAsLong" time="0.001" />
  <testcase classname="aka.jmetadata.test.JMetaDataGeneral_Test" name="subTestGetMenuFormatListAsLong" time="0.001" />
  <testcase classname="aka.jmetadata.test.JMetaDataGeneral_Test" name="subTestGetFileSizeStringAsString" time="0.0" />
  <testcase classname="aka.jmetadata.test.JMetaDataGeneral_Test" name="subTestGetEncryptionPaddingAsURL" time="0.0" />
  <testcase classname="aka.jmetadata.test.JMetaDataGeneral_Test" name="subTestGetLabelAsBigInteger" time="0.0" />
  <testcase classname="aka.jmetadata.test.JMetaDataGeneral_Test" name="subTestGetOtherCountAsInteger" time="0.0" />
  <testcase classname="aka.jmetadata.test.JMetaDataGeneral_Test" name="subTestGetConductorAsLong" time="0.0" />
  <testcase classname="aka.jmetadata.test.JMetaDataGeneral_Test" name="subTestGetCountAsLong" time="0.0" />
  <testcase classname="aka.jmetadata.test.JMetaDataGeneral_Test" name="subTestGetFileNameLastAsLocalTime" time="0.0" />
  <testcase classname="aka.jmetadata.test.JMetaDataGeneral_Test" name="subTestGetRecordedLocationAsLocalTime" time="0.0" />
  <testcase classname="aka.jmetadata.test.JMetaDataGeneral_Test" name="subTestGetIDStringAsLocalTime" time="0.001" />
  <testcase classname="aka.jmetadata.test.JMetaDataGeneral_Test" name="subTestGetEncryptionInitializationVectorAsLocalTime" time="0.0" />
  <testcase classname="aka.jmetadata.test.JMetaDataGeneral_Test" name="subTestGetOriginalPartAsLocalDateTime" time="0.001" />
  <testcase classname="aka.jmetadata.test.JMetaDataGeneral_Test" name="subTestGetCountryAsBoolean" time="0.001" />
  <testcase classname="aka.jmetadata.test.JMetaDataGeneral_Test" name="subTestGetDelaySourceStringAsLong" time="0.0" />
  <testcase classname="aka.jmetadata.test.JMetaDataGeneral_Test" name="subTestGetFormatInfoAsLocalDateTime" time="0.0" />
  <testcase classname="aka.jmetadata.test.JMetaDataGeneral_Test" name="subTestGetSubTrackAsLocalTime" time="0.0" />
  <testcase classname="aka.jmetadata.test.JMetaDataGeneral_Test" name="subTestGetPlayedFirstDateAsBigInteger" time="0.0" />
  <testcase classname="aka.jmetadata.test.JMetaDataGeneral_Test" name="subTestGetOriginalReleasedDateAsBoolean" time="0.0" />
  <testcase classname="aka.jmetadata.test.JMetaDataGeneral_Test" name="subTestGetMenuFormatWithHintListAsURL" time="0.0" />
  <testcase classname="aka.jmetadata.test.JMetaDataGeneral_Test" name="subTestGetCommissionedByAsInteger" time="0.0" />
  <testcase classname="aka.jmetadata.test.JMetaDataGeneral_Test" name="subTestGetFormatAsURL" time="0.0" />
  <testcase classname="aka.jmetadata.test.JMetaDataGeneral_Test" name="subTestGetServiceChannelAsLong" time="0.0" />
  <testcase classname="aka.jmetadata.test.JMetaDataGeneral_Test" name="subTestGetEncryptionAsLocalDateTime" time="0.0" />
  <testcase classname="aka.jmetadata.test.JMetaDataGeneral_Test" name="subTestGetStreamKindStringAsLocalTime" time="0.0" />
  <testcase classname="aka.jmetadata.test.JMetaDataGeneral_Test" name="subTestGetFileSizeString3AsString" time="0.0" />
  <testcase classname="aka.jmetadata.test.JMetaDataGeneral_Test" name="subTestGetEditedByAsURL" time="0.0" />
  <testcase classname="aka.jmetadata.test.JMetaDataGeneral_Test" name="subTestGetDurationEndAsInteger" time="0.0" />
  <testcase classname="aka.jmetadata.test.JMetaDataGeneral_Test" name="subTestGetOverallBitRateModeAsBigInteger" time="0.0" />
  <testcase classname="aka.jmetadata.test.JMetaDataGeneral_Test" name="subTestGetRatingAsLocalDateTime" time="0.0" />
  <testcase classname="aka.jmetadata.test.JMetaDataGeneral_Test" name="subTestGetStreamOrderAsString" time="0.0" />
  <testcase classname="aka.jmetadata.test.JMetaDataGeneral_Test" name="subTestGetIsStreamableAsLocalTime" time="0.0" />
  <testcase classname="aka.jmetadata.test.JMetaDataGeneral_Test" name="subTestGetDescriptionAsBigInteger" time="0.0" />
  <testcase classname="aka.jmetadata.test.JMetaDataGeneral_Test" name="subTestGetStreamSizeDemuxedAsLong" time="0.0" />
  <testcase classname="aka.jmetadata.test.JMetaDataGeneral_Test" name="subTestGetReleasedDateAsInteger" time="0.0" />
  <testcase classname="aka.jmetadata.test.JMetaDataGeneral_Test" name="subTestGetServiceTypeAsLong" time="0.0" />
  <testcase classname="aka.jmetadata.test.JMetaDataGeneral_Test" name="subTestGetActorCharacterAsInteger" time="0.0" />
  <testcase classname="aka.jmetadata.test.JMetaDataGeneral_Test" name="subTestGetAudioFormatListAsLong" time="0.0" />
  <testcase classname="aka.jmetadata.test.JMetaDataGeneral_Test" name="subTestGetOwnerAsLocalTime" time="0.0" />
  <testcase classname="aka.jmetadata.test.JMetaDataGeneral_Test" name="subTestGetCompilationStringAsInteger" time="0.0" />
  <testcase classname="aka.jmetadata.test.JMetaDataGeneral_Test" name="subTestGetMenuFormatWithHintListAsBoolean" time="0.0" />
  <testcase classname="aka.jmetadata.test.JMetaDataGeneral_Test" name="subTestGetAlbumSortAsInteger" time="0.0" />
  <testcase classname="aka.jmetadata.test.JMetaDataGeneral_Test" name="subTestGetTrackPositionAsString" time="0.0" />
  <testcase classname="aka.jmetadata.test.JMetaDataGeneral_Test" name="subTestGetDurationString5AsLong" time="0.0" />
  <testcase classname="aka.jmetadata.test.JMetaDataGeneral_Test" name="subTestGetMovieCountryAsInteger" time="0.0" />
  <testcase classname="aka.jmetadata.test.JMetaDataGeneral_Test" name="subTestGetEncodedLibrarySettingsAsInteger" time="0.0" />
  <testcase classname="aka.jmetadata.test.JMetaDataGeneral_Test" name="subTestGetLightnessAsInteger" time="0.0" />
  <testcase classname="aka.jmetadata.test.JMetaDataGeneral_Test" name="subTestGetOriginalNetworkNameAsLocalTime" time="0.0" />
  <testcase classname="aka.jmetadata.test.JMetaDataGeneral_Test" name="subTestGetComicMoreAsLocalTime" time="0.0" />
  <testcase classname="aka.jmetadata.test.JMetaDataGeneral_Test" name="subTestGetLawRatingAsBoolean" time="0.0" />
  <testcase classname="aka.jmetadata.test.JMetaDataGeneral_Test" name="subTestGetStreamSizeAsLong" time="0.0" />
  <testcase classname="aka.jmetadata.test.JMetaDataGeneral_Test" name="subTestGetAudioLanguageListAsString" time="0.0" />
  <testcase classname="aka.jmetadata.test.JMetaDataGeneral_Test" name="subTestGetAlbumMoreAsBigInteger" time="0.001" />
  <testcase classname="aka.jmetadata.test.JMetaDataGeneral_Test" name="subTestGetStreamSizeDemuxedStringAsString" time="0.0" />
  <testcase classname="aka.jmetadata.test.JMetaDataGeneral_Test" name="subTestGetPartAsInteger" time="0.0" />
  <testcase classname="aka.jmetadata.test.JMetaDataGeneral_Test" name="subTestGetStreamSizeDemuxedString3AsBoolean" time="0.0" />
  <testcase classname="aka.jmetadata.test.JMetaDataGeneral_Test" name="subTestGetDelayStringAsURL" time="0.0" />
  <testcase classname="aka.jmetadata.test.JMetaDataGeneral_Test" name="subTestGetThanksToAsBoolean" time="0.0" />
  <testcase classname="aka.jmetadata.test.JMetaDataGeneral_Test" name="subTestGetUniqueIDStringAsLong" time="0.0" />
  <testcase classname="aka.jmetadata.test.JMetaDataGeneral_Test" name="subTestGetGroupingAsBigInteger" time="0.0" />
  <testcase classname="aka.jmetadata.test.JMetaDataGeneral_Test" name="subTestGetAudioLanguageListAsLong" time="0.001" />
  <testcase classname="aka.jmetadata.test.JMetaDataGeneral_Test" name="subTestGetIsStreamableAsBigInteger" time="0.0" />
  <testcase classname="aka.jmetadata.test.JMetaDataGeneral_Test" name="subTestGetTextFormatWithHintListAsString" time="0.001" />
  <testcase classname="aka.jmetadata.test.JMetaDataGeneral_Test" name="subTestGetEncodedApplicationUrlAsLong" time="0.0" />
  <testcase classname="aka.jmetadata.test.JMetaDataGeneral_Test" name="subTestGetOriginalSourceFormDistributedByAsLocalTime" time="0.0" />
  <testcase classname="aka.jmetadata.test.JMetaDataGeneral_Test" name="subTestGetFormatSettingsAsString" time="0.0" />
  <testcase classname="aka.jmetadata.test.JMetaDataGeneral_Test" name="subTestGetAudioCountAsString" time="0.0" />
  <testcase classname="aka.jmetadata.test.JMetaDataGeneral_Test" name="subTestGetComicAsLocalTime" time="0.001" />
  <testcase classname="aka.jmetadata.test.JMetaDataGeneral_Test" name="subTestGetOriginalSourceFormDistributedByAsLocalDateTime" time="0.001" />
  <testcase classname="aka.jmetadata.test.JMetaDataGeneral_Test" name="subTestGetBPMAsInteger" time="0.0" />
  <testcase classname="aka.jmetadata.test.JMetaDataGeneral_Test" name="subTestGetCoDirectorAsLong" time="0.0" />
  <testcase classname="aka.jmetadata.test.JMetaDataGeneral_Test" name="subTestGetFirstPacketOrderAsURL" time="0.0" />
  <testcase classname="aka.jmetadata.test.JMetaDataGeneral_Test" name="subTestGetDelaySettingsAsLocalDateTime" time="0.0" />
  <testcase classname="aka.jmetadata.test.JMetaDataGeneral_Test" name="subTestGetTextLanguageListAsLong" time="0.0" />
  <testcase classname="aka.jmetadata.test.JMetaDataGeneral_Test" name="subTestGetDescriptionAsBoolean" time="0.0" />
  <testcase classname="aka.jmetadata.test.JMetaDataGeneral_Test" name="subTestGetActorAsBigInteger" time="0.0" />
  <testcase classname="aka.jmetadata.test.JMetaDataGeneral_Test" name="subTestGetStreamSizeString2AsString" time="0.0" />
  <testcase classname="aka.jmetadata.test.JMetaDataGeneral_Test" name="subTestGetFooterSizeAsLocalTime" time="0.0" />
  <testcase classname="aka.jmetadata.test.JMetaDataGeneral_Test" name="subTestGetFileExtensionLastAsLong" time="0.0" />
  <testcase classname="aka.jmetadata.test.JMetaDataGeneral_Test" name="subTestGetCodecIDCompatibleAsBoolean" time="0.0" />
  <testcase classname="aka.jmetadata.test.JMetaDataGeneral_Test" name="subTestGetFormatUrlAsLocalTime" time="0.0" />
  <testcase classname="aka.jmetadata.test.JMetaDataGeneral_Test" name="subTestGetArtDirectorAsInteger" time="0.0" />
  <testcase classname="aka.jmetadata.test.JMetaDataGeneral_Test" name="subTestGetFileNameAsBigInteger" time="0.0" />
  <testcase classname="aka.jmetadata.test.JMetaDataGeneral_Test" name="subTestGetAudioFormatListAsURL" time="0.0" />
  <testcase classname="aka.jmetadata.test.JMetaDataGeneral_Test" name="subTestGetStreamSizeAsURL" time="0.0" />
  <testcase classname="aka.jmetadata.test.JMetaDataGeneral_Test" name="subTestGetFormatAsBigInteger" time="0.001" />
  <testcase classname="aka.jmetadata.test.JMetaDataGeneral_Test" name="subTestGetComposerSortAsURL" time="0.0" />
  <testcase classname="aka.jmetadata.test.JMetaDataGeneral_Test" name="subTestGetDirectorAsBoolean" time="0.0" />
  <testcase classname="aka.jmetadata.test.JMetaDataGeneral_Test" name="subTestGetOriginalSourceFormNumColorsAsURL" time="0.0" />
  <testcase classname="aka.jmetadata.test.JMetaDataGeneral_Test" name="subTestGetProductionDesignerAsLocalTime" time="0.001" />
  <testcase classname="aka.jmetadata.test.JMetaDataGeneral_Test" name="subTestGetTitleUrlAsBigInteger" time="0.0" />
  <testcase classname="aka.jmetadata.test.JMetaDataGeneral_Test" name="subTestGetTrackPositionTotalAsInteger" time="0.0" />
  <testcase classname="aka.jmetadata.test.JMetaDataGeneral_Test" name="subTestGetServiceProviderrUrlAsBoolean" time="0.0" />
  <testcase classname="aka.jmetadata.test.JMetaDataGeneral_Test" name="subTestGetFileExtensionLastAsBoolean" time="0.0" />
  <testcase classname="aka.jmetadata.test.JMetaDataGeneral_Test" name="subTestGetTextCountAsLocalTime" time="0.0" />
  <testcase classname="aka.jmetadata.test.JMetaDataGeneral_Test" name="subTestGetFooterSizeAsBoolean" time="0.0" />
  <testcase classname="aka.jmetadata.test.JMetaDataGeneral_Test" name="subTestGetScreenplayByAsURL" time="0.0" />
  <testcase classname="aka.jmetadata.test.JMetaDataGeneral_Test" name="subTestGetOriginalSourceFormCroppedAsURL" time="0.0" />
  <testcase classname="aka.jmetadata.test.JMetaDataGeneral_Test" name="subTestGetEncryptionFormatAsURL" time="0.001" />
  <testcase classname="aka.jmetadata.test.JMetaDataGeneral_Test" name="subTestGetAssistantDirectorAsLong" time="0.0" />
  <testcase classname="aka.jmetadata.test.JMetaDataGeneral_Test" name="subTestGetTimeZoneAsLocalTime" time="0.0" />
  <testcase classname="aka.jmetadata.test.JMetaDataGeneral_Test" name="subTestGetWrittenLocationAsLong" time="0.0" />
  <testcase classname="aka.jmetadata.test.JMetaDataGeneral_Test" name="subTestGetActorCharacterAsBigInteger" time="0.0" />
  <testcase classname="aka.jmetadata.test.JMetaDataGeneral_Test" name="subTestGetStreamCountAsLong" time="0.0" />
  <testcase classname="aka.jmetadata.test.JMetaDataGeneral_Test" name="subTestGetAddedDateAsLocalDateTime" time="0.0" />
  <testcase classname="aka.jmetadata.test.JMetaDataGeneral_Test" name="subTestGetMovieUrlAsBoolean" time="0.001" />
  <testcase classname="aka.jmetadata.test.JMetaDataGeneral_Test" name="subTestGetOriginalAlbumAsURL" time="0.0" />
  <testcase classname="aka.jmetadata.test.JMetaDataGeneral_Test" name="subTestGetSoundEngineerAsInteger" time="0.0" />
  <testcase classname="aka.jmetadata.test.JMetaDataGeneral_Test" name="subTestGetServiceUrlAsLocalTime" time="0.001" />
  <testcase classname="aka.jmetadata.test.JMetaDataGeneral_Test" name="subTestGetEncodedApplicationAsURL" time="0.0" />
  <testcase classname="aka.jmetadata.test.JMetaDataGeneral_Test" name="subTestGetDelayAsBoolean" time="0.001" />
  <testcase classname="aka.jmetadata.test.JMetaDataGeneral_Test" name="subTestGetMenuCountAsBoolean" time="0.0" />
  <testcase classname="aka.jmetadata.test.JMetaDataGeneral_Test" name="subTestGetCoverTypeAsLong" time="0.0" />
  <testcase classname="aka.jmetadata.test.JMetaDataGeneral_Test" name="subTestGetOriginalSourceMediumIDStringAsLocalDateTime" time="0.0" />
  <testcase classname="aka.jmetadata.test.JMetaDataGeneral_Test" name="subTestGetOtherFormatListAsBigInteger" time="0.0" />
  <testcase classname="aka.jmetadata.test.JMetaDataGeneral_Test" name="subTestGetComposerSortAsLong" time="0.0" />
  <testcase classname="aka.jmetadata.test.JMetaDataGeneral_Test" name="subTestGetStreamSizeDemuxedString1AsBigInteger" time="0.001" />
  <testcase classname="aka.jmetadata.test.JMetaDataGeneral_Test" name="subTestGetAudioFormatWithHintListAsLocalTime" time="0.0" />
  <testcase classname="aka.jmetadata.test.JMetaDataGeneral_Test" name="subTestGetStreamSizeDemuxedString1AsLong" time="0.001" />
  <testcase classname="aka.jmetadata.test.JMetaDataGeneral_Test" name="subTestGetEncryptionAsLocalTime" time="0.0" />
  <testcase classname="aka.jmetadata.test.JMetaDataGeneral_Test" name="subTestGetFileExtensionAsLocalTime" time="0.0" />
  <testcase classname="aka.jmetadata.test.JMetaDataGeneral_Test" name="subTestGetEncodedLibraryCompanyNameAsInteger" time="0.0" />
  <testcase classname="aka.jmetadata.test.JMetaDataGeneral_Test" name="subTestGetServiceTypeAsLocalDateTime" time="0.0" />
  <testcase classname="aka.jmetadata.test.JMetaDataGeneral_Test" name="subTestGetPerformerSortAsLong" time="0.0" />
  <testcase classname="aka.jmetadata.test.JMetaDataGeneral_Test" name="subTestGetMenuFormatWithHintListAsLocalTime" time="0.0" />
  <testcase classname="aka.jmetadata.test.JMetaDataGeneral_Test" name="subTestGetEncodedApplicationStringAsURL" time="0.001" />
  <testcase classname="aka.jmetadata.test.JMetaDataGeneral_Test" name="subTestGetDelayDropFrameAsURL" time="0.0" />
  <testcase classname="aka.jmetadata.test.JMetaDataGeneral_Test" name="subTestGetCopyrightAsURL" time="0.0" />
  <testcase classname="aka.jmetadata.test.JMetaDataGeneral_Test" name="subTestGetOverallBitRateMinimumStringAsLocalTime" time="0.0" />
  <testcase classname="aka.jmetadata.test.JMetaDataGeneral_Test" name="subTestGetAudioFormatWithHintListAsBigInteger" time="0.0" />
  <testcase classname="aka.jmetadata.test.JMetaDataGeneral_Test" name="subTestGetAlbumReplayGainPeakAsLocalTime" time="0.0" />
  <testcase classname="aka.jmetadata.test.JMetaDataGeneral_Test" name="subTestGetImageFormatListAsLocalTime" time="0.0" />
  <testcase classname="aka.jmetadata.test.JMetaDataGeneral_Test" name="subTestGetComposerAsURL" time="0.0" />
  <testcase classname="aka.jmetadata.test.JMetaDataGeneral_Test" name="subTestGetMusicByAsLocalTime" time="0.001" />
  <testcase classname="aka.jmetadata.test.JMetaDataGeneral_Test" name="subTestGetPartPositionAsBigInteger" time="0.0" />
  <testcase classname="aka.jmetadata.test.JMetaDataGeneral_Test" name="subTestGetEncodedLibrarySettingsAsLong" time="0.0" />
  <testcase classname="aka.jmetadata.test.JMetaDataGeneral_Test" name="subTestGetServiceUrlAsLocalDateTime" time="0.001" />
  <testcase classname="aka.jmetadata.test.JMetaDataGeneral_Test" name="subTestGetCostumeDesignerAsBoolean" time="0.0" />
  <testcase classname="aka.jmetadata.test.JMetaDataGeneral_Test" name="subTestGetTextLanguageListAsBigInteger" time="0.0" />
  <testcase classname="aka.jmetadata.test.JMetaDataGeneral_Test" name="subTestGetFileModifiedDateAsLocalDateTime" time="0.002" />
  <testcase classname="aka.jmetadata.test.JMetaDataGeneral_Test" name="subTestGetStreamSizeStringAsLocalDateTime" time="0.001" />
  <testcase classname="aka.jmetadata.test.JMetaDataGeneral_Test" name="subTestGetConductorAsString" time="0.001" />
  <testcase classname="aka.jmetadata.test.JMetaDataGeneral_Test" name="subTestGetPackageNameAsString" time="0.0" />
  <testcase classname="aka.jmetadata.test.JMetaDataGeneral_Test" name="subTestGetProductionStudioAsLocalTime" time="0.001" />
  <testcase classname="aka.jmetadata.test.JMetaDataGeneral_Test" name="subTestGetOverallBitRateModeStringAsURL" time="0.0" />
  <testcase classname="aka.jmetadata.test.JMetaDataGeneral_Test" name="subTestGetAccompanimentAsBigInteger" time="0.0" />
  <testcase classname="aka.jmetadata.test.JMetaDataGeneral_Test" name="subTestGetPublisherURLAsInteger" time="0.0" />
  <testcase classname="aka.jmetadata.test.JMetaDataGeneral_Test" name="subTestGetMenuIDStringAsBigInteger" time="0.0" />
  <testcase classname="aka.jmetadata.test.JMetaDataGeneral_Test" name="subTestGetFrameRateAsBoolean" time="0.0" />
  <testcase classname="aka.jmetadata.test.JMetaDataGeneral_Test" name="subTestGetDelaySourceAsLong" time="0.0" />
  <testcase classname="aka.jmetadata.test.JMetaDataGeneral_Test" name="subTestGetSeasonAsInteger" time="0.001" />
  <testcase classname="aka.jmetadata.test.JMetaDataGeneral_Test" name="subTestGetTrackMoreAsString" time="0.001" />
  <testcase classname="aka.jmetadata.test.JMetaDataGeneral_Test" name="subTestGetFormatSettingsAsLong" time="0.0" />
  <testcase classname="aka.jmetadata.test.JMetaDataGeneral_Test" name="subTestGetEncodedApplicationNameAsBoolean" time="0.0" />
  <testcase classname="aka.jmetadata.test.JMetaDataGeneral_Test" name="subTestGetCodecIDAsLocalDateTime" time="0.0" />
  <testcase classname="aka.jmetadata.test.JMetaDataGeneral_Test" name="subTestGetOverallBitRateMinimumAsString" time="0.0" />
  <testcase classname="aka.jmetadata.test.JMetaDataGeneral_Test" name="subTestGetChapterAsBigInteger" time="0.0" />
  <testcase classname="aka.jmetadata.test.JMetaDataGeneral_Test" name="subTestGetBPMAsBigInteger" time="0.0" />
  <testcase classname="aka.jmetadata.test.JMetaDataGeneral_Test" name="subTestGetFrameCountAsURL" time="0.001" />
  <testcase classname="aka.jmetadata.test.JMetaDataGeneral_Test" name="subTestGetPublisherAsString" time="0.0" />
  <testcase classname="aka.jmetadata.test.JMetaDataGeneral_Test" name="subTestGetOtherLanguageListAsBoolean" time="0.0" />
  <testcase classname="aka.jmetadata.test.JMetaDataGeneral_Test" name="subTestGetEncodedApplicationStringAsLocalTime" time="0.001" />
  <testcase classname="aka.jmetadata.test.JMetaDataGeneral_Test" name="subTestGetInformAsLocalTime" time="0.0" />
  <testcase classname="aka.jmetadata.test.JMetaDataGeneral_Test" name="subTestGetMenuIDAsLocalTime" time="0.0" />
  <testcase classname="aka.jmetadata.test.JMetaDataGeneral_Test" name="subTestGetProductionStudioAsString" time="0.0" />
  <testcase classname="aka.jmetadata.test.JMetaDataGeneral_Test" name="subTestGetCodecIDVersionAsLocalDateTime" time="0.001" />
  <testcase classname="aka.jmetadata.test.JMetaDataGeneral_Test" name="subTestGetCompilationStringAsLocalDateTime" time="0.001" />
  <testcase classname="aka.jmetadata.test.JMetaDataGeneral_Test" name="subTestGetCoDirectorAsURL" time="0.0" />
  <testcase classname="aka.jmetadata.test.JMetaDataGeneral_Test" name="subTestGetProducerCopyrightAsLocalDateTime" time="0.0" />
  <testcase classname="aka.jmetadata.test.JMetaDataGeneral_Test" name="subTestGetFormatLevelAsBoolean" time="0.0" />
  <testcase classname="aka.jmetadata.test.JMetaDataGeneral_Test" name="subTestGetFormatVersionAsInteger" time="0.001" />
  <testcase classname="aka.jmetadata.test.JMetaDataGeneral_Test" name="subTestGetStreamSizeStringAsBoolean" time="0.0" />
  <testcase classname="aka.jmetadata.test.JMetaDataGeneral_Test" name="subTestGetPodcastCategoryAsInteger" time="0.0" />
  <testcase classname="aka.jmetadata.test.JMetaDataGeneral_Test" name="subTestGetRecordedDateAsLong" time="0.0" />
  <testcase classname="aka.jmetadata.test.JMetaDataGeneral_Test" name="subTestGetFirstPacketOrderAsString" time="0.0" />
  <testcase classname="aka.jmetadata.test.JMetaDataGeneral_Test" name="subTestGetWrittenDateAsBigInteger" time="0.0" />
  <testcase classname="aka.jmetadata.test.JMetaDataGeneral_Test" name="subTestGetFileNameLastAsURL" time="0.0" />
  <testcase classname="aka.jmetadata.test.JMetaDataGeneral_Test" name="subTestGetOverallBitRateStringAsLong" time="0.0" />
  <testcase classname="aka.jmetadata.test.JMetaDataGeneral_Test" name="subTestGetStreamSizeString4AsLocalDateTime" time="0.0" />
  <testcase classname="aka.jmetadata.test.JMetaDataGeneral_Test" name="subTestGetStreamSizeDemuxedString2AsBoolean" time="0.001" />
  <testcase classname="aka.jmetadata.test.JMetaDataGeneral_Test" name="subTestGetFileNameLastAsInteger" time="0.0" />
  <testcase classname="aka.jmetadata.test.JMetaDataGeneral_Test" name="subTestGetMasteredDateAsLocalDateTime" time="0.0" />
  <testcase classname="aka.jmetadata.test.JMetaDataGeneral_Test" name="subTestGetEncodedApplicationVersionAsInteger" time="0.0" />
  <testcase classname="aka.jmetadata.test.JMetaDataGeneral_Test" name="subTestGetFormatUrlAsLocalDateTime" time="0.0" />
  <testcase classname="aka.jmetadata.test.JMetaDataGeneral_Test" name="subTestGetEncryptionAsBigInteger" time="0.0" />
  <testcase classname="aka.jmetadata.test.JMetaDataGeneral_Test" name="subTestGetMusicByAsBoolean" time="0.0" />
  <testcase classname="aka.jmetadata.test.JMetaDataGeneral_Test" name="subTestGetImageFormatListAsLong" time="0.001" />
  <testcase classname="aka.jmetadata.test.JMetaDataGeneral_Test" name="subTestGetTaggedApplicationAsBigInteger" time="0.0" />
  <testcase classname="aka.jmetadata.test.JMetaDataGeneral_Test" name="subTestGetOriginalSourceFormNumColorsAsBoolean" time="0.0" />
  <testcase classname="aka.jmetadata.test.JMetaDataGeneral_Test" name="subTestGetDimensionsAsBoolean" time="0.0" />
  <testcase classname="aka.jmetadata.test.JMetaDataGeneral_Test" name="subTestGetPlayedFirstDateAsLocalTime" time="0.0" />
  <testcase classname="aka.jmetadata.test.JMetaDataGeneral_Test" name="subTestGetFrameCountAsBoolean" time="0.0" />
  <testcase classname="aka.jmetadata.test.JMetaDataGeneral_Test" name="subTestGetEncodedDateAsURL" time="0.0" />
  <testcase classname="aka.jmetadata.test.JMetaDataGeneral_Test" name="subTestGetEncryptionPaddingAsLong" time="0.001" />
  <testcase classname="aka.jmetadata.test.JMetaDataGeneral_Test" name="subTestGetOriginalPerformerAsURL" time="0.001" />
  <testcase classname="aka.jmetadata.test.JMetaDataGeneral_Test" name="subTestGetFileExtensionAsBigInteger" time="0.0" />
  <testcase classname="aka.jmetadata.test.JMetaDataGeneral_Test" name="subTestGetEncodedLibraryStringAsBigInteger" time="0.001" />
  <testcase classname="aka.jmetadata.test.JMetaDataGeneral_Test" name="subTestGetFormatProfileAsURL" time="0.0" />
  <testcase classname="aka.jmetadata.test.JMetaDataGeneral_Test" name="subTestGetTextFormatWithHintListAsBigInteger" time="0.001" />
  <testcase classname="aka.jmetadata.test.JMetaDataGeneral_Test" name="subTestGetEncryptionLengthAsURL" time="0.0" />
  <testcase classname="aka.jmetadata.test.JMetaDataGeneral_Test" name="subTestGetDelayString1AsLong" time="0.0" />
  <testcase classname="aka.jmetadata.test.JMetaDataGeneral_Test" name="subTestGetDelaySourceStringAsLocalDateTime" time="0.0" />
  <testcase classname="aka.jmetadata.test.JMetaDataGeneral_Test" name="subTestGetOriginalSourceFormDistributedByAsURL" time="0.0" />
  <testcase classname="aka.jmetadata.test.JMetaDataGeneral_Test" name="subTestGetOriginalSourceFormAsLocalDateTime" time="0.0" />
  <testcase classname="aka.jmetadata.test.JMetaDataGeneral_Test" name="subTestGetStreamCountAsBoolean" time="0.0" />
  <testcase classname="aka.jmetadata.test.JMetaDataGeneral_Test" name="subTestGetEncodedLibraryStringAsBoolean" time="0.0" />
  <testcase classname="aka.jmetadata.test.JMetaDataGeneral_Test" name="subTestGetServiceProviderAsBigInteger" time="0.0" />
  <testcase classname="aka.jmetadata.test.JMetaDataGeneral_Test" name="subTestGetOriginalSourceFormNumColorsAsString" time="0.001" />
  <testcase classname="aka.jmetadata.test.JMetaDataGeneral_Test" name="subTestGetLyricistAsBoolean" time="0.0" />
  <testcase classname="aka.jmetadata.test.JMetaDataGeneral_Test" name="subTestGetOverallBitRateNominalStringAsLocalDateTime" time="0.0" />
  <testcase classname="aka.jmetadata.test.JMetaDataGeneral_Test" name="subTestGetCoverDataAsURL" time="0.0" />
  <testcase classname="aka.jmetadata.test.JMetaDataGeneral_Test" name="subTestGetAlbumPerformerSortAsString" time="0.0" />
  <testcase classname="aka.jmetadata.test.JMetaDataGeneral_Test" name="subTestGetTextFormatListAsLocalTime" time="0.0" />
  <testcase classname="aka.jmetadata.test.JMetaDataGeneral_Test" name="subTestGetEPGPositionsEndAsBoolean" time="0.0" />
  <testcase classname="aka.jmetadata.test.JMetaDataGeneral_Test" name="subTestGetDelayStringAsLocalDateTime" time="0.0" />
  <testcase classname="aka.jmetadata.test.JMetaDataGeneral_Test" name="subTestGetCopyrightAsInteger" time="0.0" />
  <testcase classname="aka.jmetadata.test.JMetaDataGeneral_Test" name="subTestGetActorAsString" time="0.0" />
  <testcase classname="aka.jmetadata.test.JMetaDataGeneral_Test" name="subTestGetTrackPositionTotalAsLocalDateTime" time="0.0" />
  <testcase classname="aka.jmetadata.test.JMetaDataGeneral_Test" name="subTestGetSummaryAsInteger" time="0.0" />
  <testcase classname="aka.jmetadata.test.JMetaDataGeneral_Test" name="subTestGetPartPositionAsLong" time="0.0" />
  <testcase classname="aka.jmetadata.test.JMetaDataGeneral_Test" name="subTestGetCodecIDStringAsURL" time="0.0" />
  <testcase classname="aka.jmetadata.test.JMetaDataGeneral_Test" name="subTestGetRecordedLocationAsURL" time="0.001" />
  <testcase classname="aka.jmetadata.test.JMetaDataGeneral_Test" name="subTestGetLabelCodeAsLocalDateTime" time="0.0" />
  <testcase classname="aka.jmetadata.test.JMetaDataGeneral_Test" name="subTestGetTrackSortAsBoolean" time="0.0" />
  <testcase classname="aka.jmetadata.test.JMetaDataGeneral_Test" name="subTestGetFileModifiedDateLocalAsInteger" time="0.0" />
  <testcase classname="aka.jmetadata.test.JMetaDataGeneral_Test" name="subTestGetOriginalSourceFormNumColorsAsLong" time="0.0" />
  <testcase classname="aka.jmetadata.test.JMetaDataGeneral_Test" name="subTestGetEncodedLibraryCompanyNameAsLong" time="0.0" />
  <testcase classname="aka.jmetadata.test.JMetaDataGeneral_Test" name="subTestGetPartPositionTotalAsString" time="0.0" />
  <testcase classname="aka.jmetadata.test.JMetaDataGeneral_Test" name="subTestGetCompleteNameAsInteger" time="0.0" />
  <testcase classname="aka.jmetadata.test.JMetaDataGeneral_Test" name="subTestGetEncryptionInitializationVectorAsURL" time="0.001" />
  <testcase classname="aka.jmetadata.test.JMetaDataGeneral_Test" name="subTestGetStreamSizeDemuxedStringAsURL" time="0.0" />
  <testcase classname="aka.jmetadata.test.JMetaDataGeneral_Test" name="subTestGetFormatCommercialAsString" time="0.0" />
  <testcase classname="aka.jmetadata.test.JMetaDataGeneral_Test" name="subTestGetDirectorOfPhotographyAsBoolean" time="0.0" />
  <testcase classname="aka.jmetadata.test.JMetaDataGeneral_Test" name="subTestGetAssistantDirectorAsURL" time="0.0" />
  <testcase classname="aka.jmetadata.test.JMetaDataGeneral_Test" name="subTestGetVideoFormatWithHintListAsInteger" time="0.0" />
  <testcase classname="aka.jmetadata.test.JMetaDataGeneral_Test" name="subTestGetDotsPerInchAsInteger" time="0.0" />
  <testcase classname="aka.jmetadata.test.JMetaDataGeneral_Test" name="subTestGetCoProducerAsBigInteger" time="0.0" />
  <testcase classname="aka.jmetadata.test.JMetaDataGeneral_Test" name="subTestGetImageFormatListAsURL" time="0.0" />
  <testcase classname="aka.jmetadata.test.JMetaDataGeneral_Test" name="subTestGetDelayAsBigInteger" time="0.0" />
  <testcase classname="aka.jmetadata.test.JMetaDataGeneral_Test" name="subTestGetMenuFormatListAsLocalTime" time="0.0" />
  <testcase classname="aka.jmetadata.test.JMetaDataGeneral_Test" name="subTestGetStreamSizeDemuxedAsString" time="0.0" />
  <testcase classname="aka.jmetadata.test.JMetaDataGeneral_Test" name="subTestGetCountAsString" time="0.0" />
  <testcase classname="aka.jmetadata.test.JMetaDataGeneral_Test" name="subTestGetTextFormatListAsBoolean" time="0.0" />
  <testcase classname="aka.jmetadata.test.JMetaDataGeneral_Test" name="subTestGetMenuLanguageListAsURL" time="0.0" />
  <testcase classname="aka.jmetadata.test.JMetaDataGeneral_Test" name="subTestGetEncryptionModeAsLong" time="0.0" />
  <testcase classname="aka.jmetadata.test.JMetaDataGeneral_Test" name="subTestGetCommentAsURL" time="0.0" />
  <testcase classname="aka.jmetadata.test.JMetaDataGeneral_Test" name="subTestGetComposerSortAsBigInteger" time="0.0" />
  <testcase classname="aka.jmetadata.test.JMetaDataGeneral_Test" name="subTestGetCountryAsLong" time="0.0" />
  <testcase classname="aka.jmetadata.test.JMetaDataGeneral_Test" name="subTestGetFileNameLastAsString" time="0.0" />
  <testcase classname="aka.jmetadata.test.JMetaDataGeneral_Test" name="subTestGetCodecIDAsURL" time="0.0" />
  <testcase classname="aka.jmetadata.test.JMetaDataGeneral_Test" name="subTestGetPublisherAsURL" time="0.0" />
  <testcase classname="aka.jmetadata.test.JMetaDataGeneral_Test" name="subTestGetCompleteNameAsString" time="0.001">
    <failure message="expected:&lt;...jects\Own\jmetadata\[JMetadata\class]es\Sintel_DivXPlus_6...&gt; but was:&lt;...jects\Own\jmetadata\[Test\videosampl]es\Sintel_DivXPlus_6...&gt;" type="junit.framework.AssertionFailedError">junit.framework.AssertionFailedError: expected:&lt;...jects\Own\jmetadata\[JMetadata\class]es\Sintel_DivXPlus_6...&gt; but was:&lt;...jects\Own\jmetadata\[Test\videosampl]es\Sintel_DivXPlus_6...&gt;
	at aka.jmetadata.test.JMetaDataGeneral_Test.subTestGetCompleteNameAsString(JMetaDataGeneral_Test.java:2862)
</failure>
  </testcase>
  <testcase classname="aka.jmetadata.test.JMetaDataGeneral_Test" name="subTestGetOverallBitRateModeAsLocalDateTime" time="0.0" />
  <testcase classname="aka.jmetadata.test.JMetaDataGeneral_Test" name="subTestGetFileSizeStringAsLocalDateTime" time="0.001" />
  <testcase classname="aka.jmetadata.test.JMetaDataGeneral_Test" name="subTestGetOtherFormatListAsBoolean" time="0.0" />
  <testcase classname="aka.jmetadata.test.JMetaDataGeneral_Test" name="subTestGetOtherFormatWithHintListAsInteger" time="0.0" />
  <testcase classname="aka.jmetadata.test.JMetaDataGeneral_Test" name="subTestGetCopyrightUrlAsBoolean" time="0.0" />
  <testcase classname="aka.jmetadata.test.JMetaDataGeneral_Test" name="subTestGetEncodedApplicationCompanyNameAsBoolean" time="0.0" />
  <testcase classname="aka.jmetadata.test.JMetaDataGeneral_Test" name="subTestGetScreenplayByAsBigInteger" time="0.0" />
  <testcase classname="aka.jmetadata.test.JMetaDataGeneral_Test" name="subTestGetAlbumReplayGainGainAsString" time="0.0" />
  <testcase classname="aka.jmetadata.test.JMetaDataGeneral_Test" name="subTestGetMenuLanguageListAsLong" time="0.0" />
  <testcase classname="aka.jmetadata.test.JMetaDataGeneral_Test" name="subTestGetDirectorOfPhotographyAsLong" time="0.001" />
  <testcase classname="aka.jmetadata.test.JMetaDataGeneral_Test" name="subTestGetCoverTypeAsBigInteger" time="0.0" />
  <testcase classname="aka.jmetadata.test.JMetaDataGeneral_Test" name="subTestGetFolderNameLastAsLocalDateTime" time="0.0" />
  <testcase classname="aka.jmetadata.test.JMetaDataGeneral_Test" name="subTestGetVideoCountAsURL" time="0.0" />
  <testcase classname="aka.jmetadata.test.JMetaDataGeneral_Test" name="subTestGetComicMoreAsString" time="0.0" />
  <testcase classname="aka.jmetadata.test.JMetaDataGeneral_Test" name="subTestGetFormatCommercialIfAnyAsBoolean" time="0.0" />
  <testcase classname="aka.jmetadata.test.JMetaDataGeneral_Test" name="subTestGetGroupingAsURL" time="0.0" />
  <testcase classname="aka.jmetadata.test.JMetaDataGeneral_Test" name="subTestGetDelayStringAsString" time="0.0" />
  <testcase classname="aka.jmetadata.test.JMetaDataGeneral_Test" name="subTestGetAudioFormatWithHintListAsBoolean" time="0.0" />
  <testcase classname="aka.jmetadata.test.JMetaDataGeneral_Test" name="subTestGetCoverDataAsBoolean" time="0.0" />
  <testcase classname="aka.jmetadata.test.JMetaDataGeneral_Test" name="subTestGetCommentAsBigInteger" time="0.001" />
  <testcase classname="aka.jmetadata.test.JMetaDataGeneral_Test" name="subTestGetGenreAsBigInteger" time="0.0" />
  <testcase classname="aka.jmetadata.test.JMetaDataGeneral_Test" name="subTestGetGroupingAsLocalDateTime" time="0.0" />
  <testcase classname="aka.jmetadata.test.JMetaDataGeneral_Test" name="subTestGetEncodedLibraryVersionAsLong" time="0.0" />
  <testcase classname="aka.jmetadata.test.JMetaDataGeneral_Test" name="subTestGetWrittenByAsString" time="0.001" />
  <testcase classname="aka.jmetadata.test.JMetaDataGeneral_Test" name="subTestGetAlbumMoreAsInteger" time="0.0" />
  <testcase classname="aka.jmetadata.test.JMetaDataGeneral_Test" name="subTestGetMovieUrlAsBigInteger" time="0.0" />
  <testcase classname="aka.jmetadata.test.JMetaDataGeneral_Test" name="subTestGetCoverAsBigInteger" time="0.0" />
  <testcase classname="aka.jmetadata.test.JMetaDataGeneral_Test" name="subTestGetDelayString4AsLocalDateTime" time="0.0" />
  <testcase classname="aka.jmetadata.test.JMetaDataGeneral_Test" name="subTestGetCatalogNumberAsLong" time="0.001" />
  <testcase classname="aka.jmetadata.test.JMetaDataGeneral_Test" name="subTestGetEncryptionAsBoolean" time="0.0" />
  <testcase classname="aka.jmetadata.test.JMetaDataGeneral_Test" name="subTestGetCountryAsString" time="0.001" />
  <testcase classname="aka.jmetadata.test.JMetaDataGeneral_Test" name="subTestGetServiceTypeAsBigInteger" time="0.0" />
  <testcase classname="aka.jmetadata.test.JMetaDataGeneral_Test" name="subTestGetPerformerUrlAsBigInteger" time="0.0" />
  <testcase classname="aka.jmetadata.test.JMetaDataGeneral_Test" name="subTestGetLyricistAsLocalDateTime" time="0.0" />
  <testcase classname="aka.jmetadata.test.JMetaDataGeneral_Test" name="subTestGetStreamSizeDemuxedString1AsBoolean" time="0.001" />
  <testcase classname="aka.jmetadata.test.JMetaDataGeneral_Test" name="subTestGetCommentAsLocalDateTime" time="0.0" />
  <testcase classname="aka.jmetadata.test.JMetaDataGeneral_Test" name="subTestGetFormatAsBoolean" time="0.0" />
  <testcase classname="aka.jmetadata.test.JMetaDataGeneral_Test" name="subTestGetGroupingAsInteger" time="0.0" />
  <testcase classname="aka.jmetadata.test.JMetaDataGeneral_Test" name="subTestGetVideoLanguageListAsLocalDateTime" time="0.0" />
  <testcase classname="aka.jmetadata.test.JMetaDataGeneral_Test" name="subTestGetImageLanguageListAsLocalTime" time="0.0" />
  <testcase classname="aka.jmetadata.test.JMetaDataGeneral_Test" name="subTestGetOriginalAlbumAsLocalDateTime" time="0.0" />
  <testcase classname="aka.jmetadata.test.JMetaDataGeneral_Test" name="subTestGetPlayedFirstDateAsURL" time="0.0" />
  <testcase classname="aka.jmetadata.test.JMetaDataGeneral_Test" name="subTestGetICRAAsLocalTime" time="0.0" />
  <testcase classname="aka.jmetadata.test.JMetaDataGeneral_Test" name="subTestGetDomainAsLocalTime" time="0.0" />
  <testcase classname="aka.jmetadata.test.JMetaDataGeneral_Test" name="subTestGetVideoFormatListAsLong" time="0.0" />
  <testcase classname="aka.jmetadata.test.JMetaDataGeneral_Test" name="subTestGetCoverDataAsLocalTime" time="0.0" />
  <testcase classname="aka.jmetadata.test.JMetaDataGeneral_Test" name="subTestGetThanksToAsLocalDateTime" time="0.0" />
  <testcase classname="aka.jmetadata.test.JMetaDataGeneral_Test" name="subTestGetUniqueIDAsURL" time="0.0" />
  <testcase classname="aka.jmetadata.test.JMetaDataGeneral_Test" name="subTestGetDelaySourceAsString" time="0.0" />
  <testcase classname="aka.jmetadata.test.JMetaDataGeneral_Test" name="subTestGetTrackAsLocalTime" time="0.0" />
  <testcase classname="aka.jmetadata.test.JMetaDataGeneral_Test" name="subTestGetAudioLanguageListAsBoolean" time="0.0" />
  <testcase classname="aka.jmetadata.test.JMetaDataGeneral_Test" name="subTestGetServiceUrlAsURL" time="0.0" />
  <testcase classname="aka.jmetadata.test.JMetaDataGeneral_Test" name="subTestGetISRCAsString" time="0.0" />
  <testcase classname="aka.jmetadata.test.JMetaDataGeneral_Test" name="subTestGetCodecIDHintAsLocalTime" time="0.0" />
  <testcase classname="aka.jmetadata.test.JMetaDataGeneral_Test" name="subTestGetFrameRateDenAsInteger" time="0.0" />
  <testcase classname="aka.jmetadata.test.JMetaDataGeneral_Test" name="subTestGetServiceNameAsInteger" time="0.0" />
  <testcase classname="aka.jmetadata.test.JMetaDataGeneral_Test" name="subTestGetOverallBitRateStringAsInteger" time="0.0" />
  <testcase classname="aka.jmetadata.test.JMetaDataGeneral_Test" name="subTestGetBarCodeAsBoolean" time="0.0" />
  <testcase classname="aka.jmetadata.test.JMetaDataGeneral_Test" name="subTestGetOtherLanguageListAsLocalDateTime" time="0.0" />
  <testcase classname="aka.jmetadata.test.JMetaDataGeneral_Test" name="subTestGetCoverMimeAsURL" time="0.0" />
  <testcase classname="aka.jmetadata.test.JMetaDataGeneral_Test" name="subTestGetConductorAsBoolean" time="0.0" />
  <testcase classname="aka.jmetadata.test.JMetaDataGeneral_Test" name="subTestGetTrackSortAsLong" time="0.0" />
  <testcase classname="aka.jmetadata.test.JMetaDataGeneral_Test" name="subTestGetFileNameLastAsLong" time="0.0" />
  <testcase classname="aka.jmetadata.test.JMetaDataGeneral_Test" name="subTestGetInformAsURL" time="0.0" />
  <testcase classname="aka.jmetadata.test.JMetaDataGeneral_Test" name="subTestGetPackageNameAsBoolean" time="0.0" />
  <testcase classname="aka.jmetadata.test.JMetaDataGeneral_Test" name="subTestGetSynopsisAsBigInteger" time="0.0" />
  <testcase classname="aka.jmetadata.test.JMetaDataGeneral_Test" name="subTestGetPublisherURLAsBigInteger" time="0.0" />
  <testcase classname="aka.jmetadata.test.JMetaDataGeneral_Test" name="subTestGetTrackUrlAsBigInteger" time="0.001" />
  <testcase classname="aka.jmetadata.test.JMetaDataGeneral_Test" name="subTestGetServiceTypeAsURL" time="0.0" />
  <testcase classname="aka.jmetadata.test.JMetaDataGeneral_Test" name="subTestGetCompleteNameLastAsBoolean" time="0.0" />
  <testcase classname="aka.jmetadata.test.JMetaDataGeneral_Test" name="subTestGetSeasonPositionTotalAsBoolean" time="0.0" />
  <testcase classname="aka.jmetadata.test.JMetaDataGeneral_Test" name="subTestGetTrackPositionTotalAsLocalTime" time="0.0" />
  <testcase classname="aka.jmetadata.test.JMetaDataGeneral_Test" name="subTestGetArrangerAsLong" time="0.0" />
  <testcase classname="aka.jmetadata.test.JMetaDataGeneral_Test" name="subTestGetEncodedApplicationVersionAsBigInteger" time="0.0" />
  <testcase classname="aka.jmetadata.test.JMetaDataGeneral_Test" name="subTestGetCodecIDAsInteger" time="0.0" />
  <testcase classname="aka.jmetadata.test.JMetaDataGeneral_Test" name="subTestGetTrackMoreAsBigInteger" time="0.0" />
  <testcase classname="aka.jmetadata.test.JMetaDataGeneral_Test" name="subTestGetComicPositionTotalAsString" time="0.001" />
  <testcase classname="aka.jmetadata.test.JMetaDataGeneral_Test" name="subTestGetEncodedDateAsInteger" time="0.0" />
  <testcase classname="aka.jmetadata.test.JMetaDataGeneral_Test" name="subTestGetFileSizeString4AsInteger" time="0.0" />
  <testcase classname="aka.jmetadata.test.JMetaDataGeneral_Test" name="subTestGetStatusAsLocalTime" time="0.0" />
  <testcase classname="aka.jmetadata.test.JMetaDataGeneral_Test" name="subTestGetVideoFormatListAsURL" time="0.0" />
  <testcase classname="aka.jmetadata.test.JMetaDataGeneral_Test" name="subTestGetLyricsAsBoolean" time="0.0" />
  <testcase classname="aka.jmetadata.test.JMetaDataGeneral_Test" name="subTestGetAlbumPerformerSortAsBoolean" time="0.0" />
  <testcase classname="aka.jmetadata.test.JMetaDataGeneral_Test" name="subTestGetStreamKindIDAsBigInteger" time="0.0" />
  <testcase classname="aka.jmetadata.test.JMetaDataGeneral_Test" name="subTestGetOwnerAsBigInteger" time="0.001" />
  <testcase classname="aka.jmetadata.test.JMetaDataGeneral_Test" name="subTestGetLabelCodeAsInteger" time="0.0" />
  <testcase classname="aka.jmetadata.test.JMetaDataGeneral_Test" name="subTestGetVideoFormatWithHintListAsString" time="0.0" />
  <testcase classname="aka.jmetadata.test.JMetaDataGeneral_Test" name="subTestGetEncodedLibraryDateAsInteger" time="0.0" />
  <testcase classname="aka.jmetadata.test.JMetaDataGeneral_Test" name="subTestGetFormatInfoAsLocalTime" time="0.001" />
  <testcase classname="aka.jmetadata.test.JMetaDataGeneral_Test" name="subTestGetCommissionedByAsLong" time="0.0" />
  <testcase classname="aka.jmetadata.test.JMetaDataGeneral_Test" name="subTestGetArrangerAsLocalDateTime" time="0.0" />
  <testcase classname="aka.jmetadata.test.JMetaDataGeneral_Test" name="subTestGetEncodedLibraryAsBoolean" time="0.001" />
  <testcase classname="aka.jmetadata.test.JMetaDataGeneral_Test" name="subTestGetIDAsBigInteger" time="0.0" />
  <testcase classname="aka.jmetadata.test.JMetaDataGeneral_Test" name="subTestGetDelaySettingsAsLocalTime" time="0.0" />
  <testcase classname="aka.jmetadata.test.JMetaDataGeneral_Test" name="subTestGetOtherLanguageListAsBigInteger" time="0.001" />
  <testcase classname="aka.jmetadata.test.JMetaDataGeneral_Test" name="subTestGetFileExtensionAsBoolean" time="0.0" />
  <testcase classname="aka.jmetadata.test.JMetaDataGeneral_Test" name="subTestGetStatusAsBoolean" time="0.0" />
  <testcase classname="aka.jmetadata.test.JMetaDataGeneral_Test" name="subTestGetCatalogNumberAsLocalDateTime" time="0.001" />
  <testcase classname="aka.jmetadata.test.JMetaDataGeneral_Test" name="subTestGetUniqueIDStringAsString" time="0.0" />
  <testcase classname="aka.jmetadata.test.JMetaDataGeneral_Test" name="subTestGetPerformerUrlAsLocalTime" time="0.0" />
  <testcase classname="aka.jmetadata.test.JMetaDataGeneral_Test" name="subTestGetTrackPositionAsURL" time="0.001" />
  <testcase classname="aka.jmetadata.test.JMetaDataGeneral_Test" name="subTestGetStreamKindIDAsLocalTime" time="0.0" />
  <testcase classname="aka.jmetadata.test.JMetaDataGeneral_Test" name="subTestGetOtherLanguageListAsLocalTime" time="0.0" />
  <testcase classname="aka.jmetadata.test.JMetaDataGeneral_Test" name="subTestGetKeywordsAsBigInteger" time="0.0" />
  <testcase classname="aka.jmetadata.test.JMetaDataGeneral_Test" name="subTestGetOwnerAsURL" time="0.0" />
  <testcase classname="aka.jmetadata.test.JMetaDataGeneral_Test" name="subTestGetTitleMoreAsString" time="0.0" />
  <testcase classname="aka.jmetadata.test.JMetaDataGeneral_Test" name="subTestGetStreamKindIDAsLocalDateTime" time="0.0" />
  <testcase classname="aka.jmetadata.test.JMetaDataGeneral_Test" name="subTestGetOverallBitRateMinimumStringAsLocalDateTime" time="0.0" />
  <testcase classname="aka.jmetadata.test.JMetaDataGeneral_Test" name="subTestGetOriginalSourceMediumAsLocalDateTime" time="0.0" />
  <testcase classname="aka.jmetadata.test.JMetaDataGeneral_Test" name="subTestGetCompilationStringAsBigInteger" time="0.001" />
  <testcase classname="aka.jmetadata.test.JMetaDataGeneral_Test" name="subTestGetFileExtensionLastAsString" time="0.0" />
  <testcase classname="aka.jmetadata.test.JMetaDataGeneral_Test" name="subTestGetInterleavedAsLong" time="0.0" />
  <testcase classname="aka.jmetadata.test.JMetaDataGeneral_Test" name="subTestGetStreamSizeDemuxedString2AsString" time="0.0" />
  <testcase classname="aka.jmetadata.test.JMetaDataGeneral_Test" name="subTestGetOverallBitRateModeAsURL" time="0.0" />
  <testcase classname="aka.jmetadata.test.JMetaDataGeneral_Test" name="subTestGetImageLanguageListAsLong" time="0.0" />
  <testcase classname="aka.jmetadata.test.JMetaDataGeneral_Test" name="subTestGetFormatInfoAsURL" time="0.0" />
  <testcase classname="aka.jmetadata.test.JMetaDataGeneral_Test" name="subTestGetScreenplayByAsBoolean" time="0.0" />
  <testcase classname="aka.jmetadata.test.JMetaDataGeneral_Test" name="subTestGetCodecIDHintAsBoolean" time="0.0" />
  <testcase classname="aka.jmetadata.test.JMetaDataGeneral_Test" name="subTestGetDelaySourceAsLocalTime" time="0.0" />
  <testcase classname="aka.jmetadata.test.JMetaDataGeneral_Test" name="subTestGetCommentAsLong" time="0.0" />
  <testcase classname="aka.jmetadata.test.JMetaDataGeneral_Test" name="subTestGetDataSizeAsLocalTime" time="0.0" />
  <testcase classname="aka.jmetadata.test.JMetaDataGeneral_Test" name="subTestGetTextFormatListAsURL" time="0.0" />
  <testcase classname="aka.jmetadata.test.JMetaDataGeneral_Test" name="subTestGetOriginalSourceFormCroppedAsBoolean" time="0.0" />
  <testcase classname="aka.jmetadata.test.JMetaDataGeneral_Test" name="subTestGetOverallBitRateMaximumStringAsBoolean" time="0.001" />
  <testcase classname="aka.jmetadata.test.JMetaDataGeneral_Test" name="subTestGetFrameRateStringAsLong" time="0.0" />
  <testcase classname="aka.jmetadata.test.JMetaDataGeneral_Test" name="subTestGetOriginalPerformerAsBoolean" time="0.0" />
  <testcase classname="aka.jmetadata.test.JMetaDataGeneral_Test" name="subTestGetStreamKindAsBigInteger" time="0.0" />
  <testcase classname="aka.jmetadata.test.JMetaDataGeneral_Test" name="subTestGetPartAsURL" time="0.0" />
  <testcase classname="aka.jmetadata.test.JMetaDataGeneral_Test" name="subTestGetCodecIDVersionAsBoolean" time="0.0" />
  <testcase classname="aka.jmetadata.test.JMetaDataGeneral_Test" name="subTestGetCatalogNumberAsBoolean" time="0.0" />
  <testcase classname="aka.jmetadata.test.JMetaDataGeneral_Test" name="subTestGetProducerAsString" time="0.0" />
  <testcase classname="aka.jmetadata.test.JMetaDataGeneral_Test" name="subTestGetAddedDateAsInteger" time="0.0" />
  <testcase classname="aka.jmetadata.test.JMetaDataGeneral_Test" name="subTestGetConductorAsLocalDateTime" time="0.001" />
  <testcase classname="aka.jmetadata.test.JMetaDataGeneral_Test" name="subTestGetRatingAsLocalTime" time="0.0" />
  <testcase classname="aka.jmetadata.test.JMetaDataGeneral_Test" name="subTestGetOriginalSourceMediumAsString" time="0.001" />
  <testcase classname="aka.jmetadata.test.JMetaDataGeneral_Test" name="subTestGetMenuCountAsLong" time="0.0" />
  <testcase classname="aka.jmetadata.test.JMetaDataGeneral_Test" name="subTestGetSoundEngineerAsLocalDateTime" time="0.0" />
  <testcase classname="aka.jmetadata.test.JMetaDataGeneral_Test" name="subTestGetFormatProfileAsLocalTime" time="0.001" />
  <testcase classname="aka.jmetadata.test.JMetaDataGeneral_Test" name="subTestGetOriginalAlbumAsBigInteger" time="0.0" />
  <testcase classname="aka.jmetadata.test.JMetaDataGeneral_Test" name="subTestGetCodecIDAsBigInteger" time="0.0" />
  <testcase classname="aka.jmetadata.test.JMetaDataGeneral_Test" name="subTestGetRecordedDateAsBoolean" time="0.0" />
  <testcase classname="aka.jmetadata.test.JMetaDataGeneral_Test" name="subTestGetDelaySourceStringAsBigInteger" time="0.001" />
  <testcase classname="aka.jmetadata.test.JMetaDataGeneral_Test" name="subTestGetScreenplayByAsLong" time="0.0" />
  <testcase classname="aka.jmetadata.test.JMetaDataGeneral_Test" name="subTestGetHeaderSizeAsLong" time="0.0" />
  <testcase classname="aka.jmetadata.test.JMetaDataGeneral_Test" name="subTestGetEncodedOperatingSystemAsBoolean" time="0.0" />
  <testcase classname="aka.jmetadata.test.JMetaDataGeneral_Test" name="subTestGetOriginalSourceFormCroppedAsLong" time="0.0" />
  <testcase classname="aka.jmetadata.test.JMetaDataGeneral_Test" name="subTestGetComicPositionTotalAsLocalTime" time="0.001" />
  <testcase classname="aka.jmetadata.test.JMetaDataGeneral_Test" name="subTestGetFileCreatedDateLocalAsLocalDateTime" time="0.0" />
  <testcase classname="aka.jmetadata.test.JMetaDataGeneral_Test" name="subTestGetCoDirectorAsInteger" time="0.0" />
  <testcase classname="aka.jmetadata.test.JMetaDataGeneral_Test" name="subTestGetContentTypeAsBoolean" time="0.0" />
  <testcase classname="aka.jmetadata.test.JMetaDataGeneral_Test" name="subTestGetCodecIDDescriptionAsLocalDateTime" time="0.0" />
  <testcase classname="aka.jmetadata.test.JMetaDataGeneral_Test" name="subTestGetPlayedCountAsLocalDateTime" time="0.001" />
  <testcase classname="aka.jmetadata.test.JMetaDataGeneral_Test" name="subTestGetComicAsBoolean" time="0.0" />
  <testcase classname="aka.jmetadata.test.JMetaDataGeneral_Test" name="subTestGetHeaderSizeAsURL" time="0.0" />
  <testcase classname="aka.jmetadata.test.JMetaDataGeneral_Test" name="subTestGetIDAsURL" time="0.001" />
  <testcase classname="aka.jmetadata.test.JMetaDataGeneral_Test" name="subTestGetEncryptionFormatAsLong" time="0.0" />
  <testcase classname="aka.jmetadata.test.JMetaDataGeneral_Test" name="subTestGetIDAsLong" time="0.0" />
  <testcase classname="aka.jmetadata.test.JMetaDataGeneral_Test" name="subTestGetFooterSizeAsLong" time="0.001" />
  <testcase classname="aka.jmetadata.test.JMetaDataGeneral_Test" name="subTestGetMovieAsBoolean" time="0.0" />
  <testcase classname="aka.jmetadata.test.JMetaDataGeneral_Test" name="subTestGetOverallBitRateStringAsString" time="0.001" />
  <testcase classname="aka.jmetadata.test.JMetaDataGeneral_Test" name="subTestGetOriginalMovieAsLong" time="0.0" />
  <testcase classname="aka.jmetadata.test.JMetaDataGeneral_Test" name="subTestGetServiceNameAsLong" time="0.0" />
  <testcase classname="aka.jmetadata.test.JMetaDataGeneral_Test" name="subTestGetMenuFormatWithHintListAsBigInteger" time="0.0" />
  <testcase classname="aka.jmetadata.test.JMetaDataGeneral_Test" name="subTestGetKeywordsAsInteger" time="0.0" />
  <testcase classname="aka.jmetadata.test.JMetaDataGeneral_Test" name="subTestGetDurationAsString" time="0.0" />
  <testcase classname="aka.jmetadata.test.JMetaDataGeneral_Test" name="subTestGetBPMAsLong" time="0.0" />
  <testcase classname="aka.jmetadata.test.JMetaDataGeneral_Test" name="subTestGetEncodedLibraryNameAsURL" time="0.0" />
  <testcase classname="aka.jmetadata.test.JMetaDataGeneral_Test" name="subTestGetAlbumReplayGainPeakAsInteger" time="0.0" />
  <testcase classname="aka.jmetadata.test.JMetaDataGeneral_Test" name="subTestGetSynopsisAsString" time="0.001" />
  <testcase classname="aka.jmetadata.test.JMetaDataGeneral_Test" name="subTestGetStreamKindIDAsInteger" time="0.0" />
  <testcase classname="aka.jmetadata.test.JMetaDataGeneral_Test" name="subTestGetFormatExtensionsAsLong" time="0.0" />
  <testcase classname="aka.jmetadata.test.JMetaDataGeneral_Test" name="subTestGetDelaySettingsAsLong" time="0.0" />
  <testcase classname="aka.jmetadata.test.JMetaDataGeneral_Test" name="subTestGetCodecIDCompatibleAsBigInteger" time="0.0" />
  <testcase classname="aka.jmetadata.test.JMetaDataGeneral_Test" name="subTestGetFileModifiedDateAsBoolean" time="0.0" />
  <testcase classname="aka.jmetadata.test.JMetaDataGeneral_Test" name="subTestGetFrameRateDenAsBigInteger" time="0.0" />
  <testcase classname="aka.jmetadata.test.JMetaDataGeneral_Test" name="subTestGetFileSizeString3AsInteger" time="0.0" />
  <testcase classname="aka.jmetadata.test.JMetaDataGeneral_Test" name="subTestGetAddedDateAsLong" time="0.0" />
  <testcase classname="aka.jmetadata.test.JMetaDataGeneral_Test" name="subTestGetEncryptionModeAsBoolean" time="0.001" />
  <testcase classname="aka.jmetadata.test.JMetaDataGeneral_Test" name="subTestGetEPGPositionsEndAsBigInteger" time="0.0" />
  <testcase classname="aka.jmetadata.test.JMetaDataGeneral_Test" name="subTestGetPlayedCountAsLong" time="0.0" />
  <testcase classname="aka.jmetadata.test.JMetaDataGeneral_Test" name="subTestGetEncryptionMethodAsBigInteger" time="0.0" />
  <testcase classname="aka.jmetadata.test.JMetaDataGeneral_Test" name="subTestGetThanksToAsString" time="0.0" />
  <testcase classname="aka.jmetadata.test.JMetaDataGeneral_Test" name="subTestGetDataSizeAsLocalDateTime" time="0.0" />
  <testcase classname="aka.jmetadata.test.JMetaDataGeneral_Test" name="subTestGetPerformerSortAsLocalDateTime" time="0.0" />
  <testcase classname="aka.jmetadata.test.JMetaDataGeneral_Test" name="subTestGetServiceTypeAsInteger" time="0.0" />
  <testcase classname="aka.jmetadata.test.JMetaDataGeneral_Test" name="subTestGetAccompanimentAsInteger" time="0.0" />
  <testcase classname="aka.jmetadata.test.JMetaDataGeneral_Test" name="subTestGetCodecIDVersionAsLocalTime" time="0.0" />
  <testcase classname="aka.jmetadata.test.JMetaDataGeneral_Test" name="subTestGetIsStreamableAsBoolean" time="0.0" />
  <testcase classname="aka.jmetadata.test.JMetaDataGeneral_Test" name="subTestGetLyricsAsString" time="0.0" />
  <testcase classname="aka.jmetadata.test.JMetaDataGeneral_Test" name="subTestGetAlbumReplayGainGainAsInteger" time="0.0" />
  <testcase classname="aka.jmetadata.test.JMetaDataGeneral_Test" name="subTestGetUniqueIDAsLocalTime" time="0.0" />
  <testcase classname="aka.jmetadata.test.JMetaDataGeneral_Test" name="subTestGetMovieMoreAsBoolean" time="0.0" />
  <testcase classname="aka.jmetadata.test.JMetaDataGeneral_Test" name="subTestGetPodcastCategoryAsLocalDateTime" time="0.001" />
  <testcase classname="aka.jmetadata.test.JMetaDataGeneral_Test" name="subTestGetRemixedByAsBigInteger" time="0.0" />
  <testcase classname="aka.jmetadata.test.JMetaDataGeneral_Test" name="subTestGetTrackAsInteger" time="0.0" />
  <testcase classname="aka.jmetadata.test.JMetaDataGeneral_Test" name="subTestGetOriginalSourceMediumIDAsString" time="0.0" />
  <testcase classname="aka.jmetadata.test.JMetaDataGeneral_Test" name="subTestGetLawRatingReasonAsURL" time="0.0" />
  <testcase classname="aka.jmetadata.test.JMetaDataGeneral_Test" name="subTestGetStreamSizeDemuxedStringAsBoolean" time="0.0" />
  <testcase classname="aka.jmetadata.test.JMetaDataGeneral_Test" name="subTestGetICRAAsLong" time="0.0" />
  <testcase classname="aka.jmetadata.test.JMetaDataGeneral_Test" name="subTestGetCodecIDDescriptionAsInteger" time="0.001" />
  <testcase classname="aka.jmetadata.test.JMetaDataGeneral_Test" name="subTestGetTermsOfUseAsLocalDateTime" time="0.0" />
  <testcase classname="aka.jmetadata.test.JMetaDataGeneral_Test" name="subTestGetStreamSizeAsString" time="0.001" />
  <testcase classname="aka.jmetadata.test.JMetaDataGeneral_Test" name="subTestGetVideoLanguageListAsLong" time="0.0" />
  <testcase classname="aka.jmetadata.test.JMetaDataGeneral_Test" name="subTestGetMenuIDAsURL" time="0.0" />
  <testcase classname="aka.jmetadata.test.JMetaDataGeneral_Test" name="subTestGetStreamSizeString3AsLocalDateTime" time="0.0" />
  <testcase classname="aka.jmetadata.test.JMetaDataGeneral_Test" name="subTestGetTrackMoreAsBoolean" time="0.0" />
  <testcase classname="aka.jmetadata.test.JMetaDataGeneral_Test" name="subTestGetComposerAsString" time="0.0" />
  <testcase classname="aka.jmetadata.test.JMetaDataGeneral_Test" name="subTestGetStreamSizeString4AsString" time="0.0" />
  <testcase classname="aka.jmetadata.test.JMetaDataGeneral_Test" name="subTestGetAlbumPerformerUrlAsLocalDateTime" time="0.0" />
  <testcase classname="aka.jmetadata.test.JMetaDataGeneral_Test" name="subTestGetFileSizeAsLocalDateTime" time="0.001" />
  <testcase classname="aka.jmetadata.test.JMetaDataGeneral_Test" name="subTestGetAlbumPerformerAsInteger" time="0.001" />
  <testcase classname="aka.jmetadata.test.JMetaDataGeneral_Test" name="subTestGetDurationString1AsLocalTime" time="0.0" />
  <testcase classname="aka.jmetadata.test.JMetaDataGeneral_Test" name="subTestGetSubTrackAsLocalDateTime" time="0.0" />
  <testcase classname="aka.jmetadata.test.JMetaDataGeneral_Test" name="subTestGetAddedDateAsBigInteger" time="0.001" />
  <testcase classname="aka.jmetadata.test.JMetaDataGeneral_Test" name="subTestGetDotsPerInchAsLocalDateTime" time="0.0" />
  <testcase classname="aka.jmetadata.test.JMetaDataGeneral_Test" name="subTestGetFormatExtensionsAsBoolean" time="0.001" />
  <testcase classname="aka.jmetadata.test.JMetaDataGeneral_Test" name="subTestGetComposerNationalityAsString" time="0.0" />
  <testcase classname="aka.jmetadata.test.JMetaDataGeneral_Test" name="subTestGetPeriodAsLocalTime" time="0.0" />
  <testcase classname="aka.jmetadata.test.JMetaDataGeneral_Test" name="subTestGetDurationString1AsLong" time="0.0" />
  <testcase classname="aka.jmetadata.test.JMetaDataGeneral_Test" name="subTestGetCodecIDAsLong" time="0.0" />
  <testcase classname="aka.jmetadata.test.JMetaDataGeneral_Test" name="subTestGetExecutiveProducerAsLong" time="0.001" />
  <testcase classname="aka.jmetadata.test.JMetaDataGeneral_Test" name="subTestGetFrameRateNumAsLocalDateTime" time="0.0" />
  <testcase classname="aka.jmetadata.test.JMetaDataGeneral_Test" name="subTestGetVideoFormatWithHintListAsLocalDateTime" time="0.001" />
  <testcase classname="aka.jmetadata.test.JMetaDataGeneral_Test" name="subTestGetSeasonPositionTotalAsLong" time="0.001" />
  <testcase classname="aka.jmetadata.test.JMetaDataGeneral_Test" name="subTestGetGeneralCountAsBigInteger" time="0.0" />
  <testcase classname="aka.jmetadata.test.JMetaDataGeneral_Test" name="subTestGetEncodedLibrarySettingsAsBigInteger" time="0.0" />
  <testcase classname="aka.jmetadata.test.JMetaDataGeneral_Test" name="subTestGetDirectorAsLocalDateTime" time="0.0" />
  <testcase classname="aka.jmetadata.test.JMetaDataGeneral_Test" name="subTestGetCommentAsString" time="0.0" />
  <testcase classname="aka.jmetadata.test.JMetaDataGeneral_Test" name="subTestGetLawRatingAsLong" time="0.0" />
  <testcase classname="aka.jmetadata.test.JMetaDataGeneral_Test" name="subTestGetMoodAsBoolean" time="0.001" />
  <testcase classname="aka.jmetadata.test.JMetaDataGeneral_Test" name="subTestGetTrackUrlAsLocalDateTime" time="0.0" />
  <testcase classname="aka.jmetadata.test.JMetaDataGeneral_Test" name="subTestGetThanksToAsLong" time="0.0" />
  <testcase classname="aka.jmetadata.test.JMetaDataGeneral_Test" name="subTestGetMenuCountAsBigInteger" time="0.0" />
  <testcase classname="aka.jmetadata.test.JMetaDataGeneral_Test" name="subTestGetArtDirectorAsLocalDateTime" time="0.0" />
  <testcase classname="aka.jmetadata.test.JMetaDataGeneral_Test" name="subTestGetOverallBitRateMinimumStringAsBigInteger" time="0.0" />
  <testcase classname="aka.jmetadata.test.JMetaDataGeneral_Test" name="subTestGetSoundEngineerAsString" time="0.0" />
  <testcase classname="aka.jmetadata.test.JMetaDataGeneral_Test" name="subTestGetImageCountAsLocalDateTime" time="0.0" />
  <testcase classname="aka.jmetadata.test.JMetaDataGeneral_Test" name="subTestGetCopyrightUrlAsLong" time="0.0" />
  <testcase classname="aka.jmetadata.test.JMetaDataGeneral_Test" name="subTestGetAddedDateAsURL" time="0.0" />
  <testcase classname="aka.jmetadata.test.JMetaDataGeneral_Test" name="subTestGetTimeZoneAsLong" time="0.0" />
  <testcase classname="aka.jmetadata.test.JMetaDataGeneral_Test" name="subTestGetDurationString1AsURL" time="0.0" />
  <testcase classname="aka.jmetadata.test.JMetaDataGeneral_Test" name="subTestGetTitleMoreAsLocalDateTime" time="0.0" />
  <testcase classname="aka.jmetadata.test.JMetaDataGeneral_Test" name="subTestGetTimeZoneAsURL" time="0.0" />
  <testcase classname="aka.jmetadata.test.JMetaDataGeneral_Test" name="subTestGetPublisherAsLong" time="0.0" />
  <testcase classname="aka.jmetadata.test.JMetaDataGeneral_Test" name="subTestGetOriginalSourceMediumIDAsBoolean" time="0.0" />
  <testcase classname="aka.jmetadata.test.JMetaDataGeneral_Test" name="subTestGetInternetMediaTypeAsLocalTime" time="0.0" />
  <testcase classname="aka.jmetadata.test.JMetaDataGeneral_Test" name="subTestGetOriginalSourceFormAsBigInteger" time="0.0" />
  <testcase classname="aka.jmetadata.test.JMetaDataGeneral_Test" name="subTestGetStreamSizeString5AsLong" time="0.0" />
  <testcase classname="aka.jmetadata.test.JMetaDataGeneral_Test" name="subTestGetReleasedDateAsLocalDateTime" time="0.0" />
  <testcase classname="aka.jmetadata.test.JMetaDataGeneral_Test" name="subTestGetFileSizeString1AsLong" time="0.0" />
  <testcase classname="aka.jmetadata.test.JMetaDataGeneral_Test" name="subTestGetFileSizeStringAsURL" time="0.0" />
  <testcase classname="aka.jmetadata.test.JMetaDataGeneral_Test" name="subTestGetDurationString2AsURL" time="0.0" />
  <testcase classname="aka.jmetadata.test.JMetaDataGeneral_Test" name="subTestGetAlbumReplayGainGainStringAsURL" time="0.0" />
  <testcase classname="aka.jmetadata.test.JMetaDataGeneral_Test" name="subTestGetEncodedLibraryStringAsLocalTime" time="0.0" />
  <testcase classname="aka.jmetadata.test.JMetaDataGeneral_Test" name="subTestGetServiceChannelAsString" time="0.0" />
  <testcase classname="aka.jmetadata.test.JMetaDataGeneral_Test" name="subTestGetAlbumReplayGainGainStringAsBigInteger" time="0.0" />
  <testcase classname="aka.jmetadata.test.JMetaDataGeneral_Test" name="subTestGetFormatVersionAsLocalDateTime" time="0.001" />
  <testcase classname="aka.jmetadata.test.JMetaDataGeneral_Test" name="subTestGetCommentAsLocalTime" time="0.0" />
  <testcase classname="aka.jmetadata.test.JMetaDataGeneral_Test" name="subTestGetAccompanimentAsURL" time="0.001" />
  <testcase classname="aka.jmetadata.test.JMetaDataGeneral_Test" name="subTestGetDataSizeAsString" time="0.0" />
  <testcase classname="aka.jmetadata.test.JMetaDataGeneral_Test" name="subTestGetImageCountAsLong" time="0.0" />
  <testcase classname="aka.jmetadata.test.JMetaDataGeneral_Test" name="subTestGetFileNameLastAsLocalDateTime" time="0.0" />
  <testcase classname="aka.jmetadata.test.JMetaDataGeneral_Test" name="subTestGetIDAsLocalTime" time="0.001" />
  <testcase classname="aka.jmetadata.test.JMetaDataGeneral_Test" name="subTestGetOriginalSourceFormSharpnessAsInteger" time="0.0" />
  <testcase classname="aka.jmetadata.test.JMetaDataGeneral_Test" name="subTestGetIsStreamableAsLocalDateTime" time="0.0" />
  <testcase classname="aka.jmetadata.test.JMetaDataGeneral_Test" name="subTestGetDurationAsInteger" time="0.0" />
  <testcase classname="aka.jmetadata.test.JMetaDataGeneral_Test" name="subTestGetGeneralCountAsLocalTime" time="0.0" />
  <testcase classname="aka.jmetadata.test.JMetaDataGeneral_Test" name="subTestGetEncodedApplicationUrlAsBoolean" time="0.0" />
  <testcase classname="aka.jmetadata.test.JMetaDataGeneral_Test" name="subTestGetProducerCopyrightAsBoolean" time="0.0" />
  <testcase classname="aka.jmetadata.test.JMetaDataGeneral_Test" name="subTestGetDurationString3AsURL" time="0.001" />
  <testcase classname="aka.jmetadata.test.JMetaDataGeneral_Test" name="subTestGetStatusAsLocalDateTime" time="0.0" />
  <testcase classname="aka.jmetadata.test.JMetaDataGeneral_Test" name="subTestGetOverallBitRateMaximumStringAsURL" time="0.0" />
  <testcase classname="aka.jmetadata.test.JMetaDataGeneral_Test" name="subTestGetMusicByAsString" time="0.0" />
  <testcase classname="aka.jmetadata.test.JMetaDataGeneral_Test" name="subTestGetStreamOrderAsLocalDateTime" time="0.0" />
  <testcase classname="aka.jmetadata.test.JMetaDataGeneral_Test" name="subTestGetAudioFormatWithHintListAsString" time="0.0" />
  <testcase classname="aka.jmetadata.test.JMetaDataGeneral_Test" name="subTestGetSubjectAsInteger" time="0.0" />
  <testcase classname="aka.jmetadata.test.JMetaDataGeneral_Test" name="subTestGetNetworkNameAsURL" time="0.0" />
  <testcase classname="aka.jmetadata.test.JMetaDataGeneral_Test" name="subTestGetFormatCompressionAsBoolean" time="0.0" />
  <testcase classname="aka.jmetadata.test.JMetaDataGeneral_Test" name="subTestGetIsStreamableAsString" time="0.001" />
  <testcase classname="aka.jmetadata.test.JMetaDataGeneral_Test" name="subTestGetDurationString5AsLocalDateTime" time="0.001" />
  <testcase classname="aka.jmetadata.test.JMetaDataGeneral_Test" name="subTestGetDurationString2AsLocalTime" time="0.0" />
  <testcase classname="aka.jmetadata.test.JMetaDataGeneral_Test" name="subTestGetDurationString4AsURL" time="0.0" />
  <testcase classname="aka.jmetadata.test.JMetaDataGeneral_Test" name="subTestGetFrameRateAsLocalTime" time="0.0" />
  <testcase classname="aka.jmetadata.test.JMetaDataGeneral_Test" name="subTestGetOverallBitRateMinimumAsLocalDateTime" time="0.0" />
  <testcase classname="aka.jmetadata.test.JMetaDataGeneral_Test" name="subTestGetLyricsAsBigInteger" time="0.0" />
  <testcase classname="aka.jmetadata.test.JMetaDataGeneral_Test" name="subTestGetEncryptionFormatAsLocalTime" time="0.0" />
  <testcase classname="aka.jmetadata.test.JMetaDataGeneral_Test" name="subTestGetWrittenDateAsString" time="0.001" />
  <testcase classname="aka.jmetadata.test.JMetaDataGeneral_Test" name="subTestGetOverallBitRateMaximumStringAsBigInteger" time="0.0" />
  <testcase classname="aka.jmetadata.test.JMetaDataGeneral_Test" name="subTestGetMenuLanguageListAsString" time="0.0" />
  <testcase classname="aka.jmetadata.test.JMetaDataGeneral_Test" name="subTestGetEncodedApplicationStringAsBoolean" time="0.0" />
  <testcase classname="aka.jmetadata.test.JMetaDataGeneral_Test" name="subTestGetDelaySourceAsBoolean" time="0.0" />
  <testcase classname="aka.jmetadata.test.JMetaDataGeneral_Test" name="subTestGetFileExtensionLastAsBigInteger" time="0.0" />
  <testcase classname="aka.jmetadata.test.JMetaDataGeneral_Test" name="subTestGetEncryptionInitializationVectorAsBoolean" time="0.0" />
  <testcase classname="aka.jmetadata.test.JMetaDataGeneral_Test" name="subTestGetOverallBitRateNominalAsInteger" time="0.0" />
  <testcase classname="aka.jmetadata.test.JMetaDataGeneral_Test" name="subTestGetFileSizeString2AsInteger" time="0.0" />
  <testcase classname="aka.jmetadata.test.JMetaDataGeneral_Test" name="subTestGetOwnerAsBoolean" time="0.0" />
  <testcase classname="aka.jmetadata.test.JMetaDataGeneral_Test" name="subTestGetLawRatingReasonAsLocalDateTime" time="0.001" />
  <testcase classname="aka.jmetadata.test.JMetaDataGeneral_Test" name="subTestGetTermsOfUseAsString" time="0.0" />
  <testcase classname="aka.jmetadata.test.JMetaDataGeneral_Test" name="subTestGetOtherCountAsLocalTime" time="0.0" />
  <testcase classname="aka.jmetadata.test.JMetaDataGeneral_Test" name="subTestGetISBNAsString" time="0.0" />
  <testcase classname="aka.jmetadata.test.JMetaDataGeneral_Test" name="subTestGetDurationString5AsURL" time="0.0" />
  <testcase classname="aka.jmetadata.test.JMetaDataGeneral_Test" name="subTestGetAlbumReplayGainPeakAsBigInteger" time="0.0" />
  <testcase classname="aka.jmetadata.test.JMetaDataGeneral_Test" name="subTestGetWrittenLocationAsURL" time="0.0" />
  <testcase classname="aka.jmetadata.test.JMetaDataGeneral_Test" name="subTestGetMasteredDateAsBoolean" time="0.0" />
  <testcase classname="aka.jmetadata.test.JMetaDataGeneral_Test" name="subTestGetEncodedApplicationVersionAsLong" time="0.0" />
  <testcase classname="aka.jmetadata.test.JMetaDataGeneral_Test" name="subTestGetDataSizeAsLong" time="0.0" />
  <testcase classname="aka.jmetadata.test.JMetaDataGeneral_Test" name="subTestGetDurationString1AsString" time="0.0" />
  <testcase classname="aka.jmetadata.test.JMetaDataGeneral_Test" name="subTestGetOtherCountAsString" time="0.0" />
  <testcase classname="aka.jmetadata.test.JMetaDataGeneral_Test" name="subTestGetCoverTypeAsBoolean" time="0.0" />
  <testcase classname="aka.jmetadata.test.JMetaDataGeneral_Test" name="subTestGetSeasonPositionAsBigInteger" time="0.0" />
  <testcase classname="aka.jmetadata.test.JMetaDataGeneral_Test" name="subTestGetServiceProviderrUrlAsLocalDateTime" time="0.001" />
  <testcase classname="aka.jmetadata.test.JMetaDataGeneral_Test" name="subTestGetDelayString3AsLocalDateTime" time="0.0" />
  <testcase classname="aka.jmetadata.test.JMetaDataGeneral_Test" name="subTestGetMovieUrlAsLocalDateTime" time="0.0" />
  <testcase classname="aka.jmetadata.test.JMetaDataGeneral_Test" name="subTestGetServiceNameAsString" time="0.0" />
  <testcase classname="aka.jmetadata.test.JMetaDataGeneral_Test" name="subTestGetStreamSizeAsBoolean" time="0.001" />
  <testcase classname="aka.jmetadata.test.JMetaDataGeneral_Test" name="subTestGetEncodedApplicationVersionAsLocalDateTime" time="0.0" />
  <testcase classname="aka.jmetadata.test.JMetaDataGeneral_Test" name="subTestGetOverallBitRateMinimumAsBoolean" time="0.0" />
  <testcase classname="aka.jmetadata.test.JMetaDataGeneral_Test" name="subTestGetServiceTypeAsString" time="0.0" />
  <testcase classname="aka.jmetadata.test.JMetaDataGeneral_Test" name="subTestGetActorAsBoolean" time="0.001" />
  <testcase classname="aka.jmetadata.test.JMetaDataGeneral_Test" name="subTestGetCompleteNameAsLong" time="0.0" />
  <testcase classname="aka.jmetadata.test.JMetaDataGeneral_Test" name="subTestGetAssistantDirectorAsBigInteger" time="0.0" />
  <testcase classname="aka.jmetadata.test.JMetaDataGeneral_Test" name="subTestGetEncodedLibrarySettingsAsLocalDateTime" time="0.0" />
  <testcase classname="aka.jmetadata.test.JMetaDataGeneral_Test" name="subTestGetOriginalNetworkNameAsLocalDateTime" time="0.0" />
  <testcase classname="aka.jmetadata.test.JMetaDataGeneral_Test" name="subTestGetImageFormatWithHintListAsLocalTime" time="0.0" />
  <testcase classname="aka.jmetadata.test.JMetaDataGeneral_Test" name="subTestGetImageFormatListAsBigInteger" time="0.0" />
  <testcase classname="aka.jmetadata.test.JMetaDataGeneral_Test" name="subTestGetFolderNameLastAsLong" time="0.0" />
  <testcase classname="aka.jmetadata.test.JMetaDataGeneral_Test" name="subTestGetRemixedByAsLong" time="0.0" />
  <testcase classname="aka.jmetadata.test.JMetaDataGeneral_Test" name="subTestGetOriginalSourceFormCroppedAsBigInteger" time="0.0" />
  <testcase classname="aka.jmetadata.test.JMetaDataGeneral_Test" name="subTestGetInformAsLocalDateTime" time="0.001" />
  <testcase classname="aka.jmetadata.test.JMetaDataGeneral_Test" name="subTestGetAlbumAsInteger" time="0.0" />
  <testcase classname="aka.jmetadata.test.JMetaDataGeneral_Test" name="subTestGetFileNameAsString" time="0.0" />
  <testcase classname="aka.jmetadata.test.JMetaDataGeneral_Test" name="subTestGetTimeZoneAsInteger" time="0.0" />
  <testcase classname="aka.jmetadata.test.JMetaDataGeneral_Test" name="subTestGetPlayedCountAsBigInteger" time="0.0" />
  <testcase classname="aka.jmetadata.test.JMetaDataGeneral_Test" name="subTestGetMovieUrlAsLocalTime" time="0.0" />
  <testcase classname="aka.jmetadata.test.JMetaDataGeneral_Test" name="subTestGetCodecIDUrlAsLong" time="0.0" />
  <testcase classname="aka.jmetadata.test.JMetaDataGeneral_Test" name="subTestGetPerformerAsLong" time="0.0" />
  <testcase classname="aka.jmetadata.test.JMetaDataGeneral_Test" name="subTestGetMenuFormatWithHintListAsLong" time="0.0" />
  <testcase classname="aka.jmetadata.test.JMetaDataGeneral_Test" name="subTestGetDelaySettingsAsBoolean" time="0.0" />
  <testcase classname="aka.jmetadata.test.JMetaDataGeneral_Test" name="subTestGetImageFormatWithHintListAsString" time="0.0" />
  <testcase classname="aka.jmetadata.test.JMetaDataGeneral_Test" name="subTestGetStreamKindStringAsString" time="0.0" />
  <testcase classname="aka.jmetadata.test.JMetaDataGeneral_Test" name="subTestGetAudioFormatListAsString" time="0.0" />
  <testcase classname="aka.jmetadata.test.JMetaDataGeneral_Test" name="subTestGetChapterAsLocalDateTime" time="0.0" />
  <testcase classname="aka.jmetadata.test.JMetaDataGeneral_Test" name="subTestGetDescriptionAsURL" time="0.0" />
  <testcase classname="aka.jmetadata.test.JMetaDataGeneral_Test" name="subTestGetOriginalSourceFormCroppedAsLocalTime" time="0.0" />
  <testcase classname="aka.jmetadata.test.JMetaDataGeneral_Test" name="subTestGetSynopsisAsLong" time="0.001" />
  <testcase classname="aka.jmetadata.test.JMetaDataGeneral_Test" name="subTestGetOriginalReleasedDateAsLocalDateTime" time="0.0" />
  <testcase classname="aka.jmetadata.test.JMetaDataGeneral_Test" name="subTestGetOriginalSourceMediumIDAsBigInteger" time="0.0" />
  <testcase classname="aka.jmetadata.test.JMetaDataGeneral_Test" name="subTestGetFormatCommercialIfAnyAsLong" time="0.001" />
  <testcase classname="aka.jmetadata.test.JMetaDataGeneral_Test" name="subTestGetPartAsLocalDateTime" time="0.0" />
  <testcase classname="aka.jmetadata.test.JMetaDataGeneral_Test" name="subTestGetISBNAsURL" time="0.0" />
  <testcase classname="aka.jmetadata.test.JMetaDataGeneral_Test" name="subTestGetTextFormatListAsString" time="0.0" />
  <testcase classname="aka.jmetadata.test.JMetaDataGeneral_Test" name="subTestGetFileCreatedDateLocalAsInteger" time="0.0" />
  <testcase classname="aka.jmetadata.test.JMetaDataGeneral_Test" name="subTestGetImageFormatWithHintListAsURL" time="0.0" />
  <testcase classname="aka.jmetadata.test.JMetaDataGeneral_Test" name="subTestGetCopyrightUrlAsString" time="0.0" />
  <testcase classname="aka.jmetadata.test.JMetaDataGeneral_Test" name="subTestGetOriginalSourceFormAsBoolean" time="0.0" />
  <testcase classname="aka.jmetadata.test.JMetaDataGeneral_Test" name="subTestGetOverallBitRateMaximumAsBoolean" time="0.0" />
  <testcase classname="aka.jmetadata.test.JMetaDataGeneral_Test" name="subTestGetCodecIDInfoAsInteger" time="0.0" />
  <testcase classname="aka.jmetadata.test.JMetaDataGeneral_Test" name="subTestGetDurationString3AsLocalTime" time="0.0" />
  <testcase classname="aka.jmetadata.test.JMetaDataGeneral_Test" name="subTestGetChoregrapherAsURL" time="0.0" />
  <testcase classname="aka.jmetadata.test.JMetaDataGeneral_Test" name="subTestGetFormatAsLong" time="0.001" />
  <testcase classname="aka.jmetadata.test.JMetaDataGeneral_Test" name="subTestGetAlbumReplayGainGainAsLong" time="0.0" />
  <testcase classname="aka.jmetadata.test.JMetaDataGeneral_Test" name="subTestGetPodcastCategoryAsURL" time="0.0" />
  <testcase classname="aka.jmetadata.test.JMetaDataGeneral_Test" name="subTestGetComicMoreAsInteger" time="0.0" />
  <testcase classname="aka.jmetadata.test.JMetaDataGeneral_Test" name="subTestGetOriginalSourceMediumIDStringAsBoolean" time="0.0" />
  <testcase classname="aka.jmetadata.test.JMetaDataGeneral_Test" name="subTestGetFormatProfileAsInteger" time="0.0" />
  <testcase classname="aka.jmetadata.test.JMetaDataGeneral_Test" name="subTestGetStreamSizeDemuxedString2AsLong" time="0.001" />
  <testcase classname="aka.jmetadata.test.JMetaDataGeneral_Test" name="subTestGetSeasonPositionAsLocalDateTime" time="0.0" />
  <testcase classname="aka.jmetadata.test.JMetaDataGeneral_Test" name="subTestGetStreamOrderAsInteger" time="0.001" />
  <testcase classname="aka.jmetadata.test.JMetaDataGeneral_Test" name="subTestGetEncryptionLengthAsBoolean" time="0.0" />
  <testcase classname="aka.jmetadata.test.JMetaDataGeneral_Test" name="subTestGetProducerAsBoolean" time="0.001" />
  <testcase classname="aka.jmetadata.test.JMetaDataGeneral_Test" name="subTestGetFormatCompressionAsLocalDateTime" time="0.0" />
  <testcase classname="aka.jmetadata.test.JMetaDataGeneral_Test" name="subTestGetMusicByAsBigInteger" time="0.0" />
  <testcase classname="aka.jmetadata.test.JMetaDataGeneral_Test" name="subTestGetCountAsLocalTime" time="0.0" />
  <testcase classname="aka.jmetadata.test.JMetaDataGeneral_Test" name="subTestGetMasteredByAsLocalTime" time="0.0" />
  <testcase classname="aka.jmetadata.test.JMetaDataGeneral_Test" name="subTestGetPlayedLastDateAsInteger" time="0.0" />
  <testcase classname="aka.jmetadata.test.JMetaDataGeneral_Test" name="subTestGetTrackUrlAsInteger" time="0.0" />
  <testcase classname="aka.jmetadata.test.JMetaDataGeneral_Test" name="subTestGetOverallBitRateModeStringAsString" time="0.0" />
  <testcase classname="aka.jmetadata.test.JMetaDataGeneral_Test" name="subTestGetGenreAsLong" time="0.0" />
  <testcase classname="aka.jmetadata.test.JMetaDataGeneral_Test" name="subTestGetOriginalPartAsString" time="0.001" />
  <testcase classname="aka.jmetadata.test.JMetaDataGeneral_Test" name="subTestGetKeywordsAsURL" time="0.0" />
  <testcase classname="aka.jmetadata.test.JMetaDataGeneral_Test" name="subTestGetServiceProviderAsString" time="0.0" />
  <testcase classname="aka.jmetadata.test.JMetaDataGeneral_Test" name="subTestGetMenuFormatListAsURL" time="0.001" />
  <testcase classname="aka.jmetadata.test.JMetaDataGeneral_Test" name="subTestGetFolderNameLastAsBoolean" time="0.0" />
  <testcase classname="aka.jmetadata.test.JMetaDataGeneral_Test" name="subTestGetServiceChannelAsURL" time="0.001" />
  <testcase classname="aka.jmetadata.test.JMetaDataGeneral_Test" name="subTestGetSubTrackAsString" time="0.0" />
  <testcase classname="aka.jmetadata.test.JMetaDataGeneral_Test" name="subTestGetDurationStringAsBigInteger" time="0.0" />
  <testcase classname="aka.jmetadata.test.JMetaDataGeneral_Test" name="subTestGetStreamSizeDemuxedAsURL" time="0.0" />
  <testcase classname="aka.jmetadata.test.JMetaDataGeneral_Test" name="subTestGetFormatCompressionAsBigInteger" time="0.0" />
  <testcase classname="aka.jmetadata.test.JMetaDataGeneral_Test" name="subTestGetStreamSizeString5AsBoolean" time="0.0" />
  <testcase classname="aka.jmetadata.test.JMetaDataGeneral_Test" name="subTestGetDelayString1AsString" time="0.0" />
  <testcase classname="aka.jmetadata.test.JMetaDataGeneral_Test" name="subTestGetActorCharacterAsLong" time="0.0" />
  <testcase classname="aka.jmetadata.test.JMetaDataGeneral_Test" name="subTestGetMenuIDAsString" time="0.0" />
  <testcase classname="aka.jmetadata.test.JMetaDataGeneral_Test" name="subTestGetUniqueIDStringAsLocalTime" time="0.0" />
  <testcase classname="aka.jmetadata.test.JMetaDataGeneral_Test" name="subTestGetTextFormatWithHintListAsBoolean" time="0.0" />
  <testcase classname="aka.jmetadata.test.JMetaDataGeneral_Test" name="subTestGetCountryAsURL" time="0.0" />
  <testcase classname="aka.jmetadata.test.JMetaDataGeneral_Test" name="subTestGetDurationString5AsBigInteger" time="0.001" />
  <testcase classname="aka.jmetadata.test.JMetaDataGeneral_Test" name="subTestGetImageLanguageListAsBoolean" time="0.0" />
  <testcase classname="aka.jmetadata.test.JMetaDataGeneral_Test" name="subTestGetSeasonPositionAsInteger" time="0.0" />
  <testcase classname="aka.jmetadata.test.JMetaDataGeneral_Test" name="subTestGetBarCodeAsLong" time="0.0" />
  <testcase classname="aka.jmetadata.test.JMetaDataGeneral_Test" name="subTestGetCoDirectorAsLocalDateTime" time="0.0" />
  <testcase classname="aka.jmetadata.test.JMetaDataGeneral_Test" name="subTestGetEncodedLibraryCompanyNameAsString" time="0.001" />
  <testcase classname="aka.jmetadata.test.JMetaDataGeneral_Test" name="subTestGetEncodedLibraryVersionAsLocalDateTime" time="0.001" />
  <testcase classname="aka.jmetadata.test.JMetaDataGeneral_Test" name="subTestGetSynopsisAsInteger" time="0.0" />
  <testcase classname="aka.jmetadata.test.JMetaDataGeneral_Test" name="subTestGetFileSizeString1AsURL" time="0.0" />
  <testcase classname="aka.jmetadata.test.JMetaDataGeneral_Test" name="subTestGetISBNAsLocalDateTime" time="0.0" />
  <testcase classname="aka.jmetadata.test.JMetaDataGeneral_Test" name="subTestGetOriginalAlbumAsLong" time="0.0" />
  <testcase classname="aka.jmetadata.test.JMetaDataGeneral_Test" name="subTestGetActorCharacterAsURL" time="0.0" />
  <testcase classname="aka.jmetadata.test.JMetaDataGeneral_Test" name="subTestGetBarCodeAsURL" time="0.0" />
  <testcase classname="aka.jmetadata.test.JMetaDataGeneral_Test" name="subTestGetFrameRateStringAsBoolean" time="0.001" />
  <testcase classname="aka.jmetadata.test.JMetaDataGeneral_Test" name="subTestGetAlbumPerformerSortAsLong" time="0.0" />
  <testcase classname="aka.jmetadata.test.JMetaDataGeneral_Test" name="subTestGetImageFormatListAsInteger" time="0.0" />
  <testcase classname="aka.jmetadata.test.JMetaDataGeneral_Test" name="subTestGetSubjectAsString" time="0.0" />
  <testcase classname="aka.jmetadata.test.JMetaDataGeneral_Test" name="subTestGetFileSizeString1AsInteger" time="0.001" />
  <testcase classname="aka.jmetadata.test.JMetaDataGeneral_Test" name="subTestGetActorAsLocalTime" time="0.0" />
  <testcase classname="aka.jmetadata.test.JMetaDataGeneral_Test" name="subTestGetTitleUrlAsLocalTime" time="0.0" />
  <testcase classname="aka.jmetadata.test.JMetaDataGeneral_Test" name="subTestGetMovieAsLong" time="0.001" />
  <testcase classname="aka.jmetadata.test.JMetaDataGeneral_Test" name="subTestGetStreamSizeString1AsURL" time="0.0" />
  <testcase classname="aka.jmetadata.test.JMetaDataGeneral_Test" name="subTestGetISRCAsBoolean" time="0.0" />
  <testcase classname="aka.jmetadata.test.JMetaDataGeneral_Test" name="subTestGetChapterAsLocalTime" time="0.001" />
  <testcase classname="aka.jmetadata.test.JMetaDataGeneral_Test" name="subTestGetFileSizeString2AsURL" time="0.001" />
  <testcase classname="aka.jmetadata.test.JMetaDataGeneral_Test" name="subTestGetKeywordsAsLocalDateTime" time="0.0" />
  <testcase classname="aka.jmetadata.test.JMetaDataGeneral_Test" name="subTestGetTitleMoreAsBigInteger" time="0.0" />
  <testcase classname="aka.jmetadata.test.JMetaDataGeneral_Test" name="subTestGetFormatInfoAsString" time="0.0" />
  <testcase classname="aka.jmetadata.test.JMetaDataGeneral_Test" name="subTestGetOtherFormatWithHintListAsURL" time="0.0" />
  <testcase classname="aka.jmetadata.test.JMetaDataGeneral_Test" name="subTestGetTitleAsLocalDateTime" time="0.0" />
  <testcase classname="aka.jmetadata.test.JMetaDataGeneral_Test" name="subTestGetProductionDesignerAsURL" time="0.0" />
  <testcase classname="aka.jmetadata.test.JMetaDataGeneral_Test" name="subTestGetOriginalPartAsBigInteger" time="0.0" />
  <testcase classname="aka.jmetadata.test.JMetaDataGeneral_Test" name="subTestGetEPGPositionsEndAsLocalTime" time="0.0" />
  <testcase classname="aka.jmetadata.test.JMetaDataGeneral_Test" name="subTestGetAlbumPerformerUrlAsString" time="0.0" />
  <testcase classname="aka.jmetadata.test.JMetaDataGeneral_Test" name="subTestGetCostumeDesignerAsBigInteger" time="0.0" />
  <testcase classname="aka.jmetadata.test.JMetaDataGeneral_Test" name="subTestGetArtDirectorAsURL" time="0.0" />
  <testcase classname="aka.jmetadata.test.JMetaDataGeneral_Test" name="subTestGetOverallBitRateNominalAsURL" time="0.0" />
  <testcase classname="aka.jmetadata.test.JMetaDataGeneral_Test" name="subTestGetCodecIDCompatibleAsString" time="0.0" />
  <testcase classname="aka.jmetadata.test.JMetaDataGeneral_Test" name="subTestGetEncryptionFormatAsBoolean" time="0.0" />
  <testcase classname="aka.jmetadata.test.JMetaDataGeneral_Test" name="subTestGetStreamSizeString2AsURL" time="0.0" />
  <testcase classname="aka.jmetadata.test.JMetaDataGeneral_Test" name="subTestGetCostumeDesignerAsLocalDateTime" time="0.0" />
  <testcase classname="aka.jmetadata.test.JMetaDataGeneral_Test" name="subTestGetIsStreamableAsLong" time="0.0" />
  <testcase classname="aka.jmetadata.test.JMetaDataGeneral_Test" name="subTestGetAlbumAsBigInteger" time="0.0" />
  <testcase classname="aka.jmetadata.test.JMetaDataGeneral_Test" name="subTestGetCoProducerAsURL" time="0.001" />
  <testcase classname="aka.jmetadata.test.JMetaDataGeneral_Test" name="subTestGetFileSizeString3AsURL" time="0.0" />
  <testcase classname="aka.jmetadata.test.JMetaDataGeneral_Test" name="subTestGetCodecIDStringAsLocalTime" time="0.0" />
  <testcase classname="aka.jmetadata.test.JMetaDataGeneral_Test" name="subTestGetPartPositionAsBoolean" time="0.0" />
  <testcase classname="aka.jmetadata.test.JMetaDataGeneral_Test" name="subTestGetProducerCopyrightAsLong" time="0.0" />
  <testcase classname="aka.jmetadata.test.JMetaDataGeneral_Test" name="subTestGetDirectorOfPhotographyAsString" time="0.0" />
  <testcase classname="aka.jmetadata.test.JMetaDataGeneral_Test" name="subTestGetPerformerAsInteger" time="0.0" />
  <testcase classname="aka.jmetadata.test.JMetaDataGeneral_Test" name="subTestGetDurationString4AsLocalTime" time="0.0" />
  <testcase classname="aka.jmetadata.test.JMetaDataGeneral_Test" name="subTestGetOriginalSourceFormNumColorsAsLocalTime" time="0.0" />
  <testcase classname="aka.jmetadata.test.JMetaDataGeneral_Test" name="subTestGetFrameRateAsURL" time="0.0" />
  <testcase classname="aka.jmetadata.test.JMetaDataGeneral_Test" name="subTestGetMenuIDAsLocalDateTime" time="0.0" />
  <testcase classname="aka.jmetadata.test.JMetaDataGeneral_Test" name="subTestGetEncryptionInitializationVectorAsLocalDateTime" time="0.0" />
  <testcase classname="aka.jmetadata.test.JMetaDataGeneral_Test" name="subTestGetOriginalPerformerAsLocalTime" time="0.001" />
  <testcase classname="aka.jmetadata.test.JMetaDataGeneral_Test" name="subTestGetOriginalSourceFormNameAsURL" time="0.0" />
  <testcase classname="aka.jmetadata.test.JMetaDataGeneral_Test" name="subTestGetMovieMoreAsString" time="0.0" />
  <testcase classname="aka.jmetadata.test.JMetaDataGeneral_Test" name="subTestGetAudioLanguageListAsLocalTime" time="0.0" />
  <testcase classname="aka.jmetadata.test.JMetaDataGeneral_Test" name="subTestGetCodecIDInfoAsLocalTime" time="0.0" />
  <testcase classname="aka.jmetadata.test.JMetaDataGeneral_Test" name="subTestGetEPGPositionsEndAsURL" time="0.0" />
  <testcase classname="aka.jmetadata.test.JMetaDataGeneral_Test" name="subTestGetDelaySettingsAsString" time="0.0" />
  <testcase classname="aka.jmetadata.test.JMetaDataGeneral_Test" name="subTestGetStreamSizeString3AsURL" time="0.0" />
  <testcase classname="aka.jmetadata.test.JMetaDataGeneral_Test" name="subTestGetVideoCountAsLocalDateTime" time="0.001" />
  <testcase classname="aka.jmetadata.test.JMetaDataGeneral_Test" name="subTestGetVideoLanguageListAsLocalTime" time="0.0" />
  <testcase classname="aka.jmetadata.test.JMetaDataGeneral_Test" name="subTestGetFileSizeString4AsURL" time="0.001" />
  <testcase classname="aka.jmetadata.test.JMetaDataGeneral_Test" name="subTestGetAlbumSortAsBigInteger" time="0.0" />
  <testcase classname="aka.jmetadata.test.JMetaDataGeneral_Test" name="subTestGetTrackAsURL" time="0.0" />
  <testcase classname="aka.jmetadata.test.JMetaDataGeneral_Test" name="subTestGetDurationStringAsInteger" time="0.0" />
  <testcase classname="aka.jmetadata.test.JMetaDataGeneral_Test" name="subTestGetOriginalNetworkNameAsBigInteger" time="0.0" />
  <testcase classname="aka.jmetadata.test.JMetaDataGeneral_Test" name="subTestGetFormatSettingsAsBoolean" time="0.0" />
  <testcase classname="aka.jmetadata.test.JMetaDataGeneral_Test" name="subTestGetStreamSizeDemuxedString5AsLocalDateTime" time="0.0" />
  <testcase classname="aka.jmetadata.test.JMetaDataGeneral_Test" name="subTestGetDelayString2AsLong" time="0.0" />
  <testcase classname="aka.jmetadata.test.JMetaDataGeneral_Test" name="subTestGetStreamKindAsInteger" time="0.0" />
  <testcase classname="aka.jmetadata.test.JMetaDataGeneral_Test" name="subTestGetFrameRateDenAsURL" time="0.0" />
  <testcase classname="aka.jmetadata.test.JMetaDataGeneral_Test" name="subTestGetEncodedApplicationAsLong" time="0.0" />
  <testcase classname="aka.jmetadata.test.JMetaDataGeneral_Test" name="subTestGetStreamKindPosAsLocalTime" time="0.0" />
  <testcase classname="aka.jmetadata.test.JMetaDataGeneral_Test" name="subTestGetCodecIDStringAsBigInteger" time="0.0" />
  <testcase classname="aka.jmetadata.test.JMetaDataGeneral_Test" name="subTestGetAlbumReplayGainPeakAsLong" time="0.001" />
  <testcase classname="aka.jmetadata.test.JMetaDataGeneral_Test" name="subTestGetComposerAsBoolean" time="0.0" />
  <testcase classname="aka.jmetadata.test.JMetaDataGeneral_Test" name="subTestGetComposerSortAsString" time="0.001" />
  <testcase classname="aka.jmetadata.test.JMetaDataGeneral_Test" name="subTestGetStatusAsLong" time="0.0" />
  <testcase classname="aka.jmetadata.test.JMetaDataGeneral_Test" name="subTestGetStreamSizeString4AsURL" time="0.0" />
  <testcase classname="aka.jmetadata.test.JMetaDataGeneral_Test" name="subTestGetEncodedApplicationAsString" time="0.0" />
  <testcase classname="aka.jmetadata.test.JMetaDataGeneral_Test" name="subTestGetTaggedApplicationAsBoolean" time="0.0" />
  <testcase classname="aka.jmetadata.test.JMetaDataGeneral_Test" name="subTestGetCoverTypeAsURL" time="0.0" />
  <testcase classname="aka.jmetadata.test.JMetaDataGeneral_Test" name="subTestGetTaggedDateAsString" time="0.0" />
  <testcase classname="aka.jmetadata.test.JMetaDataGeneral_Test" name="subTestGetDotsPerInchAsLocalTime" time="0.0" />
  <testcase classname="aka.jmetadata.test.JMetaDataGeneral_Test" name="subTestGetArchivalLocationAsLocalTime" time="0.0" />
  <testcase classname="aka.jmetadata.test.JMetaDataGeneral_Test" name="subTestGetDelayString5AsBoolean" time="0.0" />
  <testcase classname="aka.jmetadata.test.JMetaDataGeneral_Test" name="subTestGetSeasonAsLocalTime" time="0.0" />
  <testcase classname="aka.jmetadata.test.JMetaDataGeneral_Test" name="subTestGetAudioCountAsBoolean" time="0.0" />
  <testcase classname="aka.jmetadata.test.JMetaDataGeneral_Test" name="subTestGetFileNameAsInteger" time="0.001" />
  <testcase classname="aka.jmetadata.test.JMetaDataGeneral_Test" name="subTestGetCatalogNumberAsURL" time="0.0" />
  <testcase classname="aka.jmetadata.test.JMetaDataGeneral_Test" name="subTestGetActorCharacterAsString" time="0.0" />
  <testcase classname="aka.jmetadata.test.JMetaDataGeneral_Test" name="subTestGetTrackUrlAsLong" time="0.0" />
  <testcase classname="aka.jmetadata.test.JMetaDataGeneral_Test" name="subTestGetWrittenDateAsBoolean" time="0.0" />
  <testcase classname="aka.jmetadata.test.JMetaDataGeneral_Test" name="subTestGetEditedByAsLocalDateTime" time="0.0" />
  <testcase classname="aka.jmetadata.test.JMetaDataGeneral_Test" name="subTestGetPerformerUrlAsBoolean" time="0.0" />
  <testcase classname="aka.jmetadata.test.JMetaDataGeneral_Test" name="subTestGetISRCAsLocalTime" time="0.0" />
  <testcase classname="aka.jmetadata.test.JMetaDataGeneral_Test" name="subTestGetServiceNameAsURL" time="0.0" />
  <testcase classname="aka.jmetadata.test.JMetaDataGeneral_Test" name="subTestGetPodcastCategoryAsString" time="0.001" />
  <testcase classname="aka.jmetadata.test.JMetaDataGeneral_Test" name="subTestGetNetworkNameAsInteger" time="0.0" />
  <testcase classname="aka.jmetadata.test.JMetaDataGeneral_Test" name="subTestGetCompilationAsLocalDateTime" time="0.001" />
  <testcase classname="aka.jmetadata.test.JMetaDataGeneral_Test" name="subTestGetStreamSizeString5AsURL" time="0.0" />
  <testcase classname="aka.jmetadata.test.JMetaDataGeneral_Test" name="subTestGetEncryptionPaddingAsLocalTime" time="0.0" />
  <testcase classname="aka.jmetadata.test.JMetaDataGeneral_Test" name="subTestGetStreamKindPosAsBoolean" time="0.0" />
  <testcase classname="aka.jmetadata.test.JMetaDataGeneral_Test" name="subTestGetDataSizeAsURL" time="0.0" />
  <testcase classname="aka.jmetadata.test.JMetaDataGeneral_Test" name="subTestGetCodecIDAsString" time="0.0" />
  <testcase classname="aka.jmetadata.test.JMetaDataGeneral_Test" name="subTestGetTextLanguageListAsBoolean" time="0.0" />
  <testcase classname="aka.jmetadata.test.JMetaDataGeneral_Test" name="subTestGetCatalogNumberAsLocalTime" time="0.001" />
  <testcase classname="aka.jmetadata.test.JMetaDataGeneral_Test" name="subTestGetSynopsisAsURL" time="0.001" />
  <testcase classname="aka.jmetadata.test.JMetaDataGeneral_Test" name="subTestGetAlbumPerformerUrlAsLong" time="0.0" />
  <testcase classname="aka.jmetadata.test.JMetaDataGeneral_Test" name="subTestGetOverallBitRateStringAsLocalDateTime" time="0.0" />
  <testcase classname="aka.jmetadata.test.JMetaDataGeneral_Test" name="subTestGetTrackMoreAsLong" time="0.0" />
  <testcase classname="aka.jmetadata.test.JMetaDataGeneral_Test" name="subTestGetPerformerSortAsLocalTime" time="0.0" />
  <testcase classname="aka.jmetadata.test.JMetaDataGeneral_Test" name="subTestGetInterleavedAsInteger" time="0.0" />
  <testcase classname="aka.jmetadata.test.JMetaDataGeneral_Test" name="subTestGetPublisherURLAsURL" time="0.0" />
  <testcase classname="aka.jmetadata.test.JMetaDataGeneral_Test" name="subTestGetRecordedLocationAsBoolean" time="0.0" />
  <testcase classname="aka.jmetadata.test.JMetaDataGeneral_Test" name="subTestGetTextFormatWithHintListAsLocalTime" time="0.001" />
  <testcase classname="aka.jmetadata.test.JMetaDataGeneral_Test" name="subTestGetMenuFormatListAsLocalDateTime" time="0.0" />
  <testcase classname="aka.jmetadata.test.JMetaDataGeneral_Test" name="subTestGetStreamSizeString4AsBoolean" time="0.0" />
  <testcase classname="aka.jmetadata.test.JMetaDataGeneral_Test" name="subTestGetCoverTypeAsLocalTime" time="0.0" />
  <testcase classname="aka.jmetadata.test.JMetaDataGeneral_Test" name="subTestGetMasteredByAsBoolean" time="0.0" />
  <testcase classname="aka.jmetadata.test.JMetaDataGeneral_Test" name="subTestGetGeneralCountAsLong" time="0.0" />
  <testcase classname="aka.jmetadata.test.JMetaDataGeneral_Test" name="subTestGetStreamSizeString2AsLocalDateTime" time="0.001" />
  <testcase classname="aka.jmetadata.test.JMetaDataGeneral_Test" name="subTestGetCoverAsURL" time="0.0" />
  <testcase classname="aka.jmetadata.test.JMetaDataGeneral_Test" name="subTestGetStreamSizeDemuxedString4AsString" time="0.0" />
  <testcase classname="aka.jmetadata.test.JMetaDataGeneral_Test" name="subTestGetFileCreatedDateAsURL" time="0.0" />
  <testcase classname="aka.jmetadata.test.JMetaDataGeneral_Test" name="subTestGetComicMoreAsBigInteger" time="0.0" />
  <testcase classname="aka.jmetadata.test.JMetaDataGeneral_Test" name="subTestGetSummaryAsURL" time="0.001" />
  <testcase classname="aka.jmetadata.test.JMetaDataGeneral_Test" name="subTestGetCollectionAsURL" time="0.0" />
  <testcase classname="aka.jmetadata.test.JMetaDataGeneral_Test" name="subTestGetDurationString5AsLocalTime" time="0.001" />
  <testcase classname="aka.jmetadata.test.JMetaDataGeneral_Test" name="subTestGetServiceChannelAsInteger" time="0.0" />
  <testcase classname="aka.jmetadata.test.JMetaDataGeneral_Test" name="subTestGetStreamSizeStringAsString" time="0.001" />
  <testcase classname="aka.jmetadata.test.JMetaDataGeneral_Test" name="subTestGetMenuLanguageListAsBoolean" time="0.0" />
  <testcase classname="aka.jmetadata.test.JMetaDataGeneral_Test" name="subTestGetMenuIDStringAsLong" time="0.0" />
  <testcase classname="aka.jmetadata.test.JMetaDataGeneral_Test" name="subTestGetStreamKindAsLong" time="0.001" />
  <testcase classname="aka.jmetadata.test.JMetaDataGeneral_Test" name="subTestGetCodecIDVersionAsBigInteger" time="0.0" />
  <testcase classname="aka.jmetadata.test.JMetaDataGeneral_Test" name="subTestGetCodecIDUrlAsLocalDateTime" time="0.0" />
  <testcase classname="aka.jmetadata.test.JMetaDataGeneral_Test" name="subTestGetEncodedLibraryNameAsBigInteger" time="0.001" />
  <testcase classname="aka.jmetadata.test.JMetaDataGeneral_Test" name="subTestGetFileSizeAsBoolean" time="0.0" />
  <testcase classname="aka.jmetadata.test.JMetaDataGeneral_Test" name="subTestGetContentTypeAsString" time="0.001" />
  <testcase classname="aka.jmetadata.test.JMetaDataGeneral_Test" name="subTestGetEncryptionModeAsString" time="0.0" />
  <testcase classname="aka.jmetadata.test.JMetaDataGeneral_Test" name="subTestGetTrackSortAsLocalTime" time="0.0" />
  <testcase classname="aka.jmetadata.test.JMetaDataGeneral_Test" name="subTestGetOverallBitRateAsInteger" time="0.0" />
  <testcase classname="aka.jmetadata.test.JMetaDataGeneral_Test" name="subTestGetMoodAsString" time="0.0" />
  <testcase classname="aka.jmetadata.test.JMetaDataGeneral_Test" name="subTestGetLawRatingAsLocalTime" time="0.0" />
  <testcase classname="aka.jmetadata.test.JMetaDataGeneral_Test" name="subTestGetInternetMediaTypeAsURL" time="0.0" />
  <testcase classname="aka.jmetadata.test.JMetaDataGeneral_Test" name="subTestGetEditedByAsLong" time="0.0" />
  <testcase classname="aka.jmetadata.test.JMetaDataGeneral_Test" name="subTestGetOriginalReleasedDateAsURL" time="0.0" />
  <testcase classname="aka.jmetadata.test.JMetaDataGeneral_Test" name="subTestGetDelayStringAsInteger" time="0.0" />
  <testcase classname="aka.jmetadata.test.JMetaDataGeneral_Test" name="subTestGetFirstPacketOrderAsLocalDateTime" time="0.001" />
  <testcase classname="aka.jmetadata.test.JMetaDataGeneral_Test" name="subTestGetRatingAsInteger" time="0.0" />
  <testcase classname="aka.jmetadata.test.JMetaDataGeneral_Test" name="subTestGetOverallBitRateMaximumAsString" time="0.0" />
  <testcase classname="aka.jmetadata.test.JMetaDataGeneral_Test" name="subTestGetWrittenDateAsURL" time="0.001" />
  <testcase classname="aka.jmetadata.test.JMetaDataGeneral_Test" name="subTestGetOverallBitRateNominalStringAsLocalTime" time="0.0" />
  <testcase classname="aka.jmetadata.test.JMetaDataGeneral_Test" name="subTestGetServiceUrlAsInteger" time="0.001" />
  <testcase classname="aka.jmetadata.test.JMetaDataGeneral_Test" name="subTestGetDurationStringAsLong" time="0.0" />
  <testcase classname="aka.jmetadata.test.JMetaDataGeneral_Test" name="subTestGetPartPositionAsString" time="0.0" />
  <testcase classname="aka.jmetadata.test.JMetaDataGeneral_Test" name="subTestGetTextLanguageListAsString" time="0.0" />
  <testcase classname="aka.jmetadata.test.JMetaDataGeneral_Test" name="subTestGetTextCountAsInteger" time="0.0" />
  <testcase classname="aka.jmetadata.test.JMetaDataGeneral_Test" name="subTestGetUniqueIDStringAsInteger" time="0.0" />
  <testcase classname="aka.jmetadata.test.JMetaDataGeneral_Test" name="subTestGetIDAsString" time="0.0" />
  <testcase classname="aka.jmetadata.test.JMetaDataGeneral_Test" name="subTestGetOriginalMovieAsLocalTime" time="0.0" />
  <testcase classname="aka.jmetadata.test.JMetaDataGeneral_Test" name="subTestGetArchivalLocationAsURL" time="0.0" />
  <testcase classname="aka.jmetadata.test.JMetaDataGeneral_Test" name="subTestGetExecutiveProducerAsString" time="0.0" />
  <testcase classname="aka.jmetadata.test.JMetaDataGeneral_Test" name="subTestGetImageLanguageListAsBigInteger" time="0.001" />
  <testcase classname="aka.jmetadata.test.JMetaDataGeneral_Test" name="subTestGetTrackPositionAsLocalTime" time="0.0" />
  <testcase classname="aka.jmetadata.test.JMetaDataGeneral_Test" name="subTestGetICRAAsInteger" time="0.0" />
  <testcase classname="aka.jmetadata.test.JMetaDataGeneral_Test" name="subTestGetProductionDesignerAsString" time="0.0" />
  <testcase classname="aka.jmetadata.test.JMetaDataGeneral_Test" name="subTestGetEncryptionMethodAsLocalDateTime" time="0.0" />
  <testcase classname="aka.jmetadata.test.JMetaDataGeneral_Test" name="subTestGetDomainAsBoolean" time="0.0" />
  <testcase classname="aka.jmetadata.test.JMetaDataGeneral_Test" name="subTestGetWrittenByAsLocalTime" time="0.0" />
  <testcase classname="aka.jmetadata.test.JMetaDataGeneral_Test" name="subTestGetOriginalMovieAsInteger" time="0.0" />
  <testcase classname="aka.jmetadata.test.JMetaDataGeneral_Test" name="subTestGetFileModifiedDateLocalAsLocalTime" time="0.0" />
  <testcase classname="aka.jmetadata.test.JMetaDataGeneral_Test" name="subTestGetMenuFormatListAsString" time="0.0" />
  <testcase classname="aka.jmetadata.test.JMetaDataGeneral_Test" name="subTestGetOverallBitRateStringAsBigInteger" time="0.0" />
  <testcase classname="aka.jmetadata.test.JMetaDataGeneral_Test" name="subTestGetStreamSizeDemuxedAsBigInteger" time="0.0" />
  <testcase classname="aka.jmetadata.test.JMetaDataGeneral_Test" name="subTestGetInternetMediaTypeAsString" time="0.0" />
  <testcase classname="aka.jmetadata.test.JMetaDataGeneral_Test" name="subTestGetCompilationAsString" time="0.0" />
  <testcase classname="aka.jmetadata.test.JMetaDataGeneral_Test" name="subTestGetCodecIDDescriptionAsLong" time="0.001" />
  <testcase classname="aka.jmetadata.test.JMetaDataGeneral_Test" name="subTestGetLawRatingReasonAsBoolean" time="0.0" />
  <testcase classname="aka.jmetadata.test.JMetaDataGeneral_Test" name="subTestGetOriginalLyricistAsBigInteger" time="0.0" />
  <testcase classname="aka.jmetadata.test.JMetaDataGeneral_Test" name="subTestGetBPMAsString" time="0.0" />
  <testcase classname="aka.jmetadata.test.JMetaDataGeneral_Test" name="subTestGetCountAsLocalDateTime" time="0.0" />
  <testcase classname="aka.jmetadata.test.JMetaDataGeneral_Test" name="subTestGetPublisherURLAsLong" time="0.0" />
  <testcase classname="aka.jmetadata.test.JMetaDataGeneral_Test" name="subTestGetCompleteNameAsLocalTime" time="0.0" />
  <testcase classname="aka.jmetadata.test.JMetaDataGeneral_Test" name="subTestGetExecutiveProducerAsURL" time="0.001" />
  <testcase classname="aka.jmetadata.test.JMetaDataGeneral_Test" name="subTestGetStreamKindIDAsLong" time="0.0" />
  <testcase classname="aka.jmetadata.test.JMetaDataGeneral_Test" name="subTestGetDurationString4AsBigInteger" time="0.0" />
  <testcase classname="aka.jmetadata.test.JMetaDataGeneral_Test" name="subTestGetOverallBitRateMaximumAsLong" time="0.0" />
  <testcase classname="aka.jmetadata.test.JMetaDataGeneral_Test" name="subTestGetCoverDescriptionAsLocalTime" time="0.0" />
  <testcase classname="aka.jmetadata.test.JMetaDataGeneral_Test" name="subTestGetStreamSizeProportionAsLocalTime" time="0.0" />
  <testcase classname="aka.jmetadata.test.JMetaDataGeneral_Test" name="subTestGetAlbumReplayGainPeakAsString" time="0.001" />
  <testcase classname="aka.jmetadata.test.JMetaDataGeneral_Test" name="subTestGetOverallBitRateMaximumAsURL" time="0.0" />
  <testcase classname="aka.jmetadata.test.JMetaDataGeneral_Test" name="subTestGetCollectionAsBoolean" time="0.0" />
  <testcase classname="aka.jmetadata.test.JMetaDataGeneral_Test" name="subTestGetCodecIDStringAsBoolean" time="0.0" />
  <testcase classname="aka.jmetadata.test.JMetaDataGeneral_Test" name="subTestGetComicMoreAsURL" time="0.0" />
  <testcase classname="aka.jmetadata.test.JMetaDataGeneral_Test" name="subTestGetFrameRateNumAsBoolean" time="0.0" />
  <testcase classname="aka.jmetadata.test.JMetaDataGeneral_Test" name="subTestGetOriginalSourceFormNumColorsAsBigInteger" time="0.0" />
  <testcase classname="aka.jmetadata.test.JMetaDataGeneral_Test" name="subTestGetFormatCommercialAsBigInteger" time="0.0" />
  <testcase classname="aka.jmetadata.test.JMetaDataGeneral_Test" name="subTestGetOriginalTrackAsBigInteger" time="0.0" />
  <testcase classname="aka.jmetadata.test.JMetaDataGeneral_Test" name="subTestGetAssistantDirectorAsString" time="0.0" />
  <testcase classname="aka.jmetadata.test.JMetaDataGeneral_Test" name="subTestGetMovieMoreAsURL" time="0.0" />
  <testcase classname="aka.jmetadata.test.JMetaDataGeneral_Test" name="subTestGetCroppedAsString" time="0.0" />
  <testcase classname="aka.jmetadata.test.JMetaDataGeneral_Test" name="subTestGetDurationString4AsLocalDateTime" time="0.0" />
  <testcase classname="aka.jmetadata.test.JMetaDataGeneral_Test" name="subTestGetCompilationStringAsLocalTime" time="0.0" />
  <testcase classname="aka.jmetadata.test.JMetaDataGeneral_Test" name="subTestGetDelayString4AsBoolean" time="0.0" />
  <testcase classname="aka.jmetadata.test.JMetaDataGeneral_Test" name="subTestGetOriginalLyricistAsString" time="0.0" />
  <testcase classname="aka.jmetadata.test.JMetaDataGeneral_Test" name="subTestGetOtherFormatListAsLocalDateTime" time="0.001" />
  <testcase classname="aka.jmetadata.test.JMetaDataGeneral_Test" name="subTestGetPlayedLastDateAsBigInteger" time="0.0" />
  <testcase classname="aka.jmetadata.test.JMetaDataGeneral_Test" name="subTestGetMenuCountAsLocalTime" time="0.0" />
  <testcase classname="aka.jmetadata.test.JMetaDataGeneral_Test" name="subTestGetOriginalSourceMediumAsBoolean" time="0.0" />
  <testcase classname="aka.jmetadata.test.JMetaDataGeneral_Test" name="subTestGetProductionStudioAsBigInteger" time="0.0" />
  <testcase classname="aka.jmetadata.test.JMetaDataGeneral_Test" name="subTestGetOriginalSourceMediumIDAsURL" time="0.0" />
  <testcase classname="aka.jmetadata.test.JMetaDataGeneral_Test" name="subTestGetDelaySourceAsBigInteger" time="0.0" />
  <testcase classname="aka.jmetadata.test.JMetaDataGeneral_Test" name="subTestGetMusicByAsLong" time="0.0" />
  <testcase classname="aka.jmetadata.test.JMetaDataGeneral_Test" name="subTestGetCountryAsLocalDateTime" time="0.001" />
  <testcase classname="aka.jmetadata.test.JMetaDataGeneral_Test" name="subTestGetSoundEngineerAsURL" time="0.001" />
  <testcase classname="aka.jmetadata.test.JMetaDataGeneral_Test" name="subTestGetVideoCountAsLong" time="0.0" />
  <testcase classname="aka.jmetadata.test.JMetaDataGeneral_Test" name="subTestGetCodecIDCompatibleAsLocalDateTime" time="0.0" />
  <testcase classname="aka.jmetadata.test.JMetaDataGeneral_Test" name="subTestGetRemixedByAsInteger" time="0.0" />
  <testcase classname="aka.jmetadata.test.JMetaDataGeneral_Test" name="subTestGetEncodedDateAsLocalDateTime" time="0.0" />
  <testcase classname="aka.jmetadata.test.JMetaDataGeneral_Test" name="subTestGetFileCreatedDateAsBigInteger" time="0.0">
    <failure message="expected:&lt;20170627140003689&gt; but was:&lt;20170510064749470&gt;" type="junit.framework.AssertionFailedError">junit.framework.AssertionFailedError: expected:&lt;20170627140003689&gt; but was:&lt;20170510064749470&gt;
	at aka.jmetadata.test.JMetaDataGeneral_Test.subTestGetFileCreatedDateAsBigInteger(JMetaDataGeneral_Test.java:7614)
</failure>
  </testcase>
  <testcase classname="aka.jmetadata.test.JMetaDataGeneral_Test" name="subTestGetAssistantDirectorAsInteger" time="0.0" />
  <testcase classname="aka.jmetadata.test.JMetaDataGeneral_Test" name="subTestGetProducerCopyrightAsBigInteger" time="0.0" />
  <testcase classname="aka.jmetadata.test.JMetaDataGeneral_Test" name="subTestGetCoverTypeAsLocalDateTime" time="0.0" />
  <testcase classname="aka.jmetadata.test.JMetaDataGeneral_Test" name="subTestGetTitleUrlAsInteger" time="0.001" />
  <testcase classname="aka.jmetadata.test.JMetaDataGeneral_Test" name="subTestGetEncodedLibraryVersionAsBoolean" time="0.0" />
  <testcase classname="aka.jmetadata.test.JMetaDataGeneral_Test" name="subTestGetCommissionedByAsLocalTime" time="0.0" />
  <testcase classname="aka.jmetadata.test.JMetaDataGeneral_Test" name="subTestGetIDAsBoolean" time="0.0" />
  <testcase classname="aka.jmetadata.test.JMetaDataGeneral_Test" name="subTestGetFormatExtensionsAsBigInteger" time="0.0" />
  <testcase classname="aka.jmetadata.test.JMetaDataGeneral_Test" name="subTestGetICRAAsBigInteger" time="0.001" />
  <testcase classname="aka.jmetadata.test.JMetaDataGeneral_Test" name="subTestGetCoverDescriptionAsURL" time="0.0" />
  <testcase classname="aka.jmetadata.test.JMetaDataGeneral_Test" name="subTestGetDomainAsBigInteger" time="0.0" />
  <testcase classname="aka.jmetadata.test.JMetaDataGeneral_Test" name="subTestGetEncryptionLengthAsString" time="0.0" />
  <testcase classname="aka.jmetadata.test.JMetaDataGeneral_Test" name="subTestGetEditedByAsInteger" time="0.0" />
  <testcase classname="aka.jmetadata.test.JMetaDataGeneral_Test" name="subTestGetTextFormatListAsBigInteger" time="0.0" />
  <testcase classname="aka.jmetadata.test.JMetaDataGeneral_Test" name="subTestGetCroppedAsInteger" time="0.0" />
  <testcase classname="aka.jmetadata.test.JMetaDataGeneral_Test" name="subTestGetStreamSizeString3AsBoolean" time="0.0" />
  <testcase classname="aka.jmetadata.test.JMetaDataGeneral_Test" name="subTestGetWrittenDateAsLocalDateTime" time="0.0" />
  <testcase classname="aka.jmetadata.test.JMetaDataGeneral_Test" name="subTestGetPodcastCategoryAsLocalTime" time="0.0" />
  <testcase classname="aka.jmetadata.test.JMetaDataGeneral_Test" name="subTestGetMovieAsLocalDateTime" time="0.0" />
  <testcase classname="aka.jmetadata.test.JMetaDataGeneral_Test" name="subTestGetDurationStartAsBoolean" time="0.0" />
  <testcase classname="aka.jmetadata.test.JMetaDataGeneral_Test" name="subTestGetFrameRateNumAsString" time="0.0" />
  <testcase classname="aka.jmetadata.test.JMetaDataGeneral_Test" name="subTestGetOtherFormatListAsURL" time="0.0" />
  <testcase classname="aka.jmetadata.test.JMetaDataGeneral_Test" name="subTestGetDelayString2AsLocalDateTime" time="0.001" />
  <testcase classname="aka.jmetadata.test.JMetaDataGeneral_Test" name="subTestGetStreamKindPosAsLocalDateTime" time="0.0" />
  <testcase classname="aka.jmetadata.test.JMetaDataGeneral_Test" name="subTestGetDimensionsAsLocalTime" time="0.0" />
  <testcase classname="aka.jmetadata.test.JMetaDataGeneral_Test" name="subTestGetLightnessAsLocalDateTime" time="0.0" />
  <testcase classname="aka.jmetadata.test.JMetaDataGeneral_Test" name="subTestGetPerformerAsLocalDateTime" time="0.0" />
  <testcase classname="aka.jmetadata.test.JMetaDataGeneral_Test" name="subTestGetPlayedFirstDateAsString" time="0.0" />
  <testcase classname="aka.jmetadata.test.JMetaDataGeneral_Test" name="subTestGetFrameRateDenAsLocalDateTime" time="0.001" />
  <testcase classname="aka.jmetadata.test.JMetaDataGeneral_Test" name="subTestGetDataSizeAsInteger" time="0.0" />
  <testcase classname="aka.jmetadata.test.JMetaDataGeneral_Test" name="subTestGetEPGPositionsBeginAsBoolean" time="0.0" />
  <testcase classname="aka.jmetadata.test.JMetaDataGeneral_Test" name="subTestGetAudioCountAsLocalTime" time="0.0" />
  <testcase classname="aka.jmetadata.test.JMetaDataGeneral_Test" name="subTestGetStreamSizeDemuxedStringAsLocalDateTime" time="0.0" />
  <testcase classname="aka.jmetadata.test.JMetaDataGeneral_Test" name="subTestGetAudioCountAsLocalDateTime" time="0.001" />
  <testcase classname="aka.jmetadata.test.JMetaDataGeneral_Test" name="subTestGetFolderNameAsLocalDateTime" time="0.0" />
  <testcase classname="aka.jmetadata.test.JMetaDataGeneral_Test" name="subTestGetEncodedLibraryNameAsLong" time="0.0" />
  <testcase classname="aka.jmetadata.test.JMetaDataGeneral_Test" name="subTestGetEncodedApplicationUrlAsURL" time="0.001" />
  <testcase classname="aka.jmetadata.test.JMetaDataGeneral_Test" name="subTestGetDistributedByAsString" time="0.0" />
  <testcase classname="aka.jmetadata.test.JMetaDataGeneral_Test" name="subTestGetFileExtensionLastAsURL" time="0.0" />
  <testcase classname="aka.jmetadata.test.JMetaDataGeneral_Test" name="subTestGetAlbumReplayGainGainStringAsInteger" time="0.0" />
  <testcase classname="aka.jmetadata.test.JMetaDataGeneral_Test" name="subTestGetSummaryAsBigInteger" time="0.001" />
  <testcase classname="aka.jmetadata.test.JMetaDataGeneral_Test" name="subTestGetEncryptionModeAsLocalTime" time="0.0" />
  <testcase classname="aka.jmetadata.test.JMetaDataGeneral_Test" name="subTestGetDelaySourceAsURL" time="0.0" />
  <testcase classname="aka.jmetadata.test.JMetaDataGeneral_Test" name="subTestGetLCCNAsBoolean" time="0.001" />
  <testcase classname="aka.jmetadata.test.JMetaDataGeneral_Test" name="subTestGetDurationString5AsBoolean" time="0.0" />
  <testcase classname="aka.jmetadata.test.JMetaDataGeneral_Test" name="subTestGetUniqueIDAsBigInteger" time="0.0" />
  <testcase classname="aka.jmetadata.test.JMetaDataGeneral_Test" name="subTestGetStreamSizeString5AsBigInteger" time="0.0" />
  <testcase classname="aka.jmetadata.test.JMetaDataGeneral_Test" name="subTestGetFormatInfoAsInteger" time="0.0" />
  <testcase classname="aka.jmetadata.test.JMetaDataGeneral_Test" name="subTestGetImageLanguageListAsURL" time="0.0" />
  <testcase classname="aka.jmetadata.test.JMetaDataGeneral_Test" name="subTestGetVideoLanguageListAsInteger" time="0.001" />
  <testcase classname="aka.jmetadata.test.JMetaDataGeneral_Test" name="subTestGetImageCountAsBoolean" time="0.0" />
  <testcase classname="aka.jmetadata.test.JMetaDataGeneral_Test" name="subTestGetDirectorOfPhotographyAsLocalDateTime" time="0.0" />
  <testcase classname="aka.jmetadata.test.JMetaDataGeneral_Test" name="subTestGetDataSizeAsBigInteger" time="0.0" />
  <testcase classname="aka.jmetadata.test.JMetaDataGeneral_Test" name="subTestGetCodecIDUrlAsURL" time="0.0" />
  <testcase classname="aka.jmetadata.test.JMetaDataGeneral_Test" name="subTestGetPerformerAsURL" time="0.0" />
  <testcase classname="aka.jmetadata.test.JMetaDataGeneral_Test" name="subTestGetChoregrapherAsLocalTime" time="0.0" />
  <testcase classname="aka.jmetadata.test.JMetaDataGeneral_Test" name="subTestGetFileSizeString4AsBigInteger" time="0.001" />
  <testcase classname="aka.jmetadata.test.JMetaDataGeneral_Test" name="subTestGetMenuIDStringAsURL" time="0.0" />
  <testcase classname="aka.jmetadata.test.JMetaDataGeneral_Test" name="subTestGetEncodedDateAsLong" time="0.0" />
  <testcase classname="aka.jmetadata.test.JMetaDataGeneral_Test" name="subTestGetTrackAsLocalDateTime" time="0.0" />
  <testcase classname="aka.jmetadata.test.JMetaDataGeneral_Test" name="subTestGetImageFormatListAsString" time="0.0" />
  <testcase classname="aka.jmetadata.test.JMetaDataGeneral_Test" name="subTestGetAlbumAsLong" time="0.0" />
  <testcase classname="aka.jmetadata.test.JMetaDataGeneral_Test" name="subTestGetAccompanimentAsLocalTime" time="0.0" />
  <testcase classname="aka.jmetadata.test.JMetaDataGeneral_Test" name="subTestGetIDStringAsInteger" time="0.0" />
  <testcase classname="aka.jmetadata.test.JMetaDataGeneral_Test" name="subTestGetFileExtensionLastAsLocalDateTime" time="0.0" />
  <testcase classname="aka.jmetadata.test.JMetaDataGeneral_Test" name="subTestGetOriginalMovieAsString" time="0.0" />
  <testcase classname="aka.jmetadata.test.JMetaDataGeneral_Test" name="subTestGetFirstPacketOrderAsBigInteger" time="0.0" />
  <testcase classname="aka.jmetadata.test.JMetaDataGeneral_Test" name="subTestGetGenreAsLocalTime" time="0.0" />
  <testcase classname="aka.jmetadata.test.JMetaDataGeneral_Test" name="subTestGetTrackUrlAsLocalTime" time="0.0" />
  <testcase classname="aka.jmetadata.test.JMetaDataGeneral_Test" name="subTestGetMoodAsURL" time="0.0" />
  <testcase classname="aka.jmetadata.test.JMetaDataGeneral_Test" name="subTestGetOriginalPerformerAsBigInteger" time="0.0" />
  <testcase classname="aka.jmetadata.test.JMetaDataGeneral_Test" name="subTestGetCommissionedByAsBigInteger" time="0.0" />
  <testcase classname="aka.jmetadata.test.JMetaDataGeneral_Test" name="subTestGetEPGPositionsBeginAsLong" time="0.0" />
  <testcase classname="aka.jmetadata.test.JMetaDataGeneral_Test" name="subTestGetDescriptionAsString" time="0.0" />
  <testcase classname="aka.jmetadata.test.JMetaDataGeneral_Test" name="subTestGetStreamSizeDemuxedString5AsInteger" time="0.0" />
  <testcase classname="aka.jmetadata.test.JMetaDataGeneral_Test" name="subTestGetInformAsBoolean" time="0.0" />
  <testcase classname="aka.jmetadata.test.JMetaDataGeneral_Test" name="subTestGetDelaySourceStringAsInteger" time="0.0" />
  <testcase classname="aka.jmetadata.test.JMetaDataGeneral_Test" name="subTestGetStreamCountAsString" time="0.001" />
  <testcase classname="aka.jmetadata.test.JMetaDataGeneral_Test" name="subTestGetComposerSortAsLocalDateTime" time="0.001" />
  <testcase classname="aka.jmetadata.test.JMetaDataGeneral_Test" name="subTestGetOverallBitRateAsURL" time="0.0" />
  <testcase classname="aka.jmetadata.test.JMetaDataGeneral_Test" name="subTestGetPublisherAsBoolean" time="0.0" />
  <testcase classname="aka.jmetadata.test.JMetaDataGeneral_Test" name="subTestGetFolderNameAsBigInteger" time="0.0" />
  <testcase classname="aka.jmetadata.test.JMetaDataGeneral_Test" name="subTestGetStreamSizeString1AsLong" time="0.0" />
  <testcase classname="aka.jmetadata.test.JMetaDataGeneral_Test" name="subTestGetScreenplayByAsString" time="0.0" />
  <testcase classname="aka.jmetadata.test.JMetaDataGeneral_Test" name="subTestGetCatalogNumberAsString" time="0.001" />
  <testcase classname="aka.jmetadata.test.JMetaDataGeneral_Test" name="subTestGetEncodedOperatingSystemAsString" time="0.0" />
  <testcase classname="aka.jmetadata.test.JMetaDataGeneral_Test" name="subTestGetStreamKindPosAsURL" time="0.0" />
  <testcase classname="aka.jmetadata.test.JMetaDataGeneral_Test" name="subTestGetEncryptionPaddingAsBoolean" time="0.0" />
  <testcase classname="aka.jmetadata.test.JMetaDataGeneral_Test" name="subTestGetProducerAsLocalTime" time="0.0" />
  <testcase classname="aka.jmetadata.test.JMetaDataGeneral_Test" name="subTestGetMasteredDateAsString" time="0.0" />
  <testcase classname="aka.jmetadata.test.JMetaDataGeneral_Test" name="subTestGetEncodedApplicationCompanyNameAsLocalDateTime" time="0.0" />
  <testcase classname="aka.jmetadata.test.JMetaDataGeneral_Test" name="subTestGetDirectorOfPhotographyAsLocalTime" time="0.0" />
  <testcase classname="aka.jmetadata.test.JMetaDataGeneral_Test" name="subTestGetComicAsURL" time="0.0" />
  <testcase classname="aka.jmetadata.test.JMetaDataGeneral_Test" name="subTestGetEncodedLibraryNameAsInteger" time="0.001" />
  <testcase classname="aka.jmetadata.test.JMetaDataGeneral_Test" name="subTestGetFileSizeStringAsLong" time="0.001" />
  <testcase classname="aka.jmetadata.test.JMetaDataGeneral_Test" name="subTestGetTaggedApplicationAsString" time="0.0" />
  <testcase classname="aka.jmetadata.test.JMetaDataGeneral_Test" name="subTestGetCompleteNameLastAsBigInteger" time="0.0" />
  <testcase classname="aka.jmetadata.test.JMetaDataGeneral_Test" name="subTestGetOriginalSourceFormNameAsLocalDateTime" time="0.001" />
  <testcase classname="aka.jmetadata.test.JMetaDataGeneral_Test" name="subTestGetOverallBitRateModeStringAsBoolean" time="0.0" />
  <testcase classname="aka.jmetadata.test.JMetaDataGeneral_Test" name="subTestGetComposerNationalityAsBoolean" time="0.0" />
  <testcase classname="aka.jmetadata.test.JMetaDataGeneral_Test" name="subTestGetTextFormatWithHintListAsLong" time="0.0" />
  <testcase classname="aka.jmetadata.test.JMetaDataGeneral_Test" name="subTestGetProducerAsLong" time="0.0" />
  <testcase classname="aka.jmetadata.test.JMetaDataGeneral_Test" name="subTestGetMovieCountryAsLocalTime" time="0.0" />
  <testcase classname="aka.jmetadata.test.JMetaDataGeneral_Test" name="subTestGetEncodedLibraryNameAsLocalDateTime" time="0.0" />
  <testcase classname="aka.jmetadata.test.JMetaDataGeneral_Test" name="subTestGetCoProducerAsInteger" time="0.0" />
  <testcase classname="aka.jmetadata.test.JMetaDataGeneral_Test" name="subTestGetSeasonPositionAsURL" time="0.0" />
  <testcase classname="aka.jmetadata.test.JMetaDataGeneral_Test" name="subTestGetDelayString3AsBoolean" time="0.0" />
  <testcase classname="aka.jmetadata.test.JMetaDataGeneral_Test" name="subTestGetActorCharacterAsLocalDateTime" time="0.0" />
  <testcase classname="aka.jmetadata.test.JMetaDataGeneral_Test" name="subTestGetOriginalPerformerAsLong" time="0.0" />
  <testcase classname="aka.jmetadata.test.JMetaDataGeneral_Test" name="subTestGetCoverDataAsBigInteger" time="0.0" />
  <testcase classname="aka.jmetadata.test.JMetaDataGeneral_Test" name="subTestGetWrittenByAsInteger" time="0.0" />
  <testcase classname="aka.jmetadata.test.JMetaDataGeneral_Test" name="subTestGetDurationString3AsString" time="0.0" />
  <testcase classname="aka.jmetadata.test.JMetaDataGeneral_Test" name="subTestGetStreamSizeStringAsLong" time="0.0" />
  <testcase classname="aka.jmetadata.test.JMetaDataGeneral_Test" name="subTestGetStreamCountAsURL" time="0.0" />
  <testcase classname="aka.jmetadata.test.JMetaDataGeneral_Test" name="subTestGetPerformerUrlAsLong" time="0.0" />
  <testcase classname="aka.jmetadata.test.JMetaDataGeneral_Test" name="subTestGetOriginalSourceFormAsLong" time="0.0" />
  <testcase classname="aka.jmetadata.test.JMetaDataGeneral_Test" name="subTestGetSubjectAsLocalTime" time="0.0" />
  <testcase classname="aka.jmetadata.test.JMetaDataGeneral_Test" name="subTestGetEncryptionModeAsURL" time="0.001" />
  <testcase classname="aka.jmetadata.test.JMetaDataGeneral_Test" name="subTestGetComposerNationalityAsLong" time="0.001" />
  <testcase classname="aka.jmetadata.test.JMetaDataGeneral_Test" name="subTestGetMovieCountryAsLong" time="0.0" />
  <testcase classname="aka.jmetadata.test.JMetaDataGeneral_Test" name="subTestGetPartAsLocalTime" time="0.0" />
  <testcase classname="aka.jmetadata.test.JMetaDataGeneral_Test" name="subTestGetPartAsString" time="0.0" />
  <testcase classname="aka.jmetadata.test.JMetaDataGeneral_Test" name="subTestGetMovieCountryAsLocalDateTime" time="0.0" />
  <testcase classname="aka.jmetadata.test.JMetaDataGeneral_Test" name="subTestGetComposerNationalityAsLocalDateTime" time="0.0" />
  <testcase classname="aka.jmetadata.test.JMetaDataGeneral_Test" name="subTestGetFormatUrlAsBoolean" time="0.0" />
  <testcase classname="aka.jmetadata.test.JMetaDataGeneral_Test" name="subTestGetTrackSortAsBigInteger" time="0.001" />
  <testcase classname="aka.jmetadata.test.JMetaDataGeneral_Test" name="subTestGetTaggedDateAsLocalTime" time="0.0" />
  <testcase classname="aka.jmetadata.test.JMetaDataGeneral_Test" name="subTestGetComicMoreAsLong" time="0.0" />
  <testcase classname="aka.jmetadata.test.JMetaDataGeneral_Test" name="subTestGetMasteredDateAsLong" time="0.0" />
  <testcase classname="aka.jmetadata.test.JMetaDataGeneral_Test" name="subTestGetPlayedFirstDateAsBoolean" time="0.0" />
  <testcase classname="aka.jmetadata.test.JMetaDataGeneral_Test" name="subTestGetStreamSizeString2AsBoolean" time="0.0" />
  <testcase classname="aka.jmetadata.test.JMetaDataGeneral_Test" name="subTestGetFrameCountAsLocalTime" time="0.0" />
  <testcase classname="aka.jmetadata.test.JMetaDataGeneral_Test" name="subTestGetPackageNameAsLong" time="0.0" />
  <testcase classname="aka.jmetadata.test.JMetaDataGeneral_Test" name="subTestGetNetworkNameAsLocalDateTime" time="0.001" />
  <testcase classname="aka.jmetadata.test.JMetaDataGeneral_Test" name="subTestGetDurationString3AsBigInteger" time="0.0" />
  <testcase classname="aka.jmetadata.test.JMetaDataGeneral_Test" name="subTestGetDurationString2AsLong" time="0.0" />
  <testcase classname="aka.jmetadata.test.JMetaDataGeneral_Test" name="subTestGetCodecIDInfoAsString" time="0.0" />
  <testcase classname="aka.jmetadata.test.JMetaDataGeneral_Test" name="subTestGetTitleMoreAsInteger" time="0.001" />
  <testcase classname="aka.jmetadata.test.JMetaDataGeneral_Test" name="subTestGetCodecIDDescriptionAsBigInteger" time="0.0" />
  <testcase classname="aka.jmetadata.test.JMetaDataGeneral_Test" name="subTestGetCompilationAsLong" time="0.0" />
  <testcase classname="aka.jmetadata.test.JMetaDataGeneral_Test" name="subTestGetPublisherAsBigInteger" time="0.001" />
  <testcase classname="aka.jmetadata.test.JMetaDataGeneral_Test" name="subTestGetStreamKindAsLocalTime" time="0.0" />
  <testcase classname="aka.jmetadata.test.JMetaDataGeneral_Test" name="subTestGetOverallBitRateAsBigInteger" time="0.0" />
  <testcase classname="aka.jmetadata.test.JMetaDataGeneral_Test" name="subTestGetGeneralCountAsInteger" time="0.0" />
  <testcase classname="aka.jmetadata.test.JMetaDataGeneral_Test" name="subTestGetCodecIDCompatibleAsLocalTime" time="0.0" />
  <testcase classname="aka.jmetadata.test.JMetaDataGeneral_Test" name="subTestGetGeneralCountAsString" time="0.0" />
  <testcase classname="aka.jmetadata.test.JMetaDataGeneral_Test" name="subTestGetEncodedLibrarySettingsAsLocalTime" time="0.0" />
  <testcase classname="aka.jmetadata.test.JMetaDataGeneral_Test" name="subTestGetStreamOrderAsBigInteger" time="0.001" />
  <testcase classname="aka.jmetadata.test.JMetaDataGeneral_Test" name="subTestGetPerformerSortAsString" time="0.0" />
  <testcase classname="aka.jmetadata.test.JMetaDataGeneral_Test" name="subTestGetVideoFormatListAsString" time="0.0" />
  <testcase classname="aka.jmetadata.test.JMetaDataGeneral_Test" name="subTestGetDurationString4AsBoolean" time="0.0" />
  <testcase classname="aka.jmetadata.test.JMetaDataGeneral_Test" name="subTestGetOriginalReleasedDateAsString" time="0.0" />
  <testcase classname="aka.jmetadata.test.JMetaDataGeneral_Test" name="subTestGetEncodedByAsBoolean" time="0.0" />
  <testcase classname="aka.jmetadata.test.JMetaDataGeneral_Test" name="subTestGetOverallBitRateAsLocalDateTime" time="0.001" />
  <testcase classname="aka.jmetadata.test.JMetaDataGeneral_Test" name="subTestGetAudioLanguageListAsBigInteger" time="0.0" />
  <testcase classname="aka.jmetadata.test.JMetaDataGeneral_Test" name="subTestGetStreamSizeDemuxedString4AsLocalDateTime" time="0.0" />
  <testcase classname="aka.jmetadata.test.JMetaDataGeneral_Test" name="subTestGetPartPositionTotalAsBoolean" time="0.0" />
  <testcase classname="aka.jmetadata.test.JMetaDataGeneral_Test" name="subTestGetOriginalLyricistAsInteger" time="0.001" />
  <testcase classname="aka.jmetadata.test.JMetaDataGeneral_Test" name="subTestGetAssistantDirectorAsLocalDateTime" time="0.0" />
  <testcase classname="aka.jmetadata.test.JMetaDataGeneral_Test" name="subTestGetFirstPacketOrderAsLocalTime" time="0.0" />
  <testcase classname="aka.jmetadata.test.JMetaDataGeneral_Test" name="subTestGetFolderNameAsLocalTime" time="0.0" />
  <testcase classname="aka.jmetadata.test.JMetaDataGeneral_Test" name="subTestGetProductionStudioAsLocalDateTime" time="0.0" />
  <testcase classname="aka.jmetadata.test.JMetaDataGeneral_Test" name="subTestGetAudioFormatWithHintListAsURL" time="0.0" />
  <testcase classname="aka.jmetadata.test.JMetaDataGeneral_Test" name="subTestGetProductionStudioAsURL" time="0.0" />
  <testcase classname="aka.jmetadata.test.JMetaDataGeneral_Test" name="subTestGetAlbumReplayGainGainStringAsLong" time="0.0" />
  <testcase classname="aka.jmetadata.test.JMetaDataGeneral_Test" name="subTestGetExecutiveProducerAsBoolean" time="0.0" />
  <testcase classname="aka.jmetadata.test.JMetaDataGeneral_Test" name="subTestGetDurationStartAsLocalDateTime" time="0.0" />
  <testcase classname="aka.jmetadata.test.JMetaDataGeneral_Test" name="subTestGetOriginalPartAsBoolean" time="0.0" />
  <testcase classname="aka.jmetadata.test.JMetaDataGeneral_Test" name="subTestGetFileSizeString2AsLong" time="0.0" />
  <testcase classname="aka.jmetadata.test.JMetaDataGeneral_Test" name="subTestGetImageCountAsLocalTime" time="0.0" />
  <testcase classname="aka.jmetadata.test.JMetaDataGeneral_Test" name="subTestGetGroupingAsLong" time="0.0" />
  <testcase classname="aka.jmetadata.test.JMetaDataGeneral_Test" name="subTestGetPublisherAsLocalDateTime" time="0.0" />
  <testcase classname="aka.jmetadata.test.JMetaDataGeneral_Test" name="subTestGetVideoFormatWithHintListAsURL" time="0.0" />
  <testcase classname="aka.jmetadata.test.JMetaDataGeneral_Test" name="subTestGetSummaryAsLocalDateTime" time="0.001" />
  <testcase classname="aka.jmetadata.test.JMetaDataGeneral_Test" name="subTestGetPlayedFirstDateAsLocalDateTime" time="0.0" />
  <testcase classname="aka.jmetadata.test.JMetaDataGeneral_Test" name="subTestGetMoodAsLocalTime" time="0.001" />
  <testcase classname="aka.jmetadata.test.JMetaDataGeneral_Test" name="subTestGetServiceProviderrUrlAsLocalTime" time="0.0" />
  <testcase classname="aka.jmetadata.test.JMetaDataGeneral_Test" name="subTestGetDelayString5AsBigInteger" time="0.001" />
  <testcase classname="aka.jmetadata.test.JMetaDataGeneral_Test" name="subTestGetArchivalLocationAsBoolean" time="0.0" />
  <testcase classname="aka.jmetadata.test.JMetaDataGeneral_Test" name="subTestGetCollectionAsString" time="0.0" />
  <testcase classname="aka.jmetadata.test.JMetaDataGeneral_Test" name="subTestGetFileCreatedDateAsInteger" time="0.0" />
  <testcase classname="aka.jmetadata.test.JMetaDataGeneral_Test" name="subTestGetThanksToAsBigInteger" time="0.0" />
  <testcase classname="aka.jmetadata.test.JMetaDataGeneral_Test" name="subTestGetImageFormatWithHintListAsInteger" time="0.001" />
  <testcase classname="aka.jmetadata.test.JMetaDataGeneral_Test" name="subTestGetDelayString3AsString" time="0.0" />
  <testcase classname="aka.jmetadata.test.JMetaDataGeneral_Test" name="subTestGetOriginalNetworkNameAsBoolean" time="0.001" />
  <testcase classname="aka.jmetadata.test.JMetaDataGeneral_Test" name="subTestGetScreenplayByAsLocalDateTime" time="0.0" />
  <testcase classname="aka.jmetadata.test.JMetaDataGeneral_Test" name="subTestGetOriginalNetworkNameAsString" time="0.0" />
  <testcase classname="aka.jmetadata.test.JMetaDataGeneral_Test" name="subTestGetAlbumPerformerUrlAsInteger" time="0.0" />
  <testcase classname="aka.jmetadata.test.JMetaDataGeneral_Test" name="subTestGetLawRatingAsBigInteger" time="0.0" />
  <testcase classname="aka.jmetadata.test.JMetaDataGeneral_Test" name="subTestGetStreamKindStringAsInteger" time="0.0" />
  <testcase classname="aka.jmetadata.test.JMetaDataGeneral_Test" name="subTestGetStreamSizeDemuxedString4AsInteger" time="0.001" />
  <testcase classname="aka.jmetadata.test.JMetaDataGeneral_Test" name="subTestGetProducerAsBigInteger" time="0.0" />
  <testcase classname="aka.jmetadata.test.JMetaDataGeneral_Test" name="subTestGetCodecIDInfoAsBigInteger" time="0.001" />
  <testcase classname="aka.jmetadata.test.JMetaDataGeneral_Test" name="subTestGetStreamSizeAsLocalTime" time="0.0" />
  <testcase classname="aka.jmetadata.test.JMetaDataGeneral_Test" name="subTestGetOriginalSourceFormNameAsInteger" time="0.0" />
  <testcase classname="aka.jmetadata.test.JMetaDataGeneral_Test" name="subTestGetArrangerAsURL" time="0.001" />
  <testcase classname="aka.jmetadata.test.JMetaDataGeneral_Test" name="subTestGetCoverAsBoolean" time="0.0" />
  <testcase classname="aka.jmetadata.test.JMetaDataGeneral_Test" name="subTestGetTrackPositionAsInteger" time="0.0" />
  <testcase classname="aka.jmetadata.test.JMetaDataGeneral_Test" name="subTestGetStreamSizeString1AsLocalDateTime" time="0.0" />
  <testcase classname="aka.jmetadata.test.JMetaDataGeneral_Test" name="subTestGetFolderNameLastAsLocalTime" time="0.0" />
  <testcase classname="aka.jmetadata.test.JMetaDataGeneral_Test" name="subTestGetVideoCountAsBoolean" time="0.0" />
  <testcase classname="aka.jmetadata.test.JMetaDataGeneral_Test" name="subTestGetCompleteNameAsURL" time="0.003" />
  <testcase classname="aka.jmetadata.test.JMetaDataGeneral_Test" name="subTestGetOverallBitRateModeAsBoolean" time="0.0" />
  <testcase classname="aka.jmetadata.test.JMetaDataGeneral_Test" name="subTestGetStreamSizeString4AsBigInteger" time="0.001" />
  <testcase classname="aka.jmetadata.test.JMetaDataGeneral_Test" name="subTestGetOverallBitRateMaximumStringAsLocalDateTime" time="0.0" />
  <testcase classname="aka.jmetadata.test.JMetaDataGeneral_Test" name="subTestGetPerformerSortAsInteger" time="0.001" />
  <testcase classname="aka.jmetadata.test.JMetaDataGeneral_Test" name="subTestGetCodecIDDescriptionAsString" time="0.0" />
  <testcase classname="aka.jmetadata.test.JMetaDataGeneral_Test" name="subTestGetChoregrapherAsBoolean" time="0.0" />
  <testcase classname="aka.jmetadata.test.JMetaDataGeneral_Test" name="subTestGetGeneralCountAsURL" time="0.0" />
  <testcase classname="aka.jmetadata.test.JMetaDataGeneral_Test" name="subTestGetFileSizeString2AsString" time="0.0" />
  <testcase classname="aka.jmetadata.test.JMetaDataGeneral_Test" name="subTestGetDelayString2AsBoolean" time="0.0" />
  <testcase classname="aka.jmetadata.test.JMetaDataGeneral_Test" name="subTestGetMusicByAsURL" time="0.0" />
  <testcase classname="aka.jmetadata.test.JMetaDataGeneral_Test" name="subTestGetFileExtensionAsLocalDateTime" time="0.001" />
  <testcase classname="aka.jmetadata.test.JMetaDataGeneral_Test" name="subTestGetVideoFormatListAsInteger" time="0.0" />
  <testcase classname="aka.jmetadata.test.JMetaDataGeneral_Test" name="subTestGetInterleavedAsString" time="0.0" />
  <testcase classname="aka.jmetadata.test.JMetaDataGeneral_Test" name="subTestGetFileSizeString3AsBigInteger" time="0.0" />
  <testcase classname="aka.jmetadata.test.JMetaDataGeneral_Test" name="subTestGetDescriptionAsLocalDateTime" time="0.0" />
  <testcase classname="aka.jmetadata.test.JMetaDataGeneral_Test" name="subTestGetComposerSortAsLocalTime" time="0.0" />
  <testcase classname="aka.jmetadata.test.JMetaDataGeneral_Test" name="subTestGetAudioFormatListAsInteger" time="0.001" />
  <testcase classname="aka.jmetadata.test.JMetaDataGeneral_Test" name="subTestGetReleasedDateAsURL" time="0.0" />
  <testcase classname="aka.jmetadata.test.JMetaDataGeneral_Test" name="subTestGetTaggedDateAsLocalDateTime" time="0.0" />
  <testcase classname="aka.jmetadata.test.JMetaDataGeneral_Test" name="subTestGetLabelAsInteger" time="0.0" />
  <testcase classname="aka.jmetadata.test.JMetaDataGeneral_Test" name="subTestGetPartPositionTotalAsLocalDateTime" time="0.0" />
  <testcase classname="aka.jmetadata.test.JMetaDataGeneral_Test" name="subTestGetAddedDateAsLocalTime" time="0.0" />
  <testcase classname="aka.jmetadata.test.JMetaDataGeneral_Test" name="subTestGetImageLanguageListAsLocalDateTime" time="0.0" />
  <testcase classname="aka.jmetadata.test.JMetaDataGeneral_Test" name="subTestGetProductionStudioAsBoolean" time="0.0" />
  <testcase classname="aka.jmetadata.test.JMetaDataGeneral_Test" name="subTestGetLawRatingReasonAsBigInteger" time="0.001" />
  <testcase classname="aka.jmetadata.test.JMetaDataGeneral_Test" name="subTestGetDelayDropFrameAsBoolean" time="0.0" />
  <testcase classname="aka.jmetadata.test.JMetaDataGeneral_Test" name="subTestGetProductionDesignerAsBoolean" time="0.001" />
  <testcase classname="aka.jmetadata.test.JMetaDataGeneral_Test" name="subTestGetFooterSizeAsString" time="0.0" />
  <testcase classname="aka.jmetadata.test.JMetaDataGeneral_Test" name="subTestGetTitleAsBoolean" time="0.0" />
  <testcase classname="aka.jmetadata.test.JMetaDataGeneral_Test" name="subTestGetOverallBitRateNominalStringAsInteger" time="0.001" />
  <testcase classname="aka.jmetadata.test.JMetaDataGeneral_Test" name="subTestGetFormatCommercialAsLocalTime" time="0.0" />
  <testcase classname="aka.jmetadata.test.JMetaDataGeneral_Test" name="subTestGetComposerSortAsBoolean" time="0.0" />
  <testcase classname="aka.jmetadata.test.JMetaDataGeneral_Test" name="subTestGetArrangerAsBigInteger" time="0.0" />
  <testcase classname="aka.jmetadata.test.JMetaDataGeneral_Test" name="subTestGetStreamSizeString1AsBoolean" time="0.001" />
  <testcase classname="aka.jmetadata.test.JMetaDataGeneral_Test" name="subTestGetOverallBitRateMinimumAsURL" time="0.0" />
  <testcase classname="aka.jmetadata.test.JMetaDataGeneral_Test" name="subTestGetServiceChannelAsLocalDateTime" time="0.0" />
  <testcase classname="aka.jmetadata.test.JMetaDataGeneral_Test" name="subTestGetAudioCountAsURL" time="0.0" />
  <testcase classname="aka.jmetadata.test.JMetaDataGeneral_Test" name="subTestGetChoregrapherAsLocalDateTime" time="0.0" />
  <testcase classname="aka.jmetadata.test.JMetaDataGeneral_Test" name="subTestGetPeriodAsURL" time="0.0" />
  <testcase classname="aka.jmetadata.test.JMetaDataGeneral_Test" name="subTestGetFolderNameLastAsString" time="0.0" />
  <testcase classname="aka.jmetadata.test.JMetaDataGeneral_Test" name="subTestGetCodecIDInfoAsLong" time="0.0" />
  <testcase classname="aka.jmetadata.test.JMetaDataGeneral_Test" name="subTestGetRecordedDateAsLocalDateTime" time="0.0" />
  <testcase classname="aka.jmetadata.test.JMetaDataGeneral_Test" name="subTestGetChapterAsLong" time="0.001" />
  <testcase classname="aka.jmetadata.test.JMetaDataGeneral_Test" name="subTestGetCoverDescriptionAsBoolean" time="0.0" />
  <testcase classname="aka.jmetadata.test.JMetaDataGeneral_Test" name="subTestGetStreamKindPosAsString" time="0.0" />
  <testcase classname="aka.jmetadata.test.JMetaDataGeneral_Test" name="subTestGetRecordedLocationAsString" time="0.0" />
  <testcase classname="aka.jmetadata.test.JMetaDataGeneral_Test" name="subTestGetTermsOfUseAsBoolean" time="0.001" />
  <testcase classname="aka.jmetadata.test.JMetaDataGeneral_Test" name="subTestGetFileSizeAsString" time="0.0" />
  <testcase classname="aka.jmetadata.test.JMetaDataGeneral_Test" name="subTestGetFormatCommercialIfAnyAsLocalTime" time="0.0" />
  <testcase classname="aka.jmetadata.test.JMetaDataGeneral_Test" name="subTestGetComicPositionTotalAsLong" time="0.0" />
  <testcase classname="aka.jmetadata.test.JMetaDataGeneral_Test" name="subTestGetCountryAsInteger" time="0.0" />
  <testcase classname="aka.jmetadata.test.JMetaDataGeneral_Test" name="subTestGetOriginalReleasedDateAsInteger" time="0.0" />
  <testcase classname="aka.jmetadata.test.JMetaDataGeneral_Test" name="subTestGetEncodedLibraryStringAsLong" time="0.0" />
  <testcase classname="aka.jmetadata.test.JMetaDataGeneral_Test" name="subTestGetTrackPositionAsLong" time="0.0" />
  <testcase classname="aka.jmetadata.test.JMetaDataGeneral_Test" name="subTestGetAlbumPerformerAsURL" time="0.0" />
  <testcase classname="aka.jmetadata.test.JMetaDataGeneral_Test" name="subTestGetAccompanimentAsLong" time="0.0" />
  <testcase classname="aka.jmetadata.test.JMetaDataGeneral_Test" name="subTestGetDurationString3AsBoolean" time="0.0" />
  <testcase classname="aka.jmetadata.test.JMetaDataGeneral_Test" name="subTestGetStreamSizeString1AsString" time="0.0" />
  <testcase classname="aka.jmetadata.test.JMetaDataGeneral_Test" name="subTestGetServiceProviderAsBoolean" time="0.0" />
  <testcase classname="aka.jmetadata.test.JMetaDataGeneral_Test" name="subTestGetDelaySourceStringAsURL" time="0.0" />
  <testcase classname="aka.jmetadata.test.JMetaDataGeneral_Test" name="subTestGetContentTypeAsLocalTime" time="0.0" />
  <testcase classname="aka.jmetadata.test.JMetaDataGeneral_Test" name="subTestGetOriginalSourceFormDistributedByAsString" time="0.0" />
  <testcase classname="aka.jmetadata.test.JMetaDataGeneral_Test" name="subTestGetCoverMimeAsString" time="0.0" />
  <testcase classname="aka.jmetadata.test.JMetaDataGeneral_Test" name="subTestGetMovieMoreAsLong" time="0.0" />
  <testcase classname="aka.jmetadata.test.JMetaDataGeneral_Test" name="subTestGetStreamSizeProportionAsString" time="0.0" />
  <testcase classname="aka.jmetadata.test.JMetaDataGeneral_Test" name="subTestGetTrackAsBigInteger" time="0.0" />
  <testcase classname="aka.jmetadata.test.JMetaDataGeneral_Test" name="subTestGetHeaderSizeAsBoolean" time="0.0" />
  <testcase classname="aka.jmetadata.test.JMetaDataGeneral_Test" name="subTestGetTrackPositionTotalAsString" time="0.0" />
  <testcase classname="aka.jmetadata.test.JMetaDataGeneral_Test" name="subTestGetFormatSettingsAsLocalTime" time="0.0" />
  <testcase classname="aka.jmetadata.test.JMetaDataGeneral_Test" name="subTestGetDurationString3AsLocalDateTime" time="0.001" />
  <testcase classname="aka.jmetadata.test.JMetaDataGeneral_Test" name="subTestGetImageCountAsBigInteger" time="0.0" />
  <testcase classname="aka.jmetadata.test.JMetaDataGeneral_Test" name="subTestGetCompilationStringAsLong" time="0.0" />
  <testcase classname="aka.jmetadata.test.JMetaDataGeneral_Test" name="subTestGetMenuFormatWithHintListAsInteger" time="0.001" />
  <testcase classname="aka.jmetadata.test.JMetaDataGeneral_Test" name="subTestGetPlayedCountAsURL" time="0.0" />
  <testcase classname="aka.jmetadata.test.JMetaDataGeneral_Test" name="subTestGetEncodedLibraryStringAsLocalDateTime" time="0.001" />
  <testcase classname="aka.jmetadata.test.JMetaDataGeneral_Test" name="subTestGetOriginalTrackAsBoolean" time="0.0" />
  <testcase classname="aka.jmetadata.test.JMetaDataGeneral_Test" name="subTestGetVideoCountAsLocalTime" time="0.0" />
  <testcase classname="aka.jmetadata.test.JMetaDataGeneral_Test" name="subTestGetStreamSizeDemuxedString3AsLong" time="0.001" />
  <testcase classname="aka.jmetadata.test.JMetaDataGeneral_Test" name="subTestGetEncodedDateAsString" time="0.0" />
  <testcase classname="aka.jmetadata.test.JMetaDataGeneral_Test" name="subTestGetFormatProfileAsLong" time="0.001" />
  <testcase classname="aka.jmetadata.test.JMetaDataGeneral_Test" name="subTestGetDurationStartAsLocalTime" time="0.0" />
  <testcase classname="aka.jmetadata.test.JMetaDataGeneral_Test" name="subTestGetStatusAsURL" time="0.0" />
  <testcase classname="aka.jmetadata.test.JMetaDataGeneral_Test" name="subTestGetISBNAsBoolean" time="0.0" />
  <testcase classname="aka.jmetadata.test.JMetaDataGeneral_Test" name="subTestGetLawRatingAsInteger" time="0.0" />
  <testcase classname="aka.jmetadata.test.JMetaDataGeneral_Test" name="subTestGetSubTrackAsBoolean" time="0.001" />
  <testcase classname="aka.jmetadata.test.JMetaDataGeneral_Test" name="subTestGetReleasedDateAsLong" time="0.0" />
  <testcase classname="aka.jmetadata.test.JMetaDataGeneral_Test" name="subTestGetFormatCommercialAsBoolean" time="0.0" />
  <testcase classname="aka.jmetadata.test.JMetaDataGeneral_Test" name="subTestGetTaggedApplicationAsLocalTime" time="0.0" />
  <testcase classname="aka.jmetadata.test.JMetaDataGeneral_Test" name="subTestGetStreamSizeDemuxedString3AsInteger" time="0.0" />
  <testcase classname="aka.jmetadata.test.JMetaDataGeneral_Test" name="subTestGetThanksToAsInteger" time="0.0" />
  <testcase classname="aka.jmetadata.test.JMetaDataGeneral_Test" name="subTestGetEncodedLibraryCompanyNameAsLocalDateTime" time="0.0" />
  <testcase classname="aka.jmetadata.test.JMetaDataGeneral_Test" name="subTestGetSynopsisAsLocalDateTime" time="0.0" />
  <testcase classname="aka.jmetadata.test.JMetaDataGeneral_Test" name="subTestGetDurationString2AsBigInteger" time="0.0" />
  <testcase classname="aka.jmetadata.test.JMetaDataGeneral_Test" name="subTestGetFileSizeStringAsBoolean" time="0.0" />
  <testcase classname="aka.jmetadata.test.JMetaDataGeneral_Test" name="subTestGetOriginalAlbumAsLocalTime" time="0.0" />
  <testcase classname="aka.jmetadata.test.JMetaDataGeneral_Test" name="subTestGetEncryptionMethodAsLocalTime" time="0.0" />
  <testcase classname="aka.jmetadata.test.JMetaDataGeneral_Test" name="subTestGetCommentAsBoolean" time="0.0" />
  <testcase classname="aka.jmetadata.test.JMetaDataGeneral_Test" name="subTestGetSeasonAsURL" time="0.0" />
  <testcase classname="aka.jmetadata.test.JMetaDataGeneral_Test" name="subTestGetOtherFormatWithHintListAsLong" time="0.001" />
  <testcase classname="aka.jmetadata.test.JMetaDataGeneral_Test" name="subTestGetEncryptionLengthAsLong" time="0.0" />
  <testcase classname="aka.jmetadata.test.JMetaDataGeneral_Test" name="subTestGetAssistantDirectorAsLocalTime" time="0.0" />
  <testcase classname="aka.jmetadata.test.JMetaDataGeneral_Test" name="subTestGetDelayString1AsLocalDateTime" time="0.001" />
  <testcase classname="aka.jmetadata.test.JMetaDataGeneral_Test" name="subTestGetDescriptionAsInteger" time="0.0" />
  <testcase classname="aka.jmetadata.test.JMetaDataGeneral_Test" name="subTestGetCostumeDesignerAsString" time="0.0" />
  <testcase classname="aka.jmetadata.test.JMetaDataGeneral_Test" name="subTestGetCostumeDesignerAsLocalTime" time="0.0" />
  <testcase classname="aka.jmetadata.test.JMetaDataGeneral_Test" name="subTestGetOtherLanguageListAsString" time="0.0" />
  <testcase classname="aka.jmetadata.test.JMetaDataGeneral_Test" name="subTestGetOverallBitRateNominalStringAsLong" time="0.0" />
  <testcase classname="aka.jmetadata.test.JMetaDataGeneral_Test" name="subTestGetOriginalSourceFormDistributedByAsBoolean" time="0.0" />
  <testcase classname="aka.jmetadata.test.JMetaDataGeneral_Test" name="subTestGetCodecIDCompatibleAsInteger" time="0.0" />
  <testcase classname="aka.jmetadata.test.JMetaDataGeneral_Test" name="subTestGetBarCodeAsString" time="0.001" />
  <testcase classname="aka.jmetadata.test.JMetaDataGeneral_Test" name="subTestGetCodecIDInfoAsLocalDateTime" time="0.0" />
  <testcase classname="aka.jmetadata.test.JMetaDataGeneral_Test" name="subTestGetEncodedLibraryAsString" time="0.001" />
  <testcase classname="aka.jmetadata.test.JMetaDataGeneral_Test" name="subTestGetDirectorAsInteger" time="0.0" />
  <testcase classname="aka.jmetadata.test.JMetaDataGeneral_Test" name="subTestGetDomainAsLong" time="0.0" />
  <testcase classname="aka.jmetadata.test.JMetaDataGeneral_Test" name="subTestGetDelayString1AsBoolean" time="0.0" />
  <testcase classname="aka.jmetadata.test.JMetaDataGeneral_Test" name="subTestGetEncodedApplicationAsBoolean" time="0.0" />
  <testcase classname="aka.jmetadata.test.JMetaDataGeneral_Test" name="subTestGetMenuLanguageListAsLocalDateTime" time="0.001" />
  <testcase classname="aka.jmetadata.test.JMetaDataGeneral_Test" name="subTestGetVideoLanguageListAsBigInteger" time="0.0" />
  <testcase classname="aka.jmetadata.test.JMetaDataGeneral_Test" name="subTestGetServiceProviderrUrlAsInteger" time="0.0" />
  <testcase classname="aka.jmetadata.test.JMetaDataGeneral_Test" name="subTestGetFileExtensionLastAsInteger" time="0.0" />
  <testcase classname="aka.jmetadata.test.JMetaDataGeneral_Test" name="subTestGetFooterSizeAsInteger" time="0.0" />
  <testcase classname="aka.jmetadata.test.JMetaDataGeneral_Test" name="subTestGetPerformerUrlAsString" time="0.0" />
  <testcase classname="aka.jmetadata.test.JMetaDataGeneral_Test" name="subTestGetLabelCodeAsURL" time="0.0" />
  <testcase classname="aka.jmetadata.test.JMetaDataGeneral_Test" name="subTestGetMasteredByAsLocalDateTime" time="0.0" />
  <testcase classname="aka.jmetadata.test.JMetaDataGeneral_Test" name="subTestGetISRCAsURL" time="0.0" />
  <testcase classname="aka.jmetadata.test.JMetaDataGeneral_Test" name="subTestGetDistributedByAsBoolean" time="0.0" />
  <testcase classname="aka.jmetadata.test.JMetaDataGeneral_Test" name="subTestGetDirectorOfPhotographyAsBigInteger" time="0.0" />
  <testcase classname="aka.jmetadata.test.JMetaDataGeneral_Test" name="subTestGetOriginalPerformerAsLocalDateTime" time="0.0" />
  <testcase classname="aka.jmetadata.test.JMetaDataGeneral_Test" name="subTestGetOverallBitRateNominalStringAsBigInteger" time="0.0" />
  <testcase classname="aka.jmetadata.test.JMetaDataGeneral_Test" name="subTestGetDimensionsAsURL" time="0.0" />
  <testcase classname="aka.jmetadata.test.JMetaDataGeneral_Test" name="subTestGetDistributedByAsLocalDateTime" time="0.0" />
  <testcase classname="aka.jmetadata.test.JMetaDataGeneral_Test" name="subTestGetImageCountAsString" time="0.001" />
  <testcase classname="aka.jmetadata.test.JMetaDataGeneral_Test" name="subTestGetRecordedDateAsLocalTime" time="0.0" />
  <testcase classname="aka.jmetadata.test.JMetaDataGeneral_Test" name="subTestGetOriginalLyricistAsLong" time="0.0" />
  <testcase classname="aka.jmetadata.test.JMetaDataGeneral_Test" name="subTestGetMovieUrlAsInteger" time="0.0" />
  <testcase classname="aka.jmetadata.test.JMetaDataGeneral_Test" name="subTestGetOriginalReleasedDateAsLocalTime" time="0.0" />
  <testcase classname="aka.jmetadata.test.JMetaDataGeneral_Test" name="subTestGetEncryptionMethodAsURL" time="0.0" />
  <testcase classname="aka.jmetadata.test.JMetaDataGeneral_Test" name="subTestGetCoverMimeAsBoolean" time="0.0" />
  <testcase classname="aka.jmetadata.test.JMetaDataGeneral_Test" name="subTestGetReleasedDateAsBigInteger" time="0.001" />
  <testcase classname="aka.jmetadata.test.JMetaDataGeneral_Test" name="subTestGetDelayAsInteger" time="0.0" />
  <testcase classname="aka.jmetadata.test.JMetaDataGeneral_Test" name="subTestGetDelayString4AsBigInteger" time="0.0" />
  <testcase classname="aka.jmetadata.test.JMetaDataGeneral_Test" name="subTestGetDelayDropFrameAsString" time="0.0" />
  <testcase classname="aka.jmetadata.test.JMetaDataGeneral_Test" name="subTestGetDurationAsLocalTime" time="0.0" />
  <testcase classname="aka.jmetadata.test.JMetaDataGeneral_Test" name="subTestGetMenuCountAsInteger" time="0.0" />
  <testcase classname="aka.jmetadata.test.JMetaDataGeneral_Test" name="subTestGetMenuFormatListAsBoolean" time="0.0" />
  <testcase classname="aka.jmetadata.test.JMetaDataGeneral_Test" name="subTestGetUniqueIDStringAsURL" time="0.0" />
  <testcase classname="aka.jmetadata.test.JMetaDataGeneral_Test" name="subTestGetComposerAsLocalDateTime" time="0.0" />
  <testcase classname="aka.jmetadata.test.JMetaDataGeneral_Test" name="subTestGetCommissionedByAsLocalDateTime" time="0.0" />
  <testcase classname="aka.jmetadata.test.JMetaDataGeneral_Test" name="subTestGetRecordedDateAsURL" time="0.0" />
  <testcase classname="aka.jmetadata.test.JMetaDataGeneral_Test" name="subTestGetMoodAsLong" time="0.0" />
  <testcase classname="aka.jmetadata.test.JMetaDataGeneral_Test" name="subTestGetCopyrightAsLocalTime" time="0.0" />
  <testcase classname="aka.jmetadata.test.JMetaDataGeneral_Test" name="subTestGetFrameRateAsBigInteger" time="0.0" />
  <testcase classname="aka.jmetadata.test.JMetaDataGeneral_Test" name="subTestGetEncodedLibraryAsLocalTime" time="0.0" />
  <testcase classname="aka.jmetadata.test.JMetaDataGeneral_Test" name="subTestGetDurationEndAsString" time="0.0" />
  <testcase classname="aka.jmetadata.test.JMetaDataGeneral_Test" name="subTestGetCompilationAsLocalTime" time="0.0" />
  <testcase classname="aka.jmetadata.test.JMetaDataGeneral_Test" name="subTestGetTrackSortAsURL" time="0.0" />
  <testcase classname="aka.jmetadata.test.JMetaDataGeneral_Test" name="subTestGetSummaryAsString" time="0.0" />
  <testcase classname="aka.jmetadata.test.JMetaDataGeneral_Test" name="subTestGetCoverMimeAsLocalDateTime" time="0.0" />
  <testcase classname="aka.jmetadata.test.JMetaDataGeneral_Test" name="subTestGetFrameRateNumAsLocalTime" time="0.0" />
  <testcase classname="aka.jmetadata.test.JMetaDataGeneral_Test" name="subTestGetOriginalSourceFormDistributedByAsBigInteger" time="0.0" />
  <testcase classname="aka.jmetadata.test.JMetaDataGeneral_Test" name="subTestGetAlbumPerformerSortAsURL" time="0.0" />
  <testcase classname="aka.jmetadata.test.JMetaDataGeneral_Test" name="subTestGetDelayString3AsLong" time="0.0" />
  <testcase classname="aka.jmetadata.test.JMetaDataGeneral_Test" name="subTestGetVideoFormatWithHintListAsBigInteger" time="0.0" />
  <testcase classname="aka.jmetadata.test.JMetaDataGeneral_Test" name="subTestGetFormatCompressionAsLong" time="0.0" />
  <testcase classname="aka.jmetadata.test.JMetaDataGeneral_Test" name="subTestGetCostumeDesignerAsInteger" time="0.0" />
  <testcase classname="aka.jmetadata.test.JMetaDataGeneral_Test" name="subTestGetProductionDesignerAsLong" time="0.0" />
  <testcase classname="aka.jmetadata.test.JMetaDataGeneral_Test" name="subTestGetFrameRateAsInteger" time="0.0" />
  <testcase classname="aka.jmetadata.test.JMetaDataGeneral_Test" name="subTestGetStreamSizeString3AsBigInteger" time="0.0" />
  <testcase classname="aka.jmetadata.test.JMetaDataGeneral_Test" name="subTestGetDurationString2AsBoolean" time="0.0" />
  <testcase classname="aka.jmetadata.test.JMetaDataGeneral_Test" name="subTestGetCoverAsLocalDateTime" time="0.001" />
  <testcase classname="aka.jmetadata.test.JMetaDataGeneral_Test" name="subTestGetOwnerAsLong" time="0.001" />
  <testcase classname="aka.jmetadata.test.JMetaDataGeneral_Test" name="subTestGetEncodedApplicationNameAsInteger" time="0.0" />
  <testcase classname="aka.jmetadata.test.JMetaDataGeneral_Test" name="subTestGetServiceUrlAsString" time="0.0" />
  <testcase classname="aka.jmetadata.test.JMetaDataGeneral_Test" name="subTestGetOverallBitRateMinimumStringAsBoolean" time="0.0" />
  <testcase classname="aka.jmetadata.test.JMetaDataGeneral_Test" name="subTestGetEncryptionMethodAsBoolean" time="0.0" />
  <testcase classname="aka.jmetadata.test.JMetaDataGeneral_Test" name="subTestGetEncodedApplicationVersionAsLocalTime" time="0.0" />
  <testcase classname="aka.jmetadata.test.JMetaDataGeneral_Test" name="subTestGetKeywordsAsLocalTime" time="0.0" />
  <testcase classname="aka.jmetadata.test.JMetaDataGeneral_Test" name="subTestGetEncodedLibraryNameAsString" time="0.0" />
  <testcase classname="aka.jmetadata.test.JMetaDataGeneral_Test" name="subTestGetCodecIDHintAsBigInteger" time="0.0" />
  <testcase classname="aka.jmetadata.test.JMetaDataGeneral_Test" name="subTestGetLightnessAsURL" time="0.001" />
  <testcase classname="aka.jmetadata.test.JMetaDataGeneral_Test" name="subTestGetFileSizeString2AsBigInteger" time="0.0" />
  <testcase classname="aka.jmetadata.test.JMetaDataGeneral_Test" name="subTestGetMenuIDAsBoolean" time="0.0" />
  <testcase classname="aka.jmetadata.test.JMetaDataGeneral_Test" name="subTestGetTaggedDateAsBoolean" time="0.0" />
  <testcase classname="aka.jmetadata.test.JMetaDataGeneral_Test" name="subTestGetFileExtensionLastAsLocalTime" time="0.0" />
  <testcase classname="aka.jmetadata.test.JMetaDataGeneral_Test" name="subTestGetFileCreatedDateLocalAsBigInteger" time="0.001">
    <failure message="expected:&lt;20170627160003689&gt; but was:&lt;20170510084749470&gt;" type="junit.framework.AssertionFailedError">junit.framework.AssertionFailedError: expected:&lt;20170627160003689&gt; but was:&lt;20170510084749470&gt;
	at aka.jmetadata.test.JMetaDataGeneral_Test.subTestGetFileCreatedDateLocalAsBigInteger(JMetaDataGeneral_Test.java:7678)
</failure>
  </testcase>
  <testcase classname="aka.jmetadata.test.JMetaDataGeneral_Test" name="subTestGetOtherLanguageListAsInteger" time="0.0" />
  <testcase classname="aka.jmetadata.test.JMetaDataGeneral_Test" name="subTestGetEncryptionFormatAsBigInteger" time="0.0" />
  <testcase classname="aka.jmetadata.test.JMetaDataGeneral_Test" name="subTestGetAlbumSortAsLocalTime" time="0.0" />
  <testcase classname="aka.jmetadata.test.JMetaDataGeneral_Test" name="subTestGetFormatSettingsAsLocalDateTime" time="0.0" />
  <testcase classname="aka.jmetadata.test.JMetaDataGeneral_Test" name="subTestGetStreamSizeProportionAsURL" time="0.001" />
  <testcase classname="aka.jmetadata.test.JMetaDataGeneral_Test" name="subTestGetProducerCopyrightAsLocalTime" time="0.0" />
  <testcase classname="aka.jmetadata.test.JMetaDataGeneral_Test" name="subTestGetOverallBitRateMaximumStringAsString" time="0.0" />
  <testcase classname="aka.jmetadata.test.JMetaDataGeneral_Test" name="subTestGetFormatLevelAsInteger" time="0.0" />
  <testcase classname="aka.jmetadata.test.JMetaDataGeneral_Test" name="subTestGetOverallBitRateAsLocalTime" time="0.0" />
  <testcase classname="aka.jmetadata.test.JMetaDataGeneral_Test" name="subTestGetComicAsBigInteger" time="0.0" />
  <testcase classname="aka.jmetadata.test.JMetaDataGeneral_Test" name="subTestGetOriginalTrackAsURL" time="0.0" />
  <testcase classname="aka.jmetadata.test.JMetaDataGeneral_Test" name="subTestGetStreamSizeStringAsInteger" time="0.0" />
  <testcase classname="aka.jmetadata.test.JMetaDataGeneral_Test" name="subTestGetEncodedLibraryAsLong" time="0.0" />
  <testcase classname="aka.jmetadata.test.JMetaDataGeneral_Test" name="subTestGetEncodedApplicationUrlAsString" time="0.0" />
  <testcase classname="aka.jmetadata.test.JMetaDataGeneral_Test" name="subTestGetIDStringAsURL" time="0.0" />
  <testcase classname="aka.jmetadata.test.JMetaDataGeneral_Test" name="subTestGetEncodedApplicationNameAsURL" time="0.0" />
  <testcase classname="aka.jmetadata.test.JMetaDataGeneral_Test" name="subTestGetStreamSizeDemuxedString2AsInteger" time="0.0" />
  <testcase classname="aka.jmetadata.test.JMetaDataGeneral_Test" name="subTestGetMoodAsBigInteger" time="0.0" />
  <testcase classname="aka.jmetadata.test.JMetaDataGeneral_Test" name="subTestGetServiceProviderrUrlAsBigInteger" time="0.0" />
  <testcase classname="aka.jmetadata.test.JMetaDataGeneral_Test" name="subTestGetNetworkNameAsLocalTime" time="0.0" />
  <testcase classname="aka.jmetadata.test.JMetaDataGeneral_Test" name="subTestGetOriginalAlbumAsBoolean" time="0.0" />
  <testcase classname="aka.jmetadata.test.JMetaDataGeneral_Test" name="subTestGetStreamSizeProportionAsBoolean" time="0.0" />
  <testcase classname="aka.jmetadata.test.JMetaDataGeneral_Test" name="subTestGetLightnessAsLocalTime" time="0.0" />
  <testcase classname="aka.jmetadata.test.JMetaDataGeneral_Test" name="subTestGetMusicByAsInteger" time="0.0" />
  <testcase classname="aka.jmetadata.test.JMetaDataGeneral_Test" name="subTestGetSubjectAsLong" time="0.0" />
  <testcase classname="aka.jmetadata.test.JMetaDataGeneral_Test" name="subTestGetMenuFormatWithHintListAsLocalDateTime" time="0.0" />
  <testcase classname="aka.jmetadata.test.JMetaDataGeneral_Test" name="subTestGetSeasonPositionTotalAsLocalTime" time="0.0" />
  <testcase classname="aka.jmetadata.test.JMetaDataGeneral_Test" name="subTestGetAlbumPerformerAsLocalTime" time="0.0" />
  <testcase classname="aka.jmetadata.test.JMetaDataGeneral_Test" name="subTestGetOriginalSourceFormNumColorsAsInteger" time="0.0" />
  <testcase classname="aka.jmetadata.test.JMetaDataGeneral_Test" name="subTestGetDimensionsAsInteger" time="0.0" />
  <testcase classname="aka.jmetadata.test.JMetaDataGeneral_Test" name="subTestGetOriginalTrackAsString" time="0.0" />
  <testcase classname="aka.jmetadata.test.JMetaDataGeneral_Test" name="subTestGetEncodedApplicationStringAsLong" time="0.0" />
  <testcase classname="aka.jmetadata.test.JMetaDataGeneral_Test" name="subTestGetFrameCountAsInteger" time="0.0" />
  <testcase classname="aka.jmetadata.test.JMetaDataGeneral_Test" name="subTestGetCoverAsLong" time="0.0" />
  <testcase classname="aka.jmetadata.test.JMetaDataGeneral_Test" name="subTestGetDelayDropFrameAsLong" time="0.0" />
  <testcase classname="aka.jmetadata.test.JMetaDataGeneral_Test" name="subTestGetDurationEndAsLocalTime" time="0.0" />
  <testcase classname="aka.jmetadata.test.JMetaDataGeneral_Test" name="subTestGetCodecIDUrlAsBoolean" time="0.0" />
  <testcase classname="aka.jmetadata.test.JMetaDataGeneral_Test" name="subTestGetSeasonAsLong" time="0.0" />
  <testcase classname="aka.jmetadata.test.JMetaDataGeneral_Test" name="subTestGetEncryptionModeAsLocalDateTime" time="0.0" />
  <testcase classname="aka.jmetadata.test.JMetaDataGeneral_Test" name="subTestGetOtherFormatWithHintListAsBigInteger" time="0.0" />
  <testcase classname="aka.jmetadata.test.JMetaDataGeneral_Test" name="subTestGetEncodedLibraryVersionAsURL" time="0.0" />
  <testcase classname="aka.jmetadata.test.JMetaDataGeneral_Test" name="subTestGetFrameRateStringAsURL" time="0.001" />
  <testcase classname="aka.jmetadata.test.JMetaDataGeneral_Test" name="subTestGetPublisherURLAsString" time="0.0" />
  <testcase classname="aka.jmetadata.test.JMetaDataGeneral_Test" name="subTestGetCopyrightAsLong" time="0.001" />
  <testcase classname="aka.jmetadata.test.JMetaDataGeneral_Test" name="subTestGetImageCountAsURL" time="0.0" />
  <testcase classname="aka.jmetadata.test.JMetaDataGeneral_Test" name="subTestGetStreamCountAsInteger" time="0.0" />
  <testcase classname="aka.jmetadata.test.JMetaDataGeneral_Test" name="subTestGetEncodedLibraryStringAsInteger" time="0.0" />
  <testcase classname="aka.jmetadata.test.JMetaDataGeneral_Test" name="subTestGetLightnessAsLong" time="0.0" />
  <testcase classname="aka.jmetadata.test.JMetaDataGeneral_Test" name="subTestGetAddedDateAsString" time="0.0" />
  <testcase classname="aka.jmetadata.test.JMetaDataGeneral_Test" name="subTestGetStreamSizeDemuxedString3AsLocalDateTime" time="0.0" />
  <testcase classname="aka.jmetadata.test.JMetaDataGeneral_Test" name="subTestGetEncodedByAsLocalDateTime" time="0.0" />
  <testcase classname="aka.jmetadata.test.JMetaDataGeneral_Test" name="subTestGetOverallBitRateModeStringAsLocalTime" time="0.0" />
  <testcase classname="aka.jmetadata.test.JMetaDataGeneral_Test" name="subTestGetChapterAsBoolean" time="0.0" />
  <testcase classname="aka.jmetadata.test.JMetaDataGeneral_Test" name="subTestGetLyricistAsInteger" time="0.0" />
  <testcase classname="aka.jmetadata.test.JMetaDataGeneral_Test" name="subTestGetEPGPositionsEndAsInteger" time="0.0" />
  <testcase classname="aka.jmetadata.test.JMetaDataGeneral_Test" name="subTestGetPartPositionAsLocalTime" time="0.0" />
  <testcase classname="aka.jmetadata.test.JMetaDataGeneral_Test" name="subTestGetScreenplayByAsLocalTime" time="0.0" />
  <testcase classname="aka.jmetadata.test.JMetaDataGeneral_Test" name="subTestGetChapterAsURL" time="0.0" />
  <testcase classname="aka.jmetadata.test.JMetaDataGeneral_Test" name="subTestGetFileCreatedDateAsLong" time="0.002">
    <failure message="expected:&lt;20170627140003689&gt; but was:&lt;20170510064749470&gt;" type="junit.framework.AssertionFailedError">junit.framework.AssertionFailedError: expected:&lt;20170627140003689&gt; but was:&lt;20170510064749470&gt;
	at aka.jmetadata.test.JMetaDataGeneral_Test.subTestGetFileCreatedDateAsLong(JMetaDataGeneral_Test.java:7574)
</failure>
  </testcase>
  <testcase classname="aka.jmetadata.test.JMetaDataGeneral_Test" name="subTestGetWrittenByAsLong" time="0.0" />
  <testcase classname="aka.jmetadata.test.JMetaDataGeneral_Test" name="subTestGetArrangerAsBoolean" time="0.0" />
  <testcase classname="aka.jmetadata.test.JMetaDataGeneral_Test" name="subTestGetPodcastCategoryAsBigInteger" time="0.0" />
  <testcase classname="aka.jmetadata.test.JMetaDataGeneral_Test" name="subTestGetFileSizeAsLong" time="0.0" />
  <testcase classname="aka.jmetadata.test.JMetaDataGeneral_Test" name="subTestGetStreamSizeDemuxedAsBoolean" time="0.0" />
  <testcase classname="aka.jmetadata.test.JMetaDataGeneral_Test" name="subTestGetArtDirectorAsLong" time="0.0" />
  <testcase classname="aka.jmetadata.test.JMetaDataGeneral_Test" name="subTestGetTrackSortAsInteger" time="0.001" />
  <testcase classname="aka.jmetadata.test.JMetaDataGeneral_Test" name="subTestGetInternetMediaTypeAsBoolean" time="0.0" />
  <testcase classname="aka.jmetadata.test.JMetaDataGeneral_Test" name="subTestGetFolderNameAsBoolean" time="0.001" />
  <testcase classname="aka.jmetadata.test.JMetaDataGeneral_Test" name="subTestGetOriginalSourceFormDistributedByAsLong" time="0.0" />
  <testcase classname="aka.jmetadata.test.JMetaDataGeneral_Test" name="subTestGetDurationString1AsBigInteger" time="0.0" />
  <testcase classname="aka.jmetadata.test.JMetaDataGeneral_Test" name="subTestGetLyricsAsLong" time="0.0" />
  <testcase classname="aka.jmetadata.test.JMetaDataGeneral_Test" name="subTestGetFormatCommercialIfAnyAsBigInteger" time="0.001" />
  <testcase classname="aka.jmetadata.test.JMetaDataGeneral_Test" name="subTestGetOriginalPartAsLocalTime" time="0.0" />
  <testcase classname="aka.jmetadata.test.JMetaDataGeneral_Test" name="subTestGetCompilationAsBoolean" time="0.001" />
  <testcase classname="aka.jmetadata.test.JMetaDataGeneral_Test" name="subTestGetCountAsBoolean" time="0.0" />
  <testcase classname="aka.jmetadata.test.JMetaDataGeneral_Test" name="subTestGetEncodedLibraryNameAsLocalTime" time="0.0" />
  <testcase classname="aka.jmetadata.test.JMetaDataGeneral_Test" name="subTestGetDirectorOfPhotographyAsInteger" time="0.0" />
  <testcase classname="aka.jmetadata.test.JMetaDataGeneral_Test" name="subTestGetMovieAsString" time="0.0" />
  <testcase classname="aka.jmetadata.test.JMetaDataGeneral_Test" name="subTestGetNetworkNameAsBigInteger" time="0.0" />
  <testcase classname="aka.jmetadata.test.JMetaDataGeneral_Test" name="subTestGetTextFormatListAsInteger" time="0.001" />
  <testcase classname="aka.jmetadata.test.JMetaDataGeneral_Test" name="subTestGetEncryptionInitializationVectorAsString" time="0.0" />
  <testcase classname="aka.jmetadata.test.JMetaDataGeneral_Test" name="subTestGetOriginalSourceFormAsString" time="0.0" />
  <testcase classname="aka.jmetadata.test.JMetaDataGeneral_Test" name="subTestGetOverallBitRateNominalAsLong" time="0.0" />
  <testcase classname="aka.jmetadata.test.JMetaDataGeneral_Test" name="subTestGetAlbumSortAsURL" time="0.0" />
  <testcase classname="aka.jmetadata.test.JMetaDataGeneral_Test" name="subTestGetDurationString1AsBoolean" time="0.0" />
  <testcase classname="aka.jmetadata.test.JMetaDataGeneral_Test" name="subTestGetFirstPacketOrderAsBoolean" time="0.001" />
  <testcase classname="aka.jmetadata.test.JMetaDataGeneral_Test" name="subTestGetMoodAsLocalDateTime" time="0.0" />
  <testcase classname="aka.jmetadata.test.JMetaDataGeneral_Test" name="subTestGetLawRatingReasonAsString" time="0.0" />
  <testcase classname="aka.jmetadata.test.JMetaDataGeneral_Test" name="subTestGetTitleAsBigInteger" time="0.001" />
  <testcase classname="aka.jmetadata.test.JMetaDataGeneral_Test" name="subTestGetDurationString5AsString" time="0.0" />
  <testcase classname="aka.jmetadata.test.JMetaDataGeneral_Test" name="subTestGetOtherFormatListAsInteger" time="0.0" />
  <testcase classname="aka.jmetadata.test.JMetaDataGeneral_Test" name="subTestGetOtherLanguageListAsLong" time="0.0" />
  <testcase classname="aka.jmetadata.test.JMetaDataGeneral_Test" name="subTestGetServiceProviderrUrlAsURL" time="0.0" />
  <testcase classname="aka.jmetadata.test.JMetaDataGeneral_Test" name="subTestGetCopyrightUrlAsInteger" time="0.0" />
  <testcase classname="aka.jmetadata.test.JMetaDataGeneral_Test" name="subTestGetEncodedApplicationCompanyNameAsInteger" time="0.0" />
  <testcase classname="aka.jmetadata.test.JMetaDataGeneral_Test" name="subTestGetUniqueIDAsBoolean" time="0.0" />
  <testcase classname="aka.jmetadata.test.JMetaDataGeneral_Test" name="subTestGetMasteredDateAsLocalTime" time="0.0" />
  <testcase classname="aka.jmetadata.test.JMetaDataGeneral_Test" name="subTestGetEditedByAsBigInteger" time="0.0" />
  <testcase classname="aka.jmetadata.test.JMetaDataGeneral_Test" name="subTestGetMovieCountryAsBigInteger" time="0.001" />
  <testcase classname="aka.jmetadata.test.JMetaDataGeneral_Test" name="subTestGetHeaderSizeAsLocalTime" time="0.0" />
  <testcase classname="aka.jmetadata.test.JMetaDataGeneral_Test" name="subTestGetOriginalSourceMediumAsURL" time="0.0" />
  <testcase classname="aka.jmetadata.test.JMetaDataGeneral_Test" name="subTestGetConductorAsBigInteger" time="0.0" />
  <testcase classname="aka.jmetadata.test.JMetaDataGeneral_Test" name="subTestGetEncodedLibraryDateAsLocalTime" time="0.0" />
  <testcase classname="aka.jmetadata.test.JMetaDataGeneral_Test" name="subTestGetEPGPositionsBeginAsLocalDateTime" time="0.001" />
  <testcase classname="aka.jmetadata.test.JMetaDataGeneral_Test" name="subTestGetAudioLanguageListAsURL" time="0.0" />
  <testcase classname="aka.jmetadata.test.JMetaDataGeneral_Test" name="subTestGetOriginalAlbumAsString" time="0.001" />
  <testcase classname="aka.jmetadata.test.JMetaDataGeneral_Test" name="subTestGetFormatCommercialIfAnyAsInteger" time="0.0" />
  <testcase classname="aka.jmetadata.test.JMetaDataGeneral_Test" name="subTestGetCodecIDUrlAsString" time="0.0" />
  <testcase classname="aka.jmetadata.test.JMetaDataGeneral_Test" name="subTestGetDelayString3AsBigInteger" time="0.001" />
  <testcase classname="aka.jmetadata.test.JMetaDataGeneral_Test" name="subTestGetComicPositionTotalAsBoolean" time="0.001" />
  <testcase classname="aka.jmetadata.test.JMetaDataGeneral_Test" name="subTestGetGenreAsBoolean" time="0.001" />
  <testcase classname="aka.jmetadata.test.JMetaDataGeneral_Test" name="subTestGetPlayedCountAsString" time="0.0" />
  <testcase classname="aka.jmetadata.test.JMetaDataGeneral_Test" name="subTestGetAudioFormatWithHintListAsInteger" time="0.0" />
  <testcase classname="aka.jmetadata.test.JMetaDataGeneral_Test" name="subTestGetCoverDataAsInteger" time="0.0" />
  <testcase classname="aka.jmetadata.test.JMetaDataGeneral_Test" name="subTestGetFileModifiedDateLocalAsLocalDateTime" time="0.001" />
  <testcase classname="aka.jmetadata.test.JMetaDataGeneral_Test" name="subTestGetRatingAsBigInteger" time="0.0" />
  <testcase classname="aka.jmetadata.test.JMetaDataGeneral_Test" name="subTestGetWrittenLocationAsBoolean" time="0.0" />
  <testcase classname="aka.jmetadata.test.JMetaDataGeneral_Test" name="subTestGetMenuCountAsLocalDateTime" time="0.0" />
  <testcase classname="aka.jmetadata.test.JMetaDataGeneral_Test" name="subTestGetDotsPerInchAsString" time="0.0" />
  <testcase classname="aka.jmetadata.test.JMetaDataGeneral_Test" name="subTestGetPlayedCountAsBoolean" time="0.0" />
  <testcase classname="aka.jmetadata.test.JMetaDataGeneral_Test" name="subTestGetEncryptionAsInteger" time="0.0" />
  <testcase classname="aka.jmetadata.test.JMetaDataGeneral_Test" name="subTestGetAccompanimentAsLocalDateTime" time="0.0" />
  <testcase classname="aka.jmetadata.test.JMetaDataGeneral_Test" name="subTestGetEncodedLibraryDateAsLocalDateTime" time="0.0" />
  <testcase classname="aka.jmetadata.test.JMetaDataGeneral_Test" name="subTestGetAlbumAsLocalDateTime" time="0.0" />
  <testcase classname="aka.jmetadata.test.JMetaDataGeneral_Test" name="subTestGetStreamSizeDemuxedString1AsInteger" time="0.0" />
  <testcase classname="aka.jmetadata.test.JMetaDataGeneral_Test" name="subTestGetFormatAsInteger" time="0.0" />
  <testcase classname="aka.jmetadata.test.JMetaDataGeneral_Test" name="subTestGetPeriodAsBoolean" time="0.0" />
  <testcase classname="aka.jmetadata.test.JMetaDataGeneral_Test" name="subTestGetMenuIDStringAsBoolean" time="0.0" />
  <testcase classname="aka.jmetadata.test.JMetaDataGeneral_Test" name="subTestGetCoDirectorAsBigInteger" time="0.0" />
  <testcase classname="aka.jmetadata.test.JMetaDataGeneral_Test" name="subTestGetDescriptionAsLong" time="0.0" />
  <testcase classname="aka.jmetadata.test.JMetaDataGeneral_Test" name="subTestGetSeasonPositionAsString" time="0.0" />
  <testcase classname="aka.jmetadata.test.JMetaDataGeneral_Test" name="subTestGetStreamSizeDemuxedString1AsLocalTime" time="0.0" />
  <testcase classname="aka.jmetadata.test.JMetaDataGeneral_Test" name="subTestGetDurationStringAsString" time="0.0" />
  <testcase classname="aka.jmetadata.test.JMetaDataGeneral_Test" name="subTestGetOtherCountAsBoolean" time="0.0" />
  <testcase classname="aka.jmetadata.test.JMetaDataGeneral_Test" name="subTestGetOriginalMovieAsBigInteger" time="0.0" />
  <testcase classname="aka.jmetadata.test.JMetaDataGeneral_Test" name="subTestGetAudioLanguageListAsInteger" time="0.0" />
  <testcase classname="aka.jmetadata.test.JMetaDataGeneral_Test" name="subTestGetDelaySourceStringAsString" time="0.0" />
  <testcase classname="aka.jmetadata.test.JMetaDataGeneral_Test" name="subTestGetEncodedOperatingSystemAsBigInteger" time="0.0" />
  <testcase classname="aka.jmetadata.test.JMetaDataGeneral_Test" name="subTestGetEncryptionPaddingAsLocalDateTime" time="0.001" />
  <testcase classname="aka.jmetadata.test.JMetaDataGeneral_Test" name="subTestGetStreamSizeString2AsBigInteger" time="0.0" />
  <testcase classname="aka.jmetadata.test.JMetaDataGeneral_Test" name="subTestGetSubjectAsURL" time="0.0" />
  <testcase classname="aka.jmetadata.test.JMetaDataGeneral_Test" name="subTestGetBarCodeAsInteger" time="0.0" />
  <testcase classname="aka.jmetadata.test.JMetaDataGeneral_Test" name="subTestGetCompleteNameAsLocalDateTime" time="0.001" />
  <testcase classname="aka.jmetadata.test.JMetaDataGeneral_Test" name="subTestGetFileSizeAsURL" time="0.0" />
  <testcase classname="aka.jmetadata.test.JMetaDataGeneral_Test" name="subTestGetCountAsBigInteger" time="0.0" />
  <testcase classname="aka.jmetadata.test.JMetaDataGeneral_Test" name="subTestGetOtherLanguageListAsURL" time="0.0" />
  <testcase classname="aka.jmetadata.test.JMetaDataGeneral_Test" name="subTestGetConductorAsInteger" time="0.0" />
  <testcase classname="aka.jmetadata.test.JMetaDataGeneral_Test" name="subTestGetICRAAsLocalDateTime" time="0.0" />
  <testcase classname="aka.jmetadata.test.JMetaDataGeneral_Test" name="subTestGetDurationAsLocalDateTime" time="0.0" />
  <testcase classname="aka.jmetadata.test.JMetaDataGeneral_Test" name="subTestGetOriginalSourceMediumIDAsLocalTime" time="0.0" />
  <testcase classname="aka.jmetadata.test.JMetaDataGeneral_Test" name="subTestGetMasteredByAsBigInteger" time="0.0" />
  <testcase classname="aka.jmetadata.test.JMetaDataGeneral_Test" name="subTestGetCommissionedByAsBoolean" time="0.0" />
  <testcase classname="aka.jmetadata.test.JMetaDataGeneral_Test" name="subTestGetPackageNameAsInteger" time="0.001" />
  <testcase classname="aka.jmetadata.test.JMetaDataGeneral_Test" name="subTestGetEncodedApplicationNameAsString" time="0.0" />
  <testcase classname="aka.jmetadata.test.JMetaDataGeneral_Test" name="subTestGetComicMoreAsLocalDateTime" time="0.0" />
  <testcase classname="aka.jmetadata.test.JMetaDataGeneral_Test" name="subTestGetInterleavedAsBigInteger" time="0.0" />
  <testcase classname="aka.jmetadata.test.JMetaDataGeneral_Test" name="subTestGetLabelAsLong" time="0.0" />
  <testcase classname="aka.jmetadata.test.JMetaDataGeneral_Test" name="subTestGetFileSizeString1AsBigInteger" time="0.001" />
  <testcase classname="aka.jmetadata.test.JMetaDataGeneral_Test" name="subTestGetDurationEndAsBoolean" time="0.0" />
  <testcase classname="aka.jmetadata.test.JMetaDataGeneral_Test" name="subTestGetEncryptionAsString" time="0.0" />
  <testcase classname="aka.jmetadata.test.JMetaDataGeneral_Test" name="subTestGetStreamSizeDemuxedString1AsString" time="0.0" />
  <testcase classname="aka.jmetadata.test.JMetaDataGeneral_Test" name="subTestGetFormatAsString" time="0.0" />
  <testcase classname="aka.jmetadata.test.JMetaDataGeneral_Test" name="subTestGetCompleteNameLastAsInteger" time="0.0" />
  <testcase classname="aka.jmetadata.test.JMetaDataGeneral_Test" name="subTestGetOriginalSourceFormCroppedAsString" time="0.0" />
  <testcase classname="aka.jmetadata.test.JMetaDataGeneral_Test" name="subTestGetSeasonPositionTotalAsInteger" time="0.001" />
  <testcase classname="aka.jmetadata.test.JMetaDataGeneral_Test" name="subTestGetOriginalSourceMediumIDAsLong" time="0.0" />
  <testcase classname="aka.jmetadata.test.JMetaDataGeneral_Test" name="subTestGetOriginalSourceFormSharpnessAsURL" time="0.0" />
  <testcase classname="aka.jmetadata.test.JMetaDataGeneral_Test" name="subTestGetAudioLanguageListAsLocalDateTime" time="0.0" />
  <testcase classname="aka.jmetadata.test.JMetaDataGeneral_Test" name="subTestGetReleasedDateAsBoolean" time="0.0" />
  <testcase classname="aka.jmetadata.test.JMetaDataGeneral_Test" name="subTestGetActorCharacterAsBoolean" time="0.0" />
  <testcase classname="aka.jmetadata.test.JMetaDataGeneral_Test" name="subTestGetEncodedApplicationStringAsString" time="0.0" />
  <testcase classname="aka.jmetadata.test.JMetaDataGeneral_Test" name="subTestGetEncodedLibraryCompanyNameAsBigInteger" time="0.0" />
  <testcase classname="aka.jmetadata.test.JMetaDataGeneral_Test" name="subTestGetCompilationStringAsBoolean" time="0.0" />
  <testcase classname="aka.jmetadata.test.JMetaDataGeneral_Test" name="subTestGetFormatProfileAsBigInteger" time="0.0" />
  <testcase classname="aka.jmetadata.test.JMetaDataGeneral_Test" name="subTestGetCodecIDCompatibleAsURL" time="0.0" />
  <testcase classname="aka.jmetadata.test.JMetaDataGeneral_Test" name="subTestGetLyricsAsInteger" time="0.0" />
  <testcase classname="aka.jmetadata.test.JMetaDataGeneral_Test" name="subTestGetAlbumPerformerSortAsInteger" time="0.0" />
  <testcase classname="aka.jmetadata.test.JMetaDataGeneral_Test" name="subTestGetAudioFormatListAsLocalDateTime" time="0.0" />
  <testcase classname="aka.jmetadata.test.JMetaDataGeneral_Test" name="subTestGetDurationString2AsLocalDateTime" time="0.0" />
  <testcase classname="aka.jmetadata.test.JMetaDataGeneral_Test" name="subTestGetDelayString5AsString" time="0.0" />
  <testcase classname="aka.jmetadata.test.JMetaDataGeneral_Test" name="subTestGetAlbumSortAsBoolean" time="0.0" />
  <testcase classname="aka.jmetadata.test.JMetaDataGeneral_Test" name="subTestGetRecordedDateAsBigInteger" time="0.0" />
  <testcase classname="aka.jmetadata.test.JMetaDataGeneral_Test" name="subTestGetSeasonAsLocalDateTime" time="0.0" />
  <testcase classname="aka.jmetadata.test.JMetaDataGeneral_Test" name="subTestGetCodecIDStringAsString" time="0.0" />
  <testcase classname="aka.jmetadata.test.JMetaDataGeneral_Test" name="subTestGetMovieCountryAsBoolean" time="0.0" />
  <testcase classname="aka.jmetadata.test.JMetaDataGeneral_Test" name="subTestGetFormatLevelAsLocalDateTime" time="0.0" />
  <testcase classname="aka.jmetadata.test.JMetaDataGeneral_Test" name="subTestGetEncodedLibrarySettingsAsBoolean" time="0.0" />
  <testcase classname="aka.jmetadata.test.JMetaDataGeneral_Test" name="subTestGetLightnessAsBoolean" time="0.0" />
  <testcase classname="aka.jmetadata.test.JMetaDataGeneral_Test" name="subTestGetSummaryAsLong" time="0.0" />
  <testcase classname="aka.jmetadata.test.JMetaDataGeneral_Test" name="subTestGetFormatUrlAsString" time="0.0" />
  <testcase classname="aka.jmetadata.test.JMetaDataGeneral_Test" name="subTestGetComposerAsLong" time="0.001" />
  <testcase classname="aka.jmetadata.test.JMetaDataGeneral_Test" name="subTestGetServiceChannelAsLocalTime" time="0.0" />
  <testcase classname="aka.jmetadata.test.JMetaDataGeneral_Test" name="subTestGetPlayedLastDateAsURL" time="0.0" />
  <testcase classname="aka.jmetadata.test.JMetaDataGeneral_Test" name="subTestGetEncodedLibraryAsInteger" time="0.0" />
  <testcase classname="aka.jmetadata.test.JMetaDataGeneral_Test" name="subTestGetTitleAsString" time="0.0" />
  <testcase classname="aka.jmetadata.test.JMetaDataGeneral_Test" name="subTestGetGenreAsLocalDateTime" time="0.0" />
  <testcase classname="aka.jmetadata.test.JMetaDataGeneral_Test" name="subTestGetFileExtensionAsInteger" time="0.0" />
  <testcase classname="aka.jmetadata.test.JMetaDataGeneral_Test" name="subTestGetStatusAsInteger" time="0.0" />
  <testcase classname="aka.jmetadata.test.JMetaDataGeneral_Test" name="subTestGetStreamKindPosAsBigInteger" time="0.0" />
  <testcase classname="aka.jmetadata.test.JMetaDataGeneral_Test" name="subTestGetPerformerSortAsURL" time="0.0" />
  <testcase classname="aka.jmetadata.test.JMetaDataGeneral_Test" name="subTestGetPartAsBoolean" time="0.0" />
  <testcase classname="aka.jmetadata.test.JMetaDataGeneral_Test" name="subTestGetLightnessAsBigInteger" time="0.0" />
  <testcase classname="aka.jmetadata.test.JMetaDataGeneral_Test" name="subTestGetStreamSizeString2AsLong" time="0.0" />
  <testcase classname="aka.jmetadata.test.JMetaDataGeneral_Test" name="subTestGetGenreAsString" time="0.001" />
  <testcase classname="aka.jmetadata.test.JMetaDataGeneral_Test" name="subTestGetCommissionedByAsString" time="0.0" />
  <testcase classname="aka.jmetadata.test.JMetaDataGeneral_Test" name="subTestGetComposerAsLocalTime" time="0.0" />
  <testcase classname="aka.jmetadata.test.JMetaDataGeneral_Test" name="subTestGetSeasonAsString" time="0.0" />
  <testcase classname="aka.jmetadata.test.JMetaDataGeneral_Test" name="subTestGetCollectionAsLong" time="0.0" />
  <testcase classname="aka.jmetadata.test.JMetaDataGeneral_Test" name="subTestGetLabelCodeAsLocalTime" time="0.001" />
  <testcase classname="aka.jmetadata.test.JMetaDataGeneral_Test" name="subTestGetLawRatingAsURL" time="0.0" />
  <testcase classname="aka.jmetadata.test.JMetaDataGeneral_Test" name="subTestGetCopyrightAsString" time="0.0" />
  <testcase classname="aka.jmetadata.test.JMetaDataGeneral_Test" name="subTestGetLCCNAsLocalTime" time="0.0" />
  <testcase classname="aka.jmetadata.test.JMetaDataGeneral_Test" name="subTestGetDurationStartAsLong" time="0.0" />
  <testcase classname="aka.jmetadata.test.JMetaDataGeneral_Test" name="subTestGetBPMAsBoolean" time="0.0" />
  <testcase classname="aka.jmetadata.test.JMetaDataGeneral_Test" name="subTestGetDelayAsLong" time="0.0" />
  <testcase classname="aka.jmetadata.test.JMetaDataGeneral_Test" name="subTestGetEncodedApplicationVersionAsURL" time="0.0" />
  <testcase classname="aka.jmetadata.test.JMetaDataGeneral_Test" name="subTestGetFileSizeString4AsString" time="0.0" />
  <testcase classname="aka.jmetadata.test.JMetaDataGeneral_Test" name="subTestGetAlbumMoreAsLocalDateTime" time="0.0" />
  <testcase classname="aka.jmetadata.test.JMetaDataGeneral_Test" name="subTestGetInternetMediaTypeAsLocalDateTime" time="0.0" />
  <testcase classname="aka.jmetadata.test.JMetaDataGeneral_Test" name="subTestGetMovieAsURL" time="0.0" />
  <testcase classname="aka.jmetadata.test.JMetaDataGeneral_Test" name="subTestGetOriginalNetworkNameAsLong" time="0.0" />
  <testcase classname="aka.jmetadata.test.JMetaDataGeneral_Test" name="subTestGetContentTypeAsLocalDateTime" time="0.0" />
  <testcase classname="aka.jmetadata.test.JMetaDataGeneral_Test" name="subTestGetStreamSizeDemuxedString2AsLocalTime" time="0.0" />
  <testcase classname="aka.jmetadata.test.JMetaDataGeneral_Test" name="subTestGetOriginalSourceFormSharpnessAsString" time="0.0" />
  <testcase classname="aka.jmetadata.test.JMetaDataGeneral_Test" name="subTestGetScreenplayByAsInteger" time="0.0" />
  <testcase classname="aka.jmetadata.test.JMetaDataGeneral_Test" name="subTestGetCodecIDHintAsInteger" time="0.0" />
  <testcase classname="aka.jmetadata.test.JMetaDataGeneral_Test" name="subTestGetArtDirectorAsBoolean" time="0.0" />
  <testcase classname="aka.jmetadata.test.JMetaDataGeneral_Test" name="subTestGetPlayedLastDateAsString" time="0.0" />
  <testcase classname="aka.jmetadata.test.JMetaDataGeneral_Test" name="subTestGetOriginalSourceFormCroppedAsInteger" time="0.001" />
  <testcase classname="aka.jmetadata.test.JMetaDataGeneral_Test" name="subTestGetMenuIDStringAsLocalTime" time="0.0" />
  <testcase classname="aka.jmetadata.test.JMetaDataGeneral_Test" name="subTestGetOverallBitRateMaximumStringAsInteger" time="0.001" />
  <testcase classname="aka.jmetadata.test.JMetaDataGeneral_Test" name="subTestGetOriginalPerformerAsInteger" time="0.0" />
  <testcase classname="aka.jmetadata.test.JMetaDataGeneral_Test" name="subTestGetDimensionsAsBigInteger" time="0.0" />
  <testcase classname="aka.jmetadata.test.JMetaDataGeneral_Test" name="subTestGetCodecIDVersionAsInteger" time="0.001" />
  <testcase classname="aka.jmetadata.test.JMetaDataGeneral_Test" name="subTestGetCatalogNumberAsInteger" time="0.0" />
  <testcase classname="aka.jmetadata.test.JMetaDataGeneral_Test" name="subTestGetTrackPositionTotalAsBoolean" time="0.0" />
  <testcase classname="aka.jmetadata.test.JMetaDataGeneral_Test" name="subTestGetFormatCompressionAsURL" time="0.0" />
  <testcase classname="aka.jmetadata.test.JMetaDataGeneral_Test" name="subTestGetCostumeDesignerAsLong" time="0.0" />
  <testcase classname="aka.jmetadata.test.JMetaDataGeneral_Test" name="subTestGetDelayAsLocalDateTime" time="0.0" />
  <testcase classname="aka.jmetadata.test.JMetaDataGeneral_Test" name="subTestGetVideoFormatListAsBigInteger" time="0.0" />
  <testcase classname="aka.jmetadata.test.JMetaDataGeneral_Test" name="subTestGetPeriodAsLocalDateTime" time="0.0" />
  <testcase classname="aka.jmetadata.test.JMetaDataGeneral_Test" name="subTestGetStreamCountAsLocalDateTime" time="0.0" />
  <testcase classname="aka.jmetadata.test.JMetaDataGeneral_Test" name="subTestGetEncodedApplicationNameAsBigInteger" time="0.0" />
  <testcase classname="aka.jmetadata.test.JMetaDataGeneral_Test" name="subTestGetPlayedCountAsLocalTime" time="0.0" />
  <testcase classname="aka.jmetadata.test.JMetaDataGeneral_Test" name="subTestGetMovieUrlAsString" time="0.001" />
  <testcase classname="aka.jmetadata.test.JMetaDataGeneral_Test" name="subTestGetSoundEngineerAsBoolean" time="0.0" />
  <testcase classname="aka.jmetadata.test.JMetaDataGeneral_Test" name="subTestGetRecordedDateAsInteger" time="0.0" />
  <testcase classname="aka.jmetadata.test.JMetaDataGeneral_Test" name="subTestGetUniqueIDAsLocalDateTime" time="0.0" />
  <testcase classname="aka.jmetadata.test.JMetaDataGeneral_Test" name="subTestGetMasteredByAsURL" time="0.0" />
  <testcase classname="aka.jmetadata.test.JMetaDataGeneral_Test" name="subTestGetEncodedApplicationCompanyNameAsString" time="0.0" />
  <testcase classname="aka.jmetadata.test.JMetaDataGeneral_Test" name="subTestGetPeriodAsBigInteger" time="0.0" />
  <testcase classname="aka.jmetadata.test.JMetaDataGeneral_Test" name="subTestGetOriginalTrackAsLocalTime" time="0.0" />
  <testcase classname="aka.jmetadata.test.JMetaDataGeneral_Test" name="subTestGetCoProducerAsLong" time="0.0" />
  <testcase classname="aka.jmetadata.test.JMetaDataGeneral_Test" name="subTestGetTitleAsURL" time="0.0" />
  <testcase classname="aka.jmetadata.test.JMetaDataGeneral_Test" name="subTestGetFormatExtensionsAsLocalTime" time="0.001" />
  <testcase classname="aka.jmetadata.test.JMetaDataGeneral_Test" name="subTestGetOverallBitRateMinimumStringAsLong" time="0.001" />
  <testcase classname="aka.jmetadata.test.JMetaDataGeneral_Test" name="subTestGetMovieUrlAsURL" time="0.0" />
  <testcase classname="aka.jmetadata.test.JMetaDataGeneral_Test" name="subTestGetEncodedOperatingSystemAsInteger" time="0.0" />
  <testcase classname="aka.jmetadata.test.JMetaDataGeneral_Test" name="subTestGetProducerAsLocalDateTime" time="0.001" />
  <testcase classname="aka.jmetadata.test.JMetaDataGeneral_Test" name="subTestGetDurationString3AsLong" time="0.0" />
  <testcase classname="aka.jmetadata.test.JMetaDataGeneral_Test" name="subTestGetProducerCopyrightAsString" time="0.0" />
  <testcase classname="aka.jmetadata.test.JMetaDataGeneral_Test" name="subTestGetEncodedApplicationStringAsBigInteger" time="0.0" />
  <testcase classname="aka.jmetadata.test.JMetaDataGeneral_Test" name="subTestGetContentTypeAsInteger" time="0.001" />
  <testcase classname="aka.jmetadata.test.JMetaDataGeneral_Test" name="subTestGetComicAsInteger" time="0.0" />
  <testcase classname="aka.jmetadata.test.JMetaDataGeneral_Test" name="subTestGetEncodedLibraryCompanyNameAsBoolean" time="0.001" />
  <testcase classname="aka.jmetadata.test.JMetaDataGeneral_Test" name="subTestGetTitleMoreAsURL" time="0.0" />
  <testcase classname="aka.jmetadata.test.JMetaDataGeneral_Test" name="subTestGetServiceChannelAsBigInteger" time="0.0" />
  <testcase classname="aka.jmetadata.test.JMetaDataGeneral_Test" name="subTestGetSoundEngineerAsLong" time="0.0" />
  <testcase classname="aka.jmetadata.test.JMetaDataGeneral_Test" name="subTestGetMovieAsInteger" time="0.0" />
  <testcase classname="aka.jmetadata.test.JMetaDataGeneral_Test" name="subTestGetStreamSizeString3AsString" time="0.001" />
  <testcase classname="aka.jmetadata.test.JMetaDataGeneral_Test" name="subTestGetEncodedOperatingSystemAsLocalTime" time="0.0" />
  <testcase classname="aka.jmetadata.test.JMetaDataGeneral_Test" name="subTestGetTextCountAsURL" time="0.001" />
  <testcase classname="aka.jmetadata.test.JMetaDataGeneral_Test" name="subTestGetOriginalReleasedDateAsBigInteger" time="0.001" />
  <testcase classname="aka.jmetadata.test.JMetaDataGeneral_Test" name="subTestGetImageFormatWithHintListAsLocalDateTime" time="0.0" />
  <testcase classname="aka.jmetadata.test.JMetaDataGeneral_Test" name="subTestGetOverallBitRateMaximumStringAsLong" time="0.0" />
  <testcase classname="aka.jmetadata.test.JMetaDataGeneral_Test" name="subTestGetHeaderSizeAsLocalDateTime" time="0.0" />
  <testcase classname="aka.jmetadata.test.JMetaDataGeneral_Test" name="subTestGetPartPositionTotalAsLocalTime" time="0.001" />
  <testcase classname="aka.jmetadata.test.JMetaDataGeneral_Test" name="subTestGetPublisherURLAsBoolean" time="0.0" />
  <testcase classname="aka.jmetadata.test.JMetaDataGeneral_Test" name="subTestGetDelayString1AsLocalTime" time="0.0" />
  <testcase classname="aka.jmetadata.test.JMetaDataGeneral_Test" name="subTestGetSeasonPositionTotalAsBigInteger" time="0.001" />
  <testcase classname="aka.jmetadata.test.JMetaDataGeneral_Test" name="subTestGetEncodedApplicationUrlAsLocalTime" time="0.0" />
  <testcase classname="aka.jmetadata.test.JMetaDataGeneral_Test" name="subTestGetISRCAsLocalDateTime" time="0.0" />
  <testcase classname="aka.jmetadata.test.JMetaDataGeneral_Test" name="subTestGetFrameRateStringAsLocalTime" time="0.0" />
  <testcase classname="aka.jmetadata.test.JMetaDataGeneral_Test" name="subTestGetSeasonAsBoolean" time="0.0" />
  <testcase classname="aka.jmetadata.test.JMetaDataGeneral_Test" name="subTestGetEncodedLibraryCompanyNameAsURL" time="0.0" />
  <testcase classname="aka.jmetadata.test.JMetaDataGeneral_Test" name="subTestGetMovieCountryAsString" time="0.001" />
  <testcase classname="aka.jmetadata.test.JMetaDataGeneral_Test" name="subTestGetOverallBitRateNominalAsLocalTime" time="0.0" />
  <testcase classname="aka.jmetadata.test.JMetaDataGeneral_Test" name="subTestGetCodecIDUrlAsLocalTime" time="0.0" />
  <testcase classname="aka.jmetadata.test.JMetaDataGeneral_Test" name="subTestGetAlbumPerformerAsBigInteger" time="0.0" />
  <testcase classname="aka.jmetadata.test.JMetaDataGeneral_Test" name="subTestGetFileModifiedDateAsInteger" time="0.0" />
  <testcase classname="aka.jmetadata.test.JMetaDataGeneral_Test" name="subTestGetFileSizeString3AsLong" time="0.0" />
  <testcase classname="aka.jmetadata.test.JMetaDataGeneral_Test" name="subTestGetOriginalSourceMediumIDStringAsBigInteger" time="0.0" />
  <testcase classname="aka.jmetadata.test.JMetaDataGeneral_Test" name="subTestGetDelayString2AsBigInteger" time="0.0" />
  <testcase classname="aka.jmetadata.test.JMetaDataGeneral_Test" name="subTestGetEncryptionModeAsInteger" time="0.0" />
  <testcase classname="aka.jmetadata.test.JMetaDataGeneral_Test" name="subTestGetGroupingAsString" time="0.001" />
  <testcase classname="aka.jmetadata.test.JMetaDataGeneral_Test" name="subTestGetStreamSizeDemuxedString3AsLocalTime" time="0.0" />
  <testcase classname="aka.jmetadata.test.JMetaDataGeneral_Test" name="subTestGetOverallBitRateMinimumAsLocalTime" time="0.0" />
  <testcase classname="aka.jmetadata.test.JMetaDataGeneral_Test" name="subTestGetIsStreamableAsURL" time="0.0" />
  <testcase classname="aka.jmetadata.test.JMetaDataGeneral_Test" name="subTestGetAlbumPerformerSortAsLocalDateTime" time="0.0" />
  <testcase classname="aka.jmetadata.test.JMetaDataGeneral_Test" name="subTestGetIsStreamableAsInteger" time="0.0" />
  <testcase classname="aka.jmetadata.test.JMetaDataGeneral_Test" name="subTestGetMovieMoreAsInteger" time="0.0" />
  <testcase classname="aka.jmetadata.test.JMetaDataGeneral_Test" name="subTestGetTextLanguageListAsLocalTime" time="0.001" />
  <testcase classname="aka.jmetadata.test.JMetaDataGeneral_Test" name="subTestGetAlbumSortAsLocalDateTime" time="0.0" />
  <testcase classname="aka.jmetadata.test.JMetaDataGeneral_Test" name="subTestGetFormatVersionAsBoolean" time="0.0" />
  <testcase classname="aka.jmetadata.test.JMetaDataGeneral_Test" name="subTestGetStreamSizeDemuxedStringAsInteger" time="0.001" />
  <testcase classname="aka.jmetadata.test.JMetaDataGeneral_Test" name="subTestGetPodcastCategoryAsBoolean" time="0.0" />
  <testcase classname="aka.jmetadata.test.JMetaDataGeneral_Test" name="subTestGetArchivalLocationAsLocalDateTime" time="0.0" />
  <testcase classname="aka.jmetadata.test.JMetaDataGeneral_Test" name="subTestGetInformAsBigInteger" time="0.001" />
  <testcase classname="aka.jmetadata.test.JMetaDataGeneral_Test" name="subTestGetFooterSizeAsBigInteger" time="0.001" />
  <testcase classname="aka.jmetadata.test.JMetaDataGeneral_Test" name="subTestGetTrackMoreAsInteger" time="0.0" />
  <testcase classname="aka.jmetadata.test.JMetaDataGeneral_Test" name="subTestGetFileNameLastAsBoolean" time="0.0" />
  <testcase classname="aka.jmetadata.test.JMetaDataGeneral_Test" name="subTestGetEncodedApplicationUrlAsLocalDateTime" time="0.0" />
  <testcase classname="aka.jmetadata.test.JMetaDataGeneral_Test" name="subTestGetComicAsLocalDateTime" time="0.0" />
  <testcase classname="aka.jmetadata.test.JMetaDataGeneral_Test" name="subTestGetStreamSizeDemuxedStringAsBigInteger" time="0.0" />
  <testcase classname="aka.jmetadata.test.JMetaDataGeneral_Test" name="subTestGetInterleavedAsLocalDateTime" time="0.0" />
  <testcase classname="aka.jmetadata.test.JMetaDataGeneral_Test" name="subTestGetEncodedApplicationVersionAsBoolean" time="0.0" />
  <testcase classname="aka.jmetadata.test.JMetaDataGeneral_Test" name="subTestGetLabelAsURL" time="0.001" />
  <testcase classname="aka.jmetadata.test.JMetaDataGeneral_Test" name="subTestGetOverallBitRateAsLong" time="0.0" />
  <testcase classname="aka.jmetadata.test.JMetaDataGeneral_Test" name="subTestGetFormatExtensionsAsInteger" time="0.0" />
  <testcase classname="aka.jmetadata.test.JMetaDataGeneral_Test" name="subTestGetDelayAsURL" time="0.0" />
  <testcase classname="aka.jmetadata.test.JMetaDataGeneral_Test" name="subTestGetOverallBitRateModeAsLong" time="0.0" />
  <testcase classname="aka.jmetadata.test.JMetaDataGeneral_Test" name="subTestGetStreamSizeString1AsBigInteger" time="0.0" />
  <testcase classname="aka.jmetadata.test.JMetaDataGeneral_Test" name="subTestGetMasteredDateAsBigInteger" time="0.0" />
  <testcase classname="aka.jmetadata.test.JMetaDataGeneral_Test" name="subTestGetFormatUrlAsURL" time="0.001" />
  <testcase classname="aka.jmetadata.test.JMetaDataGeneral_Test" name="subTestGetDelayDropFrameAsBigInteger" time="0.001" />
  <testcase classname="aka.jmetadata.test.JMetaDataGeneral_Test" name="subTestGetDurationAsURL" time="0.0" />
  <testcase classname="aka.jmetadata.test.JMetaDataGeneral_Test" name="subTestGetOriginalPerformerAsString" time="0.001" />
  <testcase classname="aka.jmetadata.test.JMetaDataGeneral_Test" name="subTestGetCompleteNameLastAsLocalTime" time="0.0" />
  <testcase classname="aka.jmetadata.test.JMetaDataGeneral_Test" name="subTestGetMoodAsInteger" time="0.0" />
  <testcase classname="aka.jmetadata.test.JMetaDataGeneral_Test" name="subTestGetAlbumReplayGainGainAsLocalDateTime" time="0.0" />
  <testcase classname="aka.jmetadata.test.JMetaDataGeneral_Test" name="subTestGetFormatCompressionAsString" time="0.0" />
  <testcase classname="aka.jmetadata.test.JMetaDataGeneral_Test" name="subTestGetOwnerAsLocalDateTime" time="0.0" />
  <testcase classname="aka.jmetadata.test.JMetaDataGeneral_Test" name="subTestGetFileSizeString4AsLocalDateTime" time="0.001" />
  <testcase classname="aka.jmetadata.test.JMetaDataGeneral_Test" name="subTestGetFormatInfoAsLong" time="0.0" />
  <testcase classname="aka.jmetadata.test.JMetaDataGeneral_Test" name="subTestGetMasteredByAsLong" time="0.0" />
  <testcase classname="aka.jmetadata.test.JMetaDataGeneral_Test" name="subTestGetRecordedLocationAsLocalDateTime" time="0.0" />
  <testcase classname="aka.jmetadata.test.JMetaDataGeneral_Test" name="subTestGetEncodedLibraryVersionAsString" time="0.0" />
  <testcase classname="aka.jmetadata.test.JMetaDataGeneral_Test" name="subTestGetOriginalSourceMediumIDAsInteger" time="0.0" />
  <testcase classname="aka.jmetadata.test.JMetaDataGeneral_Test" name="subTestGetFileSizeString1AsLocalTime" time="0.0" />
  <testcase classname="aka.jmetadata.test.JMetaDataGeneral_Test" name="subTestGetStreamSizeDemuxedString2AsLocalDateTime" time="0.0" />
  <testcase classname="aka.jmetadata.test.JMetaDataGeneral_Test" name="subTestGetDelayString2AsLocalTime" time="0.0" />
  <testcase classname="aka.jmetadata.test.JMetaDataGeneral_Test" name="subTestGetTrackPositionAsBigInteger" time="0.001" />
  <testcase classname="aka.jmetadata.test.JMetaDataGeneral_Test" name="subTestGetOverallBitRateModeAsString" time="0.0" />
  <testcase classname="aka.jmetadata.test.JMetaDataGeneral_Test" name="subTestGetFrameRateNumAsURL" time="0.0" />
  <testcase classname="aka.jmetadata.test.JMetaDataGeneral_Test" name="subTestGetTitleUrlAsURL" time="0.0" />
  <testcase classname="aka.jmetadata.test.JMetaDataGeneral_Test" name="subTestGetDistributedByAsURL" time="0.0" />
  <testcase classname="aka.jmetadata.test.JMetaDataGeneral_Test" name="subTestGetMenuIDAsBigInteger" time="0.0" />
  <testcase classname="aka.jmetadata.test.JMetaDataGeneral_Test" name="subTestGetOriginalSourceFormNumColorsAsLocalDateTime" time="0.0" />
  <testcase classname="aka.jmetadata.test.JMetaDataGeneral_Test" name="subTestGetAudioCountAsBigInteger" time="0.0" />
  <testcase classname="aka.jmetadata.test.JMetaDataGeneral_Test" name="subTestGetISBNAsLong" time="0.0" />
  <testcase classname="aka.jmetadata.test.JMetaDataGeneral_Test" name="subTestGetOriginalSourceFormSharpnessAsLocalTime" time="0.001" />
  <testcase classname="aka.jmetadata.test.JMetaDataGeneral_Test" name="subTestGetDelayString1AsURL" time="0.0" />
  <testcase classname="aka.jmetadata.test.JMetaDataGeneral_Test" name="subTestGetStreamCountAsLocalTime" time="0.0" />
  <testcase classname="aka.jmetadata.test.JMetaDataGeneral_Test" name="subTestGetEPGPositionsBeginAsBigInteger" time="0.001" />
  <testcase classname="aka.jmetadata.test.JMetaDataGeneral_Test" name="subTestGetPartPositionAsURL" time="0.0" />
  <testcase classname="aka.jmetadata.test.JMetaDataGeneral_Test" name="subTestGetLCCNAsLong" time="0.0" />
  <testcase classname="aka.jmetadata.test.JMetaDataGeneral_Test" name="subTestGetCopyrightAsBoolean" time="0.0" />
  <testcase classname="aka.jmetadata.test.JMetaDataGeneral_Test" name="subTestGetIDAsLocalDateTime" time="0.0" />
  <testcase classname="aka.jmetadata.test.JMetaDataGeneral_Test" name="subTestGetRatingAsLong" time="0.0" />
  <testcase classname="aka.jmetadata.test.JMetaDataGeneral_Test" name="subTestGetSoundEngineerAsBigInteger" time="0.0" />
  <testcase classname="aka.jmetadata.test.JMetaDataGeneral_Test" name="subTestGetSummaryAsBoolean" time="0.0" />
  <testcase classname="aka.jmetadata.test.JMetaDataGeneral_Test" name="subTestGetImageFormatWithHintListAsLong" time="0.0" />
  <testcase classname="aka.jmetadata.test.JMetaDataGeneral_Test" name="subTestGetStreamSizeDemuxedString4AsLocalTime" time="0.0" />
  <testcase classname="aka.jmetadata.test.JMetaDataGeneral_Test" name="subTestGetFormatExtensionsAsURL" time="0.001" />
  <testcase classname="aka.jmetadata.test.JMetaDataGeneral_Test" name="subTestGetOriginalSourceMediumAsBigInteger" time="0.0" />
  <testcase classname="aka.jmetadata.test.JMetaDataGeneral_Test" name="subTestGetTextCountAsLocalDateTime" time="0.001" />
  <testcase classname="aka.jmetadata.test.JMetaDataGeneral_Test" name="subTestGetDurationAsBigInteger" time="0.0" />
  <testcase classname="aka.jmetadata.test.JMetaDataGeneral_Test" name="subTestGetSeasonPositionTotalAsURL" time="0.0" />
  <testcase classname="aka.jmetadata.test.JMetaDataGeneral_Test" name="subTestGetEncodedApplicationUrlAsInteger" time="0.0" />
  <testcase classname="aka.jmetadata.test.JMetaDataGeneral_Test" name="subTestGetFileModifiedDateLocalAsBoolean" time="0.0" />
  <testcase classname="aka.jmetadata.test.JMetaDataGeneral_Test" name="subTestGetFileModifiedDateLocalAsString" time="0.002" />
  <testcase classname="aka.jmetadata.test.JMetaDataGeneral_Test" name="subTestGetCopyrightUrlAsURL" time="0.0" />
  <testcase classname="aka.jmetadata.test.JMetaDataGeneral_Test" name="subTestGetOverallBitRateModeStringAsLocalDateTime" time="0.0" />
  <testcase classname="aka.jmetadata.test.JMetaDataGeneral_Test" name="subTestGetDirectorAsLocalTime" time="0.0" />
  <testcase classname="aka.jmetadata.test.JMetaDataGeneral_Test" name="subTestGetProducerCopyrightAsInteger" time="0.0" />
  <testcase classname="aka.jmetadata.test.JMetaDataGeneral_Test" name="subTestGetEncodedLibraryDateAsLong" time="0.0" />
  <testcase classname="aka.jmetadata.test.JMetaDataGeneral_Test" name="subTestGetCoDirectorAsString" time="0.0" />
  <testcase classname="aka.jmetadata.test.JMetaDataGeneral_Test" name="subTestGetDelayString2AsURL" time="0.0" />
  <testcase classname="aka.jmetadata.test.JMetaDataGeneral_Test" name="subTestGetCompleteNameAsBoolean" time="0.0" />
  <testcase classname="aka.jmetadata.test.JMetaDataGeneral_Test" name="subTestGetExecutiveProducerAsLocalDateTime" time="0.0" />
  <testcase classname="aka.jmetadata.test.JMetaDataGeneral_Test" name="subTestGetOtherCountAsLong" time="0.0" />
  <testcase classname="aka.jmetadata.test.JMetaDataGeneral_Test" name="subTestGetDelaySourceAsLocalDateTime" time="0.0" />
  <testcase classname="aka.jmetadata.test.JMetaDataGeneral_Test" name="subTestGetEPGPositionsBeginAsURL" time="0.001" />
  <testcase classname="aka.jmetadata.test.JMetaDataGeneral_Test" name="subTestGetVideoFormatWithHintListAsBoolean" time="0.0" />
  <testcase classname="aka.jmetadata.test.JMetaDataGeneral_Test" name="subTestGetDotsPerInchAsBoolean" time="0.0" />
  <testcase classname="aka.jmetadata.test.JMetaDataGeneral_Test" name="subTestGetFormatCompressionAsInteger" time="0.0" />
  <testcase classname="aka.jmetadata.test.JMetaDataGeneral_Test" name="subTestGetEncodedOperatingSystemAsLong" time="0.0" />
  <testcase classname="aka.jmetadata.test.JMetaDataGeneral_Test" name="subTestGetAlbumPerformerUrlAsBigInteger" time="0.0" />
  <testcase classname="aka.jmetadata.test.JMetaDataGeneral_Test" name="subTestGetNetworkNameAsString" time="0.0" />
  <testcase classname="aka.jmetadata.test.JMetaDataGeneral_Test" name="subTestGetTrackPositionAsLocalDateTime" time="0.0" />
  <testcase classname="aka.jmetadata.test.JMetaDataGeneral_Test" name="subTestGetICRAAsString" time="0.0" />
  <testcase classname="aka.jmetadata.test.JMetaDataGeneral_Test" name="subTestGetSynopsisAsLocalTime" time="0.0" />
  <testcase classname="aka.jmetadata.test.JMetaDataGeneral_Test" name="subTestGetAlbumReplayGainGainStringAsString" time="0.001" />
  <testcase classname="aka.jmetadata.test.JMetaDataGeneral_Test" name="subTestGetIDStringAsString" time="0.0" />
  <testcase classname="aka.jmetadata.test.JMetaDataGeneral_Test" name="subTestGetMovieMoreAsBigInteger" time="0.0" />
  <testcase classname="aka.jmetadata.test.JMetaDataGeneral_Test" name="subTestGetFormatProfileAsLocalDateTime" time="0.001" />
  <testcase classname="aka.jmetadata.test.JMetaDataGeneral_Test" name="subTestGetDelayString3AsURL" time="0.0" />
  <testcase classname="aka.jmetadata.test.JMetaDataGeneral_Test" name="subTestGetFormatCommercialIfAnyAsLocalDateTime" time="0.0" />
  <testcase classname="aka.jmetadata.test.JMetaDataGeneral_Test" name="subTestGetActorAsLocalDateTime" time="0.0" />
  <testcase classname="aka.jmetadata.test.JMetaDataGeneral_Test" name="subTestGetRemixedByAsLocalTime" time="0.0" />
  <testcase classname="aka.jmetadata.test.JMetaDataGeneral_Test" name="subTestGetEncodedApplicationStringAsInteger" time="0.0" />
  <testcase classname="aka.jmetadata.test.JMetaDataGeneral_Test" name="subTestGetOtherCountAsBigInteger" time="0.0" />
  <testcase classname="aka.jmetadata.test.JMetaDataGeneral_Test" name="subTestGetStreamSizeProportionAsLong" time="0.0" />
  <testcase classname="aka.jmetadata.test.JMetaDataGeneral_Test" name="subTestGetDelaySourceAsInteger" time="0.0" />
  <testcase classname="aka.jmetadata.test.JMetaDataGeneral_Test" name="subTestGetEncryptionInitializationVectorAsInteger" time="0.0" />
  <testcase classname="aka.jmetadata.test.JMetaDataGeneral_Test" name="subTestGetOtherFormatWithHintListAsBoolean" time="0.0" />
  <testcase classname="aka.jmetadata.test.JMetaDataGeneral_Test" name="subTestGetTitleMoreAsLocalTime" time="0.001" />
  <testcase classname="aka.jmetadata.test.JMetaDataGeneral_Test" name="subTestGetFileExtensionAsLong" time="0.0" />
  <testcase classname="aka.jmetadata.test.JMetaDataGeneral_Test" name="subTestGetHeaderSizeAsBigInteger" time="0.0" />
  <testcase classname="aka.jmetadata.test.JMetaDataGeneral_Test" name="subTestGetStreamSizeDemuxedString4AsLong" time="0.0" />
  <testcase classname="aka.jmetadata.test.JMetaDataGeneral_Test" name="subTestGetDimensionsAsString" time="0.0" />
  <testcase classname="aka.jmetadata.test.JMetaDataGeneral_Test" name="subTestGetOwnerAsInteger" time="0.0" />
  <testcase classname="aka.jmetadata.test.JMetaDataGeneral_Test" name="subTestGetTextFormatListAsLocalDateTime" time="0.0" />
  <testcase classname="aka.jmetadata.test.JMetaDataGeneral_Test" name="subTestGetFormatCommercialIfAnyAsString" time="0.0" />
  <testcase classname="aka.jmetadata.test.JMetaDataGeneral_Test" name="subTestGetFormatUrlAsLong" time="0.0" />
  <testcase classname="aka.jmetadata.test.JMetaDataGeneral_Test" name="subTestGetSeasonPositionTotalAsString" time="0.0" />
  <testcase classname="aka.jmetadata.test.JMetaDataGeneral_Test" name="subTestGetTrackPositionTotalAsURL" time="0.0" />
  <testcase classname="aka.jmetadata.test.JMetaDataGeneral_Test" name="subTestGetDelayString4AsURL" time="0.0" />
  <testcase classname="aka.jmetadata.test.JMetaDataGeneral_Test" name="subTestGetMasteredDateAsInteger" time="0.0" />
  <testcase classname="aka.jmetadata.test.JMetaDataGeneral_Test" name="subTestGetCollectionAsLocalDateTime" time="0.0" />
  <testcase classname="aka.jmetadata.test.JMetaDataGeneral_Test" name="subTestGetCoverTypeAsInteger" time="0.0" />
  <testcase classname="aka.jmetadata.test.JMetaDataGeneral_Test" name="subTestGetDimensionsAsLocalDateTime" time="0.0" />
  <testcase classname="aka.jmetadata.test.JMetaDataGeneral_Test" name="subTestGetAlbumMoreAsBoolean" time="0.0" />
  <testcase classname="aka.jmetadata.test.JMetaDataGeneral_Test" name="subTestGetFrameRateAsLong" time="0.0" />
  <testcase classname="aka.jmetadata.test.JMetaDataGeneral_Test" name="subTestGetCoverDataAsLong" time="0.001" />
  <testcase classname="aka.jmetadata.test.JMetaDataGeneral_Test" name="subTestGetFileSizeString2AsLocalTime" time="0.0" />
  <testcase classname="aka.jmetadata.test.JMetaDataGeneral_Test" name="subTestGetFileCreatedDateLocalAsLocalTime" time="0.0" />
  <testcase classname="aka.jmetadata.test.JMetaDataGeneral_Test" name="subTestGetEncodedApplicationCompanyNameAsBigInteger" time="0.0" />
  <testcase classname="aka.jmetadata.test.JMetaDataGeneral_Test" name="subTestGetFormatUrlAsBigInteger" time="0.0" />
  <testcase classname="aka.jmetadata.test.JMetaDataGeneral_Test" name="subTestGetDelayString3AsLocalTime" time="0.0" />
  <testcase classname="aka.jmetadata.test.JMetaDataGeneral_Test" name="subTestGetTermsOfUseAsURL" time="0.0" />
  <testcase classname="aka.jmetadata.test.JMetaDataGeneral_Test" name="subTestGetCoProducerAsLocalDateTime" time="0.0" />
  <testcase classname="aka.jmetadata.test.JMetaDataGeneral_Test" name="subTestGetStreamSizeAsInteger" time="0.0" />
  <testcase classname="aka.jmetadata.test.JMetaDataGeneral_Test" name="subTestGetDelayString5AsURL" time="0.0" />
  <testcase classname="aka.jmetadata.test.JMetaDataGeneral_Test" name="subTestGetPlayedFirstDateAsLong" time="0.0" />
  <testcase classname="aka.jmetadata.test.JMetaDataGeneral_Test" name="subTestGetTitleAsLong" time="0.0" />
  <testcase classname="aka.jmetadata.test.JMetaDataGeneral_Test" name="subTestGetEncodedApplicationNameAsLocalTime" time="0.0" />
  <testcase classname="aka.jmetadata.test.JMetaDataGeneral_Test" name="subTestGetOverallBitRateMinimumAsInteger" time="0.001" />
  <testcase classname="aka.jmetadata.test.JMetaDataGeneral_Test" name="subTestGetCoverMimeAsBigInteger" time="0.0" />
  <testcase classname="aka.jmetadata.test.JMetaDataGeneral_Test" name="subTestGetWrittenByAsBigInteger" time="0.0" />
  <testcase classname="aka.jmetadata.test.JMetaDataGeneral_Test" name="subTestGetGroupingAsBoolean" time="0.001" />
  <testcase classname="aka.jmetadata.test.JMetaDataGeneral_Test" name="subTestGetEncodedByAsString" time="0.0" />
  <testcase classname="aka.jmetadata.test.JMetaDataGeneral_Test" name="subTestGetActorAsInteger" time="0.0" />
  <testcase classname="aka.jmetadata.test.JMetaDataGeneral_Test" name="subTestGetPartPositionTotalAsBigInteger" time="0.0" />
  <testcase classname="aka.jmetadata.test.JMetaDataGeneral_Test" name="subTestGetOverallBitRateModeStringAsLong" time="0.001" />
  <testcase classname="aka.jmetadata.test.JMetaDataGeneral_Test" name="subTestGetChoregrapherAsString" time="0.0" />
  <testcase classname="aka.jmetadata.test.JMetaDataGeneral_Test" name="subTestGetAlbumPerformerUrlAsLocalTime" time="0.0" />
  <testcase classname="aka.jmetadata.test.JMetaDataGeneral_Test" name="subTestGetCoverDescriptionAsString" time="0.0" />
  <testcase classname="aka.jmetadata.test.JMetaDataGeneral_Test" name="subTestGetEncodedLibraryDateAsBigInteger" time="0.0" />
  <testcase classname="aka.jmetadata.test.JMetaDataGeneral_Test" name="subTestGetCopyrightUrlAsLocalTime" time="0.0" />
  <testcase classname="aka.jmetadata.test.JMetaDataGeneral_Test" name="subTestGetFormatSettingsAsURL" time="0.0" />
  <testcase classname="aka.jmetadata.test.JMetaDataGeneral_Test" name="subTestGetCroppedAsLong" time="0.0" />
  <testcase classname="aka.jmetadata.test.JMetaDataGeneral_Test" name="subTestGetStreamSizeDemuxedString5AsLocalTime" time="0.0" />
  <testcase classname="aka.jmetadata.test.JMetaDataGeneral_Test" name="subTestGetMovieAsBigInteger" time="0.0" />
  <testcase classname="aka.jmetadata.test.JMetaDataGeneral_Test" name="subTestGetArtDirectorAsString" time="0.0" />
  <testcase classname="aka.jmetadata.test.JMetaDataGeneral_Test" name="subTestGetDelayStringAsBigInteger" time="0.0" />
  <testcase classname="aka.jmetadata.test.JMetaDataGeneral_Test" name="subTestGetDelaySettingsAsInteger" time="0.0" />
  <testcase classname="aka.jmetadata.test.JMetaDataGeneral_Test" name="subTestGetFrameRateDenAsBoolean" time="0.0" />
  <testcase classname="aka.jmetadata.test.JMetaDataGeneral_Test" name="subTestGetServiceNameAsBoolean" time="0.0" />
  <testcase classname="aka.jmetadata.test.JMetaDataGeneral_Test" name="subTestGetOverallBitRateStringAsBoolean" time="0.0" />
  <testcase classname="aka.jmetadata.test.JMetaDataGeneral_Test" name="subTestGetCopyrightUrlAsBigInteger" time="0.0" />
  <testcase classname="aka.jmetadata.test.JMetaDataGeneral_Test" name="subTestGetContentTypeAsBigInteger" time="0.0" />
  <testcase classname="aka.jmetadata.test.JMetaDataGeneral_Test" name="subTestGetGenreAsURL" time="0.001" />
  <testcase classname="aka.jmetadata.test.JMetaDataGeneral_Test" name="subTestGetProducerCopyrightAsURL" time="0.0" />
  <testcase classname="aka.jmetadata.test.JMetaDataGeneral_Test" name="subTestGetTrackAsString" time="0.0" />
  <testcase classname="aka.jmetadata.test.JMetaDataGeneral_Test" name="subTestGetAlbumPerformerAsString" time="0.001" />
  <testcase classname="aka.jmetadata.test.JMetaDataGeneral_Test" name="subTestGetDurationEndAsLocalDateTime" time="0.0" />
  <testcase classname="aka.jmetadata.test.JMetaDataGeneral_Test" name="subTestGetDurationAsLong" time="0.0" />
  <testcase classname="aka.jmetadata.test.JMetaDataGeneral_Test" name="subTestGetDelayString1AsBigInteger" time="0.0" />
  <testcase classname="aka.jmetadata.test.JMetaDataGeneral_Test" name="subTestGetOriginalSourceFormAsInteger" time="0.0" />
  <testcase classname="aka.jmetadata.test.JMetaDataGeneral_Test" name="subTestGetOverallBitRateNominalAsString" time="0.0" />
  <testcase classname="aka.jmetadata.test.JMetaDataGeneral_Test" name="subTestGetDescriptionAsLocalTime" time="0.001" />
  <testcase classname="aka.jmetadata.test.JMetaDataGeneral_Test" name="subTestGetTrackPositionTotalAsLong" time="0.0" />
  <testcase classname="aka.jmetadata.test.JMetaDataGeneral_Test" name="subTestGetOverallBitRateMaximumAsInteger" time="0.0" />
  <testcase classname="aka.jmetadata.test.JMetaDataGeneral_Test" name="subTestGetCodecIDAsBoolean" time="0.0" />
  <testcase classname="aka.jmetadata.test.JMetaDataGeneral_Test" name="subTestGetEncodedDateAsBoolean" time="0.0" />
  <testcase classname="aka.jmetadata.test.JMetaDataGeneral_Test" name="subTestGetFileSizeString4AsBoolean" time="0.0" />
  <testcase classname="aka.jmetadata.test.JMetaDataGeneral_Test" name="subTestGetCoverAsLocalTime" time="0.0" />
  <testcase classname="aka.jmetadata.test.JMetaDataGeneral_Test" name="subTestGetRemixedByAsString" time="0.0" />
  <testcase classname="aka.jmetadata.test.JMetaDataGeneral_Test" name="subTestGetTitleUrlAsString" time="0.001" />
  <testcase classname="aka.jmetadata.test.JMetaDataGeneral_Test" name="subTestGetOriginalSourceMediumIDStringAsInteger" time="0.0" />
  <testcase classname="aka.jmetadata.test.JMetaDataGeneral_Test" name="subTestGetDomainAsURL" time="0.0" />
  <testcase classname="aka.jmetadata.test.JMetaDataGeneral_Test" name="subTestGetOriginalLyricistAsURL" time="0.0" />
  <testcase classname="aka.jmetadata.test.JMetaDataGeneral_Test" name="subTestGetEncryptionLengthAsInteger" time="0.0" />
  <testcase classname="aka.jmetadata.test.JMetaDataGeneral_Test" name="subTestGetProducerAsInteger" time="0.0" />
  <testcase classname="aka.jmetadata.test.JMetaDataGeneral_Test" name="subTestGetDurationString1AsLocalDateTime" time="0.0" />
  <testcase classname="aka.jmetadata.test.JMetaDataGeneral_Test" name="subTestGetLabelCodeAsBoolean" time="0.0" />
  <testcase classname="aka.jmetadata.test.JMetaDataGeneral_Test" name="subTestGetAlbumReplayGainGainStringAsLocalTime" time="0.0" />
  <testcase classname="aka.jmetadata.test.JMetaDataGeneral_Test" name="subTestGetEncodedLibraryDateAsBoolean" time="0.001" />
  <testcase classname="aka.jmetadata.test.JMetaDataGeneral_Test" name="subTestGetOriginalNetworkNameAsURL" time="0.0" />
  <testcase classname="aka.jmetadata.test.JMetaDataGeneral_Test" name="subTestGetTextFormatListAsLong" time="0.0" />
  <testcase classname="aka.jmetadata.test.JMetaDataGeneral_Test" name="subTestGetLCCNAsURL" time="0.0" />
  <testcase classname="aka.jmetadata.test.JMetaDataGeneral_Test" name="subTestGetEncodedOperatingSystemAsURL" time="0.0" />
  <testcase classname="aka.jmetadata.test.JMetaDataGeneral_Test" name="subTestGetFolderNameLastAsInteger" time="0.001" />
  <testcase classname="aka.jmetadata.test.JMetaDataGeneral_Test" name="subTestGetStreamSizeString5AsInteger" time="0.0" />
  <testcase classname="aka.jmetadata.test.JMetaDataGeneral_Test" name="subTestGetStreamKindAsLocalDateTime" time="0.001" />
  <testcase classname="aka.jmetadata.test.JMetaDataGeneral_Test" name="subTestGetDelayString4AsLong" time="0.001" />
  <testcase classname="aka.jmetadata.test.JMetaDataGeneral_Test" name="subTestGetCodecIDDescriptionAsLocalTime" time="0.0" />
  <testcase classname="aka.jmetadata.test.JMetaDataGeneral_Test" name="subTestGetTextFormatWithHintListAsInteger" time="0.0" />
  <testcase classname="aka.jmetadata.test.JMetaDataGeneral_Test" name="subTestGetFileSizeString3AsLocalTime" time="0.0" />
  <testcase classname="aka.jmetadata.test.JMetaDataGeneral_Test" name="subTestGetCroppedAsBigInteger" time="0.0" />
  <testcase classname="aka.jmetadata.test.JMetaDataGeneral_Test" name="subTestGetLawRatingReasonAsLocalTime" time="0.0" />
  <testcase classname="aka.jmetadata.test.JMetaDataGeneral_Test" name="subTestGetOwnerAsString" time="0.0" />
  <testcase classname="aka.jmetadata.test.JMetaDataGeneral_Test" name="subTestGetArrangerAsLocalTime" time="0.0" />
  <testcase classname="aka.jmetadata.test.JMetaDataGeneral_Test" name="subTestGetAlbumReplayGainGainStringAsLocalDateTime" time="0.0" />
  <testcase classname="aka.jmetadata.test.JMetaDataGeneral_Test" name="subTestGetImageLanguageListAsInteger" time="0.0" />
  <testcase classname="aka.jmetadata.test.JMetaDataGeneral_Test" name="subTestGetActorAsURL" time="0.0" />
  <testcase classname="aka.jmetadata.test.JMetaDataGeneral_Test" name="subTestGetDelayString4AsLocalTime" time="0.0" />
  <testcase classname="aka.jmetadata.test.JMetaDataGeneral_Test" name="subTestGetStreamKindStringAsURL" time="0.0" />
  <testcase classname="aka.jmetadata.test.JMetaDataGeneral_Test" name="subTestGetMasteredByAsString" time="0.0" />
  <testcase classname="aka.jmetadata.test.JMetaDataGeneral_Test" name="subTestGetOtherFormatWithHintListAsLocalTime" time="0.0" />
  <testcase classname="aka.jmetadata.test.JMetaDataGeneral_Test" name="subTestGetLCCNAsLocalDateTime" time="0.0" />
  <testcase classname="aka.jmetadata.test.JMetaDataGeneral_Test" name="subTestGetFrameRateStringAsLocalDateTime" time="0.0" />
  <testcase classname="aka.jmetadata.test.JMetaDataGeneral_Test" name="subTestGetEncodedApplicationUrlAsBigInteger" time="0.0" />
  <testcase classname="aka.jmetadata.test.JMetaDataGeneral_Test" name="subTestGetDurationStartAsString" time="0.0" />
  <testcase classname="aka.jmetadata.test.JMetaDataGeneral_Test" name="subTestGetInterleavedAsLocalTime" time="0.0" />
  <testcase classname="aka.jmetadata.test.JMetaDataGeneral_Test" name="subTestGetEncryptionPaddingAsString" time="0.0" />
  <testcase classname="aka.jmetadata.test.JMetaDataGeneral_Test" name="subTestGetVideoFormatListAsLocalTime" time="0.0" />
  <testcase classname="aka.jmetadata.test.JMetaDataGeneral_Test" name="subTestGetFolderNameAsURL" time="0.001" />
  <testcase classname="aka.jmetadata.test.JMetaDataGeneral_Test" name="subTestGetFrameRateStringAsInteger" time="0.0" />
  <testcase classname="aka.jmetadata.test.JMetaDataGeneral_Test" name="subTestGetOriginalSourceMediumIDStringAsLocalTime" time="0.0" />
  <testcase classname="aka.jmetadata.test.JMetaDataGeneral_Test" name="subTestGetDotsPerInchAsURL" time="0.0" />
  <testcase classname="aka.jmetadata.test.JMetaDataGeneral_Test" name="subTestGetStreamSizeDemuxedStringAsLocalTime" time="0.001" />
  <testcase classname="aka.jmetadata.test.JMetaDataGeneral_Test" name="subTestGetTrackPositionTotalAsBigInteger" time="0.001" />
  <testcase classname="aka.jmetadata.test.JMetaDataGeneral_Test" name="subTestGetNetworkNameAsLong" time="0.0" />
  <testcase classname="aka.jmetadata.test.JMetaDataGeneral_Test" name="subTestGetTextLanguageListAsURL" time="0.0" />
  <testcase classname="aka.jmetadata.test.JMetaDataGeneral_Test" name="subTestGetDelayDropFrameAsLocalDateTime" time="0.0" />
  <testcase classname="aka.jmetadata.test.JMetaDataGeneral_Test" name="subTestGetOverallBitRateMinimumStringAsString" time="0.0" />
  <testcase classname="aka.jmetadata.test.JMetaDataGeneral_Test" name="subTestGetFileSizeStringAsBigInteger" time="0.0" />
  <testcase classname="aka.jmetadata.test.JMetaDataGeneral_Test" name="subTestGetISRCAsInteger" time="0.0" />
  <testcase classname="aka.jmetadata.test.JMetaDataGeneral_Test" name="subTestGetAddedDateAsBoolean" time="0.0" />
  <testcase classname="aka.jmetadata.test.JMetaDataGeneral_Test" name="subTestGetMenuCountAsURL" time="0.0" />
  <testcase classname="aka.jmetadata.test.JMetaDataGeneral_Test" name="subTestGetDelaySettingsAsURL" time="0.0" />
  <testcase classname="aka.jmetadata.test.JMetaDataGeneral_Test" name="subTestGetFileSizeAsBigInteger" time="0.0" />
  <testcase classname="aka.jmetadata.test.JMetaDataGeneral_Test" name="subTestGetOriginalSourceFormSharpnessAsLong" time="0.001" />
  <testcase classname="aka.jmetadata.test.JMetaDataGeneral_Test" name="subTestGetFrameRateStringAsBigInteger" time="0.0" />
  <testcase classname="aka.jmetadata.test.JMetaDataGeneral_Test" name="subTestGetFileModifiedDateAsLocalTime" time="0.001" />
  <testcase classname="aka.jmetadata.test.JMetaDataGeneral_Test" name="subTestGetOriginalSourceFormSharpnessAsBigInteger" time="0.0" />
  <testcase classname="aka.jmetadata.test.JMetaDataGeneral_Test" name="subTestGetEncryptionFormatAsInteger" time="0.0" />
  <testcase classname="aka.jmetadata.test.JMetaDataGeneral_Test" name="subTestGetEncodedDateAsLocalTime" time="0.0" />
  <testcase classname="aka.jmetadata.test.JMetaDataGeneral_Test" name="subTestGetEncryptionModeAsBigInteger" time="0.0" />
  <testcase classname="aka.jmetadata.test.JMetaDataGeneral_Test" name="subTestGetPerformerAsLocalTime" time="0.0" />
  <testcase classname="aka.jmetadata.test.JMetaDataGeneral_Test" name="subTestGetCollectionAsLocalTime" time="0.0" />
  <testcase classname="aka.jmetadata.test.JMetaDataGeneral_Test" name="subTestGetMovieUrlAsLong" time="0.0" />
  <testcase classname="aka.jmetadata.test.JMetaDataGeneral_Test" name="subTestGetPartPositionAsInteger" time="0.0" />
  <testcase classname="aka.jmetadata.test.JMetaDataGeneral_Test" name="subTestGetISBNAsLocalTime" time="0.001" />
  <testcase classname="aka.jmetadata.test.JMetaDataGeneral_Test" name="subTestGetEncodedByAsLocalTime" time="0.0" />
  <testcase classname="aka.jmetadata.test.JMetaDataGeneral_Test" name="subTestGetCountryAsLocalTime" time="0.0" />
  <testcase classname="aka.jmetadata.test.JMetaDataGeneral_Test" name="subTestGetCodecIDDescriptionAsURL" time="0.001" />
  <testcase classname="aka.jmetadata.test.JMetaDataGeneral_Test" name="subTestGetUniqueIDStringAsLocalDateTime" time="0.0" />
  <testcase classname="aka.jmetadata.test.JMetaDataGeneral_Test" name="subTestGetAlbumAsString" time="0.0" />
  <testcase classname="aka.jmetadata.test.JMetaDataGeneral_Test" name="subTestGetOriginalSourceFormNameAsLong" time="0.0" />
  <testcase classname="aka.jmetadata.test.JMetaDataGeneral_Test" name="subTestGetOverallBitRateNominalAsLocalDateTime" time="0.001" />
  <testcase classname="aka.jmetadata.test.JMetaDataGeneral_Test" name="subTestGetGroupingAsLocalTime" time="0.0" />
  <testcase classname="aka.jmetadata.test.JMetaDataGeneral_Test" name="subTestGetStreamSizeAsBigInteger" time="0.0" />
  <testcase classname="aka.jmetadata.test.JMetaDataGeneral_Test" name="subTestGetTextLanguageListAsLocalDateTime" time="0.001" />
  <testcase classname="aka.jmetadata.test.JMetaDataGeneral_Test" name="subTestGetStreamSizeStringAsURL" time="0.0" />
  <testcase classname="aka.jmetadata.test.JMetaDataGeneral_Test" name="subTestGetMasteredDateAsURL" time="0.0" />
  <testcase classname="aka.jmetadata.test.JMetaDataGeneral_Test" name="subTestGetEncodedApplicationNameAsLocalDateTime" time="0.0" />
  <testcase classname="aka.jmetadata.test.JMetaDataGeneral_Test" name="subTestGetRatingAsString" time="0.0" />
  <testcase classname="aka.jmetadata.test.JMetaDataGeneral_Test" name="subTestGetCoProducerAsLocalTime" time="0.0" />
  <testcase classname="aka.jmetadata.test.JMetaDataGeneral_Test" name="subTestGetDelayAsLocalTime" time="0.0" />
  <testcase classname="aka.jmetadata.test.JMetaDataGeneral_Test" name="subTestGetCoDirectorAsBoolean" time="0.001" />
  <testcase classname="aka.jmetadata.test.JMetaDataGeneral_Test" name="subTestGetCodecIDInfoAsURL" time="0.001" />
  <testcase classname="aka.jmetadata.test.JMetaDataGeneral_Test" name="subTestGetFrameCountAsLocalDateTime" time="0.0" />
  <testcase classname="aka.jmetadata.test.JMetaDataGeneral_Test" name="subTestGetTitleUrlAsLocalDateTime" time="0.0" />
  <testcase classname="aka.jmetadata.test.JMetaDataGeneral_Test" name="subTestGetDotsPerInchAsBigInteger" time="0.0" />
  <testcase classname="aka.jmetadata.test.JMetaDataGeneral_Test" name="subTestGetEncodedLibraryAsURL" time="0.001" />
  <testcase classname="aka.jmetadata.test.JMetaDataGeneral_Test" name="subTestGetTaggedApplicationAsLocalDateTime" time="0.0" />
  <testcase classname="aka.jmetadata.test.JMetaDataGeneral_Test" name="subTestGetFormatExtensionsAsLocalDateTime" time="0.001" />
  <testcase classname="aka.jmetadata.test.JMetaDataGeneral_Test" name="subTestGetFormatSettingsAsInteger" time="0.0" />
  <testcase classname="aka.jmetadata.test.JMetaDataGeneral_Test" name="subTestGetOverallBitRateNominalStringAsString" time="0.0" />
  <testcase classname="aka.jmetadata.test.JMetaDataGeneral_Test" name="subTestGetStreamSizeDemuxedString3AsString" time="0.0" />
  <testcase classname="aka.jmetadata.test.JMetaDataGeneral_Test" name="subTestGetServiceProviderrUrlAsString" time="0.0" />
  <testcase classname="aka.jmetadata.test.JMetaDataGeneral_Test" name="subTestGetKeywordsAsBoolean" time="0.0" />
  <testcase classname="aka.jmetadata.test.JMetaDataGeneral_Test" name="subTestGetStreamKindPosAsLong" time="0.0" />
  <testcase classname="aka.jmetadata.test.JMetaDataGeneral_Test" name="subTestGetDurationEndAsBigInteger" time="0.0" />
  <testcase classname="aka.jmetadata.test.JMetaDataGeneral_Test" name="subTestGetComposerAsInteger" time="0.0" />
  <testcase classname="aka.jmetadata.test.JMetaDataGeneral_Test" name="subTestGetOriginalLyricistAsLocalTime" time="0.0" />
  <testcase classname="aka.jmetadata.test.JMetaDataGeneral_Test" name="subTestGetSummaryAsLocalTime" time="0.0" />
  <testcase classname="aka.jmetadata.test.JMetaDataGeneral_Test" name="subTestGetFileSizeString4AsLocalTime" time="0.0" />
  <testcase classname="aka.jmetadata.test.JMetaDataGeneral_Test" name="subTestGetAlbumReplayGainPeakAsBoolean" time="0.0" />
  <testcase classname="aka.jmetadata.test.JMetaDataGeneral_Test" name="subTestGetTaggedApplicationAsInteger" time="0.0" />
  <testcase classname="aka.jmetadata.test.JMetaDataGeneral_Test" name="subTestGetServiceProviderAsLong" time="0.0" />
  <testcase classname="aka.jmetadata.test.JMetaDataGeneral_Test" name="subTestGetChoregrapherAsLong" time="0.0" />
  <testcase classname="aka.jmetadata.test.JMetaDataGeneral_Test" name="subTestGetStreamKindIDAsBoolean" time="0.0" />
  <testcase classname="aka.jmetadata.test.JMetaDataGeneral_Test" name="subTestGetDelayString5AsInteger" time="0.0" />
  <testcase classname="aka.jmetadata.test.JMetaDataGeneral_Test" name="subTestGetDelayString5AsLocalTime" time="0.0" />
  <testcase classname="aka.jmetadata.test.JMetaDataGeneral_Test" name="subTestGetAudioCountAsInteger" time="0.001" />
  <testcase classname="aka.jmetadata.test.JMetaDataGeneral_Test" name="subTestGetAudioFormatWithHintListAsLong" time="0.0" />
  <testcase classname="aka.jmetadata.test.JMetaDataGeneral_Test" name="subTestGetDirectorAsURL" time="0.001" />
  <testcase classname="aka.jmetadata.test.JMetaDataGeneral_Test" name="subTestGetReleasedDateAsLocalTime" time="0.0" />
  <testcase classname="aka.jmetadata.test.JMetaDataGeneral_Test" name="subTestGetWrittenDateAsInteger" time="0.0" />
  <testcase classname="aka.jmetadata.test.JMetaDataGeneral_Test" name="subTestGetArchivalLocationAsBigInteger" time="0.0" />
  <testcase classname="aka.jmetadata.test.JMetaDataGeneral_Test" name="subTestGetPerformerUrlAsInteger" time="0.0" />
  <testcase classname="aka.jmetadata.test.JMetaDataGeneral_Test" name="subTestGetAudioFormatWithHintListAsLocalDateTime" time="0.0" />
  <testcase classname="aka.jmetadata.test.JMetaDataGeneral_Test" name="subTestGetFileNameAsURL" time="0.0" />
  <testcase classname="aka.jmetadata.test.JMetaDataGeneral_Test" name="subTestGetFileSizeString3AsBoolean" time="0.0" />
  <testcase classname="aka.jmetadata.test.JMetaDataGeneral_Test" name="subTestGetStreamKindPosAsInteger" time="0.0" />
  <testcase classname="aka.jmetadata.test.JMetaDataGeneral_Test" name="subTestGetTextLanguageListAsInteger" time="0.0" />
  <testcase classname="aka.jmetadata.test.JMetaDataGeneral_Test" name="subTestGetPackageNameAsBigInteger" time="0.0" />
  <testcase classname="aka.jmetadata.test.JMetaDataGeneral_Test" name="subTestGetUniqueIDAsLong" time="0.0" />
  <testcase classname="aka.jmetadata.test.JMetaDataGeneral_Test" name="subTestGetServiceTypeAsBoolean" time="0.0" />
  <testcase classname="aka.jmetadata.test.JMetaDataGeneral_Test" name="subTestGetContentTypeAsURL" time="0.0" />
  <testcase classname="aka.jmetadata.test.JMetaDataGeneral_Test" name="subTestGetStreamSizeString1AsLocalTime" time="0.0" />
  <testcase classname="aka.jmetadata.test.JMetaDataGeneral_Test" name="subTestGetAccompanimentAsBoolean" time="0.0" />
  <testcase classname="aka.jmetadata.test.JMetaDataGeneral_Test" name="subTestGetMovieMoreAsLocalTime" time="0.0" />
  <testcase classname="aka.jmetadata.test.JMetaDataGeneral_Test" name="subTestGetRecordedLocationAsInteger" time="0.0" />
  <testcase classname="aka.jmetadata.test.JMetaDataGeneral_Test" name="subTestGetAlbumReplayGainGainAsBoolean" time="0.0" />
  <testcase classname="aka.jmetadata.test.JMetaDataGeneral_Test" name="subTestGetTrackAsBoolean" time="0.0" />
  <testcase classname="aka.jmetadata.test.JMetaDataGeneral_Test" name="subTestGetMenuFormatListAsBigInteger" time="0.0" />
  <testcase classname="aka.jmetadata.test.JMetaDataGeneral_Test" name="subTestGetTimeZoneAsLocalDateTime" time="0.0" />
  <testcase classname="aka.jmetadata.test.JMetaDataGeneral_Test" name="subTestGetDistributedByAsLocalTime" time="0.0" />
  <testcase classname="aka.jmetadata.test.JMetaDataGeneral_Test" name="subTestGetStreamSizeString4AsInteger" time="0.001" />
  <testcase classname="aka.jmetadata.test.JMetaDataGeneral_Test" name="subTestGetMenuIDStringAsString" time="0.0" />
  <testcase classname="aka.jmetadata.test.JMetaDataGeneral_Test" name="subTestGetCodecIDDescriptionAsBoolean" time="0.0" />
  <testcase classname="aka.jmetadata.test.JMetaDataGeneral_Test" name="subTestGetOriginalTrackAsLong" time="0.0" />
  <testcase classname="aka.jmetadata.test.JMetaDataGeneral_Test" name="subTestGetAlbumSortAsString" time="0.0" />
  <testcase classname="aka.jmetadata.test.JMetaDataGeneral_Test" name="subTestGetEncodedLibrarySettingsAsString" time="0.0" />
  <testcase classname="aka.jmetadata.test.JMetaDataGeneral_Test" name="subTestGetLightnessAsString" time="0.0" />
  <testcase classname="aka.jmetadata.test.JMetaDataGeneral_Test" name="subTestGetCopyrightAsBigInteger" time="0.001" />
  <testcase classname="aka.jmetadata.test.JMetaDataGeneral_Test" name="subTestGetAlbumReplayGainGainAsBigInteger" time="0.0" />
  <testcase classname="aka.jmetadata.test.JMetaDataGeneral_Test" name="subTestGetCoverDescriptionAsLocalDateTime" time="0.0" />
  <testcase classname="aka.jmetadata.test.JMetaDataGeneral_Test" name="subTestGetMasteredByAsInteger" time="0.0" />
  <testcase classname="aka.jmetadata.test.JMetaDataGeneral_Test" name="subTestGetBarCodeAsLocalTime" time="0.001" />
  <testcase classname="aka.jmetadata.test.JMetaDataGeneral_Test" name="subTestGetFormatVersionAsString" time="0.0" />
  <testcase classname="aka.jmetadata.test.JMetaDataGeneral_Test" name="subTestGetEncodedApplicationAsLocalTime" time="0.0" />
  <testcase classname="aka.jmetadata.test.JMetaDataGeneral_Test" name="subTestGetUniqueIDStringAsBigInteger" time="0.0" />
  <testcase classname="aka.jmetadata.test.JMetaDataGeneral_Test" name="subTestGetAlbumPerformerAsBoolean" time="0.0" />
  <testcase classname="aka.jmetadata.test.JMetaDataGeneral_Test" name="subTestGetLabelAsLocalDateTime" time="0.0" />
  <testcase classname="aka.jmetadata.test.JMetaDataGeneral_Test" name="subTestGetProductionStudioAsLong" time="0.0" />
  <testcase classname="aka.jmetadata.test.JMetaDataGeneral_Test" name="subTestGetFolderNameLastAsURL" time="0.0" />
  <testcase classname="aka.jmetadata.test.JMetaDataGeneral_Test" name="subTestGetAlbumReplayGainGainAsURL" time="0.0" />
  <testcase classname="aka.jmetadata.test.JMetaDataGeneral_Test" name="subTestGetStreamCountAsBigInteger" time="0.0" />
  <testcase classname="aka.jmetadata.test.JMetaDataGeneral_Test" name="subTestGetTrackUrlAsURL" time="0.001" />
  <testcase classname="aka.jmetadata.test.JMetaDataGeneral_Test" name="subTestGetAlbumPerformerUrlAsURL" time="0.0" />
  <testcase classname="aka.jmetadata.test.JMetaDataGeneral_Test" name="subTestGetMenuLanguageListAsInteger" time="0.0" />
  <testcase classname="aka.jmetadata.test.JMetaDataGeneral_Test" name="subTestGetLawRatingReasonAsLong" time="0.0" />
  <testcase classname="aka.jmetadata.test.JMetaDataGeneral_Test" name="subTestGetOverallBitRateModeAsLocalTime" time="0.0" />
  <testcase classname="aka.jmetadata.test.JMetaDataGeneral_Test" name="subTestGetSeasonAsBigInteger" time="0.0" />
  <testcase classname="aka.jmetadata.test.JMetaDataGeneral_Test" name="subTestGetComicPositionTotalAsBigInteger" time="0.0" />
  <testcase classname="aka.jmetadata.test.JMetaDataGeneral_Test" name="subTestGetFileSizeAsInteger" time="0.0" />
  <testcase classname="aka.jmetadata.test.JMetaDataGeneral_Test" name="subTestGetTextFormatWithHintListAsURL" time="0.0" />
  <testcase classname="aka.jmetadata.test.JMetaDataGeneral_Test" name="subTestGetPerformerAsString" time="0.0" />
  <testcase classname="aka.jmetadata.test.JMetaDataGeneral_Test" name="subTestGetOverallBitRateMinimumAsLong" time="0.0" />
  <testcase classname="aka.jmetadata.test.JMetaDataGeneral_Test" name="subTestGetComicPositionTotalAsURL" time="0.0" />
  <testcase classname="aka.jmetadata.test.JMetaDataGeneral_Test" name="subTestGetFormatCommercialAsLong" time="0.001" />
  <testcase classname="aka.jmetadata.test.JMetaDataGeneral_Test" name="subTestGetTrackMoreAsLocalTime" time="0.0" />
  <testcase classname="aka.jmetadata.test.JMetaDataGeneral_Test" name="subTestGetServiceNameAsBigInteger" time="0.0" />
  <testcase classname="aka.jmetadata.test.JMetaDataGeneral_Test" name="subTestGetCodecIDHintAsLocalDateTime" time="0.0" />
  <testcase classname="aka.jmetadata.test.JMetaDataGeneral_Test" name="subTestGetSubjectAsBigInteger" time="0.001" />
  <testcase classname="aka.jmetadata.test.JMetaDataGeneral_Test" name="subTestGetFileSizeString3AsLocalDateTime" time="0.0" />
  <testcase classname="aka.jmetadata.test.JMetaDataGeneral_Test" name="subTestGetFormatLevelAsString" time="0.0" />
  <testcase classname="aka.jmetadata.test.JMetaDataGeneral_Test" name="subTestGetStreamSizeDemuxedString1AsLocalDateTime" time="0.0" />
  <testcase classname="aka.jmetadata.test.JMetaDataGeneral_Test" name="subTestGetFileModifiedDateAsURL" time="0.001" />
  <testcase classname="aka.jmetadata.test.JMetaDataGeneral_Test" name="subTestGetRatingAsURL" time="0.0" />
  <testcase classname="aka.jmetadata.test.JMetaDataGeneral_Test" name="subTestGetOtherFormatListAsString" time="0.001" />
  <testcase classname="aka.jmetadata.test.JMetaDataGeneral_Test" name="subTestGetDomainAsInteger" time="0.0" />
  <testcase classname="aka.jmetadata.test.JMetaDataGeneral_Test" name="subTestGetExecutiveProducerAsBigInteger" time="0.001" />
  <testcase classname="aka.jmetadata.test.JMetaDataGeneral_Test" name="subTestGetLyricistAsBigInteger" time="0.0" />
  <testcase classname="aka.jmetadata.test.JMetaDataGeneral_Test" name="subTestGetStatusAsString" time="0.001" />
  <testcase classname="aka.jmetadata.test.JMetaDataGeneral_Test" name="subTestGetPartAsLong" time="0.0" />
  <testcase classname="aka.jmetadata.test.JMetaDataGeneral_Test" name="subTestGetProductionDesignerAsBigInteger" time="0.001" />
  <testcase classname="aka.jmetadata.test.JMetaDataGeneral_Test" name="subTestGetDelayStringAsLong" time="0.0" />
  <testcase classname="aka.jmetadata.test.JMetaDataGeneral_Test" name="subTestGetServiceProviderAsLocalDateTime" time="0.001" />
  <testcase classname="aka.jmetadata.test.JMetaDataGeneral_Test" name="subTestGetPlayedLastDateAsLocalDateTime" time="0.0" />
  <testcase classname="aka.jmetadata.test.JMetaDataGeneral_Test" name="subTestGetServiceProviderAsURL" time="0.0" />
  <testcase classname="aka.jmetadata.test.JMetaDataGeneral_Test" name="subTestGetLyricistAsLong" time="0.0" />
  <testcase classname="aka.jmetadata.test.JMetaDataGeneral_Test" name="subTestGetLawRatingReasonAsInteger" time="0.0" />
  <testcase classname="aka.jmetadata.test.JMetaDataGeneral_Test" name="subTestGetStreamSizeString5AsString" time="0.0" />
  <testcase classname="aka.jmetadata.test.JMetaDataGeneral_Test" name="subTestGetInternetMediaTypeAsLong" time="0.0" />
  <testcase classname="aka.jmetadata.test.JMetaDataGeneral_Test" name="subTestGetOriginalSourceFormSharpnessAsBoolean" time="0.0" />
  <testcase classname="aka.jmetadata.test.JMetaDataGeneral_Test" name="subTestGetDistributedByAsBigInteger" time="0.0" />
  <testcase classname="aka.jmetadata.test.JMetaDataGeneral_Test" name="subTestGetDurationAsBoolean" time="0.0" />
  <testcase classname="aka.jmetadata.test.JMetaDataGeneral_Test" name="subTestGetRemixedByAsLocalDateTime" time="0.0" />
  <testcase classname="aka.jmetadata.test.JMetaDataGeneral_Test" name="subTestGetFormatVersionAsURL" time="0.0" />
  <testcase classname="aka.jmetadata.test.JMetaDataGeneral_Test" name="subTestGetStreamSizeDemuxedString5AsBigInteger" time="0.0" />
  <testcase classname="aka.jmetadata.test.JMetaDataGeneral_Test" name="subTestGetStreamSizeString2AsLocalTime" time="0.001" />
  <testcase classname="aka.jmetadata.test.JMetaDataGeneral_Test" name="subTestGetFormatLevelAsLong" time="0.0" />
  <testcase classname="aka.jmetadata.test.JMetaDataGeneral_Test" name="subTestGetCoverDescriptionAsLong" time="0.0" />
  <testcase classname="aka.jmetadata.test.JMetaDataGeneral_Test" name="subTestGetCountAsURL" time="0.0" />
  <testcase classname="aka.jmetadata.test.JMetaDataGeneral_Test" name="subTestGetSubjectAsBoolean" time="0.0" />
  <testcase classname="aka.jmetadata.test.JMetaDataGeneral_Test" name="subTestGetEncodedApplicationCompanyNameAsLocalTime" time="0.0" />
  <testcase classname="aka.jmetadata.test.JMetaDataGeneral_Test" name="subTestGetAlbumReplayGainPeakAsLocalDateTime" time="0.0" />
  <testcase classname="aka.jmetadata.test.JMetaDataGeneral_Test" name="subTestGetCollectionAsInteger" time="0.0" />
  <testcase classname="aka.jmetadata.test.JMetaDataGeneral_Test" name="subTestGetCodecIDStringAsInteger" time="0.001" />
  <testcase classname="aka.jmetadata.test.JMetaDataGeneral_Test" name="subTestGetCodecIDVersionAsLong" time="0.0" />
  <testcase classname="aka.jmetadata.test.JMetaDataGeneral_Test" name="subTestGetMenuIDStringAsLocalDateTime" time="0.0" />
  <testcase classname="aka.jmetadata.test.JMetaDataGeneral_Test" name="subTestGetFrameRateNumAsInteger" time="0.001" />
  <testcase classname="aka.jmetadata.test.JMetaDataGeneral_Test" name="subTestGetFileNameLastAsBigInteger" time="0.0" />
  <testcase classname="aka.jmetadata.test.JMetaDataGeneral_Test" name="subTestGetDurationEndAsLong" time="0.0" />
  <testcase classname="aka.jmetadata.test.JMetaDataGeneral_Test" name="subTestGetUniqueIDAsString" time="0.0" />
  <testcase classname="aka.jmetadata.test.JMetaDataGeneral_Test" name="subTestGetPodcastCategoryAsLong" time="0.0" />
  <testcase classname="aka.jmetadata.test.JMetaDataGeneral_Test" name="subTestGetProductionDesignerAsLocalDateTime" time="0.0" />
  <testcase classname="aka.jmetadata.test.JMetaDataGeneral_Test" name="subTestGetCompilationStringAsString" time="0.0" />
  <testcase classname="aka.jmetadata.test.JMetaDataGeneral_Test" name="subTestGetAudioCountAsLong" time="0.0" />
  <testcase classname="aka.jmetadata.test.JMetaDataGeneral_Test" name="subTestGetOriginalReleasedDateAsLong" time="0.0" />
  <testcase classname="aka.jmetadata.test.JMetaDataGeneral_Test" name="subTestGetComposerNationalityAsLocalTime" time="0.0" />
  <testcase classname="aka.jmetadata.test.JMetaDataGeneral_Test" name="subTestGetDelayString4AsInteger" time="0.0" />
  <testcase classname="aka.jmetadata.test.JMetaDataGeneral_Test" name="subTestGetEncodedApplicationVersionAsString" time="0.001" />
  <testcase classname="aka.jmetadata.test.JMetaDataGeneral_Test" name="subTestGetTermsOfUseAsLocalTime" time="0.0" />
  <testcase classname="aka.jmetadata.test.JMetaDataGeneral_Test" name="subTestGetVideoLanguageListAsURL" time="0.0" />
  <testcase classname="aka.jmetadata.test.JMetaDataGeneral_Test" name="subTestGetOriginalSourceMediumAsInteger" time="0.0" />
  <testcase classname="aka.jmetadata.test.JMetaDataGeneral_Test" name="subTestGetRecordedLocationAsBigInteger" time="0.0" />
  <testcase classname="aka.jmetadata.test.JMetaDataGeneral_Test" name="subTestGetEncodedLibraryAsBigInteger" time="0.0" />
  <testcase classname="aka.jmetadata.test.JMetaDataGeneral_Test" name="subTestGetOverallBitRateNominalAsBoolean" time="0.0" />
  <testcase classname="aka.jmetadata.test.JMetaDataGeneral_Test" name="subTestGetFileSizeString2AsBoolean" time="0.0" />
  <testcase classname="aka.jmetadata.test.JMetaDataGeneral_Test" name="subTestGetStatusAsBigInteger" time="0.0" />
  <testcase classname="aka.jmetadata.test.JMetaDataGeneral_Test" name="subTestGetEPGPositionsEndAsLong" time="0.0" />
  <testcase classname="aka.jmetadata.test.JMetaDataGeneral_Test" name="subTestGetDurationStringAsURL" time="0.0" />
  <testcase classname="aka.jmetadata.test.JMetaDataGeneral_Test" name="subTestGetEncryptionLengthAsLocalDateTime" time="0.001" />
  <testcase classname="aka.jmetadata.test.JMetaDataGeneral_Test" name="subTestGetEncodedLibraryVersionAsInteger" time="0.012" />
  <testcase classname="aka.jmetadata.test.JMetaDataGeneral_Test" name="subTestGetOriginalSourceFormAsURL" time="0.0" />
  <testcase classname="aka.jmetadata.test.JMetaDataGeneral_Test" name="subTestGetMovieCountryAsURL" time="0.0" />
  <testcase classname="aka.jmetadata.test.JMetaDataGeneral_Test" name="subTestGetIDAsInteger" time="0.0" />
  <testcase classname="aka.jmetadata.test.JMetaDataGeneral_Test" name="subTestGetTextCountAsString" time="0.0" />
  <testcase classname="aka.jmetadata.test.JMetaDataGeneral_Test" name="subTestGetEncodedLibraryStringAsURL" time="0.0" />
  <testcase classname="aka.jmetadata.test.JMetaDataGeneral_Test" name="subTestGetCompilationStringAsURL" time="0.0" />
  <testcase classname="aka.jmetadata.test.JMetaDataGeneral_Test" name="subTestGetPublisherURLAsLocalTime" time="0.001" />
  <testcase classname="aka.jmetadata.test.JMetaDataGeneral_Test" name="subTestGetStreamSizeAsLocalDateTime" time="0.0" />
  <testcase classname="aka.jmetadata.test.JMetaDataGeneral_Test" name="subTestGetCodecIDAsLocalTime" time="0.0" />
  <testcase classname="aka.jmetadata.test.JMetaDataGeneral_Test" name="subTestGetDelaySourceStringAsLocalTime" time="0.0" />
  <testcase classname="aka.jmetadata.test.JMetaDataGeneral_Test" name="subTestGetStreamSizeString3AsLong" time="0.0" />
  <testcase classname="aka.jmetadata.test.JMetaDataGeneral_Test" name="subTestGetFrameRateDenAsLocalTime" time="0.001" />
  <testcase classname="aka.jmetadata.test.JMetaDataGeneral_Test" name="subTestGetCompilationAsBigInteger" time="0.0" />
  <testcase classname="aka.jmetadata.test.JMetaDataGeneral_Test" name="subTestGetStreamSizeString3AsInteger" time="0.0" />
  <testcase classname="aka.jmetadata.test.JMetaDataGeneral_Test" name="subTestGetLabelAsString" time="0.0" />
  <testcase classname="aka.jmetadata.test.JMetaDataGeneral_Test" name="subTestGetDurationStartAsInteger" time="0.001" />
  <testcase classname="aka.jmetadata.test.JMetaDataGeneral_Test" name="subTestGetEncodedLibraryVersionAsBigInteger" time="0.0" />
  <testcase classname="aka.jmetadata.test.JMetaDataGeneral_Test" name="subTestGetPeriodAsLong" time="0.001" />
  <testcase classname="aka.jmetadata.test.JMetaDataGeneral_Test" name="subTestGetCostumeDesignerAsURL" time="0.001" />
  <testcase classname="aka.jmetadata.test.JMetaDataGeneral_Test" name="subTestGetFrameRateAsString" time="0.0" />
  <testcase classname="aka.jmetadata.test.JMetaDataGeneral_Test" name="subTestGetPartAsBigInteger" time="0.0" />
  <testcase classname="aka.jmetadata.test.JMetaDataGeneral_Test" name="subTestGetEPGPositionsBeginAsInteger" time="0.0" />
  <testcase classname="aka.jmetadata.test.JMetaDataGeneral_Test" name="subTestGetStreamSizeDemuxedAsLocalTime" time="0.0" />
  <testcase classname="aka.jmetadata.test.JMetaDataGeneral_Test" name="subTestGetArtDirectorAsBigInteger" time="0.001" />
  <testcase classname="aka.jmetadata.test.JMetaDataGeneral_Test" name="subTestGetRecordedDateAsString" time="0.0" />
  <testcase classname="aka.jmetadata.test.JMetaDataGeneral_Test" name="subTestGetAlbumAsBoolean" time="0.0" />
  <testcase classname="aka.jmetadata.test.JMetaDataGeneral_Test" name="subTestGetTimeZoneAsBoolean" time="0.0" />
  <testcase classname="aka.jmetadata.test.JMetaDataGeneral_Test" name="subTestGetLCCNAsInteger" time="0.0" />
  <testcase classname="aka.jmetadata.test.JMetaDataGeneral_Test" name="subTestGetVideoFormatListAsLocalDateTime" time="0.001" />
  <testcase classname="aka.jmetadata.test.JMetaDataGeneral_Test" name="subTestGetCoverDataAsLocalDateTime" time="0.0" />
  <testcase classname="aka.jmetadata.test.JMetaDataGeneral_Test" name="subTestGetAlbumSortAsLong" time="0.0" />
  <testcase classname="aka.jmetadata.test.JMetaDataGeneral_Test" name="subTestGetDurationString5AsInteger" time="0.0" />
  <testcase classname="aka.jmetadata.test.JMetaDataGeneral_Test" name="subTestGetFrameRateStringAsString" time="0.0" />
  <testcase classname="aka.jmetadata.test.JMetaDataGeneral_Test" name="subTestGetEncryptionFormatAsString" time="0.0" />
  <testcase classname="aka.jmetadata.test.JMetaDataGeneral_Test" name="subTestGetStreamSizeString3AsLocalTime" time="0.0" />
  <testcase classname="aka.jmetadata.test.JMetaDataGeneral_Test" name="subTestGetImageCountAsInteger" time="0.0" />
  <testcase classname="aka.jmetadata.test.JMetaDataGeneral_Test" name="subTestGetActorAsLong" time="0.0" />
  <testcase classname="aka.jmetadata.test.JMetaDataGeneral_Test" name="subTestGetCodecIDHintAsURL" time="0.0" />
  <testcase classname="aka.jmetadata.test.JMetaDataGeneral_Test" name="subTestGetWrittenDateAsLong" time="0.0" />
  <testcase classname="aka.jmetadata.test.JMetaDataGeneral_Test" name="subTestGetConductorAsLocalTime" time="0.0" />
  <testcase classname="aka.jmetadata.test.JMetaDataGeneral_Test" name="subTestGetPartPositionTotalAsURL" time="0.0" />
  <testcase classname="aka.jmetadata.test.JMetaDataGeneral_Test" name="subTestGetEncodedLibraryCompanyNameAsLocalTime" time="0.0" />
  <testcase classname="aka.jmetadata.test.JMetaDataGeneral_Test" name="subTestGetMenuIDAsLong" time="0.0" />
  <testcase classname="aka.jmetadata.test.JMetaDataGeneral_Test" name="subTestGetOtherCountAsLocalDateTime" time="0.0" />
  <testcase classname="aka.jmetadata.test.JMetaDataGeneral_Test" name="subTestGetIDStringAsLong" time="0.0" />
  <testcase classname="aka.jmetadata.test.JMetaDataGeneral_Test" name="subTestGetEncodedLibraryAsLocalDateTime" time="0.0" />
  <testcase classname="aka.jmetadata.test.JMetaDataGeneral_Test" name="subTestGetStreamOrderAsURL" time="0.0" />
  <testcase classname="aka.jmetadata.test.JMetaDataGeneral_Test" name="subTestGetFileCreatedDateLocalAsBoolean" time="0.0" />
  <testcase classname="aka.jmetadata.test.JMetaDataGeneral_Test" name="subTestGetPackageNameAsLocalDateTime" time="0.001" />
  <testcase classname="aka.jmetadata.test.JMetaDataGeneral_Test" name="subTestGetOverallBitRateNominalAsBigInteger" time="0.0" />
  <testcase classname="aka.jmetadata.test.JMetaDataGeneral_Test" name="subTestGetVideoFormatWithHintListAsLong" time="0.0" />
  <testcase classname="aka.jmetadata.test.JMetaDataGeneral_Test" name="subTestGetTextCountAsBigInteger" time="0.0" />
  <testcase classname="aka.jmetadata.test.JMetaDataGeneral_Test" name="subTestGetCroppedAsLocalTime" time="0.0" />
  <testcase classname="aka.jmetadata.test.JMetaDataGeneral_Test" name="subTestGetDurationString2AsString" time="0.0" />
  <testcase classname="aka.jmetadata.test.JMetaDataGeneral_Test" name="subTestGetFileSizeStringAsLocalTime" time="0.0" />
  <testcase classname="aka.jmetadata.test.JMetaDataGeneral_Test" name="subTestGetCodecIDInfoAsBoolean" time="0.0" />
  <testcase classname="aka.jmetadata.test.JMetaDataGeneral_Test" name="subTestGetOverallBitRateStringAsURL" time="0.0" />
  <testcase classname="aka.jmetadata.test.JMetaDataGeneral_Test" name="subTestGetEncryptionAsLong" time="0.0" />
  <testcase classname="aka.jmetadata.test.JMetaDataGeneral_Test" name="subTestGetDirectorAsLong" time="0.001" />
  <testcase classname="aka.jmetadata.test.JMetaDataGeneral_Test" name="subTestGetStreamSizeStringAsBigInteger" time="0.0" />
  <testcase classname="aka.jmetadata.test.JMetaDataGeneral_Test" name="subTestGetTrackMoreAsLocalDateTime" time="0.0" />
  <testcase classname="aka.jmetadata.test.JMetaDataGeneral_Test" name="subTestGetComicMoreAsBoolean" time="0.0" />
  <testcase classname="aka.jmetadata.test.JMetaDataGeneral_Test" name="subTestGetFormatProfileAsBoolean" time="0.0" />
  <testcase classname="aka.jmetadata.test.JMetaDataGeneral_Test" name="subTestGetCodecIDCompatibleAsLong" time="0.0" />
  <testcase classname="aka.jmetadata.test.JMetaDataGeneral_Test" name="subTestGetStreamSizeStringAsLocalTime" time="0.0" />
  <testcase classname="aka.jmetadata.test.JMetaDataGeneral_Test" name="subTestGetStreamOrderAsBoolean" time="0.0" />
  <testcase classname="aka.jmetadata.test.JMetaDataGeneral_Test" name="subTestGetDurationString4AsLong" time="0.0" />
  <testcase classname="aka.jmetadata.test.JMetaDataGeneral_Test" name="subTestGetFooterSizeAsURL" time="0.0" />
  <testcase classname="aka.jmetadata.test.JMetaDataGeneral_Test" name="subTestGetOriginalMovieAsURL" time="0.0" />
  <testcase classname="aka.jmetadata.test.JMetaDataGeneral_Test" name="subTestGetServiceUrlAsLong" time="0.0" />
  <testcase classname="aka.jmetadata.test.JMetaDataGeneral_Test" name="subTestGetFormatSettingsAsBigInteger" time="0.0" />
  <testcase classname="aka.jmetadata.test.JMetaDataGeneral_Test" name="subTestGetOriginalSourceFormNameAsLocalTime" time="0.0" />
  <testcase classname="aka.jmetadata.test.JMetaDataGeneral_Test" name="subTestGetPlayedLastDateAsBoolean" time="0.0" />
  <testcase classname="aka.jmetadata.test.JMetaDataGeneral_Test" name="subTestGetTrackUrlAsBoolean" time="0.0" />
  <testcase classname="aka.jmetadata.test.JMetaDataGeneral_Test" name="subTestGetInformAsInteger" time="0.001" />
  <testcase classname="aka.jmetadata.test.JMetaDataGeneral_Test" name="subTestGetEncodedApplicationNameAsLong" time="0.0" />
  <testcase classname="aka.jmetadata.test.JMetaDataGeneral_Test" name="subTestGetDomainAsLocalDateTime" time="0.0" />
  <testcase classname="aka.jmetadata.test.JMetaDataGeneral_Test" name="subTestGetAccompanimentAsString" time="0.0" />
  <testcase classname="aka.jmetadata.test.JMetaDataGeneral_Test" name="subTestGetPublisherAsInteger" time="0.0" />
  <testcase classname="aka.jmetadata.test.JMetaDataGeneral_Test" name="subTestGetFileCreatedDateLocalAsString" time="0.001">
    <failure message="expected:&lt;2017-0[6-27 16:00:03.689]&gt; but was:&lt;2017-0[5-10 08:47:49.470]&gt;" type="junit.framework.AssertionFailedError">junit.framework.AssertionFailedError: expected:&lt;2017-0[6-27 16:00:03.689]&gt; but was:&lt;2017-0[5-10 08:47:49.470]&gt;
	at aka.jmetadata.test.JMetaDataGeneral_Test.subTestGetFileCreatedDateLocalAsString(JMetaDataGeneral_Test.java:7662)
</failure>
  </testcase>
  <testcase classname="aka.jmetadata.test.JMetaDataGeneral_Test" name="subTestGetAlbumAsURL" time="0.001" />
  <testcase classname="aka.jmetadata.test.JMetaDataGeneral_Test" name="subTestGetFormatAsLocalTime" time="0.0" />
  <testcase classname="aka.jmetadata.test.JMetaDataGeneral_Test" name="subTestGetPerformerUrlAsURL" time="0.0" />
  <testcase classname="aka.jmetadata.test.JMetaDataGeneral_Test" name="subTestGetStreamKindStringAsLong" time="0.0" />
  <testcase classname="aka.jmetadata.test.JMetaDataGeneral_Test" name="subTestGetCodecIDUrlAsBigInteger" time="0.0" />
  <testcase classname="aka.jmetadata.test.JMetaDataGeneral_Test" name="subTestGetEncryptionPaddingAsInteger" time="0.0" />
  <testcase classname="aka.jmetadata.test.JMetaDataGeneral_Test" name="subTestGetEPGPositionsEndAsLocalDateTime" time="0.001" />
  <testcase classname="aka.jmetadata.test.JMetaDataGeneral_Test" name="subTestGetComposerNationalityAsBigInteger" time="0.0" />
  <testcase classname="aka.jmetadata.test.JMetaDataGeneral_Test" name="subTestGetComposerAsBigInteger" time="0.0" />
  <testcase classname="aka.jmetadata.test.JMetaDataGeneral_Test" name="subTestGetSeasonPositionAsBoolean" time="0.0" />
  <testcase classname="aka.jmetadata.test.JMetaDataGeneral_Test" name="subTestGetWrittenLocationAsBigInteger" time="0.0" />
  <testcase classname="aka.jmetadata.test.JMetaDataGeneral_Test" name="subTestGetOverallBitRateModeStringAsInteger" time="0.0" />
  <testcase classname="aka.jmetadata.test.JMetaDataGeneral_Test" name="subTestGetComposerNationalityAsInteger" time="0.0" />
  <testcase classname="aka.jmetadata.test.JMetaDataGeneral_Test" name="subTestGetSynopsisAsBoolean" time="0.0" />
  <testcase classname="aka.jmetadata.test.JMetaDataGeneral_Test" name="subTestGetAlbumPerformerSortAsBigInteger" time="0.0" />
  <testcase classname="aka.jmetadata.test.JMetaDataGeneral_Test" name="subTestGetLyricsAsURL" time="0.0" />
  <testcase classname="aka.jmetadata.test.JMetaDataGeneral_Test" name="subTestGetOriginalSourceFormAsLocalTime" time="0.0" />
  <testcase classname="aka.jmetadata.test.JMetaDataGeneral_Test" name="subTestGetLyricsAsLocalTime" time="0.0" />
  <testcase classname="aka.jmetadata.test.JMetaDataGeneral_Test" name="subTestGetMenuFormatWithHintListAsString" time="0.0" />
  <testcase classname="aka.jmetadata.test.JMetaDataGeneral_Test" name="subTestGetSeasonPositionAsLocalTime" time="0.0" />
  <testcase classname="aka.jmetadata.test.JMetaDataGeneral_Test" name="subTestGetCodecIDStringAsLong" time="0.001" />
  <testcase classname="aka.jmetadata.test.JMetaDataGeneral_Test" name="subTestGetDelayString3AsInteger" time="0.0" />
  <testcase classname="aka.jmetadata.test.JMetaDataGeneral_Test" name="subTestGetDurationStartAsURL" time="0.0" />
  <testcase classname="aka.jmetadata.test.JMetaDataGeneral_Test" name="subTestGetFileSizeString4AsLong" time="0.0" />
  <testcase classname="aka.jmetadata.test.JMetaDataGeneral_Test" name="subTestGetFileCreatedDateLocalAsLong" time="0.0">
    <failure message="expected:&lt;20170627160003689&gt; but was:&lt;20170510084749470&gt;" type="junit.framework.AssertionFailedError">junit.framework.AssertionFailedError: expected:&lt;20170627160003689&gt; but was:&lt;20170510084749470&gt;
	at aka.jmetadata.test.JMetaDataGeneral_Test.subTestGetFileCreatedDateLocalAsLong(JMetaDataGeneral_Test.java:7638)
</failure>
  </testcase>
  <testcase classname="aka.jmetadata.test.JMetaDataGeneral_Test" name="subTestGetISRCAsBigInteger" time="0.0" />
  <testcase classname="aka.jmetadata.test.JMetaDataGeneral_Test" name="subTestGetIDStringAsBigInteger" time="0.0" />
  <testcase classname="aka.jmetadata.test.JMetaDataGeneral_Test" name="subTestGetImageFormatListAsBoolean" time="0.0" />
  <testcase classname="aka.jmetadata.test.JMetaDataGeneral_Test" name="subTestGetEncodedLibraryDateAsURL" time="0.0" />
  <testcase classname="aka.jmetadata.test.JMetaDataGeneral_Test" name="subTestGetOtherCountAsURL" time="0.0" />
  <testcase classname="aka.jmetadata.test.JMetaDataGeneral_Test" name="subTestGetComicAsLong" time="0.0" />
  <testcase classname="aka.jmetadata.test.JMetaDataGeneral_Test" name="subTestGetFileSizeString1AsBoolean" time="0.0" />
  <testcase classname="aka.jmetadata.test.JMetaDataGeneral_Test" name="subTestGetComicAsString" time="0.0" />
  <testcase classname="aka.jmetadata.test.JMetaDataGeneral_Test" name="subTestGetPublisherAsLocalTime" time="0.0" />
  <testcase classname="aka.jmetadata.test.JMetaDataGeneral_Test" name="subTestGetFormatExtensionsAsString" time="0.0" />
  <testcase classname="aka.jmetadata.test.JMetaDataGeneral_Test" name="subTestGetStreamOrderAsLocalTime" time="0.0" />
  <testcase classname="aka.jmetadata.test.JMetaDataGeneral_Test" name="subTestGetTextFormatWithHintListAsLocalDateTime" time="0.001" />
  <testcase classname="aka.jmetadata.test.JMetaDataGeneral_Test" name="subTestGetRecordedLocationAsLong" time="0.0" />
  <testcase classname="aka.jmetadata.test.JMetaDataGeneral_Test" name="subTestGetStreamSizeString4AsLocalTime" time="0.0" />
  <testcase classname="aka.jmetadata.test.JMetaDataGeneral_Test" name="subTestGetCoverTypeAsString" time="0.0" />
  <testcase classname="aka.jmetadata.test.JMetaDataGeneral_Test" name="subTestGetVideoFormatWithHintListAsLocalTime" time="0.0" />
  <testcase classname="aka.jmetadata.test.JMetaDataGeneral_Test" name="subTestGetFormatUrlAsInteger" time="0.0" />
  <testcase classname="aka.jmetadata.test.JMetaDataGeneral_Test" name="subTestGetDomainAsString" time="0.0" />
  <testcase classname="aka.jmetadata.test.JMetaDataGeneral_Test" name="subTestGetPartPositionAsLocalDateTime" time="0.0" />
  <testcase classname="aka.jmetadata.test.JMetaDataGeneral_Test" name="subTestGetPlayedFirstDateAsInteger" time="0.001" />
  <testcase classname="aka.jmetadata.test.JMetaDataGeneral_Test" name="subTestGetStreamSizeString2AsInteger" time="0.0" />
  <testcase classname="aka.jmetadata.test.JMetaDataGeneral_Test" name="subTestGetTimeZoneAsBigInteger" time="0.001" />
  <testcase classname="aka.jmetadata.test.JMetaDataGeneral_Test" name="subTestGetDelayString2AsString" time="0.0" />
  <testcase classname="aka.jmetadata.test.JMetaDataGeneral_Test" name="subTestGetBarCodeAsBigInteger" time="0.0" />
  <testcase classname="aka.jmetadata.test.JMetaDataGeneral_Test" name="subTestGetPerformerAsBoolean" time="0.0" />
  <testcase classname="aka.jmetadata.test.JMetaDataGeneral_Test" name="subTestGetCodecIDStringAsLocalDateTime" time="0.0" />
  <testcase classname="aka.jmetadata.test.JMetaDataGeneral_Test" name="subTestGetMovieAsLocalTime" time="0.0" />
  <testcase classname="aka.jmetadata.test.JMetaDataGeneral_Test" name="subTestGetStreamSizeDemuxedString4AsBigInteger" time="0.001" />
  <testcase classname="aka.jmetadata.test.JMetaDataGeneral_Test" name="subTestGetFileCreatedDateAsLocalDateTime" time="0.0">
    <failure message="expected:&lt;2017-06-27T14:00:03.689&gt; but was:&lt;2017-05-10T06:47:49.470&gt;" type="junit.framework.AssertionFailedError">junit.framework.AssertionFailedError: expected:&lt;2017-06-27T14:00:03.689&gt; but was:&lt;2017-05-10T06:47:49.470&gt;
	at aka.jmetadata.test.JMetaDataGeneral_Test.subTestGetFileCreatedDateAsLocalDateTime(JMetaDataGeneral_Test.java:7582)
</failure>
  </testcase>
  <testcase classname="aka.jmetadata.test.JMetaDataGeneral_Test" name="subTestGetPackageNameAsLocalTime" time="0.0" />
  <testcase classname="aka.jmetadata.test.JMetaDataGeneral_Test" name="subTestGetPeriodAsString" time="0.0" />
  <testcase classname="aka.jmetadata.test.JMetaDataGeneral_Test" name="subTestGetComicPositionTotalAsLocalDateTime" time="0.0" />
  <testcase classname="aka.jmetadata.test.JMetaDataGeneral_Test" name="subTestGetReleasedDateAsString" time="0.0" />
  <testcase classname="aka.jmetadata.test.JMetaDataGeneral_Test" name="subTestGetArtDirectorAsLocalTime" time="0.0" />
  <testcase classname="aka.jmetadata.test.JMetaDataGeneral_Test" name="subTestGetTitleMoreAsLong" time="0.0" />
  <testcase classname="aka.jmetadata.test.JMetaDataGeneral_Test" name="subTestGetIDStringAsLocalDateTime" time="0.0" />
  <testcase classname="aka.jmetadata.test.JMetaDataGeneral_Test" name="subTestGetAlbumPerformerSortAsLocalTime" time="0.0" />
  <testcase classname="aka.jmetadata.test.JMetaDataGeneral_Test" name="subTestGetLabelCodeAsLong" time="0.0" />
  <testcase classname="aka.jmetadata.test.JMetaDataGeneral_Test" name="subTestGetDurationStringAsBoolean" time="0.0" />
  <testcase classname="aka.jmetadata.test.JMetaDataGeneral_Test" name="subTestGetFormatVersionAsBigInteger" time="0.0" />
  <testcase classname="aka.jmetadata.test.JMetaDataGeneral_Test" name="subTestGetEncodedByAsLong" time="0.0" />
  <testcase classname="aka.jmetadata.test.JMetaDataGeneral_Test" name="subTestGetDurationString4AsInteger" time="0.0" />
  <testcase classname="aka.jmetadata.test.JMetaDataGeneral_Test" name="subTestGetEncodedByAsInteger" time="0.0" />
  <testcase classname="aka.jmetadata.test.JMetaDataGeneral_Test" name="subTestGetFrameRateDenAsString" time="0.001" />
  <testcase classname="aka.jmetadata.test.JMetaDataGeneral_Test" name="subTestGetStreamKindAsBoolean" time="0.0" />
  <testcase classname="aka.jmetadata.test.JMetaDataGeneral_Test" name="subTestGetTrackAsLong" time="0.0" />
  <testcase classname="aka.jmetadata.test.JMetaDataGeneral_Test" name="subTestGetLabelCodeAsBigInteger" time="0.0" />
  <testcase classname="aka.jmetadata.test.JMetaDataGeneral_Test" name="subTestGetTrackSortAsLocalDateTime" time="0.0" />
  <testcase classname="aka.jmetadata.test.JMetaDataGeneral_Test" name="subTestGetPartPositionTotalAsInteger" time="0.0" />
  <testcase classname="aka.jmetadata.test.JMetaDataGeneral_Test" name="subTestGetSubTrackAsLong" time="0.0" />
  <testcase classname="aka.jmetadata.test.JMetaDataGeneral_Test" name="subTestGetTermsOfUseAsBigInteger" time="0.0" />
  <testcase classname="aka.jmetadata.test.JMetaDataGeneral_Test" name="subTestGetFormatProfileAsString" time="0.0" />
  <testcase classname="aka.jmetadata.test.JMetaDataGeneral_Test" name="subTestGetFileSizeString1AsString" time="0.0" />
  <testcase classname="aka.jmetadata.test.JMetaDataGeneral_Test" name="subTestGetOtherFormatListAsLocalTime" time="0.0" />
  <testcase classname="aka.jmetadata.test.JMetaDataGeneral_Test" name="subTestGetEncodedApplicationAsBigInteger" time="0.0" />
  <testcase classname="aka.jmetadata.test.JMetaDataGeneral_Test" name="subTestGetComposerNationalityAsURL" time="0.0" />
  <testcase classname="aka.jmetadata.test.JMetaDataGeneral_Test" name="subTestGetPackageNameAsURL" time="0.0" />
  <testcase classname="aka.jmetadata.test.JMetaDataGeneral_Test" name="subTestGetCompilationAsURL" time="0.0" />
  <testcase classname="aka.jmetadata.test.JMetaDataGeneral_Test" name="subTestGetFileNameAsLong" time="0.0" />
  <testcase classname="aka.jmetadata.test.JMetaDataGeneral_Test" name="subTestGetExecutiveProducerAsInteger" time="0.0" />
  <testcase classname="aka.jmetadata.test.JMetaDataGeneral_Test" name="subTestGetFileNameAsBoolean" time="0.001" />
  <testcase classname="aka.jmetadata.test.JMetaDataGeneral_Test" name="subTestGetOriginalPartAsInteger" time="0.0" />
  <testcase classname="aka.jmetadata.test.JMetaDataGeneral_Test" name="subTestGetServiceNameAsLocalDateTime" time="0.0" />
  <testcase classname="aka.jmetadata.test.JMetaDataGeneral_Test" name="subTestGetCompleteNameAsBigInteger" time="0.0" />
  <testcase classname="aka.jmetadata.test.JMetaDataGeneral_Test" name="subTestGetNetworkNameAsBoolean" time="0.0" />
  <testcase classname="aka.jmetadata.test.JMetaDataGeneral_Test" name="subTestGetArchivalLocationAsInteger" time="0.0" />
  <testcase classname="aka.jmetadata.test.JMetaDataGeneral_Test" name="subTestGetFormatCompressionAsLocalTime" time="0.0" />
  <testcase classname="aka.jmetadata.test.JMetaDataGeneral_Test" name="subTestGetEncryptionInitializationVectorAsBigInteger" time="0.0" />
  <testcase classname="aka.jmetadata.test.JMetaDataGeneral_Test" name="subTestGetFrameCountAsString" time="0.0" />
  <testcase classname="aka.jmetadata.test.JMetaDataGeneral_Test" name="subTestGetOriginalNetworkNameAsInteger" time="0.0" />
  <testcase classname="aka.jmetadata.test.JMetaDataGeneral_Test" name="subTestGetLyricistAsString" time="0.0" />
  <testcase classname="aka.jmetadata.test.JMetaDataGeneral_Test" name="subTestGetInterleavedAsBoolean" time="0.0" />
  <testcase classname="aka.jmetadata.test.JMetaDataGeneral_Test" name="subTestGetFileExtensionAsString" time="0.0" />
  <testcase classname="aka.jmetadata.test.JMetaDataGeneral_Test" name="subTestGetStreamSizeString5AsLocalTime" time="0.001" />
  <testcase classname="aka.jmetadata.test.JMetaDataGeneral_Test" name="subTestGetOriginalLyricistAsLocalDateTime" time="0.001" />
  <testcase classname="aka.jmetadata.test.JMetaDataGeneral_Test" name="subTestGetLyricistAsURL" time="0.0" />
  <testcase classname="aka.jmetadata.test.JMetaDataGeneral_Test" name="subTestGetDurationEndAsURL" time="0.0" />
  <testcase classname="aka.jmetadata.test.JMetaDataGeneral_Test" name="subTestGetImageLanguageListAsString" time="0.0" />
  <testcase classname="aka.jmetadata.test.JMetaDataGeneral_Test" name="subTestGetCoverAsInteger" time="0.0" />
  <testcase classname="aka.jmetadata.test.JMetaDataGeneral_Test" name="subTestGetFolderNameLastAsBigInteger" time="0.0" />
  <testcase classname="aka.jmetadata.test.JMetaDataGeneral_Test" name="subTestGetISRCAsLong" time="0.0" />
  <testcase classname="aka.jmetadata.test.JMetaDataGeneral_Test" name="subTestGetVideoCountAsInteger" time="0.0" />
  <testcase classname="aka.jmetadata.test.JMetaDataGeneral_Test" name="subTestGetEditedByAsLocalTime" time="0.0" />
  <testcase classname="aka.jmetadata.test.JMetaDataGeneral_Test" name="subTestGetLCCNAsBigInteger" time="0.001" />
  <testcase classname="aka.jmetadata.test.JMetaDataGeneral_Test" name="subTestGetOverallBitRateModeAsInteger" time="0.0" />
  <testcase classname="aka.jmetadata.test.JMetaDataGeneral_Test" name="subTestGetOriginalSourceMediumIDStringAsURL" time="0.0" />
  <testcase classname="aka.jmetadata.test.JMetaDataGeneral_Test" name="subTestGetServiceChannelAsBoolean" time="0.0" />
  <testcase classname="aka.jmetadata.test.JMetaDataGeneral_Test" name="subTestGetChoregrapherAsInteger" time="0.0" />
  <testcase classname="aka.jmetadata.test.JMetaDataGeneral_Test" name="subTestGetCompleteNameLastAsURL" time="0.0" />
  <testcase classname="aka.jmetadata.test.JMetaDataGeneral_Test" name="subTestGetEPGPositionsBeginAsLocalTime" time="0.0" />
  <testcase classname="aka.jmetadata.test.JMetaDataGeneral_Test" name="subTestGetOriginalSourceMediumAsLocalTime" time="0.0" />
  <testcase classname="aka.jmetadata.test.JMetaDataGeneral_Test" name="subTestGetDelayString2AsInteger" time="0.001" />
  <testcase classname="aka.jmetadata.test.JMetaDataGeneral_Test" name="subTestGetHeaderSizeAsString" time="0.0" />
  <testcase classname="aka.jmetadata.test.JMetaDataGeneral_Test" name="subTestGetConductorAsURL" time="0.0" />
  <testcase classname="aka.jmetadata.test.JMetaDataGeneral_Test" name="subTestGetDelayStringAsLocalTime" time="0.0" />
  <testcase classname="aka.jmetadata.test.JMetaDataGeneral_Test" name="subTestGetStreamSizeDemuxedString5AsLong" time="0.0" />
  <testcase classname="aka.jmetadata.test.JMetaDataGeneral_Test" name="subTestGetStreamSizeDemuxedString1AsURL" time="0.0" />
  <testcase classname="aka.jmetadata.test.JMetaDataGeneral_Test" name="subTestGetFrameRateNumAsBigInteger" time="0.001" />
  <testcase classname="aka.jmetadata.test.JMetaDataGeneral_Test" name="subTestGetOverallBitRateAsBoolean" time="0.0" />
  <testcase classname="aka.jmetadata.test.JMetaDataGeneral_Test" name="subTestGetExecutiveProducerAsLocalTime" time="0.0" />
  <testcase classname="aka.jmetadata.test.JMetaDataGeneral_Test" name="subTestGetDelayStringAsBoolean" time="0.0" />
  <testcase classname="aka.jmetadata.test.JMetaDataGeneral_Test" name="subTestGetOverallBitRateMaximumAsLocalDateTime" time="0.0" />
  <testcase classname="aka.jmetadata.test.JMetaDataGeneral_Test" name="subTestGetRatingAsBoolean" time="0.0" />
  <testcase classname="aka.jmetadata.test.JMetaDataGeneral_Test" name="subTestGetCodecIDHintAsLong" time="0.0" />
  <testcase classname="aka.jmetadata.test.JMetaDataGeneral_Test" name="subTestGetServiceUrlAsBoolean" time="0.001" />
  <testcase classname="aka.jmetadata.test.JMetaDataGeneral_Test" name="subTestGetBPMAsURL" time="0.0" />
  <testcase classname="aka.jmetadata.test.JMetaDataGeneral_Test" name="subTestGetVideoCountAsBigInteger" time="0.0" />
  <testcase classname="aka.jmetadata.test.JMetaDataGeneral_Test" name="subTestGetFileSizeString2AsLocalDateTime" time="0.001" />
  <testcase classname="aka.jmetadata.test.JMetaDataGeneral_Test" name="subTestGetProductionStudioAsInteger" time="0.0" />
  <testcase classname="aka.jmetadata.test.JMetaDataGeneral_Test" name="subTestGetAlbumMoreAsString" time="0.0" />
  <testcase classname="aka.jmetadata.test.JMetaDataGeneral_Test" name="subTestGetTextCountAsBoolean" time="0.0" />
  <testcase classname="aka.jmetadata.test.JMetaDataGeneral_Test" name="subTestGetUniqueIDStringAsBoolean" time="0.001" />
  <testcase classname="aka.jmetadata.test.JMetaDataGeneral_Test" name="subTestGetDelayDropFrameAsInteger" time="0.0" />
  <testcase classname="aka.jmetadata.test.JMetaDataGeneral_Test" name="subTestGetProductionDesignerAsInteger" time="0.0" />
  <testcase classname="aka.jmetadata.test.JMetaDataGeneral_Test" name="subTestGetEncodedLibraryDateAsString" time="0.0" />
  <testcase classname="aka.jmetadata.test.JMetaDataGeneral_Test" name="subTestGetMenuLanguageListAsLocalTime" time="0.0" />
  <testcase classname="aka.jmetadata.test.JMetaDataGeneral_Test" name="subTestGetStreamSizeDemuxedString2AsURL" time="0.0" />
  <testcase classname="aka.jmetadata.test.JMetaDataGeneral_Test" name="subTestGetDirectorAsBigInteger" time="0.0" />
  <testcase classname="aka.jmetadata.test.JMetaDataGeneral_Test" name="subTestGetTitleAsInteger" time="0.0" />
  <testcase classname="aka.jmetadata.test.JMetaDataGeneral_Test" name="subTestGetCoverMimeAsLong" time="0.0" />
  <testcase classname="aka.jmetadata.test.JMetaDataGeneral_Test" name="subTestGetKeywordsAsString" time="0.0" />
  <testcase classname="aka.jmetadata.test.JMetaDataGeneral_Test" name="subTestGetStreamKindIDAsString" time="0.0" />
  <testcase classname="aka.jmetadata.test.JMetaDataGeneral_Test" name="subTestGetFormatLevelAsLocalTime" time="0.0" />
  <testcase classname="aka.jmetadata.test.JMetaDataGeneral_Test" name="subTestGetICRAAsBoolean" time="0.001" />
  <testcase classname="aka.jmetadata.test.JMetaDataGeneral_Test" name="subTestGetLabelAsLocalTime" time="0.0" />
  <testcase classname="aka.jmetadata.test.JMetaDataGeneral_Test" name="subTestGetComposerSortAsInteger" time="0.0" />
  <testcase classname="aka.jmetadata.test.JMetaDataGeneral_Test" name="subTestGetOriginalMovieAsBoolean" time="0.0" />
  <testcase classname="aka.jmetadata.test.JMetaDataGeneral_Test" name="subTestGetStreamSizeString1AsInteger" time="0.0" />
  <testcase classname="aka.jmetadata.test.JMetaDataGeneral_Test" name="subTestGetTrackUrlAsString" time="0.0" />
  <testcase classname="aka.jmetadata.test.JMetaDataGeneral_Test" name="subTestGetTaggedDateAsBigInteger" time="0.0" />
  <testcase classname="aka.jmetadata.test.JMetaDataGeneral_Test" name="subTestGetStreamSizeDemuxedString3AsURL" time="0.0" />
  <testcase classname="aka.jmetadata.test.JMetaDataGeneral_Test" name="subTestGetFormatVersionAsLong" time="0.001" />
  <testcase classname="aka.jmetadata.test.JMetaDataGeneral_Test" name="subTestGetOtherFormatListAsLong" time="0.0" />
  <testcase classname="aka.jmetadata.test.JMetaDataGeneral_Test" name="subTestGetStreamSizeDemuxedString5AsString" time="0.001" />
  <testcase classname="aka.jmetadata.test.JMetaDataGeneral_Test" name="subTestGetMusicByAsLocalDateTime" time="0.001" />
  <testcase classname="aka.jmetadata.test.JMetaDataGeneral_Test" name="subTestGetCoverDescriptionAsInteger" time="0.0" />
  <testcase classname="aka.jmetadata.test.JMetaDataGeneral_Test" name="subTestGetTermsOfUseAsInteger" time="0.0" />
  <testcase classname="aka.jmetadata.test.JMetaDataGeneral_Test" name="subTestGetOriginalSourceFormNameAsBigInteger" time="0.0" />
  <testcase classname="aka.jmetadata.test.JMetaDataGeneral_Test" name="subTestGetFooterSizeAsLocalDateTime" time="0.0" />
  <testcase classname="aka.jmetadata.test.JMetaDataGeneral_Test" name="subTestGetSubTrackAsBigInteger" time="0.001" />
  <testcase classname="aka.jmetadata.test.JMetaDataGeneral_Test" name="subTestGetDirectorAsString" time="0.0" />
  <testcase classname="aka.jmetadata.test.JMetaDataGeneral_Test" name="subTestGetTermsOfUseAsLong" time="0.0" />
  <testcase classname="aka.jmetadata.test.JMetaDataGeneral_Test" name="subTestGetDurationString3AsInteger" time="0.001" />
  <testcase classname="aka.jmetadata.test.JMetaDataGeneral_Test" name="subTestGetEPGPositionsEndAsString" time="0.0" />
  <testcase classname="aka.jmetadata.test.JMetaDataGeneral_Test" name="subTestGetFormatInfoAsBigInteger" time="0.001" />
  <testcase classname="aka.jmetadata.test.JMetaDataGeneral_Test" name="subTestGetServiceProviderAsInteger" time="0.0" />
  <testcase classname="aka.jmetadata.test.JMetaDataGeneral_Test" name="subTestGetCoverDataAsString" time="0.0" />
  <testcase classname="aka.jmetadata.test.JMetaDataGeneral_Test" name="subTestGetFileExtensionAsURL" time="0.0" />
  <testcase classname="aka.jmetadata.test.JMetaDataGeneral_Test" name="subTestGetStreamSizeDemuxedString4AsURL" time="0.0" />
  <testcase classname="aka.jmetadata.test.JMetaDataGeneral_Test" name="subTestGetEncryptionPaddingAsBigInteger" time="0.001" />
  <testcase classname="aka.jmetadata.test.JMetaDataGeneral_Test" name="subTestGetCodecIDVersionAsString" time="0.0" />
  <testcase classname="aka.jmetadata.test.JMetaDataGeneral_Test" name="subTestGetTaggedDateAsLong" time="0.0" />
  <testcase classname="aka.jmetadata.test.JMetaDataGeneral_Test" name="subTestGetFormatCommercialAsURL" time="0.0" />
  <testcase classname="aka.jmetadata.test.JMetaDataGeneral_Test" name="subTestGetAlbumPerformerAsLocalDateTime" time="0.0" />
  <testcase classname="aka.jmetadata.test.JMetaDataGeneral_Test" name="subTestGetPartPositionTotalAsLong" time="0.0" />
  <testcase classname="aka.jmetadata.test.JMetaDataGeneral_Test" name="subTestGetCodecIDVersionAsURL" time="0.0" />
  <testcase classname="aka.jmetadata.test.JMetaDataGeneral_Test" name="subTestGetHeaderSizeAsInteger" time="0.001" />
  <testcase classname="aka.jmetadata.test.JMetaDataGeneral_Test" name="subTestGetFileCreatedDateLocalAsURL" time="0.001" />
  <testcase classname="aka.jmetadata.test.JMetaDataGeneral_Test" name="subTestGetFrameRateDenAsLong" time="0.0" />
  <testcase classname="aka.jmetadata.test.JMetaDataGeneral_Test" name="subTestGetOriginalTrackAsInteger" time="0.001" />
  <testcase classname="aka.jmetadata.test.JMetaDataGeneral_Test" name="subTestGetStreamSizeDemuxedString5AsURL" time="0.0" />
  <testcase classname="aka.jmetadata.test.JMetaDataGeneral_Test" name="subTestGetEPGPositionsBeginAsString" time="0.0" />
  <testcase classname="aka.jmetadata.test.JMetaDataGeneral_Test" name="subTestGetEncodedApplicationCompanyNameAsURL" time="0.001" />
  <testcase classname="aka.jmetadata.test.JMetaDataGeneral_Test" name="subTestGetTextCountAsLong" time="0.0" />
  <testcase classname="aka.jmetadata.test.JMetaDataGeneral_Test" name="subTestGetArchivalLocationAsString" time="0.001" />
  <testcase classname="aka.jmetadata.test.JMetaDataGeneral_Test" name="subTestGetISBNAsInteger" time="0.0" />
  <testcase classname="aka.jmetadata.test.JMetaDataGeneral_Test" name="subTestGetRemixedByAsBoolean" time="0.0" />
  <testcase classname="aka.jmetadata.test.JMetaDataGeneral_Test" name="subTestGetOriginalPartAsURL" time="0.0" />
  <testcase classname="aka.jmetadata.test.JMetaDataGeneral_Test" name="subTestGetCoverDescriptionAsBigInteger" time="0.0" />
  <testcase classname="aka.jmetadata.test.JMetaDataGeneral_Test" name="subTestGetAssistantDirectorAsBoolean" time="0.001" />
  <testcase classname="aka.jmetadata.test.JMetaDataGeneral_Test" name="subTestGetDimensionsAsLong" time="0.0" />
  <testcase classname="aka.jmetadata.test.JMetaDataGeneral_Test" name="subTestGetTitleUrlAsBoolean" time="0.0" />
  <testcase classname="aka.jmetadata.test.JMetaDataGeneral_Test" name="subTestGetSubTrackAsInteger" time="0.0" />
  <testcase classname="aka.jmetadata.test.JMetaDataGeneral_Test" name="subTestGetEncryptionMethodAsString" time="0.0" />
  <testcase classname="aka.jmetadata.test.JMetaDataGeneral_Test" name="subTestGetFileSizeAsLocalTime" time="0.0" />
  <testcase classname="aka.jmetadata.test.JMetaDataGeneral_Test" name="subTestGetEncodedLibrarySettingsAsURL" time="0.0" />
  <testcase classname="aka.jmetadata.test.JMetaDataGeneral_Test" name="subTestGetFormatCommercialAsInteger" time="0.0" />
  <testcase classname="aka.jmetadata.test.JMetaDataGeneral_Test" name="subTestGetChapterAsString" time="0.0" />
  <testcase classname="aka.jmetadata.test.JMetaDataGeneral_Test" name="subTestGetArrangerAsString" time="0.0" />
  <testcase classname="aka.jmetadata.test.JMetaDataGeneral_Test" name="subTestGetAlbumReplayGainGainAsLocalTime" time="0.0" />
  <testcase classname="aka.jmetadata.test.JMetaDataGeneral_Test" name="subTestGetServiceNameAsLocalTime" time="0.0" />
  <testcase classname="aka.jmetadata.test.JMetaDataGeneral_Test" name="subTestGetFirstPacketOrderAsLong" time="0.0" />
  <testcase classname="aka.jmetadata.test.JMetaDataGeneral_Test" name="subTestGetWrittenLocationAsLocalDateTime" time="0.0" />
  <testcase classname="aka.jmetadata.test.JMetaDataGeneral_Test" name="subTestGetDelayString5AsLong" time="0.001" />
  <testcase classname="aka.jmetadata.test.JMetaDataGeneral_Test" name="subTestGetCatalogNumberAsBigInteger" time="0.0" />
  <testcase classname="aka.jmetadata.test.JMetaDataGeneral_Test" name="subTestGetStreamSizeDemuxedString3AsBigInteger" time="0.0" />
  <testcase classname="aka.jmetadata.test.JMetaDataGeneral_Test" name="subTestGetFileSizeStringAsInteger" time="0.001" />
  <testcase classname="aka.jmetadata.test.JMetaDataGeneral_Test" name="subTestGetStreamSizeDemuxedAsLocalDateTime" time="0.001" />
  <testcase classname="aka.jmetadata.test.JMetaDataGeneral_Test" name="subTestGetSeasonPositionAsLong" time="0.0" />
  <testcase classname="aka.jmetadata.test.JMetaDataGeneral_Test" name="subTestGetEditedByAsBoolean" time="0.0" />
  <testcase classname="aka.jmetadata.test.JMetaDataGeneral_Test" name="subTestGetOtherFormatWithHintListAsLocalDateTime" time="0.0" />
  <testcase classname="aka.jmetadata.test.JMetaDataGeneral_Test" name="subTestGetWrittenLocationAsLocalTime" time="0.0" />
  <testcase classname="aka.jmetadata.test.JMetaDataGeneral_Test" name="subTestGetEncodedApplicationStringAsLocalDateTime" time="0.001" />
  <testcase classname="aka.jmetadata.test.JMetaDataGeneral_Test" name="subTestGetCroppedAsBoolean" time="0.0" />
  <testcase classname="aka.jmetadata.test.JMetaDataGeneral_Test" name="subTestGetCommentAsInteger" time="0.0" />
  <testcase classname="aka.jmetadata.test.JMetaDataGeneral_Test" name="subTestGetOtherFormatWithHintListAsString" time="0.001" />
  <testcase classname="aka.jmetadata.test.JMetaDataGeneral_Test" name="subTestGetFrameCountAsLong" time="0.0" />
  <testcase classname="aka.jmetadata.test.JMetaDataGeneral_Test" name="subTestGetLawRatingAsLocalDateTime" time="0.0" />
  <testcase classname="aka.jmetadata.test.JMetaDataGeneral_Test" name="subTestGetFormatAsLocalDateTime" time="0.0" />
  <testcase classname="aka.jmetadata.test.JMetaDataGeneral_Test" name="subTestGetAudioFormatListAsLocalTime" time="0.0" />
  <testcase classname="aka.jmetadata.test.JMetaDataGeneral_Test" name="subTestGetOriginalSourceMediumIDStringAsLong" time="0.0" />
  <testcase classname="aka.jmetadata.test.JMetaDataGeneral_Test" name="subTestGetEncryptionLengthAsBigInteger" time="0.0" />
  <testcase classname="aka.jmetadata.test.JMetaDataGeneral_Test" name="subTestGetOverallBitRateMaximumAsLocalTime" time="0.001" />
  <testcase classname="aka.jmetadata.test.JMetaDataGeneral_Test" name="subTestGetDataSizeAsBoolean" time="0.0" />
  <testcase classname="aka.jmetadata.test.JMetaDataGeneral_Test" name="subTestGetAlbumReplayGainPeakAsURL" time="0.0" />
  <testcase classname="aka.jmetadata.test.JMetaDataGeneral_Test" name="subTestGetTrackMoreAsURL" time="0.0" />
  <testcase classname="aka.jmetadata.test.JMetaDataGeneral_Test" name="subTestGetOriginalMovieAsLocalDateTime" time="0.0" />
  <testcase classname="aka.jmetadata.test.JMetaDataGeneral_Test" name="subTestGetOriginalSourceFormDistributedByAsInteger" time="0.001" />
  <testcase classname="aka.jmetadata.test.JMetaDataGeneral_Test" name="subTestGetMenuLanguageListAsBigInteger" time="0.001" />
  <testcase classname="aka.jmetadata.test.JMetaDataGeneral_Test" name="subTestGetStreamKindAsURL" time="0.0" />
  <testcase classname="aka.jmetadata.test.JMetaDataGeneral_Test" name="subTestGetTimeZoneAsString" time="0.0" />
  <testcase classname="aka.jmetadata.test.JMetaDataGeneral_Test" name="subTestGetAlbumReplayGainGainStringAsBoolean" time="0.0" />
  <testcase classname="aka.jmetadata.test.JMetaDataGeneral_Test" name="subTestGetActorCharacterAsLocalTime" time="0.0" />
  <testcase classname="aka.jmetadata.test.JMetaDataGeneral_Test" name="subTestGetStreamKindAsString" time="0.0" />
  <testcase classname="aka.jmetadata.test.JMetaDataGeneral_Test" name="subTestGetBPMAsLocalTime" time="0.0" />
  <testcase classname="aka.jmetadata.test.JMetaDataGeneral_Test" name="subTestGetWrittenDateAsLocalTime" time="0.0" />
  <testcase classname="aka.jmetadata.test.JMetaDataGeneral_Test" name="subTestGetServiceProviderAsLocalTime" time="0.0" />
  <testcase classname="aka.jmetadata.test.JMetaDataGeneral_Test" name="subTestGetDelayString1AsInteger" time="0.0" />
  <testcase classname="aka.jmetadata.test.JMetaDataGeneral_Test" name="subTestGetOverallBitRateAsString" time="0.0" />
  <testcase classname="aka.jmetadata.test.JMetaDataGeneral_Test" name="subTestGetEncodedApplicationAsInteger" time="0.0" />
  <testcase classname="aka.jmetadata.test.JMetaDataGeneral_Test" name="subTestGetEditedByAsString" time="0.0" />
  <testcase classname="aka.jmetadata.test.JMetaDataGeneral_Test" name="subTestGetInformAsLong" time="0.0" />
  <testcase classname="aka.jmetadata.test.JMetaDataGeneral_Test" name="subTestGetOverallBitRateNominalStringAsURL" time="0.0" />
  <testcase classname="aka.jmetadata.test.JMetaDataGeneral_Test" name="subTestGetFormatInfoAsBoolean" time="0.0" />
  <testcase classname="aka.jmetadata.test.JMetaDataGeneral_Test" name="subTestGetVideoLanguageListAsBoolean" time="0.0" />
  <testcase classname="aka.jmetadata.test.JMetaDataGeneral_Test" name="subTestGetCoProducerAsString" time="0.0" />
  <testcase classname="aka.jmetadata.test.JMetaDataGeneral_Test" name="subTestGetAudioFormatListAsBigInteger" time="0.0" />
  <testcase classname="aka.jmetadata.test.JMetaDataGeneral_Test" name="subTestGetStreamKindStringAsLocalDateTime" time="0.0" />
  <testcase classname="aka.jmetadata.test.JMetaDataGeneral_Test" name="subTestGetFileCreatedDateAsString" time="0.001">
    <failure message="expected:&lt;UTC 2017-0[6-27 14:00:03.689]&gt; but was:&lt;UTC 2017-0[5-10 06:47:49.470]&gt;" type="junit.framework.AssertionFailedError">junit.framework.AssertionFailedError: expected:&lt;UTC 2017-0[6-27 14:00:03.689]&gt; but was:&lt;UTC 2017-0[5-10 06:47:49.470]&gt;
	at aka.jmetadata.test.JMetaDataGeneral_Test.subTestGetFileCreatedDateAsString(JMetaDataGeneral_Test.java:7598)
</failure>
  </testcase>
  <testcase classname="aka.jmetadata.test.JMetaDataGeneral_Test" name="subTestGetOriginalSourceFormNameAsString" time="0.0" />
  <testcase classname="aka.jmetadata.test.JMetaDataGeneral_Test" name="subTestGetDistributedByAsInteger" time="0.0" />
  <testcase classname="aka.jmetadata.test.JMetaDataGeneral_Test" name="subTestGetChoregrapherAsBigInteger" time="0.0" />
  <testcase classname="aka.jmetadata.test.JMetaDataGeneral_Test" name="subTestGetCopyrightAsLocalDateTime" time="0.0" />
  <testcase classname="aka.jmetadata.test.JMetaDataGeneral_Test" name="subTestGetDurationStringAsLocalTime" time="0.0" />
  <testcase classname="aka.jmetadata.test.JMetaDataGeneral_Test" name="subTestGetOverallBitRateMinimumStringAsURL" time="0.0" />
  <testcase classname="aka.jmetadata.test.JMetaDataGeneral_Test" name="subTestGetCoverMimeAsInteger" time="0.0" />
  <testcase classname="aka.jmetadata.test.JMetaDataGeneral_Test" name="subTestGetTrackSortAsString" time="0.0" />
  <testcase classname="aka.jmetadata.test.JMetaDataGeneral_Test" name="subTestGetMenuFormatListAsInteger" time="0.0" />
  <testcase classname="aka.jmetadata.test.JMetaDataGeneral_Test" name="subTestGetServiceProviderrUrlAsLong" time="0.0" />
  <testcase classname="aka.jmetadata.test.JMetaDataGeneral_Test" name="subTestGetCompleteNameLastAsString" time="0.0" />
  <testcase classname="aka.jmetadata.test.JMetaDataGeneral_Test" name="subTestGetEncodedDateAsBigInteger" time="0.0" />
  <testcase classname="aka.jmetadata.test.JMetaDataGeneral_Test" name="subTestGetIDStringAsBoolean" time="0.001" />
  <testcase classname="aka.jmetadata.test.JMetaDataGeneral_Test" name="subTestGetOriginalTrackAsLocalDateTime" time="0.001" />
  <testcase classname="aka.jmetadata.test.JMetaDataGeneral_Test" name="subTestGetStreamSizeProportionAsBigInteger" time="0.0" />
  <testcase classname="aka.jmetadata.test.JMetaDataGeneral_Test" name="subTestGetOriginalSourceMediumIDStringAsString" time="0.0" />
  <testcase classname="aka.jmetadata.test.JMetaDataGeneral_Test" name="subTestGetTitleAsLocalTime" time="0.0" />
  <testcase classname="aka.jmetadata.test.JMetaDataGeneral_Test" name="subTestGetLyricsAsLocalDateTime" time="0.0" />
  <testcase classname="aka.jmetadata.test.JMetaDataGeneral_Test" name="subTestGetDurationStartAsBigInteger" time="0.0" />
  <testcase classname="aka.jmetadata.test.JMetaDataGeneral_Test" name="subTestGetStreamSizeDemuxedString5AsBoolean" time="0.0" />
  <testcase classname="aka.jmetadata.test.JMetaDataGeneral_Test" name="subTestGetFileNameAsLocalDateTime" time="0.0" />
  <system-out><![CDATA[]]></system-out>
  <system-err><![CDATA[]]></system-err>
</testsuite>
